<notice>   [07-02 11:33:03 603] MainCtrl.Start                              L:37   <> T:1-Normal-False- ID:()
	系统初始化开始
<warn>   [07-02 11:33:03 604] MainCtrl.Start                              L:39   <> T:1-Normal-False- ID:()
	初始化完毕,平台接口准备开启!
<warn>   [07-02 11:33:05 881] BHttpServer5.Start                          L:69   <> T:1-Normal-False- ID:()
	Http服务 IPAddress.Any Port:20007 启动
<info>    [07-02 11:33:10 347] SysConfigSrvc.GetAll                        L:58   <> T:1-Normal-False- ID:()
	获取到所有配置项:5个
<info>    [07-02 11:35:41 803] BaseInt.ExecInt                             L:217  <> T:10-Normal-True- ID:()
	执行方法:0202addupd
<warn>   [07-02 11:35:41 961] BJson.JsonToObj                             L:426  <> T:10-Normal-True- ID:()
	There was an error deserializing the object of type Yongrong.Model.Int.BaseInfo.OrderGoodsAddReq. The token 'null' was expected but found 'nul'.
<debug>   [07-02 11:35:41 961] OrderGoodsInt.AddUpd                        L:109  <I> T:10-Normal-True- ID:()
	
<tip>    [07-02 11:35:42 227] HttpCtrl.RecvHttpReq                        L:107  <O> T:10-Normal-True- ID:(方法:0202addupd 耗时:431ms <<<<<<<)
	客户端:(192.168.1.182-) POST方式访问URL:(192.168.1.182:20007/?cmd=0202addupd) 
 请求:{"OrderGoods":{"key":85,"Billcheck":"0","Billid":"88","Capacity":null,"Checkman":null,"Company":"88","Createtime":
"2020-07-02 11:05:02","Customercheck":"0","Driver":"任左鹏","Endtime":null,"Goodsid":null,"Goodsname":"88","Goodstypr":n
ull,"Grossman":null,"Grosstime":null,"Grossweight":null,"Id":85,"Indoorman":null,"IsSafeCheck":false,"Issendback":"1","I
stoexit":"1","Levelnumber":0,"Loadweight":"50","Netweight":null,"Orderid":"0049","Ordername":"88","Orderstat":"1","Order
time":"2020-07-02","Outdoorman":null,"Printid":null,"Printman":null,"Printtime":null,"Realweight":"2","Remark":null,"Saf
echeckflag":"0","Salesman":null,"SerialNumber":null,"Starttime":null,"Storeman":null,"Supercargo":"郑德贵","Tareman":nul
l,"Taretime":null,"Tareweight":null,"Tractorid":"闵B29860","Trailerid":"闵A8243挂","Transport":"福建省莆田凯松化工厂","U
nit":null,"Unitext":null,"Waybillid":null},"Op":"upd","Token":"NjM3MjkyNzYwMjEyODE0NDc4LWFkbWluMQ=="}
	应答:{"Stat":"请求解析失败"}
<info>    [07-02 11:36:03 444] BaseInt.ExecInt                             L:217  <> T:4-Normal-True- ID:()
	执行方法:0202addupd
<warn>   [07-02 11:36:03 491] BJson.JsonToObj                             L:426  <> T:4-Normal-True- ID:()
	There was an error deserializing the object of type Yongrong.Model.Int.BaseInfo.OrderGoodsAddReq. The token 'null' was expected but found 'nul'.
<debug>   [07-02 11:36:03 491] OrderGoodsInt.AddUpd                        L:109  <I> T:4-Normal-True- ID:()
	
<tip>    [07-02 11:36:03 507] HttpCtrl.RecvHttpReq                        L:107  <O> T:4-Normal-True- ID:(方法:0202addupd 耗时:63ms <<<<<<<)
	客户端:(192.168.1.182-) POST方式访问URL:(192.168.1.182:20007/?cmd=0202addupd) 
 请求:{"OrderGoods":{"key":85,"Billcheck":"0","Billid":"88","Capacity":null,"Checkman":null,"Company":"88","Createtime":
"2020-07-02 11:05:02","Customercheck":"0","Driver":"任左鹏","Endtime":null,"Goodsid":null,"Goodsname":"88","Goodstypr":n
ull,"Grossman":null,"Grosstime":null,"Grossweight":null,"Id":85,"Indoorman":null,"IsSafeCheck":false,"Issendback":"1","I
stoexit":"1","Levelnumber":0,"Loadweight":"50","Netweight":null,"Orderid":"0049","Ordername":"88","Orderstat":"1","Order
time":"2020-07-02","Outdoorman":null,"Printid":null,"Printman":null,"Printtime":null,"Realweight":"2","Remark":null,"Saf
echeckflag":"0","Salesman":null,"SerialNumber":null,"Starttime":null,"Storeman":null,"Supercargo":"郑德贵","Tareman":nul
l,"Taretime":null,"Tareweight":null,"Tractorid":"闵B29860","Trailerid":"闵A8243挂","Transport":"福建省莆田凯松化工厂","U
nit":null,"Unitext":null,"Waybillid":null},"Op":"upd","Token":"NjM3MjkyNzYwMjEyODE0NDc4LWFkbWluMQ=="}
	应答:{"Stat":"请求解析失败"}
<info>    [07-02 11:52:47 000] BaseInt.ExecInt                             L:217  <> T:10-Normal-True- ID:()
	执行方法:0202addupd
<debug>   [07-02 11:52:47 012] OrderGoodsInt.AddUpd                        L:109  <I> T:10-Normal-True- ID:()
	{"Token":"NjM3MjkyNzYwMjEyODE0NDc4LWFkbWluMQ==","Op":"upd","OrderGoods":{"Billcheck":"0","Billid":"88","Capacity":null,"Checkman":null,"Company":"88","Createtime":"2020-07-02 11:05:02","Customercheck":"0","Driver":"任左鹏","Endtime":null,"Goodsid":null,"Goodsname":"88","Goodstypr":null,"Grossman":null,"Grosstime":null,"Grossweight":null,"Id":85,"Indoorman":null,"IsSafeCheck":false,"Issendback":"1","Istoexit":"1","Levelnumber":0,"Loadweight":"50","Netweight":null,"Orderid":"0049","Ordername":"88","Orderstat":"1","Ordertime":"2020-07-02","Outdoorman":null,"Printid":null,"Printman":null,"Printtime":null,"Realweight":"2","Remark":null,"Safecheckflag":"0","Salesman":null,"SerialNumber":null,"Starttime":null,"Storeman":null,"Supercargo":"郑德贵","Tareman":null,"Taretime":null,"Tareweight":null,"Tractorid":"闵B29860","Trailerid":"闵A8243挂","Transport":"福建省莆田凯松化工厂","Unit":null,"Unitext":null,"Waybillid":null}}
<notice>   [07-02 13:19:36 943] MainCtrl.Start                              L:37   <> T:1-Normal-False- ID:()
	系统初始化开始
<warn>   [07-02 13:19:36 944] MainCtrl.Start                              L:39   <> T:1-Normal-False- ID:()
	初始化完毕,平台接口准备开启!
<warn>   [07-02 13:19:38 565] BHttpServer5.Start                          L:69   <> T:1-Normal-False- ID:()
	Http服务 IPAddress.Any Port:20007 启动
<info>    [07-02 13:19:41 224] SysConfigSrvc.GetAll                        L:58   <> T:1-Normal-False- ID:()
	获取到所有配置项:5个
<info>    [07-02 13:20:27 886] BaseInt.ExecInt                             L:217  <> T:6-Normal-True- ID:()
	执行方法:0202addupd
<debug>   [07-02 13:20:27 942] OrderGoodsInt.AddUpd                        L:109  <I> T:6-Normal-True- ID:()
	{"Token":"NjM3MjkyNzYwMjEyODE0NDc4LWFkbWluMQ==","Op":"add","OrderGoods":{"Billcheck":null,"Billid":"88","Capacity":null,"Checkman":null,"Company":"88","Createtime":null,"Customercheck":null,"Driver":"任左鹏","Endtime":null,"Goodsid":null,"Goodsname":"88","Goodstypr":null,"Grossman":null,"Grosstime":null,"Grossweight":null,"Id":0,"Indoorman":null,"IsSafeCheck":false,"Issendback":"1","Istoexit":"1","Levelnumber":74.222,"Loadweight":"50","Netweight":null,"Orderid":null,"Ordername":null,"Orderstat":null,"Ordertime":"2020-07-02","Outdoorman":null,"Printid":null,"Printman":null,"Printtime":null,"Realweight":"2","Remark":null,"Safecheckflag":null,"Salesman":null,"SerialNumber":null,"Starttime":null,"Storeman":null,"Supercargo":"郑德贵","Tareman":null,"Taretime":null,"Tareweight":null,"Tractorid":"闵B29860","Trailerid":"闵A8243挂","Transport":"福建省莆田凯松化工厂","Unit":null,"Unitext":null,"Waybillid":null}}
