<notice>   [06-30 09:43:09 634] MainCtrl.Start                              L:34   <> T:1-Normal-False- ID:()
	系统初始化开始
<warn>   [06-30 09:43:09 639] MainCtrl.Start                              L:36   <> T:1-Normal-False- ID:()
	初始化完毕,平台接口准备开启!
<warn>   [06-30 09:43:12 283] BHttpServer5.Start                          L:69   <> T:1-Normal-False- ID:()
	Http服务 IPAddress.Any Port:20007 启动
<info>    [06-30 09:43:24 019] BaseInt.ExecInt                             L:216  <> T:4-Normal-True- ID:()
	执行方法:0801addupd
<warn>   [06-30 09:43:29 723] BJson.JsonToObj                             L:426  <> T:4-Normal-True- ID:()
	Expecting element 'root' from namespace ''.. Encountered 'None'  with name '', namespace ''.
<notice>   [06-30 09:44:12 381] MainCtrl.Start                              L:34   <> T:1-Normal-False- ID:()
	系统初始化开始
<warn>   [06-30 09:44:12 382] MainCtrl.Start                              L:36   <> T:1-Normal-False- ID:()
	初始化完毕,平台接口准备开启!
<warn>   [06-30 09:44:14 294] BHttpServer5.Start                          L:69   <> T:1-Normal-False- ID:()
	Http服务 IPAddress.Any Port:20007 启动
<info>    [06-30 09:44:21 552] BaseInt.ExecInt                             L:216  <> T:4-Normal-True- ID:()
	执行方法:0801addupd
<warn>   [06-30 09:44:25 515] BJson.JsonToObj                             L:426  <> T:4-Normal-True- ID:()
	Expecting element 'root' from namespace ''.. Encountered 'None'  with name '', namespace ''.
<tip>    [06-30 09:46:23 986] HttpCtrl.RecvHttpReq                        L:107  <O> T:4-Normal-True- ID:(方法:0801addupd 耗时:122441ms <<<<<<<)
	客户端:(192.168.1.182-) POST方式访问URL:(192.168.1.182:20007/?cmd=0801addupd) 
 请求:
	应答:{"Stat":"0"}
<info>    [06-30 09:47:17 232] BaseInt.ExecInt                             L:216  <> T:8-Normal-True- ID:()
	执行方法:0801addupd
<warn>   [06-30 09:47:24 451] BJson.JsonToObj                             L:426  <> T:8-Normal-True- ID:()
	Expecting element 'root' from namespace ''.. Encountered 'None'  with name '', namespace ''.
<tip>    [06-30 09:48:07 858] HttpCtrl.RecvHttpReq                        L:107  <O> T:8-Normal-True- ID:(方法:0801addupd 耗时:50625ms <<<<<<<)
	客户端:(192.168.1.182-) POST方式访问URL:(192.168.1.182:20007/?cmd=0801addupd) 
 请求:
	应答:{"Stat":"0"}
<info>    [06-30 09:48:10 268] BaseInt.ExecInt                             L:216  <> T:8-Normal-True- ID:()
	执行方法:0801addupd
<warn>   [06-30 09:48:12 326] BJson.JsonToObj                             L:426  <> T:8-Normal-True- ID:()
	Expecting element 'root' from namespace ''.. Encountered 'None'  with name '', namespace ''.
<notice>   [06-30 09:51:04 682] MainCtrl.Start                              L:34   <> T:1-Normal-False- ID:()
	系统初始化开始
<warn>   [06-30 09:51:04 683] MainCtrl.Start                              L:36   <> T:1-Normal-False- ID:()
	初始化完毕,平台接口准备开启!
<warn>   [06-30 09:51:05 547] BHttpServer5.Start                          L:69   <> T:1-Normal-False- ID:()
	Http服务 IPAddress.Any Port:20007 启动
<info>    [06-30 09:51:12 210] BaseInt.ExecInt                             L:216  <> T:4-Normal-True- ID:()
	执行方法:0801addupd
<warn>   [06-30 09:51:15 656] BJson.JsonToObj                             L:426  <> T:4-Normal-True- ID:()
	Expecting element 'root' from namespace ''.. Encountered 'None'  with name '', namespace ''.
<notice>   [06-30 10:00:25 476] MainCtrl.Start                              L:34   <> T:1-Normal-False- ID:()
	系统初始化开始
<warn>   [06-30 10:00:25 477] MainCtrl.Start                              L:36   <> T:1-Normal-False- ID:()
	初始化完毕,平台接口准备开启!
<warn>   [06-30 10:00:27 036] BHttpServer5.Start                          L:69   <> T:1-Normal-False- ID:()
	Http服务 IPAddress.Any Port:20007 启动
<info>    [06-30 10:00:33 451] BaseInt.ExecInt                             L:216  <> T:6-Normal-True- ID:()
	执行方法:0801addupd
<warn>   [06-30 10:00:36 212] BJson.JsonToObj                             L:426  <> T:6-Normal-True- ID:()
	Expecting element 'root' from namespace ''.. Encountered 'None'  with name '', namespace ''.
<notice>   [06-30 10:01:56 582] MainCtrl.Start                              L:34   <> T:1-Normal-False- ID:()
	系统初始化开始
<warn>   [06-30 10:01:56 582] MainCtrl.Start                              L:36   <> T:1-Normal-False- ID:()
	初始化完毕,平台接口准备开启!
<warn>   [06-30 10:01:57 670] BHttpServer5.Start                          L:69   <> T:1-Normal-False- ID:()
	Http服务 IPAddress.Any Port:20007 启动
<info>    [06-30 10:02:06 068] BaseInt.ExecInt                             L:216  <> T:4-Normal-True- ID:()
	执行方法:0801addupd
<warn>   [06-30 10:02:10 546] BJson.JsonToObj                             L:426  <> T:4-Normal-True- ID:()
	Expecting element 'root' from namespace ''.. Encountered 'None'  with name '', namespace ''.
<tip>    [06-30 10:02:28 221] HttpCtrl.RecvHttpReq                        L:107  <O> T:4-Normal-True- ID:(方法:0801addupd 耗时:22159ms <<<<<<<)
	客户端:(192.168.1.182-) POST方式访问URL:(192.168.1.182:20007/?cmd=0801addupd) 
 请求:
	应答:{"Stat":"0"}
<notice>   [06-30 10:03:16 482] MainCtrl.Start                              L:34   <> T:1-Normal-False- ID:()
	系统初始化开始
<warn>   [06-30 10:03:16 482] MainCtrl.Start                              L:36   <> T:1-Normal-False- ID:()
	初始化完毕,平台接口准备开启!
<warn>   [06-30 10:03:17 708] BHttpServer5.Start                          L:69   <> T:1-Normal-False- ID:()
	Http服务 IPAddress.Any Port:20007 启动
<info>    [06-30 10:03:36 092] BaseInt.ExecInt                             L:216  <> T:4-Normal-True- ID:()
	执行方法:0801addupd
<warn>   [06-30 10:03:39 836] BJson.JsonToObj                             L:426  <> T:4-Normal-True- ID:()
	Expecting element 'root' from namespace ''.. Encountered 'None'  with name '', namespace ''.
<tip>    [06-30 10:03:45 780] HttpCtrl.RecvHttpReq                        L:107  <O> T:4-Normal-True- ID:(方法:0801addupd 耗时:9693ms <<<<<<<)
	客户端:(192.168.1.182-) POST方式访问URL:(192.168.1.182:20007/?cmd=0801addupd) 
 请求:
	应答:{"Stat":"0"}
<notice>   [06-30 10:28:48 983] MainCtrl.Start                              L:34   <> T:1-Normal-False- ID:()
	系统初始化开始
<warn>   [06-30 10:28:48 983] MainCtrl.Start                              L:36   <> T:1-Normal-False- ID:()
	初始化完毕,平台接口准备开启!
<warn>   [06-30 10:28:50 577] BHttpServer5.Start                          L:69   <> T:1-Normal-False- ID:()
	Http服务 IPAddress.Any Port:20007 启动
<info>    [06-30 10:29:05 674] BaseInt.ExecInt                             L:216  <> T:8-Normal-True- ID:()
	执行方法:0801
<debug>   [06-30 10:29:34 978] AbnormalSrvc.Get                            L:95   <> T:8-Normal-True- ID:()
	{"Abnormalcase":null,"Abnormalname":"","Abnormaltype":null,"Createtime":null,"Createuser":null,"Endtime":null,"Id":0,"Isdispose":null,"Remark":null,"Starttime":null,"Updatetime":null,"Updateuser":null}
<notice>   [06-30 10:31:12 746] MainCtrl.Start                              L:34   <> T:1-Normal-False- ID:()
	系统初始化开始
<warn>   [06-30 10:31:12 746] MainCtrl.Start                              L:36   <> T:1-Normal-False- ID:()
	初始化完毕,平台接口准备开启!
<warn>   [06-30 10:31:13 872] BHttpServer5.Start                          L:69   <> T:1-Normal-False- ID:()
	Http服务 IPAddress.Any Port:20007 启动
<info>    [06-30 10:32:13 236] BaseInt.ExecInt                             L:216  <> T:4-Normal-True- ID:()
	执行方法:0801addupd
<warn>   [06-30 10:32:13 311] BJson.JsonToObj                             L:426  <> T:4-Normal-True- ID:()
	Expecting element 'root' from namespace ''.. Encountered 'None'  with name '', namespace ''.
<tip>    [06-30 10:32:15 888] HttpCtrl.RecvHttpReq                        L:107  <O> T:4-Normal-True- ID:(方法:0801addupd 耗时:2653ms <<<<<<<)
	客户端:(192.168.1.182-) POST方式访问URL:(192.168.1.182:20007/?cmd=0801addupd) 
 请求:
	应答:{"Stat":"0"}
<info>    [06-30 10:33:40 898] BaseInt.ExecInt                             L:216  <> T:4-Normal-True- ID:()
	执行方法:0801
<debug>   [06-30 10:34:10 146] AbnormalSrvc.Get                            L:95   <> T:4-Normal-True- ID:()
	{"Abnormalcase":null,"Abnormalname":null,"Abnormaltype":null,"Createtime":null,"Createuser":null,"Endtime":"2020-07-01","Id":0,"Isdispose":null,"Remark":null,"Starttime":"2020-06-09","Updatetime":null,"Updateuser":null}
<tip>    [06-30 10:34:17 558] HttpCtrl.RecvHttpReq                        L:107  <O> T:4-Normal-True- ID:(方法:0801 耗时:36660ms <<<<<<<)
	客户端:(192.168.1.182-) POST方式访问URL:(192.168.1.182:20007/?cmd=0801) 
 请求:{"Page":{"Index":1,"Size":15},"Query":{"Starttime":"2020-06-09","Endtime":"2020-07-01"},"Token":
"NjM3MjkxMDk2MzY3Nzk2ODAzLWFkbWluMQ=="}
	应答:{"Stat":"0","Page":{"Count":1,"Index":1,"Row":3,"Size":15},"Abnormal":null,"List":[{"Abnormalcase":"登录不成功","Abnormalname":"司机","Abnormaltype":"1","Createtime":"2020-06-30 10:32:14","Createuser":"123456","Endtime":null,"Id":56,"Isdispose":"0","Remark":null,"Starttime":null,"Updatetime":null,"Updateuser":null},{"Abnormalcase":"22222","Abnormalname":"司机","Abnormaltype":"1","Createtime":"2020-06-30 10:03:44","Createuser":"时光111","Endtime":null,"Id":55,"Isdispose":"0","Remark":null,"Starttime":null,"Updatetime":null,"Updateuser":null},{"Abnormalcase":"南门出入口充值不成功,门禁无法开闸,导致车辆进入不了","Abnormalname":"充值异常","Abnormaltype":"2","Createtime":"2020-06-30 10:02:22","Createuser":"时光","Endtime":null,"Id":54,"Isdispose":"0","Remark":null,"Starttime":null,"Updatetime":null,"Updateuser":null}]}
<info>    [06-30 10:35:19 074] BaseInt.ExecInt                             L:216  <> T:16-Normal-True- ID:()
	执行方法:0801
<notice>   [06-30 11:33:46 817] MainCtrl.Start                              L:34   <> T:1-Normal-False- ID:()
	系统初始化开始
<warn>   [06-30 11:33:46 818] MainCtrl.Start                              L:36   <> T:1-Normal-False- ID:()
	初始化完毕,平台接口准备开启!
<warn>   [06-30 11:33:49 286] BHttpServer5.Start                          L:69   <> T:1-Normal-False- ID:()
	Http服务 IPAddress.Any Port:20007 启动
<info>    [06-30 11:33:55 168] BaseInt.ExecInt                             L:217  <> T:8-Normal-True- ID:()
	执行方法:0706ddupd
<debug>   [06-30 11:33:59 962] SysConfigInt.AddUpd                         L:96   <I> T:8-Normal-True- ID:()
	{"Token":"NjM3MjkxMDk2MzY3Nzk2ODAzLWFkbWluMQ==","Op":null,"Query":{"Ckey":"芒果","Ekey":null,"Id":0,"Price":"555"}}
<info>    [06-30 11:34:06 234] SysConfigSrvc.AddOrUpdate                   L:118  <> T:8-Normal-True- ID:()
	操作类型不明
<tip>    [06-30 11:35:07 239] HttpCtrl.RecvHttpReq                        L:107  <O> T:8-Normal-True- ID:(方法:0706ddupd 耗时:72076ms <<<<<<<)
	客户端:(192.168.1.182-) POST方式访问URL:(192.168.1.182:20007/?cmd=0706ddupd) 
 请求:{"Page":{"Count":1,"Index":1,"Row":8,"Size":15},"Query":{"Ckey":"芒果","Price":"555"},"Token":"NjM3MjkxMDk2MzY3Nzk2ODAzLWFkbWluMQ=="}
	应答:{"Stat":"操作类型不明"}
<info>    [06-30 11:35:21 373] BaseInt.ExecInt                             L:217  <> T:8-Normal-True- ID:()
	执行方法:0706ddupd
<debug>   [06-30 11:35:23 397] SysConfigInt.AddUpd                         L:96   <I> T:8-Normal-True- ID:()
	{"Token":"NjM3MjkxMDk2MzY3Nzk2ODAzLWFkbWluMQ==","Op":null,"Query":{"Ckey":"芒果","Ekey":null,"Id":0,"Price":"555"}}
<info>    [06-30 11:35:24 335] SysConfigSrvc.AddOrUpdate                   L:118  <> T:8-Normal-True- ID:()
	操作类型不明
<tip>    [06-30 11:36:02 054] HttpCtrl.RecvHttpReq                        L:107  <O> T:8-Normal-True- ID:(方法:0706ddupd 耗时:40681ms <<<<<<<)
	客户端:(192.168.1.182-) POST方式访问URL:(192.168.1.182:20007/?cmd=0706ddupd) 
 请求:{"Page":{"Count":1,"Index":1,"Row":8,"Size":15},"Query":{"Ckey":"芒果","Price":"555"},"Token":"NjM3MjkxMDk2MzY3Nzk2ODAzLWFkbWluMQ==","OP":"ADD"}
	应答:{"Stat":"操作类型不明"}
<info>    [06-30 11:36:05 335] BaseInt.ExecInt                             L:217  <> T:7-Normal-True- ID:()
	执行方法:0706ddupd
<debug>   [06-30 11:36:36 069] SysConfigInt.AddUpd                         L:96   <I> T:7-Normal-True- ID:()
	{"Token":"NjM3MjkxMDk2MzY3Nzk2ODAzLWFkbWluMQ==","Op":null,"Query":{"Ckey":"芒果","Ekey":null,"Id":0,"Price":"555"}}
<info>    [06-30 11:36:36 079] SysConfigSrvc.AddOrUpdate                   L:118  <> T:7-Normal-True- ID:()
	操作类型不明
<tip>    [06-30 11:36:36 086] HttpCtrl.RecvHttpReq                        L:107  <O> T:7-Normal-True- ID:(方法:0706ddupd 耗时:30750ms <<<<<<<)
	客户端:(192.168.1.182-) POST方式访问URL:(192.168.1.182:20007/?cmd=0706ddupd) 
 请求:{"Page":{"Count":1,"Index":1,"Row":8,"Size":15},"Query":{"Ckey":"芒果","Price":"555"},"Token":"NjM3MjkxMDk2MzY3Nzk2ODAzLWFkbWluMQ==","OP":"add"}
	应答:{"Stat":"操作类型不明"}
<info>    [06-30 11:36:39 367] BaseInt.ExecInt                             L:217  <> T:8-Normal-True- ID:()
	执行方法:0706ddupd
<notice>   [06-30 11:37:39 581] MainCtrl.Start                              L:34   <> T:1-Normal-False- ID:()
	系统初始化开始
<warn>   [06-30 11:37:39 582] MainCtrl.Start                              L:36   <> T:1-Normal-False- ID:()
	初始化完毕,平台接口准备开启!
<warn>   [06-30 11:37:41 081] BHttpServer5.Start                          L:69   <> T:1-Normal-False- ID:()
	Http服务 IPAddress.Any Port:20007 启动
<info>    [06-30 11:37:44 619] BaseInt.ExecInt                             L:217  <> T:4-Normal-True- ID:()
	执行方法:0706ddupd
<notice>   [06-30 12:15:44 873] MainCtrl.Start                              L:34   <> T:1-Normal-False- ID:()
	系统初始化开始
<warn>   [06-30 12:15:44 874] MainCtrl.Start                              L:36   <> T:1-Normal-False- ID:()
	初始化完毕,平台接口准备开启!
<warn>   [06-30 12:15:46 868] BHttpServer5.Start                          L:69   <> T:1-Normal-False- ID:()
	Http服务 IPAddress.Any Port:20007 启动
<info>    [06-30 12:15:51 101] BaseInt.ExecInt                             L:217  <> T:4-Normal-True- ID:()
	执行方法:0706ddupd
<debug>   [06-30 12:15:57 516] SysConfigInt.AddUpd                         L:96   <I> T:4-Normal-True- ID:()
	{"Token":"NjM3MjkxMDk2MzY3Nzk2ODAzLWFkbWluMQ==","Op":"ADD","Query":{"Ckey":"芒果","Ekey":null,"Id":0,"Price":"555"}}
<info>    [06-30 12:16:16 096] SysConfigSrvc.AddOrUpdate                   L:118  <> T:4-Normal-True- ID:()
	操作类型不明
<tip>    [06-30 12:16:30 074] HttpCtrl.RecvHttpReq                        L:107  <O> T:4-Normal-True- ID:(方法:0706ddupd 耗时:38990ms <<<<<<<)
	客户端:(192.168.1.182-) POST方式访问URL:(192.168.1.182:20007/?cmd=0706ddupd) 
 请求:{"Page":{"Count":1,"Index":1,"Row":8,"Size":15},"Query":{"Ckey":"芒果","Price":"555"},"Token":"NjM3MjkxMDk2MzY3Nzk2ODAzLWFkbWluMQ==","Op":"ADD"}
	应答:{"Stat":"操作类型不明"}
<info>    [06-30 12:16:41 316] BaseInt.ExecInt                             L:217  <> T:5-Normal-True- ID:()
	执行方法:0706ddupd
<debug>   [06-30 12:16:44 211] SysConfigInt.AddUpd                         L:96   <I> T:5-Normal-True- ID:()
	{"Token":"NjM3MjkxMDk2MzY3Nzk2ODAzLWFkbWluMQ==","Op":"add","Query":{"Ckey":"芒果","Ekey":null,"Id":0,"Price":"555"}}
<tip>    [06-30 12:16:48 931] HttpCtrl.RecvHttpReq                        L:107  <O> T:5-Normal-True- ID:(方法:0706ddupd 耗时:7614ms <<<<<<<)
	客户端:(192.168.1.182-) POST方式访问URL:(192.168.1.182:20007/?cmd=0706ddupd) 
 请求:{"Page":{"Count":1,"Index":1,"Row":8,"Size":15},"Query":{"Ckey":"芒果","Price":"555"},"Token":"NjM3MjkxMDk2MzY3Nzk2ODAzLWFkbWluMQ==","Op":"add"}
	应答:{"Stat":"0"}
<info>    [06-30 12:18:12 886] BaseInt.ExecInt                             L:217  <> T:4-Normal-True- ID:()
	执行方法:0706ddupd
<debug>   [06-30 12:18:16 590] SysConfigInt.AddUpd                         L:96   <I> T:4-Normal-True- ID:()
	{"Token":"NjM3MjkxMDk2MzY3Nzk2ODAzLWFkbWluMQ==","Op":"upd","Query":{"Ckey":"芒果1","Ekey":null,"Id":0,"Price":"666"}}
<warn>   [06-30 12:18:17 510] SysConfigSrvc.AddOrUpdate                   L:98   <> T:4-Normal-True- ID:()
	SysConfig无法找到0
<tip>    [06-30 12:18:35 180] HttpCtrl.RecvHttpReq                        L:107  <O> T:4-Normal-True- ID:(方法:0706ddupd 耗时:22294ms <<<<<<<)
	客户端:(192.168.1.182-) POST方式访问URL:(192.168.1.182:20007/?cmd=0706ddupd) 
 请求:{"Page":{"Count":1,"Index":1,"Row":8,"Size":15},"Query":{"Ckey":"芒果1","Price":"666"},"Token":"NjM3MjkxMDk2MzY3Nzk2ODAzLWFkbWluMQ==","Op":"upd"}
	应答:{"Stat":"记录不存在,无法更新"}
<info>    [06-30 12:19:05 150] BaseInt.ExecInt                             L:217  <> T:4-Normal-True- ID:()
	执行方法:0706ddupd
<debug>   [06-30 12:19:08 997] SysConfigInt.AddUpd                         L:96   <I> T:4-Normal-True- ID:()
	{"Token":"NjM3MjkxMDk2MzY3Nzk2ODAzLWFkbWluMQ==","Op":"upd","Query":{"Ckey":"芒果1","Ekey":null,"Id":57,"Price":"666"}}
<tip>    [06-30 12:19:13 769] HttpCtrl.RecvHttpReq                        L:107  <O> T:4-Normal-True- ID:(方法:0706ddupd 耗时:8618ms <<<<<<<)
	客户端:(192.168.1.182-) POST方式访问URL:(192.168.1.182:20007/?cmd=0706ddupd) 
 请求:{"Page":{"Count":1,"Index":1,"Row":8,"Size":15},"Query":{"Id":57,"Ckey":"芒果1","Price":"666"},"Token":"NjM3MjkxMDk2MzY3Nzk2ODAzLWFkbWluMQ==","Op":"upd"}
	应答:{"Stat":"0"}
<notice>   [06-30 13:04:59 511] MainCtrl.Start                              L:34   <> T:1-Normal-False- ID:()
	系统初始化开始
<warn>   [06-30 13:04:59 512] MainCtrl.Start                              L:36   <> T:1-Normal-False- ID:()
	初始化完毕,平台接口准备开启!
<warn>   [06-30 13:05:03 285] BHttpServer5.Start                          L:69   <> T:1-Normal-False- ID:()
	Http服务 IPAddress.Any Port:20007 启动
<info>    [06-30 13:07:27 799] BaseInt.ExecInt                             L:217  <> T:4-Normal-True- ID:()
	执行方法:0705
<debug>   [06-30 13:07:58 593] AbnormalSrvc.Get                            L:94   <> T:4-Normal-True- ID:()
	{"Abnormalcase":null,"Abnormalname":null,"Abnormaltype":null,"Createtime":null,"Createuser":null,"Endtime":null,"Id":0,"Isdispose":null,"Remark":null,"Starttime":null,"Updatetime":null,"Updateuser":null}
<tip>    [06-30 13:07:58 880] HttpCtrl.RecvHttpReq                        L:107  <O> T:4-Normal-True- ID:(方法:0705 耗时:31089ms <<<<<<<)
	客户端:(192.168.1.182-) POST方式访问URL:(192.168.1.182:20007/?cmd=0705) 
 请求:{"Page":{"Index":1,"Size":15},"Query":{},"Token":"NjM3MjkxMDk2MzY3Nzk2ODAzLWFkbWluMQ=="}
	应答:{"Stat":"0","Page":{"Count":1,"Index":1,"Row":3,"Size":15},"List":[{"Abnormalcase":"登录不成功","Abnormalname":"司机","Abnormaltype":"1","Createtime":"2020-06-30 10:32:14","Createuser":"123456","Endtime":null,"Id":56,"Isdispose":"0","Remark":null,"Starttime":null,"Updatetime":null,"Updateuser":null},{"Abnormalcase":"22222","Abnormalname":"司机","Abnormaltype":"1","Createtime":"2020-06-30 10:03:44","Createuser":"时光111","Endtime":null,"Id":55,"Isdispose":"0","Remark":null,"Starttime":null,"Updatetime":null,"Updateuser":null},{"Abnormalcase":"南门出入口充值不成功,门禁无法开闸,导致车辆进入不了","Abnormalname":"充值异常","Abnormaltype":"2","Createtime":"2020-06-30 10:02:22","Createuser":"时光","Endtime":null,"Id":54,"Isdispose":"0","Remark":null,"Starttime":null,"Updatetime":null,"Updateuser":null}]}
<notice>   [06-30 17:30:16 216] MainCtrl.Start                              L:34   <> T:1-Normal-False- ID:()
	系统初始化开始
<warn>   [06-30 17:30:16 219] MainCtrl.Start                              L:36   <> T:1-Normal-False- ID:()
	初始化完毕,平台接口准备开启!
<warn>   [06-30 17:30:19 104] BHttpServer5.Start                          L:69   <> T:1-Normal-False- ID:()
	Http服务 IPAddress.Any Port:20007 启动
<notice>   [06-30 17:34:43 330] MainCtrl.Start                              L:34   <> T:1-Normal-False- ID:()
	系统初始化开始
<warn>   [06-30 17:34:43 339] MainCtrl.Start                              L:36   <> T:1-Normal-False- ID:()
	初始化完毕,平台接口准备开启!
<warn>   [06-30 17:34:45 493] BHttpServer5.Start                          L:69   <> T:1-Normal-False- ID:()
	Http服务 IPAddress.Any Port:20007 启动
<info>    [06-30 17:34:55 243] BaseInt.ExecInt                             L:217  <> T:4-Normal-True- ID:()
	执行方法:0705
<warn>   [06-30 17:35:06 675] BJson.JsonToObj                             L:426  <> T:4-Normal-True- ID:()
	There was an error deserializing the object of type Yongrong.Model.Int.Sys.SysConfigGetReq. The token '"' was expected but found '{'.
<tip>    [06-30 17:35:09 513] HttpCtrl.RecvHttpReq                        L:107  <O> T:4-Normal-True- ID:(方法:0705 耗时:14275ms <<<<<<<)
	客户端:(192.168.1.182-) POST方式访问URL:(192.168.1.182:20007/?cmd=0705) 
 请求:{{"Token":"NjM3MjkxMzI5MjMwMDk4NzEwLWRlbWExNjc="}}
	应答:{"Stat":"请求解析失败","Data":null}
<info>    [06-30 17:35:27 796] BaseInt.ExecInt                             L:217  <> T:8-Normal-True- ID:()
	执行方法:0705
<info>    [06-30 17:35:52 424] SysConfigSrvc.GetAll                        L:55   <> T:8-Normal-True- ID:()
	获取到所有配置项:1个
<warn>   [06-30 17:36:49 587] BaseInt.ExecInt                             L:225  <O> T:8-Normal-True- ID:()
	方法:0705 Err:The type initializer for 'Yongrong.Srvc.Sys.SysConfigSrvc' threw an exception. 
 StackTrace:   at Yongrong.Srvc.Sys.SysConfigSrvc.GetAll(List`1& sysconfiglist, Boolean usemem) in D:\yongrong\Yongrong\Srvc\Sys\SysConfigSrvc.cs:line 40
   at Yongrong.Int.Sys.SysConfigInt.Get(Dictionary`2 reqmap, Byte[] reqbytes) in D:\yongrong\Yongrong\Int\Sys\SysConfigInt.cs:line 60
   at Yongrong.Int.BaseInt.ExecInt(String cmd, Dictionary`2 urlMap, Byte[] reqbytes) in D:\yongrong\Yongrong\Int\BaseInt.cs:line 221 
 InnerException:Value cannot be null. (Parameter 'key')
<tip>    [06-30 17:36:49 604] HttpCtrl.RecvHttpReq                        L:107  <O> T:8-Normal-True- ID:(方法:0705 耗时:81808ms <<<<<<<)
	客户端:(192.168.1.182-) POST方式访问URL:(192.168.1.182:20007/?cmd=0705) 
 请求:{"Token":"NjM3MjkxMzI5MjMwMDk4NzEwLWRlbWExNjc="}
	应答:{"Stat":"未知错误"}
<info>    [06-30 17:36:53 693] BaseInt.ExecInt                             L:217  <> T:8-Normal-True- ID:()
	执行方法:0705
<warn>   [06-30 17:36:58 934] BaseInt.ExecInt                             L:225  <O> T:8-Normal-True- ID:()
	方法:0705 Err:The type initializer for 'Yongrong.Srvc.Sys.SysConfigSrvc' threw an exception. 
 StackTrace:   at Yongrong.Srvc.Sys.SysConfigSrvc.GetAll(List`1& sysconfiglist, Boolean usemem) in D:\yongrong\Yongrong\Srvc\Sys\SysConfigSrvc.cs:line 40
   at Yongrong.Int.Sys.SysConfigInt.Get(Dictionary`2 reqmap, Byte[] reqbytes) in D:\yongrong\Yongrong\Int\Sys\SysConfigInt.cs:line 60
   at Yongrong.Int.BaseInt.ExecInt(String cmd, Dictionary`2 urlMap, Byte[] reqbytes) in D:\yongrong\Yongrong\Int\BaseInt.cs:line 221 
 InnerException:Value cannot be null. (Parameter 'key')
<tip>    [06-30 17:36:58 942] HttpCtrl.RecvHttpReq                        L:107  <O> T:8-Normal-True- ID:(方法:0705 耗时:5248ms <<<<<<<)
	客户端:(192.168.1.182-) POST方式访问URL:(192.168.1.182:20007/?cmd=0705) 
 请求:{"Token":"NjM3MjkxMzI5MjMwMDk4NzEwLWRlbWExNjc="}
	应答:{"Stat":"未知错误"}
<notice>   [06-30 17:37:15 993] MainCtrl.Start                              L:34   <> T:1-Normal-False- ID:()
	系统初始化开始
<warn>   [06-30 17:37:15 993] MainCtrl.Start                              L:36   <> T:1-Normal-False- ID:()
	初始化完毕,平台接口准备开启!
<warn>   [06-30 17:37:17 035] BHttpServer5.Start                          L:69   <> T:1-Normal-False- ID:()
	Http服务 IPAddress.Any Port:20007 启动
<info>    [06-30 17:37:19 925] BaseInt.ExecInt                             L:217  <> T:6-Normal-True- ID:()
	执行方法:0705
<info>    [06-30 17:38:35 516] SysConfigSrvc.GetAll                        L:55   <> T:6-Normal-True- ID:()
	获取到所有配置项:1个
<warn>   [06-30 17:40:31 434] BaseInt.ExecInt                             L:225  <O> T:6-Normal-True- ID:()
	方法:0705 Err:The type initializer for 'Yongrong.Srvc.Sys.SysConfigSrvc' threw an exception. 
 StackTrace:   at Yongrong.Srvc.Sys.SysConfigSrvc.GetAll(List`1& sysconfiglist, Boolean usemem) in D:\yongrong\Yongrong\Srvc\Sys\SysConfigSrvc.cs:line 40
   at Yongrong.Int.Sys.SysConfigInt.Get(Dictionary`2 reqmap, Byte[] reqbytes) in D:\yongrong\Yongrong\Int\Sys\SysConfigInt.cs:line 60
   at Yongrong.Int.BaseInt.ExecInt(String cmd, Dictionary`2 urlMap, Byte[] reqbytes) in D:\yongrong\Yongrong\Int\BaseInt.cs:line 221 
 InnerException:Value cannot be null. (Parameter 'key')
<notice>   [06-30 17:42:12 408] MainCtrl.Start                              L:34   <> T:1-Normal-False- ID:()
	系统初始化开始
<warn>   [06-30 17:42:12 409] MainCtrl.Start                              L:36   <> T:1-Normal-False- ID:()
	初始化完毕,平台接口准备开启!
<warn>   [06-30 17:42:13 444] BHttpServer5.Start                          L:69   <> T:1-Normal-False- ID:()
	Http服务 IPAddress.Any Port:20007 启动
<info>    [06-30 17:42:21 885] BaseInt.ExecInt                             L:217  <> T:4-Normal-True- ID:()
	执行方法:0705
<notice>   [06-30 17:45:45 292] MainCtrl.Start                              L:34   <> T:1-Normal-False- ID:()
	系统初始化开始
<warn>   [06-30 17:45:45 293] MainCtrl.Start                              L:36   <> T:1-Normal-False- ID:()
	初始化完毕,平台接口准备开启!
<warn>   [06-30 17:45:47 383] BHttpServer5.Start                          L:69   <> T:1-Normal-False- ID:()
	Http服务 IPAddress.Any Port:20007 启动
<info>    [06-30 17:45:55 333] BaseInt.ExecInt                             L:217  <> T:4-Normal-True- ID:()
	执行方法:0705
<notice>   [06-30 17:49:35 941] MainCtrl.Start                              L:37   <> T:1-Normal-False- ID:()
	系统初始化开始
<warn>   [06-30 17:49:35 944] MainCtrl.Start                              L:39   <> T:1-Normal-False- ID:()
	初始化完毕,平台接口准备开启!
<warn>   [06-30 17:49:37 195] BHttpServer5.Start                          L:69   <> T:1-Normal-False- ID:()
	Http服务 IPAddress.Any Port:20007 启动
<info>    [06-30 17:49:52 889] BaseInt.ExecInt                             L:217  <> T:4-Normal-True- ID:()
	执行方法:0705
<info>    [06-30 17:49:55 236] SysConfigSrvc.GetAll                        L:58   <> T:1-Normal-False- ID:()
	获取到所有配置项:1个
<info>    [06-30 17:50:07 307] SysConfigSrvc.GetAll                        L:58   <> T:4-Normal-True- ID:()
	获取到所有配置项:0个
<notice>   [06-30 17:50:31 498] MainCtrl.Start                              L:37   <> T:1-Normal-False- ID:()
	系统初始化开始
<warn>   [06-30 17:50:31 499] MainCtrl.Start                              L:39   <> T:1-Normal-False- ID:()
	初始化完毕,平台接口准备开启!
<warn>   [06-30 17:50:32 859] BHttpServer5.Start                          L:69   <> T:1-Normal-False- ID:()
	Http服务 IPAddress.Any Port:20007 启动
<info>    [06-30 17:50:40 305] SysConfigSrvc.GetAll                        L:58   <> T:1-Normal-False- ID:()
	获取到所有配置项:1个
<notice>   [06-30 17:52:08 772] MainCtrl.Start                              L:37   <> T:1-Normal-False- ID:()
	系统初始化开始
<warn>   [06-30 17:52:08 773] MainCtrl.Start                              L:39   <> T:1-Normal-False- ID:()
	初始化完毕,平台接口准备开启!
<warn>   [06-30 17:52:10 357] BHttpServer5.Start                          L:69   <> T:1-Normal-False- ID:()
	Http服务 IPAddress.Any Port:20007 启动
<info>    [06-30 17:52:11 433] BaseInt.ExecInt                             L:217  <> T:4-Normal-True- ID:()
	执行方法:0705
<info>    [06-30 17:52:14 191] SysConfigSrvc.GetAll                        L:58   <> T:1-Normal-False- ID:()
	获取到所有配置项:1个
<info>    [06-30 17:52:18 236] SysConfigSrvc.GetAll                        L:58   <> T:4-Normal-True- ID:()
	获取到所有配置项:1个
<tip>    [06-30 17:52:25 959] HttpCtrl.RecvHttpReq                        L:107  <O> T:4-Normal-True- ID:(方法:0705 耗时:14544ms <<<<<<<)
	客户端:(192.168.1.182-) POST方式访问URL:(192.168.1.182:20007/?cmd=0705) 
 请求:{"Token":"NjM3MjkxMzI5MjMwMDk4NzEwLWRlbWExNjc="}
	应答:{"Stat":"0","Data":[{"Ckey":"芒果1","Ekey":"EEEE","Id":57,"Price":"666"}]}
