<notice>   [07-20 09:31:21 131] MainCtrl.Start                              L:39   <> T:1-Normal-False- ID:()
	系统初始化开始
<warn>   [07-20 09:31:21 131] MainCtrl.Start                              L:41   <> T:1-Normal-False- ID:()
	初始化完毕,平台接口准备开启!
<warn>   [07-20 09:31:24 114] BHttpServer5.Start                          L:69   <> T:1-Normal-False- ID:()
	Http服务 IPAddress.Any Port:20007 启动
<info>    [07-20 09:31:28 272] SysConfigSrvc.GetAll                        L:58   <> T:1-Normal-False- ID:()
	获取到所有配置项:5个
<info>    [07-20 09:31:28 409] BaseTractorSrvc.GetAllTractorIds            L:115  <> T:1-Normal-False- ID:()
	获取到所有牵引车:61个
<info>    [07-20 09:32:23 329] BaseInt.ExecInt                             L:222  <> T:5-Normal-True- ID:()
	执行方法:pda_login
<debug>   [07-20 09:32:34 072] PdaInt.Login                                L:37   <I> T:5-Normal-True- ID:()
	{"Sign":"3F3BD77028F2B761EE5CF0A1A48803E0","Time":"1594978582171","Token":"NjM3MjkzODUzNDM5OTQ5MzIwLTEzNjA2NTQzNzg0ODA=","Uid":"13606543784"}
<tip>    [07-20 09:32:55 167] HttpCtrl.RecvHttpReq                        L:107  <O> T:5-Normal-True- ID:(方法:pda_login 耗时:31844ms <<<<<<<)
	客户端:(192.168.1.182-) POST方式访问URL:(192.168.1.182:20007/?cmd=pda_login) 
 请求:{"Uid":"13606543784","Sign":"3F3BD77028F2B761EE5CF0A1A48803E0","Time":"1594978582171","Token":"NjM3MjkzODUzNDM5OTQ5MzIwLTEzNjA2NTQzNzg0ODA="}
	应答:{"Stat":"时间戳差距过大","Expire":null,"Token":null}
<info>    [07-20 09:34:26 105] BaseInt.ExecInt                             L:222  <> T:5-Normal-True- ID:()
	执行方法:pda_login
<debug>   [07-20 09:34:30 378] PdaInt.Login                                L:37   <I> T:5-Normal-True- ID:()
	{"Sign":"E8AFDCBDEEB0B6CA80D05D08515538B5","Time":"1595208758941","Token":"NjM3MjkzODUzNDM5OTQ5MzIwLTEzNjA2NTQzNzg0ODA=","Uid":"13606543784"}
<info>    [07-20 09:34:44 156] PdaInt.Login                                L:91   <> T:5-Normal-True- ID:(用户登录成功)
	{"Creater":"yradmin","Createtime":"2020-07-03 15:01:16","Flashtime":"\/Date(1595208873859+0800)\/","Id":80,"Logintime":"2020-07-20 09:34:33","Phone":"13606543784","Post":null,"Pwd":"7D86C4658028F144D7E560907DCD3F6C","Roleids":"驾驶员","Token":"NjM3MzA4MzQ0NzM4NTg1Mzc0LTEzNjA2NTQzNzg0ODA=","Userid":"13606543784","Username":"任苗根"}
<notice>   [07-20 09:36:14 737] MainCtrl.Start                              L:39   <> T:1-Normal-False- ID:()
	系统初始化开始
<warn>   [07-20 09:36:14 737] MainCtrl.Start                              L:41   <> T:1-Normal-False- ID:()
	初始化完毕,平台接口准备开启!
<warn>   [07-20 09:36:16 006] BHttpServer5.Start                          L:69   <> T:1-Normal-False- ID:()
	Http服务 IPAddress.Any Port:20007 启动
<info>    [07-20 09:36:19 113] SysConfigSrvc.GetAll                        L:58   <> T:1-Normal-False- ID:()
	获取到所有配置项:5个
<info>    [07-20 09:36:19 303] BaseTractorSrvc.GetAllTractorIds            L:115  <> T:1-Normal-False- ID:()
	获取到所有牵引车:61个
<info>    [07-20 09:38:24 741] BaseInt.ExecInt                             L:222  <> T:4-Normal-True- ID:()
	执行方法:pda_queryorder
<debug>   [07-20 09:38:24 748] PdaInt.QueryOrder                           L:173  <I> T:4-Normal-True- ID:()
	{"Order":null,"Sign":"8244B3E7062061A86029D8CAAC75C8CB","Time":"1594978582171","Token":"NjM3MjkzODUzNDM5OTQ5MzIwLTEzNjA2NTQzNzg0ODA=","Tractor":"浙A30K52"}
<tip>    [07-20 09:38:24 945] HttpCtrl.RecvHttpReq                        L:107  <O> T:4-Normal-True- ID:(方法:pda_queryorder 耗时:209ms <<<<<<<)
	客户端:(192.168.1.182-) POST方式访问URL:(192.168.1.182:20007/?cmd=pda_queryorder) 
 请求:{"Tractor":"浙A30K52","Sign":"8244B3E7062061A86029D8CAAC75C8CB","Time":"1594978582171","Token":"NjM3MjkzODUzNDM5OTQ5MzIwLTEzNjA2NTQzNzg0ODA="} 
	应答:{"Stat":"时间戳差距过大","Data":null}
<info>    [07-20 09:39:01 915] BaseInt.ExecInt                             L:222  <> T:15-Normal-True- ID:()
	执行方法:pda_queryorder
<debug>   [07-20 09:39:01 915] PdaInt.QueryOrder                           L:173  <I> T:15-Normal-True- ID:()
	{"Order":null,"Sign":"8244B3E7062061A86029D8CAAC75C8CB","Time":"1594978582171","Token":"NjM3MjkzODUzNDM5OTQ5MzIwLTEzNjA2NTQzNzg0ODA=","Tractor":"浙A30K52"}
<tip>    [07-20 09:39:16 104] HttpCtrl.RecvHttpReq                        L:107  <O> T:15-Normal-True- ID:(方法:pda_queryorder 耗时:14189ms <<<<<<<)
	客户端:(192.168.1.182-) POST方式访问URL:(192.168.1.182:20007/?cmd=pda_queryorder) 
 请求:{"Tractor":"浙A30K52","Sign":"8244B3E7062061A86029D8CAAC75C8CB","Time":"1594978582171","Token":"NjM3MjkzODUzNDM5OTQ5MzIwLTEzNjA2NTQzNzg0ODA="} 
	应答:{"Stat":"时间戳差距过大","Data":null}
<info>    [07-20 09:39:38 033] BaseInt.ExecInt                             L:222  <> T:11-Normal-True- ID:()
	执行方法:pda_queryorder
<debug>   [07-20 09:39:38 037] PdaInt.QueryOrder                           L:173  <I> T:11-Normal-True- ID:()
	{"Order":null,"Sign":"38ECB2CFBC8FEAD7BA52B9BB8A636309","Time":"1595209145501","Token":"NjM3MjkzODUzNDM5OTQ5MzIwLTEzNjA2NTQzNzg0ODA=","Tractor":"浙A30K52"}
<tip>    [07-20 09:39:38 184] HttpCtrl.RecvHttpReq                        L:107  <O> T:11-Normal-True- ID:(方法:pda_queryorder 耗时:150ms <<<<<<<)
	客户端:(192.168.1.182-) POST方式访问URL:(192.168.1.182:20007/?cmd=pda_queryorder) 
 请求:{"Tractor":"浙A30K52","Sign":"38ECB2CFBC8FEAD7BA52B9BB8A636309","Time":"1595209145501","Token":"NjM3MjkzODUzNDM5OTQ5MzIwLTEzNjA2NTQzNzg0ODA="} 
	应答:{"Stat":"用户不存在","Data":null}
<info>    [07-20 09:39:51 569] BaseInt.ExecInt                             L:222  <> T:15-Normal-True- ID:()
	执行方法:pda_queryorder
<debug>   [07-20 09:39:51 574] PdaInt.QueryOrder                           L:173  <I> T:15-Normal-True- ID:()
	{"Order":null,"Sign":"38ECB2CFBC8FEAD7BA52B9BB8A636309","Time":"1595209145501","Token":"NjM3MjkzODUzNDM5OTQ5MzIwLTEzNjA2NTQzNzg0ODA=","Tractor":"浙A30K52"}
<tip>    [07-20 09:39:51 589] HttpCtrl.RecvHttpReq                        L:107  <O> T:15-Normal-True- ID:(方法:pda_queryorder 耗时:19ms <<<<<<<)
	客户端:(192.168.1.182-) POST方式访问URL:(192.168.1.182:20007/?cmd=pda_queryorder) 
 请求:{"Tractor":"浙A30K52","Sign":"38ECB2CFBC8FEAD7BA52B9BB8A636309","Time":"1595209145501","Token":"NjM3MjkzODUzNDM5OTQ5MzIwLTEzNjA2NTQzNzg0ODA="} 
	应答:{"Stat":"用户不存在","Data":null}
<info>    [07-20 09:40:32 377] BaseInt.ExecInt                             L:222  <> T:15-Normal-True- ID:()
	执行方法:pda_queryorder
<debug>   [07-20 09:40:34 703] PdaInt.QueryOrder                           L:173  <I> T:15-Normal-True- ID:()
	{"Order":null,"Sign":"38ECB2CFBC8FEAD7BA52B9BB8A636309","Time":"1595209145501","Token":"NjM3MzA4MzQ0NzM4NTg1Mzc0LTEzNjA2NTQzNzg0ODA=","Tractor":"浙A30K52"}
<debug>   [07-20 09:40:40 377] OrderGoodsSrvc.Get                          L:39   <> T:15-Normal-True- ID:()
	{"Billcheck":null,"Billid":null,"Capacity":null,"Checkman":null,"Company":null,"Createtime":null,"Customercheck":null,"Driver":null,"Endtime":null,"Goodsid":null,"Goodsname":null,"Goodstypr":null,"Grossman":null,"Grosstime":null,"Grossweight":null,"Id":0,"Indoorman":null,"IsSafeCheck":false,"Issendback":null,"Istoexit":null,"Levelnumber":0,"Loadweight":null,"Netweight":null,"Orderid":null,"Ordername":null,"Orderstat":"1","Ordertime":"2020-07-20","Outdoorman":null,"Printid":null,"Printman":null,"Printtime":null,"Realweight":null,"Remark":null,"Safecheckflag":null,"Salesman":null,"SerialNumber":null,"Starttime":null,"Storeman":null,"Supercargo":null,"Tareman":null,"Taretime":null,"Tareweight":null,"Tractorid":"浙A30K52","Trailerid":null,"Transport":null,"Unit":null,"Unitext":null,"Waybillid":null}
<tip>    [07-20 09:40:40 549] HttpCtrl.RecvHttpReq                        L:107  <O> T:15-Normal-True- ID:(方法:pda_queryorder 耗时:8172ms <<<<<<<)
	客户端:(192.168.1.182-) POST方式访问URL:(192.168.1.182:20007/?cmd=pda_queryorder) 
 请求:{"Tractor":"浙A30K52","Sign":"38ECB2CFBC8FEAD7BA52B9BB8A636309","Time":"1595209145501","Token":"NjM3MzA4MzQ0NzM4NTg1Mzc0LTEzNjA2NTQzNzg0ODA="} 
	应答:{"Stat":"0","Data":null}
<info>    [07-20 09:43:41 140] BaseInt.ExecInt                             L:222  <> T:16-Normal-True- ID:()
	执行方法:pda_queryorder
<debug>   [07-20 09:43:43 715] PdaInt.QueryOrder                           L:173  <I> T:16-Normal-True- ID:()
	{"Order":null,"Sign":"38ECB2CFBC8FEAD7BA52B9BB8A636309","Time":"1595209145501","Token":"NjM3MzA4MzQ0NzM4NTg1Mzc0LTEzNjA2NTQzNzg0ODA=","Tractor":"浙A30K52"}
<debug>   [07-20 09:43:45 742] OrderGoodsSrvc.Get                          L:39   <> T:16-Normal-True- ID:()
	{"Billcheck":null,"Billid":null,"Capacity":null,"Checkman":null,"Company":null,"Createtime":null,"Customercheck":null,"Driver":null,"Endtime":null,"Goodsid":null,"Goodsname":null,"Goodstypr":null,"Grossman":null,"Grosstime":null,"Grossweight":null,"Id":0,"Indoorman":null,"IsSafeCheck":false,"Issendback":null,"Istoexit":null,"Levelnumber":0,"Loadweight":null,"Netweight":null,"Orderid":null,"Ordername":null,"Orderstat":"1","Ordertime":"2020-07-20","Outdoorman":null,"Printid":null,"Printman":null,"Printtime":null,"Realweight":null,"Remark":null,"Safecheckflag":null,"Salesman":null,"SerialNumber":null,"Starttime":null,"Storeman":null,"Supercargo":null,"Tareman":null,"Taretime":null,"Tareweight":null,"Tractorid":"浙A30K52","Trailerid":null,"Transport":null,"Unit":null,"Unitext":null,"Waybillid":null}
<tip>    [07-20 09:43:55 093] HttpCtrl.RecvHttpReq                        L:107  <O> T:16-Normal-True- ID:(方法:pda_queryorder 耗时:13953ms <<<<<<<)
	客户端:(192.168.1.182-) POST方式访问URL:(192.168.1.182:20007/?cmd=pda_queryorder) 
 请求:{"Tractor":"浙A30K52","Sign":"38ECB2CFBC8FEAD7BA52B9BB8A636309","Time":"1595209145501","Token":"NjM3MzA4MzQ0NzM4NTg1Mzc0LTEzNjA2NTQzNzg0ODA="} 
	应答:{"Stat":"0","Data":{"Driver":"任苗根","Id":173,"Loadweight":"30","OrderMan":"rfrfrf","OrderNum":"0137","Ordercompany":"福建港祥船务有限公司","Orderstat":"1","Ordertime":"2020-07-20","Ordertype":"1","Realweight":"1","Refund":"1","Supercargo":"押测060402","Tractorid":"浙A30K52","Trailerid":"浙A30K52"}}
<notice>   [07-20 09:48:35 815] MainCtrl.Start                              L:39   <> T:1-Normal-False- ID:()
	系统初始化开始
<warn>   [07-20 09:48:35 816] MainCtrl.Start                              L:41   <> T:1-Normal-False- ID:()
	初始化完毕,平台接口准备开启!
<warn>   [07-20 09:48:37 233] BHttpServer5.Start                          L:69   <> T:1-Normal-False- ID:()
	Http服务 IPAddress.Any Port:20007 启动
<info>    [07-20 09:48:40 187] SysConfigSrvc.GetAll                        L:58   <> T:1-Normal-False- ID:()
	获取到所有配置项:5个
<info>    [07-20 09:48:40 267] BaseTractorSrvc.GetAllTractorIds            L:115  <> T:1-Normal-False- ID:()
	获取到所有牵引车:61个
<info>    [07-20 09:48:46 586] BaseInt.ExecInt                             L:222  <> T:6-Normal-True- ID:()
	执行方法:pda_queryorder
<debug>   [07-20 09:48:46 594] PdaInt.QueryOrder                           L:173  <I> T:6-Normal-True- ID:()
	{"Order":null,"Sign":"38ECB2CFBC8FEAD7BA52B9BB8A636309","Time":"1595209145501","Token":"NjM3MzA4MzQ0NzM4NTg1Mzc0LTEzNjA2NTQzNzg0ODA=","Tractor":"浙A30K52"}
<debug>   [07-20 09:48:46 733] OrderGoodsSrvc.Get                          L:39   <> T:6-Normal-True- ID:()
	{"Billcheck":null,"Billid":null,"Capacity":null,"Checkman":null,"Company":null,"Createtime":null,"Customercheck":null,"Driver":null,"Endtime":null,"Goodsid":null,"Goodsname":null,"Goodstypr":null,"Grossman":null,"Grosstime":null,"Grossweight":null,"Id":0,"Indoorman":null,"IsSafeCheck":false,"Issendback":null,"Istoexit":null,"Levelnumber":0,"Loadweight":null,"Netweight":null,"Orderid":null,"Ordername":null,"Orderstat":"1","Ordertime":"2020-07-20","Outdoorman":null,"Printid":null,"Printman":null,"Printtime":null,"Realweight":null,"Remark":null,"Safecheckflag":null,"Salesman":null,"SerialNumber":null,"Starttime":null,"Storeman":null,"Supercargo":null,"Tareman":null,"Taretime":null,"Tareweight":null,"Tractorid":"浙A30K52","Trailerid":null,"Transport":null,"Unit":null,"Unitext":null,"Waybillid":null}
<tip>    [07-20 09:48:47 064] HttpCtrl.RecvHttpReq                        L:107  <O> T:6-Normal-True- ID:(方法:pda_queryorder 耗时:483ms <<<<<<<)
	客户端:(192.168.1.182-) POST方式访问URL:(192.168.1.182:20007/?cmd=pda_queryorder) 
 请求:{"Tractor":"浙A30K52","Sign":"38ECB2CFBC8FEAD7BA52B9BB8A636309","Time":"1595209145501","Token":"NjM3MzA4MzQ0NzM4NTg1Mzc0LTEzNjA2NTQzNzg0ODA="} 
	应答:{"Stat":"0","Data":{"Driver":"任苗根","Id":173,"Loadweight":"30","OrderMan":"rfrfrf","OrderNum":"0137","Ordercompany":"福建港祥船务有限公司","Orderstat":"1","Ordertime":"2020-07-20","Ordertype":"1","Realweight":"1","Refund":"1","Supercargo":"押测060402","Tractorid":"浙A30K52","Trailerid":"浙A30K52"}}
<info>    [07-20 09:50:31 116] BaseInt.ExecInt                             L:222  <> T:13-Normal-True- ID:()
	执行方法:pda_queryorder
<debug>   [07-20 09:50:31 116] PdaInt.QueryOrder                           L:173  <I> T:13-Normal-True- ID:()
	{"Order":null,"Sign":"38ECB2CFBC8FEAD7BA52B9BB8A636307","Time":"1595209145501","Token":"NjM3MzA4MzQ0NzM4NTg1Mzc0LTEzNjA2NTQzNzg0ODA=","Tractor":"浙A30K52"}
<tip>    [07-20 09:50:31 150] HttpCtrl.RecvHttpReq                        L:107  <O> T:13-Normal-True- ID:(方法:pda_queryorder 耗时:34ms <<<<<<<)
	客户端:(192.168.1.182-) POST方式访问URL:(192.168.1.182:20007/?cmd=pda_queryorder) 
 请求:{"Tractor":"浙A30K52","Sign":"38ECB2CFBC8FEAD7BA52B9BB8A636307","Time":"1595209145501","Token":"NjM3MzA4MzQ0NzM4NTg1Mzc0LTEzNjA2NTQzNzg0ODA="} 
	应答:{"Stat":"sign error,Inner:38ECB2CFBC8FEAD7BA52B9BB8A636309 Err:38ECB2CFBC8FEAD7BA52B9BB8A636307","Data":null}
<notice>   [07-20 09:53:28 672] MainCtrl.Start                              L:39   <> T:1-Normal-False- ID:()
	系统初始化开始
<warn>   [07-20 09:53:28 672] MainCtrl.Start                              L:41   <> T:1-Normal-False- ID:()
	初始化完毕,平台接口准备开启!
<warn>   [07-20 09:53:30 018] BHttpServer5.Start                          L:69   <> T:1-Normal-False- ID:()
	Http服务 IPAddress.Any Port:20007 启动
<info>    [07-20 09:53:33 172] SysConfigSrvc.GetAll                        L:58   <> T:1-Normal-False- ID:()
	获取到所有配置项:5个
<info>    [07-20 09:53:33 284] BaseTractorSrvc.GetAllTractorIds            L:115  <> T:1-Normal-False- ID:()
	获取到所有牵引车:61个
<info>    [07-20 09:54:43 063] BaseInt.ExecInt                             L:222  <> T:6-Normal-True- ID:()
	执行方法:pda_submitcheck
<debug>   [07-20 09:54:43 100] PdaInt.SubmitCheck                          L:293  <I> T:6-Normal-True- ID:()
	{"CheckData":{"Expburn":"pass","Helmet":"pass","Id":173,"Remark":"pass","Smock":"pass","Tire":"pass","Uid":"222","Workshoe":"pass"},"Sign":"E1260B220F610E011A64020D4B0194B8","Time":"1595209145501","Token":"NjM3MzA4MzQ0NzM4NTg1Mzc0LTEzNjA2NTQzNzg0ODA="}
<info>    [07-20 09:54:43 462] PdaInt.SubmitCheck                          L:467  <> T:6-Normal-True- ID:(用户提交请求成功)
	{"Creater":"yradmin","Createtime":"2020-07-03 15:01:16","Flashtime":"\/Date(1595208873000+0800)\/","Id":80,"Logintime":"2020-07-20 09:34:33","Phone":"13606543784","Post":null,"Pwd":"7D86C4658028F144D7E560907DCD3F6C","Roleids":"驾驶员","Token":"NjM3MzA4MzQ0NzM4NTg1Mzc0LTEzNjA2NTQzNzg0ODA=","Userid":"13606543784","Username":"任苗根"}
<tip>    [07-20 09:54:43 495] HttpCtrl.RecvHttpReq                        L:107  <O> T:6-Normal-True- ID:(方法:pda_submitcheck 耗时:442ms <<<<<<<)
	客户端:(192.168.1.182-) POST方式访问URL:(192.168.1.182:20007/?cmd=pda_submitcheck) 
 请求:{"CheckData":{"Expburn":"pass","Helmet":"pass","Id":173,"Remark":"pass","Smock":"pass","Tire":"pass","Uid":"222","Workshoe":"pass"},"Sign":"E1260B220F610E011A64020D4B0194B8","Time":"1595209145501","Token":"NjM3MzA4MzQ0NzM4NTg1Mzc0LTEzNjA2NTQzNzg0ODA="} 
	应答:{"Stat":"0","Msg":null}
<info>    [07-20 09:55:49 533] BaseInt.ExecInt                             L:222  <> T:13-Normal-True- ID:()
	执行方法:pda_submitcheck
<debug>   [07-20 09:55:49 533] PdaInt.SubmitCheck                          L:293  <I> T:13-Normal-True- ID:()
	{"CheckData":{"Expburn":"pass","Helmet":"pass","Id":173,"Remark":"pass","Smock":"pass","Tire":"pass","Uid":"222","Workshoe":"pass"},"Sign":"E1260B220F610E011A64020D4B0194B","Time":"1595209145501","Token":"NjM3MzA4MzQ0NzM4NTg1Mzc0LTEzNjA2NTQzNzg0ODA="}
<tip>    [07-20 09:55:49 562] HttpCtrl.RecvHttpReq                        L:107  <O> T:13-Normal-True- ID:(方法:pda_submitcheck 耗时:29ms <<<<<<<)
	客户端:(192.168.1.182-) POST方式访问URL:(192.168.1.182:20007/?cmd=pda_submitcheck) 
 请求:{"CheckData":{"Expburn":"pass","Helmet":"pass","Id":173,"Remark":"pass","Smock":"pass","Tire":"pass","Uid":"222","Workshoe":"pass"},"Sign":"E1260B220F610E011A64020D4B0194B","Time":"1595209145501","Token":"NjM3MzA4MzQ0NzM4NTg1Mzc0LTEzNjA2NTQzNzg0ODA="} 
	应答:{"Stat":"sign error","Msg":null}
<notice>   [07-20 09:59:01 410] MainCtrl.Start                              L:39   <> T:1-Normal-False- ID:()
	系统初始化开始
<warn>   [07-20 09:59:01 411] MainCtrl.Start                              L:41   <> T:1-Normal-False- ID:()
	初始化完毕,平台接口准备开启!
<warn>   [07-20 09:59:02 469] BHttpServer5.Start                          L:69   <> T:1-Normal-False- ID:()
	Http服务 IPAddress.Any Port:20007 启动
<info>    [07-20 09:59:05 454] SysConfigSrvc.GetAll                        L:58   <> T:1-Normal-False- ID:()
	获取到所有配置项:5个
<info>    [07-20 09:59:05 532] BaseTractorSrvc.GetAllTractorIds            L:115  <> T:1-Normal-False- ID:()
	获取到所有牵引车:61个
<info>    [07-20 09:59:45 948] BaseInt.ExecInt                             L:222  <> T:6-Normal-True- ID:()
	执行方法:pda_submitcheck
<debug>   [07-20 09:59:45 960] PdaInt.SubmitCheck                          L:293  <I> T:6-Normal-True- ID:()
	{"CheckData":{"Expburn":"pass","Helmet":"pass","Id":173,"Remark":"pass","Smock":"pass","Tire":"pass","Uid":"222","Workshoe":"pass"},"Sign":"E1260B220F610E011A64020D4B0194B8","Time":"1595209145501","Token":"NjM3MzA4MzQ0NzM4NTg1Mzc0LTEzNjA2NTQzNzg0ODA="}
<info>    [07-20 09:59:46 342] PdaInt.SubmitCheck                          L:467  <> T:6-Normal-True- ID:(用户提交请求成功)
	{"Creater":"yradmin","Createtime":"2020-07-03 15:01:16","Flashtime":"\/Date(1595208873000+0800)\/","Id":80,"Logintime":"2020-07-20 09:34:33","Phone":"13606543784","Post":null,"Pwd":"7D86C4658028F144D7E560907DCD3F6C","Roleids":"驾驶员","Token":"NjM3MzA4MzQ0NzM4NTg1Mzc0LTEzNjA2NTQzNzg0ODA=","Userid":"13606543784","Username":"任苗根"}
<tip>    [07-20 09:59:46 372] HttpCtrl.RecvHttpReq                        L:107  <O> T:6-Normal-True- ID:(方法:pda_submitcheck 耗时:429ms <<<<<<<)
	客户端:(192.168.1.182-) POST方式访问URL:(192.168.1.182:20007/?cmd=pda_submitcheck) 
 请求:{"CheckData":{"Expburn":"pass","Helmet":"pass","Id":173,"Remark":"pass","Smock":"pass","Tire":"pass","Uid":"222","Workshoe":"pass"},"Sign":"E1260B220F610E011A64020D4B0194B8","Time":"1595209145501","Token":"NjM3MzA4MzQ0NzM4NTg1Mzc0LTEzNjA2NTQzNzg0ODA="} 
	应答:{"Stat":"0","Msg":null}
<debug>   [07-20 10:00:02 471] TimerCtrl.AllTask                           L:117  <> T:6-Normal-True- ID:()
	小时任务开始
<debug>   [07-20 10:00:02 482] TimerCtrl.AllTask                           L:119  <> T:6-Normal-True- ID:()
	小时任务结束
<notice>   [07-20 10:57:34 878] MainCtrl.Start                              L:39   <> T:1-Normal-False- ID:()
	系统初始化开始
<warn>   [07-20 10:57:34 879] MainCtrl.Start                              L:41   <> T:1-Normal-False- ID:()
	初始化完毕,平台接口准备开启!
<warn>   [07-20 10:57:36 594] BHttpServer5.Start                          L:69   <> T:1-Normal-False- ID:()
	Http服务 IPAddress.Any Port:20007 启动
<info>    [07-20 10:57:40 918] SysConfigSrvc.GetAll                        L:58   <> T:1-Normal-False- ID:()
	获取到所有配置项:5个
<info>    [07-20 10:57:41 019] BaseTractorSrvc.GetAllTractorIds            L:115  <> T:1-Normal-False- ID:()
	获取到所有牵引车:61个
<info>    [07-20 10:59:40 963] BaseInt.ExecInt                             L:222  <> T:4-Normal-True- ID:()
	执行方法:0608
<debug>   [07-20 10:59:54 867] ReportInt.GetVehicleEntry                   L:256  <I> T:4-Normal-True- ID:()
	{"Token":"NjM3MzA4MzQ0NzM4NTg1Mzc0LTEzNjA2NTQzNzg0ODA=","Endtime":"2020-07-14 23:59:59","Starttime":"2020-07-11"}
<debug>   [07-20 11:00:09 003] TimerCtrl.AllTask                           L:117  <> T:17-Normal-True- ID:()
	小时任务开始
<debug>   [07-20 11:00:09 003] TimerCtrl.AllTask                           L:119  <> T:17-Normal-True- ID:()
	小时任务结束
<tip>    [07-20 11:00:09 205] HttpCtrl.RecvHttpReq                        L:107  <O> T:4-Normal-True- ID:(方法:0608 耗时:28246ms <<<<<<<)
	客户端:(192.168.1.182-) POST方式访问URL:(192.168.1.182:20007/?cmd=0608) 
 请求:{"Starttime":"2020-07-11","Endtime":"2020-07-14 23:59:59","Token":"NjM3MzA4MzQ0NzM4NTg1Mzc0LTEzNjA2NTQzNzg0ODA="} 
	应答:{"Stat":"结束时间日期格式不正确","List":null}
<info>    [07-20 11:00:25 350] BaseInt.ExecInt                             L:222  <> T:10-Normal-True- ID:()
	执行方法:0608
<debug>   [07-20 11:00:29 227] ReportInt.GetVehicleEntry                   L:256  <I> T:10-Normal-True- ID:()
	{"Token":"NjM3MzA4MzQ0NzM4NTg1Mzc0LTEzNjA2NTQzNzg0ODA=","Endtime":"2020-07-14 ","Starttime":"2020-07-11"}
<tip>    [07-20 11:00:34 918] HttpCtrl.RecvHttpReq                        L:107  <O> T:10-Normal-True- ID:(方法:0608 耗时:9568ms <<<<<<<)
	客户端:(192.168.1.182-) POST方式访问URL:(192.168.1.182:20007/?cmd=0608) 
 请求:{"Starttime":"2020-07-11","Endtime":"2020-07-14 ","Token":"NjM3MzA4MzQ0NzM4NTg1Mzc0LTEzNjA2NTQzNzg0ODA="} 
	应答:{"Stat":"结束时间日期格式不正确","List":null}
<info>    [07-20 11:00:41 981] BaseInt.ExecInt                             L:222  <> T:15-Normal-True- ID:()
	执行方法:0608
<debug>   [07-20 11:00:45 203] ReportInt.GetVehicleEntry                   L:256  <I> T:15-Normal-True- ID:()
	{"Token":"NjM3MzA4MzQ0NzM4NTg1Mzc0LTEzNjA2NTQzNzg0ODA=","Endtime":"2020-07-14","Starttime":"2020-07-11"}
<debug>   [07-20 11:00:52 779] BDataTable.ToList_Old                       L:250  <> T:15-Normal-True- ID:()
	<<<Return>>>:3 Spend:4.1867
<tip>    [07-20 11:01:11 432] HttpCtrl.RecvHttpReq                        L:107  <O> T:15-Normal-True- ID:(方法:0608 耗时:29450ms <<<<<<<)
	客户端:(192.168.1.182-) POST方式访问URL:(192.168.1.182:20007/?cmd=0608) 
 请求:{"Starttime":"2020-07-11","Endtime":"2020-07-14","Token":"NjM3MzA4MzQ0NzM4NTg1Mzc0LTEzNjA2NTQzNzg0ODA="} 
	应答:{"Stat":"0","List":[{"Dataday":"2020-07-11","Num":3},{"Dataday":"2020-07-12","Num":0},{"Dataday":"2020-07-13","Num":2},{"Dataday":"2020-07-14","Num":3}]}
<notice>   [07-20 11:13:32 635] MainCtrl.Start                              L:39   <> T:1-Normal-False- ID:()
	系统初始化开始
<warn>   [07-20 11:13:32 636] MainCtrl.Start                              L:41   <> T:1-Normal-False- ID:()
	初始化完毕,平台接口准备开启!
<warn>   [07-20 11:13:34 340] BHttpServer5.Start                          L:69   <> T:1-Normal-False- ID:()
	Http服务 IPAddress.Any Port:20007 启动
<info>    [07-20 11:13:37 214] SysConfigSrvc.GetAll                        L:58   <> T:1-Normal-False- ID:()
	获取到所有配置项:5个
<info>    [07-20 11:13:37 323] BaseTractorSrvc.GetAllTractorIds            L:115  <> T:1-Normal-False- ID:()
	获取到所有牵引车:61个
<info>    [07-20 11:13:45 659] BaseInt.ExecInt                             L:222  <> T:4-Normal-True- ID:()
	执行方法:0608
<debug>   [07-20 11:13:45 670] ReportInt.GetOrderVehicle                   L:329  <I> T:4-Normal-True- ID:()
	{"Token":"NjM3MzA4MzQ0NzM4NTg1Mzc0LTEzNjA2NTQzNzg0ODA=","Endtime":"2020-07-18","Starttime":"2020-07-11"}
<debug>   [07-20 11:13:45 896] BDataTable.ToList_Old                       L:250  <> T:4-Normal-True- ID:()
	<<<Return>>>:8 Spend:4.3888
<tip>    [07-20 11:13:46 034] HttpCtrl.RecvHttpReq                        L:107  <O> T:4-Normal-True- ID:(方法:0608 耗时:378ms <<<<<<<)
	客户端:(192.168.1.182-) POST方式访问URL:(192.168.1.182:20007/?cmd=0608) 
 请求:{"Starttime":"2020-07-11","Endtime":"2020-07-18","Token":"NjM3MzA4MzQ0NzM4NTg1Mzc0LTEzNjA2NTQzNzg0ODA="} 
	应答:{"Stat":"0","List":[{"Num":8,"OrderTime":"2020-07-11"},{"Num":5,"OrderTime":"2020-07-12"},{"Num":8,"OrderTime":"2020-07-13"},{"Num":11,"OrderTime":"2020-07-14"},{"Num":112,"OrderTime":"2020-07-15"},{"Num":9,"OrderTime":"2020-07-16"},{"Num":15,"OrderTime":"2020-07-17"},{"Num":1,"OrderTime":"2020-07-18"}]}
<info>    [07-20 11:14:36 660] BaseInt.ExecInt                             L:222  <> T:7-Normal-True- ID:()
	执行方法:0608
<debug>   [07-20 11:14:36 661] ReportInt.GetOrderVehicle                   L:329  <I> T:7-Normal-True- ID:()
	{"Token":"NjM3MzA4MzQ0NzM4NTg1Mzc0LTEzNjA2NTQzNzg0ODA=","Endtime":"2020-07-18","Starttime":"2020-07-11"}
<debug>   [07-20 11:14:36 684] BDataTable.ToList_Old                       L:250  <> T:7-Normal-True- ID:()
	<<<Return>>>:7 Spend:0.172
<tip>    [07-20 11:14:36 701] HttpCtrl.RecvHttpReq                        L:107  <O> T:7-Normal-True- ID:(方法:0608 耗时:40ms <<<<<<<)
	客户端:(192.168.1.182-) POST方式访问URL:(192.168.1.182:20007/?cmd=0608) 
 请求:{"Starttime":"2020-07-11","Endtime":"2020-07-18","Token":"NjM3MzA4MzQ0NzM4NTg1Mzc0LTEzNjA2NTQzNzg0ODA="} 
	应答:{"Stat":"0","List":[{"Num":8,"OrderTime":"2020-07-11"},{"Num":5,"OrderTime":"2020-07-12"},{"Num":8,"OrderTime":"2020-07-13"},{"Num":11,"OrderTime":"2020-07-14"},{"Num":112,"OrderTime":"2020-07-15"},{"Num":9,"OrderTime":"2020-07-16"},{"Num":16,"OrderTime":"2020-07-17"},{"Num":0,"OrderTime":"2020-07-18"}]}
<notice>   [07-20 14:48:26 982] MainCtrl.Start                              L:39   <> T:1-Normal-False- ID:()
	系统初始化开始
<warn>   [07-20 14:48:26 982] MainCtrl.Start                              L:41   <> T:1-Normal-False- ID:()
	初始化完毕,平台接口准备开启!
<warn>   [07-20 14:48:29 164] BHttpServer5.Start                          L:69   <> T:1-Normal-False- ID:()
	Http服务 IPAddress.Any Port:20007 启动
<info>    [07-20 14:48:32 300] SysConfigSrvc.GetAll                        L:58   <> T:1-Normal-False- ID:()
	获取到所有配置项:5个
<info>    [07-20 14:48:32 410] BaseTractorSrvc.GetAllTractorIds            L:115  <> T:1-Normal-False- ID:()
	获取到所有牵引车:61个
<info>    [07-20 14:49:12 045] BaseInt.ExecInt                             L:222  <> T:7-Normal-True- ID:()
	执行方法:0607
<debug>   [07-20 14:49:18 420] ReportInt.GetVehicleEntry                   L:255  <I> T:7-Normal-True- ID:()
	{"Token":"NjM3MzA4MzQ0NzM4NTg1Mzc0LTEzNjA2NTQzNzg0ODA=","Endtime":"2020-07-18","Starttime":"2020-07-11"}
<debug>   [07-20 14:49:35 876] BDataTable.ToList_Old                       L:250  <> T:7-Normal-True- ID:()
	<<<Return>>>:4 Spend:3.2968
<tip>    [07-20 14:49:58 611] HttpCtrl.RecvHttpReq                        L:107  <O> T:7-Normal-True- ID:(方法:0607 耗时:46570ms <<<<<<<)
	客户端:(192.168.1.182-) POST方式访问URL:(192.168.1.182:20007/?cmd=0607) 
 请求:{"Starttime":"2020-07-11","Endtime":"2020-07-18","Token":"NjM3MzA4MzQ0NzM4NTg1Mzc0LTEzNjA2NTQzNzg0ODA="} 
	应答:{"Stat":"0","List":[{"Dataday":"2020-07-11","Num":6},{"Dataday":"2020-07-12","Num":0},{"Dataday":"2020-07-13","Num":2},{"Dataday":"2020-07-14","Num":3},{"Dataday":"2020-07-15","Num":2},{"Dataday":"2020-07-16","Num":0},{"Dataday":"2020-07-17","Num":0},{"Dataday":"2020-07-18","Num":0}]}
<info>    [07-20 14:51:15 182] BaseInt.ExecInt                             L:222  <> T:7-Normal-True- ID:()
	执行方法:0607
<debug>   [07-20 14:51:19 911] ReportInt.GetVehicleEntry                   L:255  <I> T:7-Normal-True- ID:()
	{"Token":"NjM3MzA4MzQ0NzM4NTg1Mzc0LTEzNjA2NTQzNzg0ODA=","Endtime":null,"Starttime":null}
<debug>   [07-20 14:51:39 447] BDataTable.ToList_Old                       L:250  <> T:7-Normal-True- ID:()
	<<<Return>>>:2 Spend:0.2517
<tip>    [07-20 14:51:39 459] HttpCtrl.RecvHttpReq                        L:107  <O> T:7-Normal-True- ID:(方法:0607 耗时:24277ms <<<<<<<)
	客户端:(192.168.1.182-) POST方式访问URL:(192.168.1.182:20007/?cmd=0607) 
 请求:{"Token":"NjM3MzA4MzQ0NzM4NTg1Mzc0LTEzNjA2NTQzNzg0ODA="} 
	应答:{"Stat":"0","List":[{"Dataday":"2020-07-14","Num":3},{"Dataday":"2020-07-15","Num":2},{"Dataday":"2020-07-16","Num":0},{"Dataday":"2020-07-17","Num":0},{"Dataday":"2020-07-18","Num":0},{"Dataday":"2020-07-19","Num":0},{"Dataday":"2020-07-20","Num":0}]}
<notice>   [07-20 17:41:09 781] MainCtrl.Start                              L:39   <> T:1-Normal-False- ID:()
	系统初始化开始
<warn>   [07-20 17:41:09 782] MainCtrl.Start                              L:41   <> T:1-Normal-False- ID:()
	初始化完毕,平台接口准备开启!
<warn>   [07-20 17:41:11 885] BHttpServer5.Start                          L:69   <> T:1-Normal-False- ID:()
	Http服务 IPAddress.Any Port:20007 启动
<info>    [07-20 17:41:15 202] SysConfigSrvc.GetAll                        L:58   <> T:1-Normal-False- ID:()
	获取到所有配置项:5个
<info>    [07-20 17:41:15 307] BaseTractorSrvc.GetAllTractorIds            L:115  <> T:1-Normal-False- ID:()
	获取到所有牵引车:61个
