<notice>   [06-29 13:30:49 889] MainCtrl.Start                              L:34   <> T:1-Normal-False- ID:()
	系统初始化开始
<warn>   [06-29 13:30:49 890] MainCtrl.Start                              L:36   <> T:1-Normal-False- ID:()
	初始化完毕,平台接口准备开启!
<warn>   [06-29 13:30:54 072] BHttpServer5.Start                          L:69   <> T:1-Normal-False- ID:()
	Http服务 IPAddress.Any Port:20007 启动
<notice>   [06-29 15:25:05 445] MainCtrl.Start                              L:34   <> T:1-Normal-False- ID:()
	系统初始化开始
<warn>   [06-29 15:25:11 776] MainCtrl.Start                              L:36   <> T:1-Normal-False- ID:()
	初始化完毕,平台接口准备开启!
<warn>   [06-29 15:25:13 854] BHttpServer5.Start                          L:69   <> T:1-Normal-False- ID:()
	Http服务 IPAddress.Any Port:20007 启动
<info>    [06-29 15:26:04 934] BaseInt.ExecInt                             L:213  <> T:6-Normal-True- ID:()
	执行方法:phone_updorder
<debug>   [06-29 15:26:04 948] PhoneInt.UpdOrder                           L:778  <I> T:6-Normal-True- ID:()
	{"Token":"NjM3MjkwMzQ3MzI5MjMwNTIzLWRlbWExNjc=","Id":null,"Orderstat":null,"Sign":null,"Time":null}
<warn>   [06-29 15:26:08 772] BaseInt.ExecInt                             L:221  <O> T:6-Normal-True- ID:()
	方法:phone_updorder Err:Value cannot be null. (Parameter 's') 
 StackTrace:   at System.Decimal.Parse(String s)
   at Yongrong.Int.Phone.PhoneInt.UpdOrder(Dictionary`2 reqmap, Byte[] reqbytes) in D:\yongrong\Yongrong\Int\Phone\PhoneInt.cs:line 816
   at Yongrong.Int.BaseInt.ExecInt(String cmd, Dictionary`2 urlMap, Byte[] reqbytes) in D:\yongrong\Yongrong\Int\BaseInt.cs:line 217 
 InnerException:
<tip>    [06-29 15:26:08 965] HttpCtrl.RecvHttpReq                        L:107  <O> T:6-Normal-True- ID:(方法:phone_updorder 耗时:4037ms <<<<<<<)
	客户端:(192.168.1.182-) POST方式访问URL:(192.168.1.182:20007/?cmd=phone_updorder) 
 请求:{"Query":{"Orderstat":3,"id":1480},"Token":"NjM3MjkwMzQ3MzI5MjMwNTIzLWRlbWExNjc="}
	应答:{"Stat":"未知错误"}
<info>    [06-29 15:26:16 576] BaseInt.ExecInt                             L:213  <> T:4-Normal-True- ID:()
	执行方法:phone_updorder
<debug>   [06-29 15:26:16 576] PhoneInt.UpdOrder                           L:778  <I> T:4-Normal-True- ID:()
	{"Token":"NjM3MjkwMzQ3MzI5MjMwNTIzLWRlbWExNjc=","Id":null,"Orderstat":null,"Sign":null,"Time":null}
<warn>   [06-29 15:26:16 625] BaseInt.ExecInt                             L:221  <O> T:4-Normal-True- ID:()
	方法:phone_updorder Err:Value cannot be null. (Parameter 's') 
 StackTrace:   at System.Decimal.Parse(String s)
   at Yongrong.Int.Phone.PhoneInt.UpdOrder(Dictionary`2 reqmap, Byte[] reqbytes) in D:\yongrong\Yongrong\Int\Phone\PhoneInt.cs:line 816
   at Yongrong.Int.BaseInt.ExecInt(String cmd, Dictionary`2 urlMap, Byte[] reqbytes) in D:\yongrong\Yongrong\Int\BaseInt.cs:line 217 
 InnerException:
<tip>    [06-29 15:26:16 635] HttpCtrl.RecvHttpReq                        L:107  <O> T:4-Normal-True- ID:(方法:phone_updorder 耗时:59ms <<<<<<<)
	客户端:(192.168.1.182-) POST方式访问URL:(192.168.1.182:20007/?cmd=phone_updorder) 
 请求:{"Query":{"Orderstat":3,"id":1480},"Token":"NjM3MjkwMzQ3MzI5MjMwNTIzLWRlbWExNjc="}
	应答:{"Stat":"未知错误"}
<info>    [06-29 15:26:18 614] BaseInt.ExecInt                             L:213  <> T:4-Normal-True- ID:()
	执行方法:phone_updorder
<debug>   [06-29 15:26:18 616] PhoneInt.UpdOrder                           L:778  <I> T:4-Normal-True- ID:()
	{"Token":"NjM3MjkwMzQ3MzI5MjMwNTIzLWRlbWExNjc=","Id":null,"Orderstat":null,"Sign":null,"Time":null}
<warn>   [06-29 15:26:18 675] BaseInt.ExecInt                             L:221  <O> T:4-Normal-True- ID:()
	方法:phone_updorder Err:Value cannot be null. (Parameter 's') 
 StackTrace:   at System.Decimal.Parse(String s)
   at Yongrong.Int.Phone.PhoneInt.UpdOrder(Dictionary`2 reqmap, Byte[] reqbytes) in D:\yongrong\Yongrong\Int\Phone\PhoneInt.cs:line 816
   at Yongrong.Int.BaseInt.ExecInt(String cmd, Dictionary`2 urlMap, Byte[] reqbytes) in D:\yongrong\Yongrong\Int\BaseInt.cs:line 217 
 InnerException:
<tip>    [06-29 15:26:18 685] HttpCtrl.RecvHttpReq                        L:107  <O> T:4-Normal-True- ID:(方法:phone_updorder 耗时:71ms <<<<<<<)
	客户端:(192.168.1.182-) POST方式访问URL:(192.168.1.182:20007/?cmd=phone_updorder) 
 请求:{"Query":{"Orderstat":3,"id":1480},"Token":"NjM3MjkwMzQ3MzI5MjMwNTIzLWRlbWExNjc="}
	应答:{"Stat":"未知错误"}
<info>    [06-29 15:26:36 617] BaseInt.ExecInt                             L:213  <> T:5-Normal-True- ID:()
	执行方法:phone_updorder
<debug>   [06-29 15:26:36 635] PhoneInt.UpdOrder                           L:778  <I> T:5-Normal-True- ID:()
	{"Token":"NjM3MjkwMzQ3MzI5MjMwNTIzLWRlbWExNjc=","Id":null,"Orderstat":null,"Sign":null,"Time":null}
<warn>   [06-29 15:26:36 672] BaseInt.ExecInt                             L:221  <O> T:5-Normal-True- ID:()
	方法:phone_updorder Err:Value cannot be null. (Parameter 's') 
 StackTrace:   at System.Decimal.Parse(String s)
   at Yongrong.Int.Phone.PhoneInt.UpdOrder(Dictionary`2 reqmap, Byte[] reqbytes) in D:\yongrong\Yongrong\Int\Phone\PhoneInt.cs:line 816
   at Yongrong.Int.BaseInt.ExecInt(String cmd, Dictionary`2 urlMap, Byte[] reqbytes) in D:\yongrong\Yongrong\Int\BaseInt.cs:line 217 
 InnerException:
<tip>    [06-29 15:26:36 680] HttpCtrl.RecvHttpReq                        L:107  <O> T:5-Normal-True- ID:(方法:phone_updorder 耗时:63ms <<<<<<<)
	客户端:(192.168.1.182-) POST方式访问URL:(192.168.1.182:20007/?cmd=phone_updorder) 
 请求:{"Query":{"Orderstat":3,"id":1480},"Token":"NjM3MjkwMzQ3MzI5MjMwNTIzLWRlbWExNjc="}
	应答:{"Stat":"未知错误"}
<info>    [06-29 15:26:38 189] BaseInt.ExecInt                             L:213  <> T:6-Normal-True- ID:()
	执行方法:phone_updorder
<debug>   [06-29 15:26:38 190] PhoneInt.UpdOrder                           L:778  <I> T:6-Normal-True- ID:()
	{"Token":"NjM3MjkwMzQ3MzI5MjMwNTIzLWRlbWExNjc=","Id":null,"Orderstat":null,"Sign":null,"Time":null}
<warn>   [06-29 15:26:38 229] BaseInt.ExecInt                             L:221  <O> T:6-Normal-True- ID:()
	方法:phone_updorder Err:Value cannot be null. (Parameter 's') 
 StackTrace:   at System.Decimal.Parse(String s)
   at Yongrong.Int.Phone.PhoneInt.UpdOrder(Dictionary`2 reqmap, Byte[] reqbytes) in D:\yongrong\Yongrong\Int\Phone\PhoneInt.cs:line 816
   at Yongrong.Int.BaseInt.ExecInt(String cmd, Dictionary`2 urlMap, Byte[] reqbytes) in D:\yongrong\Yongrong\Int\BaseInt.cs:line 217 
 InnerException:
<tip>    [06-29 15:26:38 240] HttpCtrl.RecvHttpReq                        L:107  <O> T:6-Normal-True- ID:(方法:phone_updorder 耗时:50ms <<<<<<<)
	客户端:(192.168.1.182-) POST方式访问URL:(192.168.1.182:20007/?cmd=phone_updorder) 
 请求:{"Query":{"Orderstat":3,"id":1480},"Token":"NjM3MjkwMzQ3MzI5MjMwNTIzLWRlbWExNjc="}
	应答:{"Stat":"未知错误"}
<info>    [06-29 15:26:49 424] BaseInt.ExecInt                             L:213  <> T:5-Normal-True- ID:()
	执行方法:phone_updorder
<debug>   [06-29 15:26:49 425] PhoneInt.UpdOrder                           L:778  <I> T:5-Normal-True- ID:()
	{"Token":"NjM3MjkwMzQ3MzI5MjMwNTIzLWRlbWExNjc=","Id":null,"Orderstat":null,"Sign":null,"Time":null}
<warn>   [06-29 15:26:49 473] BaseInt.ExecInt                             L:221  <O> T:5-Normal-True- ID:()
	方法:phone_updorder Err:Value cannot be null. (Parameter 's') 
 StackTrace:   at System.Decimal.Parse(String s)
   at Yongrong.Int.Phone.PhoneInt.UpdOrder(Dictionary`2 reqmap, Byte[] reqbytes) in D:\yongrong\Yongrong\Int\Phone\PhoneInt.cs:line 816
   at Yongrong.Int.BaseInt.ExecInt(String cmd, Dictionary`2 urlMap, Byte[] reqbytes) in D:\yongrong\Yongrong\Int\BaseInt.cs:line 217 
 InnerException:
<tip>    [06-29 15:26:49 479] HttpCtrl.RecvHttpReq                        L:107  <O> T:5-Normal-True- ID:(方法:phone_updorder 耗时:55ms <<<<<<<)
	客户端:(192.168.1.182-) POST方式访问URL:(192.168.1.182:20007/?cmd=phone_updorder) 
 请求:{"Query":{"Orderstat":3,"id":1480},"Token":"NjM3MjkwMzQ3MzI5MjMwNTIzLWRlbWExNjc="}
	应答:{"Stat":"未知错误"}
<info>    [06-29 15:26:50 631] BaseInt.ExecInt                             L:213  <> T:4-Normal-True- ID:()
	执行方法:phone_updorder
<debug>   [06-29 15:26:50 631] PhoneInt.UpdOrder                           L:778  <I> T:4-Normal-True- ID:()
	{"Token":"NjM3MjkwMzQ3MzI5MjMwNTIzLWRlbWExNjc=","Id":null,"Orderstat":null,"Sign":null,"Time":null}
<warn>   [06-29 15:26:50 666] BaseInt.ExecInt                             L:221  <O> T:4-Normal-True- ID:()
	方法:phone_updorder Err:Value cannot be null. (Parameter 's') 
 StackTrace:   at System.Decimal.Parse(String s)
   at Yongrong.Int.Phone.PhoneInt.UpdOrder(Dictionary`2 reqmap, Byte[] reqbytes) in D:\yongrong\Yongrong\Int\Phone\PhoneInt.cs:line 816
   at Yongrong.Int.BaseInt.ExecInt(String cmd, Dictionary`2 urlMap, Byte[] reqbytes) in D:\yongrong\Yongrong\Int\BaseInt.cs:line 217 
 InnerException:
<tip>    [06-29 15:26:50 677] HttpCtrl.RecvHttpReq                        L:107  <O> T:4-Normal-True- ID:(方法:phone_updorder 耗时:46ms <<<<<<<)
	客户端:(192.168.1.182-) POST方式访问URL:(192.168.1.182:20007/?cmd=phone_updorder) 
 请求:{"Query":{"Orderstat":3,"id":1480},"Token":"NjM3MjkwMzQ3MzI5MjMwNTIzLWRlbWExNjc="}
	应答:{"Stat":"未知错误"}
<info>    [06-29 15:26:51 736] BaseInt.ExecInt                             L:213  <> T:4-Normal-True- ID:()
	执行方法:phone_updorder
<debug>   [06-29 15:26:51 737] PhoneInt.UpdOrder                           L:778  <I> T:4-Normal-True- ID:()
	{"Token":"NjM3MjkwMzQ3MzI5MjMwNTIzLWRlbWExNjc=","Id":null,"Orderstat":null,"Sign":null,"Time":null}
<warn>   [06-29 15:26:51 782] BaseInt.ExecInt                             L:221  <O> T:4-Normal-True- ID:()
	方法:phone_updorder Err:Value cannot be null. (Parameter 's') 
 StackTrace:   at System.Decimal.Parse(String s)
   at Yongrong.Int.Phone.PhoneInt.UpdOrder(Dictionary`2 reqmap, Byte[] reqbytes) in D:\yongrong\Yongrong\Int\Phone\PhoneInt.cs:line 816
   at Yongrong.Int.BaseInt.ExecInt(String cmd, Dictionary`2 urlMap, Byte[] reqbytes) in D:\yongrong\Yongrong\Int\BaseInt.cs:line 217 
 InnerException:
<tip>    [06-29 15:26:51 790] HttpCtrl.RecvHttpReq                        L:107  <O> T:4-Normal-True- ID:(方法:phone_updorder 耗时:53ms <<<<<<<)
	客户端:(192.168.1.182-) POST方式访问URL:(192.168.1.182:20007/?cmd=phone_updorder) 
 请求:{"Query":{"Orderstat":3,"id":1480},"Token":"NjM3MjkwMzQ3MzI5MjMwNTIzLWRlbWExNjc="}
	应答:{"Stat":"未知错误"}
<info>    [06-29 15:26:52 914] BaseInt.ExecInt                             L:213  <> T:13-Normal-True- ID:()
	执行方法:phone_updorder
<debug>   [06-29 15:26:52 921] PhoneInt.UpdOrder                           L:778  <I> T:13-Normal-True- ID:()
	{"Token":"NjM3MjkwMzQ3MzI5MjMwNTIzLWRlbWExNjc=","Id":null,"Orderstat":null,"Sign":null,"Time":null}
<warn>   [06-29 15:26:52 953] BaseInt.ExecInt                             L:221  <O> T:13-Normal-True- ID:()
	方法:phone_updorder Err:Value cannot be null. (Parameter 's') 
 StackTrace:   at System.Decimal.Parse(String s)
   at Yongrong.Int.Phone.PhoneInt.UpdOrder(Dictionary`2 reqmap, Byte[] reqbytes) in D:\yongrong\Yongrong\Int\Phone\PhoneInt.cs:line 816
   at Yongrong.Int.BaseInt.ExecInt(String cmd, Dictionary`2 urlMap, Byte[] reqbytes) in D:\yongrong\Yongrong\Int\BaseInt.cs:line 217 
 InnerException:
<tip>    [06-29 15:26:52 959] HttpCtrl.RecvHttpReq                        L:107  <O> T:13-Normal-True- ID:(方法:phone_updorder 耗时:45ms <<<<<<<)
	客户端:(192.168.1.182-) POST方式访问URL:(192.168.1.182:20007/?cmd=phone_updorder) 
 请求:{"Query":{"Orderstat":3,"id":1480},"Token":"NjM3MjkwMzQ3MzI5MjMwNTIzLWRlbWExNjc="}
	应答:{"Stat":"未知错误"}
<info>    [06-29 15:26:54 018] BaseInt.ExecInt                             L:213  <> T:6-Normal-True- ID:()
	执行方法:phone_updorder
<debug>   [06-29 15:26:54 028] PhoneInt.UpdOrder                           L:778  <I> T:6-Normal-True- ID:()
	{"Token":"NjM3MjkwMzQ3MzI5MjMwNTIzLWRlbWExNjc=","Id":null,"Orderstat":null,"Sign":null,"Time":null}
<warn>   [06-29 15:26:54 074] BaseInt.ExecInt                             L:221  <O> T:6-Normal-True- ID:()
	方法:phone_updorder Err:Value cannot be null. (Parameter 's') 
 StackTrace:   at System.Decimal.Parse(String s)
   at Yongrong.Int.Phone.PhoneInt.UpdOrder(Dictionary`2 reqmap, Byte[] reqbytes) in D:\yongrong\Yongrong\Int\Phone\PhoneInt.cs:line 816
   at Yongrong.Int.BaseInt.ExecInt(String cmd, Dictionary`2 urlMap, Byte[] reqbytes) in D:\yongrong\Yongrong\Int\BaseInt.cs:line 217 
 InnerException:
<tip>    [06-29 15:26:54 083] HttpCtrl.RecvHttpReq                        L:107  <O> T:6-Normal-True- ID:(方法:phone_updorder 耗时:64ms <<<<<<<)
	客户端:(192.168.1.182-) POST方式访问URL:(192.168.1.182:20007/?cmd=phone_updorder) 
 请求:{"Query":{"Orderstat":3,"id":1480},"Token":"NjM3MjkwMzQ3MzI5MjMwNTIzLWRlbWExNjc="}
	应答:{"Stat":"未知错误"}
<notice>   [06-29 15:27:40 228] MainCtrl.Start                              L:34   <> T:1-Normal-False- ID:()
	系统初始化开始
<warn>   [06-29 15:27:41 540] MainCtrl.Start                              L:36   <> T:1-Normal-False- ID:()
	初始化完毕,平台接口准备开启!
<warn>   [06-29 15:27:43 532] BHttpServer5.Start                          L:69   <> T:1-Normal-False- ID:()
	Http服务 IPAddress.Any Port:20007 启动
<notice>   [06-29 16:28:39 685] MainCtrl.Start                              L:34   <> T:1-Normal-False- ID:()
	系统初始化开始
<warn>   [06-29 16:28:40 147] MainCtrl.Start                              L:36   <> T:1-Normal-False- ID:()
	初始化完毕,平台接口准备开启!
<warn>   [06-29 16:28:41 436] BHttpServer5.Start                          L:69   <> T:1-Normal-False- ID:()
	Http服务 IPAddress.Any Port:20007 启动
<info>    [06-29 16:29:09 033] BaseInt.ExecInt                             L:213  <> T:7-Normal-True- ID:()
	执行方法:0202
<debug>   [06-29 16:29:15 214] OrderGoodsInt.Get                           L:36   <I> T:7-Normal-True- ID:()
	{"Token":"NjM3MjkwMTcwNTYwNTA5NzIxLWFkbWluMQ==","Page":{"Count":0,"Index":1,"Row":0,"Size":15},"Query":{"Billcheck":null,"Billid":null,"Capacity":null,"Checkman":null,"Company":null,"Createtime":null,"Customercheck":null,"Driver":null,"Endtime":null,"Goodsid":null,"Goodsname":null,"Goodstypr":null,"Grossman":null,"Grosstime":null,"Grossweight":null,"Id":0,"Indoorman":null,"IsSafeCheck":false,"Issendback":"1","Istoexit":"1","Levelnumber":0,"Loadweight":null,"Netweight":null,"Orderid":null,"Ordername":null,"Orderstat":"0","Ordertime":null,"Outdoorman":null,"Printid":null,"Printman":null,"Printtime":null,"Realweight":null,"Remark":null,"Safecheckflag":null,"Salesman":null,"SerialNumber":null,"Starttime":null,"Storeman":null,"Supercargo":null,"Tareman":null,"Taretime":null,"Tareweight":null,"Tractorid":null,"Trailerid":null,"Transport":null,"Unit":null,"Unitext":null,"Waybillid":null}}
<debug>   [06-29 16:29:28 116] OrderGoodsSrvc.Get                          L:39   <> T:7-Normal-True- ID:()
	{"Billcheck":null,"Billid":null,"Capacity":null,"Checkman":null,"Company":null,"Createtime":null,"Customercheck":null,"Driver":null,"Endtime":null,"Goodsid":null,"Goodsname":null,"Goodstypr":null,"Grossman":null,"Grosstime":null,"Grossweight":null,"Id":0,"Indoorman":null,"IsSafeCheck":false,"Issendback":"1","Istoexit":"1","Levelnumber":0,"Loadweight":null,"Netweight":null,"Orderid":null,"Ordername":null,"Orderstat":"0","Ordertime":null,"Outdoorman":null,"Printid":null,"Printman":null,"Printtime":null,"Realweight":null,"Remark":null,"Safecheckflag":null,"Salesman":null,"SerialNumber":null,"Starttime":null,"Storeman":null,"Supercargo":null,"Tareman":null,"Taretime":null,"Tareweight":null,"Tractorid":null,"Trailerid":null,"Transport":null,"Unit":null,"Unitext":null,"Waybillid":null}
<notice>   [06-29 16:37:26 712] MainCtrl.Start                              L:34   <> T:1-Normal-False- ID:()
	系统初始化开始
<warn>   [06-29 16:37:26 713] MainCtrl.Start                              L:36   <> T:1-Normal-False- ID:()
	初始化完毕,平台接口准备开启!
<warn>   [06-29 16:37:28 590] BHttpServer5.Start                          L:69   <> T:1-Normal-False- ID:()
	Http服务 IPAddress.Any Port:20007 启动
<info>    [06-29 16:37:45 853] BaseInt.ExecInt                             L:213  <> T:4-Normal-True- ID:()
	执行方法:0202
<debug>   [06-29 16:37:45 927] OrderGoodsInt.Get                           L:36   <I> T:4-Normal-True- ID:()
	{"Token":"NjM3MjkwMTcwNTYwNTA5NzIxLWFkbWluMQ==","Page":{"Count":0,"Index":1,"Row":0,"Size":15},"Query":{"Billcheck":null,"Billid":null,"Capacity":null,"Checkman":null,"Company":null,"Createtime":null,"Customercheck":null,"Driver":null,"Endtime":null,"Goodsid":null,"Goodsname":null,"Goodstypr":null,"Grossman":null,"Grosstime":null,"Grossweight":null,"Id":0,"Indoorman":null,"IsSafeCheck":false,"Issendback":"1","Istoexit":"1","Levelnumber":0,"Loadweight":null,"Netweight":null,"Orderid":null,"Ordername":null,"Orderstat":"0","Ordertime":null,"Outdoorman":null,"Printid":null,"Printman":null,"Printtime":null,"Realweight":null,"Remark":null,"Safecheckflag":null,"Salesman":null,"SerialNumber":null,"Starttime":null,"Storeman":null,"Supercargo":null,"Tareman":null,"Taretime":null,"Tareweight":null,"Tractorid":null,"Trailerid":null,"Transport":null,"Unit":null,"Unitext":null,"Waybillid":null}}
<debug>   [06-29 16:37:49 031] OrderGoodsSrvc.Get                          L:39   <> T:4-Normal-True- ID:()
	{"Billcheck":null,"Billid":null,"Capacity":null,"Checkman":null,"Company":null,"Createtime":null,"Customercheck":null,"Driver":null,"Endtime":null,"Goodsid":null,"Goodsname":null,"Goodstypr":null,"Grossman":null,"Grosstime":null,"Grossweight":null,"Id":0,"Indoorman":null,"IsSafeCheck":false,"Issendback":"1","Istoexit":"1","Levelnumber":0,"Loadweight":null,"Netweight":null,"Orderid":null,"Ordername":null,"Orderstat":"0","Ordertime":null,"Outdoorman":null,"Printid":null,"Printman":null,"Printtime":null,"Realweight":null,"Remark":null,"Safecheckflag":null,"Salesman":null,"SerialNumber":null,"Starttime":null,"Storeman":null,"Supercargo":null,"Tareman":null,"Taretime":null,"Tareweight":null,"Tractorid":null,"Trailerid":null,"Transport":null,"Unit":null,"Unitext":null,"Waybillid":null}
<notice>   [06-29 16:40:38 406] MainCtrl.Start                              L:34   <> T:1-Normal-False- ID:()
	系统初始化开始
<warn>   [06-29 16:40:38 406] MainCtrl.Start                              L:36   <> T:1-Normal-False- ID:()
	初始化完毕,平台接口准备开启!
<warn>   [06-29 16:40:39 804] BHttpServer5.Start                          L:69   <> T:1-Normal-False- ID:()
	Http服务 IPAddress.Any Port:20007 启动
<info>    [06-29 16:40:46 765] BaseInt.ExecInt                             L:213  <> T:4-Normal-True- ID:()
	执行方法:0202
<debug>   [06-29 16:40:46 852] OrderGoodsInt.Get                           L:36   <I> T:4-Normal-True- ID:()
	{"Token":"NjM3MjkwMTcwNTYwNTA5NzIxLWFkbWluMQ==","Page":{"Count":0,"Index":1,"Row":0,"Size":15},"Query":{"Billcheck":null,"Billid":null,"Capacity":null,"Checkman":null,"Company":null,"Createtime":null,"Customercheck":null,"Driver":null,"Endtime":null,"Goodsid":null,"Goodsname":null,"Goodstypr":null,"Grossman":null,"Grosstime":null,"Grossweight":null,"Id":0,"Indoorman":null,"IsSafeCheck":false,"Issendback":"1","Istoexit":"1","Levelnumber":0,"Loadweight":null,"Netweight":null,"Orderid":null,"Ordername":null,"Orderstat":"0","Ordertime":null,"Outdoorman":null,"Printid":null,"Printman":null,"Printtime":null,"Realweight":null,"Remark":null,"Safecheckflag":null,"Salesman":null,"SerialNumber":null,"Starttime":null,"Storeman":null,"Supercargo":null,"Tareman":null,"Taretime":null,"Tareweight":null,"Tractorid":null,"Trailerid":null,"Transport":null,"Unit":null,"Unitext":null,"Waybillid":null}}
<debug>   [06-29 16:40:50 128] OrderGoodsSrvc.Get                          L:39   <> T:4-Normal-True- ID:()
	{"Billcheck":null,"Billid":null,"Capacity":null,"Checkman":null,"Company":null,"Createtime":null,"Customercheck":null,"Driver":null,"Endtime":null,"Goodsid":null,"Goodsname":null,"Goodstypr":null,"Grossman":null,"Grosstime":null,"Grossweight":null,"Id":0,"Indoorman":null,"IsSafeCheck":false,"Issendback":"1","Istoexit":"1","Levelnumber":0,"Loadweight":null,"Netweight":null,"Orderid":null,"Ordername":null,"Orderstat":"0","Ordertime":null,"Outdoorman":null,"Printid":null,"Printman":null,"Printtime":null,"Realweight":null,"Remark":null,"Safecheckflag":null,"Salesman":null,"SerialNumber":null,"Starttime":null,"Storeman":null,"Supercargo":null,"Tareman":null,"Taretime":null,"Tareweight":null,"Tractorid":null,"Trailerid":null,"Transport":null,"Unit":null,"Unitext":null,"Waybillid":null}
<notice>   [06-29 16:42:53 755] MainCtrl.Start                              L:34   <> T:1-Normal-False- ID:()
	系统初始化开始
<warn>   [06-29 16:42:53 755] MainCtrl.Start                              L:36   <> T:1-Normal-False- ID:()
	初始化完毕,平台接口准备开启!
<warn>   [06-29 16:42:55 123] BHttpServer5.Start                          L:69   <> T:1-Normal-False- ID:()
	Http服务 IPAddress.Any Port:20007 启动
<info>    [06-29 16:43:38 042] BaseInt.ExecInt                             L:213  <> T:4-Normal-True- ID:()
	执行方法:0202
<debug>   [06-29 16:43:38 107] OrderGoodsInt.Get                           L:36   <I> T:4-Normal-True- ID:()
	{"Token":"NjM3MjkwMTcwNTYwNTA5NzIxLWFkbWluMQ==","Page":{"Count":0,"Index":1,"Row":0,"Size":15},"Query":{"Billcheck":null,"Billid":null,"Capacity":null,"Checkman":null,"Company":null,"Createtime":null,"Customercheck":null,"Driver":null,"Endtime":null,"Goodsid":null,"Goodsname":null,"Goodstypr":null,"Grossman":null,"Grosstime":null,"Grossweight":null,"Id":0,"Indoorman":null,"IsSafeCheck":false,"Issendback":"1","Istoexit":"1","Levelnumber":0,"Loadweight":null,"Netweight":null,"Orderid":null,"Ordername":null,"Orderstat":"0","Ordertime":null,"Outdoorman":null,"Printid":null,"Printman":null,"Printtime":null,"Realweight":null,"Remark":null,"Safecheckflag":null,"Salesman":null,"SerialNumber":null,"Starttime":null,"Storeman":null,"Supercargo":null,"Tareman":null,"Taretime":null,"Tareweight":null,"Tractorid":null,"Trailerid":null,"Transport":null,"Unit":null,"Unitext":null,"Waybillid":null}}
<debug>   [06-29 16:43:41 201] OrderGoodsSrvc.Get                          L:39   <> T:4-Normal-True- ID:()
	{"Billcheck":null,"Billid":null,"Capacity":null,"Checkman":null,"Company":null,"Createtime":null,"Customercheck":null,"Driver":null,"Endtime":null,"Goodsid":null,"Goodsname":null,"Goodstypr":null,"Grossman":null,"Grosstime":null,"Grossweight":null,"Id":0,"Indoorman":null,"IsSafeCheck":false,"Issendback":"1","Istoexit":"1","Levelnumber":0,"Loadweight":null,"Netweight":null,"Orderid":null,"Ordername":null,"Orderstat":"0","Ordertime":null,"Outdoorman":null,"Printid":null,"Printman":null,"Printtime":null,"Realweight":null,"Remark":null,"Safecheckflag":null,"Salesman":null,"SerialNumber":null,"Starttime":null,"Storeman":null,"Supercargo":null,"Tareman":null,"Taretime":null,"Tareweight":null,"Tractorid":null,"Trailerid":null,"Transport":null,"Unit":null,"Unitext":null,"Waybillid":null}
<tip>    [06-29 16:44:51 023] HttpCtrl.RecvHttpReq                        L:107  <O> T:4-Normal-True- ID:(方法:0202 耗时:72993ms <<<<<<<)
	客户端:(192.168.1.182-) POST方式访问URL:(192.168.1.182:20007/?cmd=0202) 
 请求:{"Page":{"Index":1,"Size":15},"Query":{"Orderstat":0,"Issendback":"1","Istoexit":"1"},"Token":"NjM3MjkwMTcwNTYwNTA5NzIxLWFkbWluMQ=="}
	应答:{"Stat":"0","Page":{"Count":1,"Index":1,"Row":1,"Size":15},"List":[{"Billcheck":"1","Billid":"88","Capacity":null,"Checkman":null,"Company":"88","Createtime":"2020-06-28 16:53:48","Customercheck":"0","Driver":"任左鹏","Endtime":null,"Goodsid":null,"Goodsname":"88","Goodstypr":null,"Grossman":null,"Grosstime":null,"Grossweight":null,"Id":63,"Indoorman":null,"IsSafeCheck":false,"Issendback":"1","Istoexit":"1","Levelnumber":0,"Loadweight":"50","Netweight":null,"Orderid":"0026","Ordername":"88","Orderstat":"0","Ordertime":"2020-06-28","Outdoorman":null,"Printid":null,"Printman":null,"Printtime":null,"Realweight":"5","Remark":null,"Safecheckflag":"0","Salesman":null,"SerialNumber":null,"Starttime":null,"Storeman":null,"Supercargo":"郑德贵","Tareman":null,"Taretime":null,"Tareweight":null,"Tractorid":"闵B29860","Trailerid":"闵A8243挂","Transport":"福建省莆田凯松化工厂","Unit":null,"Unitext":null,"Waybillid":null}],"order":null}
<notice>   [06-29 16:51:22 565] MainCtrl.Start                              L:34   <> T:1-Normal-False- ID:()
	系统初始化开始
<warn>   [06-29 16:51:22 565] MainCtrl.Start                              L:36   <> T:1-Normal-False- ID:()
	初始化完毕,平台接口准备开启!
<warn>   [06-29 16:51:25 116] BHttpServer5.Start                          L:69   <> T:1-Normal-False- ID:()
	Http服务 IPAddress.Any Port:20007 启动
<info>    [06-29 16:51:27 868] BaseInt.ExecInt                             L:213  <> T:6-Normal-True- ID:()
	执行方法:0202
<debug>   [06-29 16:51:27 977] OrderGoodsInt.Get                           L:36   <I> T:6-Normal-True- ID:()
	{"Token":"NjM3MjkwMTcwNTYwNTA5NzIxLWFkbWluMQ==","Page":{"Count":0,"Index":1,"Row":0,"Size":15},"Query":{"Billcheck":null,"Billid":null,"Capacity":null,"Checkman":null,"Company":null,"Createtime":null,"Customercheck":null,"Driver":null,"Endtime":null,"Goodsid":null,"Goodsname":null,"Goodstypr":null,"Grossman":null,"Grosstime":null,"Grossweight":null,"Id":0,"Indoorman":null,"IsSafeCheck":false,"Issendback":"1","Istoexit":"1","Levelnumber":0,"Loadweight":null,"Netweight":null,"Orderid":null,"Ordername":null,"Orderstat":"0","Ordertime":null,"Outdoorman":null,"Printid":null,"Printman":null,"Printtime":null,"Realweight":null,"Remark":null,"Safecheckflag":null,"Salesman":null,"SerialNumber":null,"Starttime":null,"Storeman":null,"Supercargo":null,"Tareman":null,"Taretime":null,"Tareweight":null,"Tractorid":null,"Trailerid":null,"Transport":null,"Unit":null,"Unitext":null,"Waybillid":null}}
<debug>   [06-29 16:51:31 326] OrderGoodsSrvc.Get                          L:39   <> T:6-Normal-True- ID:()
	{"Billcheck":null,"Billid":null,"Capacity":null,"Checkman":null,"Company":null,"Createtime":null,"Customercheck":null,"Driver":null,"Endtime":null,"Goodsid":null,"Goodsname":null,"Goodstypr":null,"Grossman":null,"Grosstime":null,"Grossweight":null,"Id":0,"Indoorman":null,"IsSafeCheck":false,"Issendback":"1","Istoexit":"1","Levelnumber":0,"Loadweight":null,"Netweight":null,"Orderid":null,"Ordername":null,"Orderstat":"0","Ordertime":null,"Outdoorman":null,"Printid":null,"Printman":null,"Printtime":null,"Realweight":null,"Remark":null,"Safecheckflag":null,"Salesman":null,"SerialNumber":null,"Starttime":null,"Storeman":null,"Supercargo":null,"Tareman":null,"Taretime":null,"Tareweight":null,"Tractorid":null,"Trailerid":null,"Transport":null,"Unit":null,"Unitext":null,"Waybillid":null}
<tip>    [06-29 16:53:08 815] HttpCtrl.RecvHttpReq                        L:107  <O> T:6-Normal-True- ID:(方法:0202 耗时:100361ms <<<<<<<)
	客户端:(192.168.1.182-) POST方式访问URL:(192.168.1.182:20007/?cmd=0202) 
 请求:{"Page":{"Index":1,"Size":15},"Query":{"Orderstat":0,"Issendback":"1","Istoexit":"1"},"Token":"NjM3MjkwMTcwNTYwNTA5NzIxLWFkbWluMQ=="}
	应答:{"Stat":"0","Page":{"Count":1,"Index":1,"Row":3,"Size":15},"List":[{"Billcheck":"1","Billid":"33","Capacity":null,"Checkman":null,"Company":"33","Createtime":"2020-06-29 16:47:14","Customercheck":"0","Driver":"董善宾","Endtime":null,"Goodsid":null,"Goodsname":"33","Goodstypr":null,"Grossman":null,"Grosstime":null,"Grossweight":null,"Id":70,"Indoorman":null,"IsSafeCheck":false,"Issendback":"1","Istoexit":"1","Levelnumber":0,"Loadweight":"50","Netweight":null,"Orderid":"0033","Ordername":"33","Orderstat":"0","Ordertime":"2020-06-29","Outdoorman":null,"Printid":null,"Printman":null,"Printtime":null,"Realweight":"3","Remark":null,"Safecheckflag":"0","Salesman":null,"SerialNumber":null,"Starttime":null,"Storeman":null,"Supercargo":"郑仁德","Tareman":null,"Taretime":null,"Tareweight":null,"Tractorid":"Z3333","Trailerid":"闵B3480挂","Transport":"福建永安化工厂","Unit":null,"Unitext":null,"Waybillid":null},{"Billcheck":"1","Billid":"88","Capacity":null,"Checkman":null,"Company":"88","Createtime":"2020-06-29 16:46:02","Customercheck":"0","Driver":"任左鹏","Endtime":null,"Goodsid":null,"Goodsname":"88","Goodstypr":null,"Grossman":null,"Grosstime":null,"Grossweight":null,"Id":69,"Indoorman":null,"IsSafeCheck":false,"Issendback":"1","Istoexit":"1","Levelnumber":0,"Loadweight":"50","Netweight":null,"Orderid":"0032","Ordername":"88","Orderstat":"0","Ordertime":"2020-06-29","Outdoorman":null,"Printid":null,"Printman":null,"Printtime":null,"Realweight":"5","Remark":null,"Safecheckflag":"0","Salesman":null,"SerialNumber":null,"Starttime":null,"Storeman":null,"Supercargo":"郑德贵","Tareman":null,"Taretime":null,"Tareweight":null,"Tractorid":"闵B29860","Trailerid":"闵A8243挂","Transport":"福建省莆田凯松化工厂","Unit":null,"Unitext":null,"Waybillid":null},{"Billcheck":"1","Billid":"88","Capacity":null,"Checkman":null,"Company":"88","Createtime":"2020-06-28 16:53:48","Customercheck":"0","Driver":"任左鹏","Endtime":null,"Goodsid":null,"Goodsname":"88","Goodstypr":null,"Grossman":null,"Grosstime":null,"Grossweight":null,"Id":63,"Indoorman":null,"IsSafeCheck":false,"Issendback":"1","Istoexit":"1","Levelnumber":0,"Loadweight":"50","Netweight":null,"Orderid":"0026","Ordername":"88","Orderstat":"0","Ordertime":"2020-06-28","Outdoorman":null,"Printid":null,"Printman":null,"Printtime":null,"Realweight":"5","Remark":null,"Safecheckflag":"0","Salesman":null,"SerialNumber":null,"Starttime":null,"Storeman":null,"Supercargo":"郑德贵","Tareman":null,"Taretime":null,"Tareweight":null,"Tractorid":"闵B29860","Trailerid":"闵A8243挂","Transport":"福建省莆田凯松化工厂","Unit":null,"Unitext":null,"Waybillid":null}],"order":null}
<notice>   [06-29 16:58:36 572] MainCtrl.Start                              L:34   <> T:1-Normal-False- ID:()
	系统初始化开始
<warn>   [06-29 16:58:36 573] MainCtrl.Start                              L:36   <> T:1-Normal-False- ID:()
	初始化完毕,平台接口准备开启!
<warn>   [06-29 16:58:38 318] BHttpServer5.Start                          L:69   <> T:1-Normal-False- ID:()
	Http服务 IPAddress.Any Port:20007 启动
<info>    [06-29 16:59:00 789] BaseInt.ExecInt                             L:213  <> T:4-Normal-True- ID:()
	执行方法:0202
<debug>   [06-29 16:59:00 872] OrderGoodsInt.Get                           L:36   <I> T:4-Normal-True- ID:()
	{"Token":"NjM3MjkwMTcwNTYwNTA5NzIxLWFkbWluMQ==","Page":{"Count":0,"Index":1,"Row":0,"Size":15},"Query":{"Billcheck":null,"Billid":null,"Capacity":null,"Checkman":null,"Company":null,"Createtime":null,"Customercheck":null,"Driver":null,"Endtime":null,"Goodsid":null,"Goodsname":null,"Goodstypr":null,"Grossman":null,"Grosstime":null,"Grossweight":null,"Id":0,"Indoorman":null,"IsSafeCheck":false,"Issendback":"1","Istoexit":"1","Levelnumber":0,"Loadweight":null,"Netweight":null,"Orderid":null,"Ordername":null,"Orderstat":"0","Ordertime":null,"Outdoorman":null,"Printid":null,"Printman":null,"Printtime":null,"Realweight":null,"Remark":null,"Safecheckflag":null,"Salesman":null,"SerialNumber":null,"Starttime":null,"Storeman":null,"Supercargo":null,"Tareman":null,"Taretime":null,"Tareweight":null,"Tractorid":null,"Trailerid":null,"Transport":null,"Unit":null,"Unitext":null,"Waybillid":null}}
<debug>   [06-29 16:59:04 119] OrderGoodsSrvc.Get                          L:39   <> T:4-Normal-True- ID:()
	{"Billcheck":null,"Billid":null,"Capacity":null,"Checkman":null,"Company":null,"Createtime":null,"Customercheck":null,"Driver":null,"Endtime":null,"Goodsid":null,"Goodsname":null,"Goodstypr":null,"Grossman":null,"Grosstime":null,"Grossweight":null,"Id":0,"Indoorman":null,"IsSafeCheck":false,"Issendback":"1","Istoexit":"1","Levelnumber":0,"Loadweight":null,"Netweight":null,"Orderid":null,"Ordername":null,"Orderstat":"0","Ordertime":null,"Outdoorman":null,"Printid":null,"Printman":null,"Printtime":null,"Realweight":null,"Remark":null,"Safecheckflag":null,"Salesman":null,"SerialNumber":null,"Starttime":null,"Storeman":null,"Supercargo":null,"Tareman":null,"Taretime":null,"Tareweight":null,"Tractorid":null,"Trailerid":null,"Transport":null,"Unit":null,"Unitext":null,"Waybillid":null}
<notice>   [06-29 17:35:32 743] MainCtrl.Start                              L:34   <> T:1-Normal-False- ID:()
	系统初始化开始
<warn>   [06-29 17:35:32 744] MainCtrl.Start                              L:36   <> T:1-Normal-False- ID:()
	初始化完毕,平台接口准备开启!
<warn>   [06-29 17:35:34 629] BHttpServer5.Start                          L:69   <> T:1-Normal-False- ID:()
	Http服务 IPAddress.Any Port:20007 启动
<info>    [06-29 17:35:46 141] BaseInt.ExecInt                             L:213  <> T:4-Normal-True- ID:()
	执行方法:0202
<debug>   [06-29 17:35:46 205] OrderGoodsInt.Get                           L:36   <I> T:4-Normal-True- ID:()
	{"Token":"NjM3MjkwMTcwNTYwNTA5NzIxLWFkbWluMQ==","Page":{"Count":0,"Index":1,"Row":0,"Size":15},"Query":{"Billcheck":null,"Billid":null,"Capacity":null,"Checkman":null,"Company":null,"Createtime":null,"Customercheck":null,"Driver":null,"Endtime":null,"Goodsid":null,"Goodsname":null,"Goodstypr":null,"Grossman":null,"Grosstime":null,"Grossweight":null,"Id":0,"Indoorman":null,"IsSafeCheck":false,"Issendback":"1","Istoexit":"1","Levelnumber":0,"Loadweight":null,"Netweight":null,"Orderid":null,"Ordername":null,"Orderstat":"0","Ordertime":null,"Outdoorman":null,"Printid":null,"Printman":null,"Printtime":null,"Realweight":null,"Remark":null,"Safecheckflag":null,"Salesman":null,"SerialNumber":null,"Starttime":null,"Storeman":null,"Supercargo":null,"Tareman":null,"Taretime":null,"Tareweight":null,"Tractorid":null,"Trailerid":null,"Transport":null,"Unit":null,"Unitext":null,"Waybillid":null}}
<debug>   [06-29 17:35:49 657] OrderGoodsSrvc.Get                          L:39   <> T:4-Normal-True- ID:()
	{"Billcheck":null,"Billid":null,"Capacity":null,"Checkman":null,"Company":null,"Createtime":null,"Customercheck":null,"Driver":null,"Endtime":null,"Goodsid":null,"Goodsname":null,"Goodstypr":null,"Grossman":null,"Grosstime":null,"Grossweight":null,"Id":0,"Indoorman":null,"IsSafeCheck":false,"Issendback":"1","Istoexit":"1","Levelnumber":0,"Loadweight":null,"Netweight":null,"Orderid":null,"Ordername":null,"Orderstat":"0","Ordertime":null,"Outdoorman":null,"Printid":null,"Printman":null,"Printtime":null,"Realweight":null,"Remark":null,"Safecheckflag":null,"Salesman":null,"SerialNumber":null,"Starttime":null,"Storeman":null,"Supercargo":null,"Tareman":null,"Taretime":null,"Tareweight":null,"Tractorid":null,"Trailerid":null,"Transport":null,"Unit":null,"Unitext":null,"Waybillid":null}
<warn>   [06-29 17:37:02 985] BaseInt.ExecInt                             L:221  <O> T:4-Normal-True- ID:()
	方法:0202 Err:Object reference not set to an instance of an object. 
 StackTrace:   at Yongrong.Srvc.BaseInfo.SafeCheckSrvc.GetSafeCheckList(List`1 query, List`1& safechecklist) in D:\yongrong\Yongrong\Srvc\BaseInfo\SafeCheckSrvc.cs:line 159
   at Yongrong.Int.BaseInfo.OrderGoodsInt.Get(Dictionary`2 reqmap, Byte[] reqbytes) in D:\yongrong\Yongrong\Int\BaseInfo\OrderGoodsInt.cs:line 105
   at Yongrong.Int.BaseInt.ExecInt(String cmd, Dictionary`2 urlMap, Byte[] reqbytes) in D:\yongrong\Yongrong\Int\BaseInt.cs:line 217 
 InnerException:
<tip>    [06-29 17:37:03 185] HttpCtrl.RecvHttpReq                        L:107  <O> T:4-Normal-True- ID:(方法:0202 耗时:77050ms <<<<<<<)
	客户端:(192.168.1.182-) POST方式访问URL:(192.168.1.182:20007/?cmd=0202) 
 请求:{"Page":{"Index":1,"Size":15},"Query":{"Orderstat":0,"Issendback":"1","Istoexit":"1"},"Token":"NjM3MjkwMTcwNTYwNTA5NzIxLWFkbWluMQ=="}
	应答:{"Stat":"未知错误"}
<info>    [06-29 17:37:07 117] BaseInt.ExecInt                             L:213  <> T:4-Normal-True- ID:()
	执行方法:0202
<debug>   [06-29 17:37:07 117] OrderGoodsInt.Get                           L:36   <I> T:4-Normal-True- ID:()
	{"Token":"NjM3MjkwMTcwNTYwNTA5NzIxLWFkbWluMQ==","Page":{"Count":1,"Index":1,"Row":3,"Size":15},"Query":{"Billcheck":null,"Billid":null,"Capacity":null,"Checkman":null,"Company":null,"Createtime":null,"Customercheck":null,"Driver":null,"Endtime":null,"Goodsid":null,"Goodsname":null,"Goodstypr":null,"Grossman":null,"Grosstime":null,"Grossweight":null,"Id":0,"Indoorman":null,"IsSafeCheck":false,"Issendback":"1","Istoexit":"1","Levelnumber":0,"Loadweight":null,"Netweight":null,"Orderid":null,"Ordername":null,"Orderstat":"0","Ordertime":null,"Outdoorman":null,"Printid":null,"Printman":null,"Printtime":null,"Realweight":null,"Remark":null,"Safecheckflag":null,"Salesman":null,"SerialNumber":null,"Starttime":null,"Storeman":null,"Supercargo":null,"Tareman":null,"Taretime":null,"Tareweight":null,"Tractorid":null,"Trailerid":null,"Transport":null,"Unit":null,"Unitext":null,"Waybillid":null}}
<debug>   [06-29 17:37:07 135] OrderGoodsSrvc.Get                          L:39   <> T:4-Normal-True- ID:()
	{"Billcheck":null,"Billid":null,"Capacity":null,"Checkman":null,"Company":null,"Createtime":null,"Customercheck":null,"Driver":null,"Endtime":null,"Goodsid":null,"Goodsname":null,"Goodstypr":null,"Grossman":null,"Grosstime":null,"Grossweight":null,"Id":0,"Indoorman":null,"IsSafeCheck":false,"Issendback":"1","Istoexit":"1","Levelnumber":0,"Loadweight":null,"Netweight":null,"Orderid":null,"Ordername":null,"Orderstat":"0","Ordertime":null,"Outdoorman":null,"Printid":null,"Printman":null,"Printtime":null,"Realweight":null,"Remark":null,"Safecheckflag":null,"Salesman":null,"SerialNumber":null,"Starttime":null,"Storeman":null,"Supercargo":null,"Tareman":null,"Taretime":null,"Tareweight":null,"Tractorid":null,"Trailerid":null,"Transport":null,"Unit":null,"Unitext":null,"Waybillid":null}
<notice>   [06-29 17:38:37 505] MainCtrl.Start                              L:34   <> T:1-Normal-False- ID:()
	系统初始化开始
<warn>   [06-29 17:38:37 505] MainCtrl.Start                              L:36   <> T:1-Normal-False- ID:()
	初始化完毕,平台接口准备开启!
<warn>   [06-29 17:38:39 007] BHttpServer5.Start                          L:69   <> T:1-Normal-False- ID:()
	Http服务 IPAddress.Any Port:20007 启动
<info>    [06-29 17:38:58 751] BaseInt.ExecInt                             L:213  <> T:4-Normal-True- ID:()
	执行方法:0202
<debug>   [06-29 17:38:58 825] OrderGoodsInt.Get                           L:36   <I> T:4-Normal-True- ID:()
	{"Token":"NjM3MjkwMTcwNTYwNTA5NzIxLWFkbWluMQ==","Page":{"Count":0,"Index":1,"Row":0,"Size":15},"Query":{"Billcheck":null,"Billid":null,"Capacity":null,"Checkman":null,"Company":null,"Createtime":null,"Customercheck":null,"Driver":null,"Endtime":null,"Goodsid":null,"Goodsname":null,"Goodstypr":null,"Grossman":null,"Grosstime":null,"Grossweight":null,"Id":0,"Indoorman":null,"IsSafeCheck":false,"Issendback":"1","Istoexit":"1","Levelnumber":0,"Loadweight":null,"Netweight":null,"Orderid":null,"Ordername":null,"Orderstat":"0","Ordertime":null,"Outdoorman":null,"Printid":null,"Printman":null,"Printtime":null,"Realweight":null,"Remark":null,"Safecheckflag":null,"Salesman":null,"SerialNumber":null,"Starttime":null,"Storeman":null,"Supercargo":null,"Tareman":null,"Taretime":null,"Tareweight":null,"Tractorid":null,"Trailerid":null,"Transport":null,"Unit":null,"Unitext":null,"Waybillid":null}}
<debug>   [06-29 17:39:02 195] OrderGoodsSrvc.Get                          L:39   <> T:4-Normal-True- ID:()
	{"Billcheck":null,"Billid":null,"Capacity":null,"Checkman":null,"Company":null,"Createtime":null,"Customercheck":null,"Driver":null,"Endtime":null,"Goodsid":null,"Goodsname":null,"Goodstypr":null,"Grossman":null,"Grosstime":null,"Grossweight":null,"Id":0,"Indoorman":null,"IsSafeCheck":false,"Issendback":"1","Istoexit":"1","Levelnumber":0,"Loadweight":null,"Netweight":null,"Orderid":null,"Ordername":null,"Orderstat":"0","Ordertime":null,"Outdoorman":null,"Printid":null,"Printman":null,"Printtime":null,"Realweight":null,"Remark":null,"Safecheckflag":null,"Salesman":null,"SerialNumber":null,"Starttime":null,"Storeman":null,"Supercargo":null,"Tareman":null,"Taretime":null,"Tareweight":null,"Tractorid":null,"Trailerid":null,"Transport":null,"Unit":null,"Unitext":null,"Waybillid":null}
<notice>   [06-29 17:51:19 976] MainCtrl.Start                              L:34   <> T:1-Normal-False- ID:()
	系统初始化开始
<warn>   [06-29 17:51:19 977] MainCtrl.Start                              L:36   <> T:1-Normal-False- ID:()
	初始化完毕,平台接口准备开启!
<warn>   [06-29 17:51:21 681] BHttpServer5.Start                          L:69   <> T:1-Normal-False- ID:()
	Http服务 IPAddress.Any Port:20007 启动
<info>    [06-29 17:51:30 773] BaseInt.ExecInt                             L:213  <> T:4-Normal-True- ID:()
	执行方法:0202
<debug>   [06-29 17:51:30 849] OrderGoodsInt.Get                           L:36   <I> T:4-Normal-True- ID:()
	{"Token":"NjM3MjkwMTcwNTYwNTA5NzIxLWFkbWluMQ==","Page":{"Count":0,"Index":1,"Row":0,"Size":15},"Query":{"Billcheck":null,"Billid":null,"Capacity":null,"Checkman":null,"Company":null,"Createtime":null,"Customercheck":null,"Driver":null,"Endtime":null,"Goodsid":null,"Goodsname":null,"Goodstypr":null,"Grossman":null,"Grosstime":null,"Grossweight":null,"Id":0,"Indoorman":null,"IsSafeCheck":false,"Issendback":"1","Istoexit":"1","Levelnumber":0,"Loadweight":null,"Netweight":null,"Orderid":null,"Ordername":null,"Orderstat":"0","Ordertime":null,"Outdoorman":null,"Printid":null,"Printman":null,"Printtime":null,"Realweight":null,"Remark":null,"Safecheckflag":null,"Salesman":null,"SerialNumber":null,"Starttime":null,"Storeman":null,"Supercargo":null,"Tareman":null,"Taretime":null,"Tareweight":null,"Tractorid":null,"Trailerid":null,"Transport":null,"Unit":null,"Unitext":null,"Waybillid":null}}
<debug>   [06-29 17:51:36 128] OrderGoodsSrvc.Get                          L:39   <> T:4-Normal-True- ID:()
	{"Billcheck":null,"Billid":null,"Capacity":null,"Checkman":null,"Company":null,"Createtime":null,"Customercheck":null,"Driver":null,"Endtime":null,"Goodsid":null,"Goodsname":null,"Goodstypr":null,"Grossman":null,"Grosstime":null,"Grossweight":null,"Id":0,"Indoorman":null,"IsSafeCheck":false,"Issendback":"1","Istoexit":"1","Levelnumber":0,"Loadweight":null,"Netweight":null,"Orderid":null,"Ordername":null,"Orderstat":"0","Ordertime":null,"Outdoorman":null,"Printid":null,"Printman":null,"Printtime":null,"Realweight":null,"Remark":null,"Safecheckflag":null,"Salesman":null,"SerialNumber":null,"Starttime":null,"Storeman":null,"Supercargo":null,"Tareman":null,"Taretime":null,"Tareweight":null,"Tractorid":null,"Trailerid":null,"Transport":null,"Unit":null,"Unitext":null,"Waybillid":null}
<tip>    [06-29 17:51:50 736] HttpCtrl.RecvHttpReq                        L:107  <O> T:4-Normal-True- ID:(方法:0202 耗时:19967ms <<<<<<<)
	客户端:(192.168.1.182-) POST方式访问URL:(192.168.1.182:20007/?cmd=0202) 
 请求:{"Page":{"Index":1,"Size":15},"Query":{"Orderstat":0,"Issendback":"1","Istoexit":"1"},"Token":"NjM3MjkwMTcwNTYwNTA5NzIxLWFkbWluMQ=="}
	应答:{"Stat":"0","Page":{"Count":1,"Index":1,"Row":3,"Size":15},"List":[{"Billcheck":"1","Billid":"33","Capacity":null,"Checkman":null,"Company":"33","Createtime":"2020-06-29 16:47:14","Customercheck":"0","Driver":"董善宾","Endtime":null,"Goodsid":null,"Goodsname":"33","Goodstypr":null,"Grossman":null,"Grosstime":null,"Grossweight":null,"Id":70,"Indoorman":null,"IsSafeCheck":false,"Issendback":"1","Istoexit":"1","Levelnumber":0,"Loadweight":"50","Netweight":null,"Orderid":"0033","Ordername":"33","Orderstat":"0","Ordertime":"2020-06-29","Outdoorman":null,"Printid":null,"Printman":null,"Printtime":null,"Realweight":"3","Remark":null,"Safecheckflag":"0","Salesman":null,"SerialNumber":null,"Starttime":null,"Storeman":null,"Supercargo":"郑仁德","Tareman":null,"Taretime":null,"Tareweight":null,"Tractorid":"Z3333","Trailerid":"闵B3480挂","Transport":"福建永安化工厂","Unit":null,"Unitext":null,"Waybillid":null},{"Billcheck":"1","Billid":"88","Capacity":null,"Checkman":null,"Company":"88","Createtime":"2020-06-29 16:46:02","Customercheck":"0","Driver":"任左鹏","Endtime":null,"Goodsid":null,"Goodsname":"88","Goodstypr":null,"Grossman":null,"Grosstime":null,"Grossweight":null,"Id":69,"Indoorman":null,"IsSafeCheck":false,"Issendback":"1","Istoexit":"1","Levelnumber":0,"Loadweight":"50","Netweight":null,"Orderid":"0032","Ordername":"88","Orderstat":"0","Ordertime":"2020-06-29","Outdoorman":null,"Printid":null,"Printman":null,"Printtime":null,"Realweight":"5","Remark":null,"Safecheckflag":"0","Salesman":null,"SerialNumber":null,"Starttime":null,"Storeman":null,"Supercargo":"郑德贵","Tareman":null,"Taretime":null,"Tareweight":null,"Tractorid":"闵B29860","Trailerid":"闵A8243挂","Transport":"福建省莆田凯松化工厂","Unit":null,"Unitext":null,"Waybillid":null},{"Billcheck":"1","Billid":"88","Capacity":null,"Checkman":null,"Company":"88","Createtime":"2020-06-28 16:53:48","Customercheck":"0","Driver":"任左鹏","Endtime":null,"Goodsid":null,"Goodsname":"88","Goodstypr":null,"Grossman":null,"Grosstime":null,"Grossweight":null,"Id":63,"Indoorman":null,"IsSafeCheck":true,"Issendback":"1","Istoexit":"1","Levelnumber":0,"Loadweight":"50","Netweight":null,"Orderid":"0026","Ordername":"88","Orderstat":"0","Ordertime":"2020-06-28","Outdoorman":null,"Printid":null,"Printman":null,"Printtime":null,"Realweight":"5","Remark":null,"Safecheckflag":"0","Salesman":null,"SerialNumber":null,"Starttime":null,"Storeman":null,"Supercargo":"郑德贵","Tareman":null,"Taretime":null,"Tareweight":null,"Tractorid":"闵B29860","Trailerid":"闵A8243挂","Transport":"福建省莆田凯松化工厂","Unit":null,"Unitext":null,"Waybillid":null}],"order":null}
<info>    [06-29 17:51:58 830] BaseInt.ExecInt                             L:213  <> T:7-Normal-True- ID:()
	执行方法:0202
<debug>   [06-29 17:51:58 831] OrderGoodsInt.Get                           L:36   <I> T:7-Normal-True- ID:()
	{"Token":"NjM3MjkwMTcwNTYwNTA5NzIxLWFkbWluMQ==","Page":{"Count":0,"Index":1,"Row":0,"Size":15},"Query":{"Billcheck":null,"Billid":null,"Capacity":null,"Checkman":null,"Company":null,"Createtime":null,"Customercheck":null,"Driver":null,"Endtime":null,"Goodsid":null,"Goodsname":null,"Goodstypr":null,"Grossman":null,"Grosstime":null,"Grossweight":null,"Id":0,"Indoorman":null,"IsSafeCheck":false,"Issendback":"1","Istoexit":"1","Levelnumber":0,"Loadweight":null,"Netweight":null,"Orderid":null,"Ordername":null,"Orderstat":"0","Ordertime":null,"Outdoorman":null,"Printid":null,"Printman":null,"Printtime":null,"Realweight":null,"Remark":null,"Safecheckflag":null,"Salesman":null,"SerialNumber":null,"Starttime":null,"Storeman":null,"Supercargo":null,"Tareman":null,"Taretime":null,"Tareweight":null,"Tractorid":null,"Trailerid":null,"Transport":null,"Unit":null,"Unitext":null,"Waybillid":null}}
<debug>   [06-29 17:52:01 147] OrderGoodsSrvc.Get                          L:39   <> T:7-Normal-True- ID:()
	{"Billcheck":null,"Billid":null,"Capacity":null,"Checkman":null,"Company":null,"Createtime":null,"Customercheck":null,"Driver":null,"Endtime":null,"Goodsid":null,"Goodsname":null,"Goodstypr":null,"Grossman":null,"Grosstime":null,"Grossweight":null,"Id":0,"Indoorman":null,"IsSafeCheck":false,"Issendback":"1","Istoexit":"1","Levelnumber":0,"Loadweight":null,"Netweight":null,"Orderid":null,"Ordername":null,"Orderstat":"0","Ordertime":null,"Outdoorman":null,"Printid":null,"Printman":null,"Printtime":null,"Realweight":null,"Remark":null,"Safecheckflag":null,"Salesman":null,"SerialNumber":null,"Starttime":null,"Storeman":null,"Supercargo":null,"Tareman":null,"Taretime":null,"Tareweight":null,"Tractorid":null,"Trailerid":null,"Transport":null,"Unit":null,"Unitext":null,"Waybillid":null}
