<notice>   [07-01 11:50:05 339] MainCtrl.Start                              L:37   <> T:1-Normal-False- ID:()
	系统初始化开始
<warn>   [07-01 11:50:05 350] MainCtrl.Start                              L:39   <> T:1-Normal-False- ID:()
	初始化完毕,平台接口准备开启!
<warn>   [07-01 11:50:09 298] BHttpServer5.Start                          L:69   <> T:1-Normal-False- ID:()
	Http服务 IPAddress.Any Port:20007 启动
<info>    [07-01 11:50:15 298] SysConfigSrvc.GetAll                        L:58   <> T:1-Normal-False- ID:()
	获取到所有配置项:4个
<notice>   [07-01 12:27:32 956] MainCtrl.Start                              L:37   <> T:1-Normal-False- ID:()
	系统初始化开始
<warn>   [07-01 12:27:32 956] MainCtrl.Start                              L:39   <> T:1-Normal-False- ID:()
	初始化完毕,平台接口准备开启!
<warn>   [07-01 12:27:34 327] BHttpServer5.Start                          L:69   <> T:1-Normal-False- ID:()
	Http服务 IPAddress.Any Port:20007 启动
<info>    [07-01 12:27:37 292] SysConfigSrvc.GetAll                        L:58   <> T:1-Normal-False- ID:()
	获取到所有配置项:4个
<info>    [07-01 12:27:56 131] BaseInt.ExecInt                             L:217  <> T:6-Normal-True- ID:()
	执行方法:0705upd
<debug>   [07-01 12:27:56 147] SysConfigInt.AddUpd                         L:84   <I> T:6-Normal-True- ID:()
	{"Token":"NjM3MjkxOTA3MTA1ODg5NTk0LWFkbWluMQ==","Op":null,"Query":{"Ckey":"是的撒","Ekey":"CCCCCC","Id":0,"Price":"芒果滴滴"}}
<tip>    [07-01 12:27:56 543] HttpCtrl.RecvHttpReq                        L:107  <O> T:6-Normal-True- ID:(方法:0705upd 耗时:418ms <<<<<<<)
	客户端:(192.168.1.182-) POST方式访问URL:(192.168.1.182:20007/?cmd=0705upd) 
 请求:{"Query":{"Ckey":"是的撒","Price":"芒果滴滴","Ekey":"CCCCCC"},"Token":"NjM3MjkxOTA3MTA1ODg5NTk0LWFkbWluMQ=="}
	应答:{"Stat":"0"}
<notice>   [07-01 12:30:19 848] MainCtrl.Start                              L:37   <> T:1-Normal-False- ID:()
	系统初始化开始
<warn>   [07-01 12:30:19 848] MainCtrl.Start                              L:39   <> T:1-Normal-False- ID:()
	初始化完毕,平台接口准备开启!
<warn>   [07-01 12:30:21 926] BHttpServer5.Start                          L:69   <> T:1-Normal-False- ID:()
	Http服务 IPAddress.Any Port:20007 启动
<info>    [07-01 12:30:25 473] SysConfigSrvc.GetAll                        L:58   <> T:1-Normal-False- ID:()
	获取到所有配置项:4个
<info>    [07-01 12:30:49 750] BaseInt.ExecInt                             L:217  <> T:4-Normal-True- ID:()
	执行方法:0705upd
<debug>   [07-01 12:30:49 766] SysConfigInt.AddUpd                         L:84   <I> T:4-Normal-True- ID:()
	{"Token":"NjM3MjkxOTA3MTA1ODg5NTk0LWFkbWluMQ==","Op":null,"Query":{"Ckey":"啦啦啦啦","Ekey":"FFFFFF","Id":0,"Price":"滴滴"}}
<tip>    [07-01 12:30:50 177] HttpCtrl.RecvHttpReq                        L:107  <O> T:4-Normal-True- ID:(方法:0705upd 耗时:431ms <<<<<<<)
	客户端:(192.168.1.182-) POST方式访问URL:(192.168.1.182:20007/?cmd=0705upd) 
 请求:{"Query":{"Ckey":"啦啦啦啦","Price":"滴滴","Ekey":"FFFFFF"},"Token":"NjM3MjkxOTA3MTA1ODg5NTk0LWFkbWluMQ=="}
	应答:{"Stat":"0"}
<notice>   [07-01 17:18:57 751] MainCtrl.Start                              L:37   <> T:1-Normal-False- ID:()
	系统初始化开始
<warn>   [07-01 17:18:57 752] MainCtrl.Start                              L:39   <> T:1-Normal-False- ID:()
	初始化完毕,平台接口准备开启!
<warn>   [07-01 17:18:59 403] BHttpServer5.Start                          L:69   <> T:1-Normal-False- ID:()
	Http服务 IPAddress.Any Port:20007 启动
<info>    [07-01 17:19:02 710] SysConfigSrvc.GetAll                        L:58   <> T:1-Normal-False- ID:()
	获取到所有配置项:5个
<info>    [07-01 17:19:13 677] BaseInt.ExecInt                             L:217  <> T:5-Normal-True- ID:()
	执行方法:0110upload
<notice>   [07-01 17:25:05 690] MainCtrl.Start                              L:37   <> T:1-Normal-False- ID:()
	系统初始化开始
<warn>   [07-01 17:25:05 690] MainCtrl.Start                              L:39   <> T:1-Normal-False- ID:()
	初始化完毕,平台接口准备开启!
<warn>   [07-01 17:25:06 835] BHttpServer5.Start                          L:69   <> T:1-Normal-False- ID:()
	Http服务 IPAddress.Any Port:20007 启动
<info>    [07-01 17:25:10 170] SysConfigSrvc.GetAll                        L:58   <> T:1-Normal-False- ID:()
	获取到所有配置项:5个
<info>    [07-01 17:25:18 396] BaseInt.ExecInt                             L:217  <> T:4-Normal-True- ID:()
	执行方法:0108upload
<notice>   [07-01 17:27:19 050] MainCtrl.Start                              L:37   <> T:1-Normal-False- ID:()
	系统初始化开始
<warn>   [07-01 17:27:19 051] MainCtrl.Start                              L:39   <> T:1-Normal-False- ID:()
	初始化完毕,平台接口准备开启!
<warn>   [07-01 17:27:22 139] BHttpServer5.Start                          L:69   <> T:1-Normal-False- ID:()
	Http服务 IPAddress.Any Port:20007 启动
<info>    [07-01 17:27:23 926] BaseInt.ExecInt                             L:217  <> T:4-Normal-True- ID:()
	执行方法:0108upload
<notice>   [07-01 19:05:17 028] MainCtrl.Start                              L:37   <> T:1-Normal-False- ID:()
	系统初始化开始
<warn>   [07-01 19:05:17 028] MainCtrl.Start                              L:39   <> T:1-Normal-False- ID:()
	初始化完毕,平台接口准备开启!
<warn>   [07-01 19:05:21 233] BHttpServer5.Start                          L:69   <> T:1-Normal-False- ID:()
	Http服务 IPAddress.Any Port:20007 启动
<info>    [07-01 19:05:25 783] SysConfigSrvc.GetAll                        L:58   <> T:1-Normal-False- ID:()
	获取到所有配置项:5个
<notice>   [07-01 19:08:03 305] MainCtrl.Start                              L:37   <> T:1-Normal-False- ID:()
	系统初始化开始
<warn>   [07-01 19:08:03 305] MainCtrl.Start                              L:39   <> T:1-Normal-False- ID:()
	初始化完毕,平台接口准备开启!
<warn>   [07-01 19:08:06 813] BHttpServer5.Start                          L:69   <> T:1-Normal-False- ID:()
	Http服务 IPAddress.Any Port:20007 启动
<info>    [07-01 19:08:10 033] BaseInt.ExecInt                             L:217  <> T:5-Normal-True- ID:()
	执行方法:phone_order
<debug>   [07-01 19:08:10 160] PhoneInt.Order                              L:331  <I> T:5-Normal-True- ID:()
	{"Token":null,"Page":null,"AddObj":{"Billcheck":null,"Billid":null,"Capacity":null,"Checkman":null,"Company":null,"Createtime":null,"Customercheck":null,"Driver":null,"Endtime":null,"Goodsid":null,"Goodsname":null,"Goodstypr":null,"Grossman":null,"Grosstime":null,"Grossweight":null,"Id":0,"Indoorman":null,"IsSafeCheck":false,"Issendback":null,"Istoexit":null,"Levelnumber":0,"Loadweight":null,"Netweight":null,"Orderid":null,"Ordername":null,"Orderstat":null,"Ordertime":null,"Outdoorman":null,"Printid":null,"Printman":null,"Printtime":null,"Realweight":null,"Remark":null,"Safecheckflag":null,"Salesman":null,"SerialNumber":null,"Starttime":null,"Storeman":null,"Supercargo":null,"Tareman":null,"Taretime":null,"Tareweight":null,"Tractorid":"sdsa","Trailerid":null,"Transport":null,"Unit":null,"Unitext":null,"Waybillid":null},"Sign":null,"Time":null}
