<notice>   [07-15 09:33:27 645] MainCtrl.Start                              L:39   <> T:1-Normal-False- ID:()
	系统初始化开始
<warn>   [07-15 09:33:27 648] MainCtrl.Start                              L:41   <> T:1-Normal-False- ID:()
	初始化完毕,平台接口准备开启!
<warn>   [07-15 09:33:30 500] BHttpServer5.Start                          L:69   <> T:1-Normal-False- ID:()
	Http服务 IPAddress.Any Port:20007 启动
<info>    [07-15 09:33:34 572] SysConfigSrvc.GetAll                        L:58   <> T:1-Normal-False- ID:()
	获取到所有配置项:5个
<info>    [07-15 09:33:34 698] BaseTractorSrvc.GetAllTractorIds            L:115  <> T:1-Normal-False- ID:()
	获取到所有牵引车:60个
<info>    [07-15 09:34:30 753] BaseInt.ExecInt                             L:218  <> T:4-Normal-True- ID:()
	执行方法:0202addupd
<debug>   [07-15 09:34:34 264] OrderGoodsInt.AddUpd                        L:112  <I> T:4-Normal-True- ID:()
	{"Token":"NjM3MzAzOTk5NzY3OTAwNzAwLWFkbWluMQ==","Op":"add","OrderGoods":{"Billcheck":null,"Billid":"啦啦啦啦","Capacity":null,"Checkman":null,"Company":"福建港祥船务有限公司","Createtime":null,"Customercheck":null,"Driver":"任苗根","Endtime":null,"Goodsid":null,"Goodsname":"硝酸","Goodstypr":null,"Grossman":null,"Grosstime":null,"Grossweight":null,"Id":0,"Indoorman":null,"IsSafeCheck":false,"Issendback":"1","Istoexit":"1","Levelnumber":997,"Loadweight":"30","Netweight":null,"Orderid":null,"Ordername":null,"Orderstat":null,"Ordertime":"2020-07-15","Outdoorman":null,"Printid":null,"Printman":null,"Printtime":null,"Realweight":"1","Remark":null,"Safecheckflag":null,"Salesman":null,"SerialNumber":null,"Starttime":null,"Storeman":null,"Supercargo":"押测060402","Tareman":null,"Taretime":null,"Tareweight":null,"Tractorid":"浙A30K52挂","Trailerid":"浙A30K52","Transport":"福建港祥船务有限公司","Unit":null,"Unitext":null,"Waybillid":null}}
<info>    [07-15 09:34:47 381] OrderConfigSrvc.GetMaxNumber                L:181  <> T:4-Normal-True- ID:(查询调度默认配置)
	{"Cardtime":null,"Configtype":null,"Createtime":null,"Firstweightime":null,"Goodsname":"硝酸","Id":0,"Loadarea":"","Maxcarnumber":null,"Ordertime":null,"Outtime":null,"Secondweightime":null,"Sumcarnumber":null,"Typelimit":null,"Unloadarea":"卸货区","Worktime":null}
<debug>   [07-15 09:35:05 807] BDataTable.ToList_Old                       L:250  <> T:4-Normal-True- ID:()
	<<<Return>>>:1 Spend:2.9849
<notice>   [07-15 10:20:22 451] MainCtrl.Start                              L:39   <> T:1-Normal-False- ID:()
	系统初始化开始
<warn>   [07-15 10:20:22 452] MainCtrl.Start                              L:41   <> T:1-Normal-False- ID:()
	初始化完毕,平台接口准备开启!
<warn>   [07-15 10:20:23 617] BHttpServer5.Start                          L:69   <> T:1-Normal-False- ID:()
	Http服务 IPAddress.Any Port:20007 启动
<info>    [07-15 10:20:26 518] SysConfigSrvc.GetAll                        L:58   <> T:1-Normal-False- ID:()
	获取到所有配置项:5个
<info>    [07-15 10:20:26 617] BaseTractorSrvc.GetAllTractorIds            L:115  <> T:1-Normal-False- ID:()
	获取到所有牵引车:60个
<info>    [07-15 10:20:45 333] BaseInt.ExecInt                             L:218  <> T:6-Normal-True- ID:()
	执行方法:0202addupd
<debug>   [07-15 10:20:49 679] OrderGoodsInt.AddUpd                        L:112  <I> T:6-Normal-True- ID:()
	{"Token":"NjM3MzAzOTk5NzY3OTAwNzAwLWFkbWluMQ==","Op":"add","OrderGoods":{"Billcheck":null,"Billid":"啦啦啦啦","Capacity":null,"Checkman":null,"Company":"福建港祥船务有限公司","Createtime":null,"Customercheck":null,"Driver":"任苗根","Endtime":null,"Goodsid":null,"Goodsname":"硝酸","Goodstypr":null,"Grossman":null,"Grosstime":null,"Grossweight":null,"Id":0,"Indoorman":null,"IsSafeCheck":false,"Issendback":"1","Istoexit":"1","Levelnumber":997,"Loadweight":"30","Netweight":null,"Orderid":null,"Ordername":null,"Orderstat":null,"Ordertime":"2020-07-15","Outdoorman":null,"Printid":null,"Printman":null,"Printtime":null,"Realweight":"1","Remark":null,"Safecheckflag":null,"Salesman":null,"SerialNumber":null,"Starttime":null,"Storeman":null,"Supercargo":"押测060402","Tareman":null,"Taretime":null,"Tareweight":null,"Tractorid":"浙A30K52挂","Trailerid":"浙A30K52","Transport":"福建港祥船务有限公司","Unit":null,"Unitext":null,"Waybillid":null}}
<info>    [07-15 10:20:52 586] OrderConfigSrvc.GetMaxNumber                L:181  <> T:6-Normal-True- ID:(查询调度默认配置)
	{"Cardtime":null,"Configtype":null,"Createtime":null,"Firstweightime":null,"Goodsname":"硝酸","Id":0,"Loadarea":"","Maxcarnumber":null,"Ordertime":null,"Outtime":null,"Secondweightime":null,"Sumcarnumber":null,"Typelimit":null,"Unloadarea":"卸货区","Worktime":null}
<debug>   [07-15 10:20:55 455] BDataTable.ToList_Old                       L:250  <> T:6-Normal-True- ID:()
	<<<Return>>>:34 Spend:4.3664
<notice>   [07-15 13:37:42 835] MainCtrl.Start                              L:39   <> T:1-Normal-False- ID:()
	系统初始化开始
<warn>   [07-15 13:37:42 836] MainCtrl.Start                              L:41   <> T:1-Normal-False- ID:()
	初始化完毕,平台接口准备开启!
<warn>   [07-15 13:37:45 180] BHttpServer5.Start                          L:69   <> T:1-Normal-False- ID:()
	Http服务 IPAddress.Any Port:20007 启动
<info>    [07-15 13:37:49 566] SysConfigSrvc.GetAll                        L:58   <> T:1-Normal-False- ID:()
	获取到所有配置项:5个
<info>    [07-15 13:37:49 739] BaseTractorSrvc.GetAllTractorIds            L:115  <> T:1-Normal-False- ID:()
	获取到所有牵引车:61个
<info>    [07-15 13:38:22 103] BaseInt.ExecInt                             L:222  <> T:4-Normal-True- ID:()
	执行方法:0605
<debug>   [07-15 13:38:25 832] OrderGoodsInt.GetWeighingSheet              L:471  <I> T:4-Normal-True- ID:()
	{"Token":"NjM3MzAzOTk5NzY3OTAwNzAwLWFkbWluMQ==","Endtime":null,"Starttime":null}
<notice>   [07-15 13:50:02 530] MainCtrl.Start                              L:39   <> T:1-Normal-False- ID:()
	系统初始化开始
<warn>   [07-15 13:50:02 530] MainCtrl.Start                              L:41   <> T:1-Normal-False- ID:()
	初始化完毕,平台接口准备开启!
<warn>   [07-15 13:50:04 046] BHttpServer5.Start                          L:69   <> T:1-Normal-False- ID:()
	Http服务 IPAddress.Any Port:20007 启动
<info>    [07-15 13:50:07 253] SysConfigSrvc.GetAll                        L:58   <> T:1-Normal-False- ID:()
	获取到所有配置项:5个
<info>    [07-15 13:50:07 362] BaseTractorSrvc.GetAllTractorIds            L:115  <> T:1-Normal-False- ID:()
	获取到所有牵引车:61个
<info>    [07-15 13:50:11 877] BaseInt.ExecInt                             L:222  <> T:6-Normal-True- ID:()
	执行方法:0605
<debug>   [07-15 13:50:14 329] OrderGoodsInt.GetWeighingSheet              L:471  <I> T:6-Normal-True- ID:()
	{"Token":"NjM3MzAzOTk5NzY3OTAwNzAwLWFkbWluMQ==","Endtime":null,"Starttime":null}
<notice>   [07-15 13:58:43 912] MainCtrl.Start                              L:39   <> T:1-Normal-False- ID:()
	系统初始化开始
<warn>   [07-15 13:58:43 912] MainCtrl.Start                              L:41   <> T:1-Normal-False- ID:()
	初始化完毕,平台接口准备开启!
<warn>   [07-15 13:58:46 843] BHttpServer5.Start                          L:69   <> T:1-Normal-False- ID:()
	Http服务 IPAddress.Any Port:20007 启动
<info>    [07-15 13:58:50 482] SysConfigSrvc.GetAll                        L:58   <> T:1-Normal-False- ID:()
	获取到所有配置项:5个
<info>    [07-15 13:58:50 605] BaseTractorSrvc.GetAllTractorIds            L:115  <> T:1-Normal-False- ID:()
	获取到所有牵引车:61个
<info>    [07-15 13:58:55 652] BaseInt.ExecInt                             L:222  <> T:6-Normal-True- ID:()
	执行方法:0605
<debug>   [07-15 13:59:00 403] OrderGoodsInt.GetWeighingSheet              L:471  <I> T:6-Normal-True- ID:()
	{"Token":"NjM3MzAzOTk5NzY3OTAwNzAwLWFkbWluMQ==","Endtime":null,"Starttime":null}
<debug>   [07-15 13:59:04 256] BDataTable.ToList_Old                       L:250  <> T:6-Normal-True- ID:()
	<<<Return>>>:4 Spend:3.3626
<debug>   [07-15 14:00:22 299] TimerCtrl.AllTask                           L:117  <> T:12-Normal-True- ID:()
	小时任务开始
<debug>   [07-15 14:00:22 299] TimerCtrl.AllTask                           L:119  <> T:12-Normal-True- ID:()
	小时任务结束
<notice>   [07-15 14:00:51 266] MainCtrl.Start                              L:39   <> T:1-Normal-False- ID:()
	系统初始化开始
<warn>   [07-15 14:00:51 267] MainCtrl.Start                              L:41   <> T:1-Normal-False- ID:()
	初始化完毕,平台接口准备开启!
<warn>   [07-15 14:00:52 627] BHttpServer5.Start                          L:69   <> T:1-Normal-False- ID:()
	Http服务 IPAddress.Any Port:20007 启动
<info>    [07-15 14:00:56 413] SysConfigSrvc.GetAll                        L:58   <> T:1-Normal-False- ID:()
	获取到所有配置项:5个
<info>    [07-15 14:00:56 502] BaseTractorSrvc.GetAllTractorIds            L:115  <> T:1-Normal-False- ID:()
	获取到所有牵引车:61个
<info>    [07-15 14:01:02 307] BaseInt.ExecInt                             L:222  <> T:4-Normal-True- ID:()
	执行方法:0605
<debug>   [07-15 14:01:04 336] OrderGoodsInt.GetWeighingSheet              L:471  <I> T:4-Normal-True- ID:()
	{"Token":"NjM3MzAzOTk5NzY3OTAwNzAwLWFkbWluMQ==","Endtime":null,"Starttime":null}
<notice>   [07-15 14:01:54 158] MainCtrl.Start                              L:39   <> T:1-Normal-False- ID:()
	系统初始化开始
<warn>   [07-15 14:01:54 158] MainCtrl.Start                              L:41   <> T:1-Normal-False- ID:()
	初始化完毕,平台接口准备开启!
<warn>   [07-15 14:01:55 370] BHttpServer5.Start                          L:69   <> T:1-Normal-False- ID:()
	Http服务 IPAddress.Any Port:20007 启动
<info>    [07-15 14:01:59 163] SysConfigSrvc.GetAll                        L:58   <> T:1-Normal-False- ID:()
	获取到所有配置项:5个
<info>    [07-15 14:01:59 300] BaseTractorSrvc.GetAllTractorIds            L:115  <> T:1-Normal-False- ID:()
	获取到所有牵引车:61个
<info>    [07-15 14:02:03 382] BaseInt.ExecInt                             L:222  <> T:6-Normal-True- ID:()
	执行方法:0605
<debug>   [07-15 14:02:07 273] OrderGoodsInt.GetWeighingSheet              L:471  <I> T:6-Normal-True- ID:()
	{"Token":"NjM3MzAzOTk5NzY3OTAwNzAwLWFkbWluMQ==","Endtime":null,"Starttime":null}
<notice>   [07-15 14:07:35 454] MainCtrl.Start                              L:39   <> T:1-Normal-False- ID:()
	系统初始化开始
<warn>   [07-15 14:07:35 455] MainCtrl.Start                              L:41   <> T:1-Normal-False- ID:()
	初始化完毕,平台接口准备开启!
<warn>   [07-15 14:07:36 560] BHttpServer5.Start                          L:69   <> T:1-Normal-False- ID:()
	Http服务 IPAddress.Any Port:20007 启动
<info>    [07-15 14:07:40 114] SysConfigSrvc.GetAll                        L:58   <> T:1-Normal-False- ID:()
	获取到所有配置项:5个
<info>    [07-15 14:07:40 203] BaseTractorSrvc.GetAllTractorIds            L:115  <> T:1-Normal-False- ID:()
	获取到所有牵引车:61个
<info>    [07-15 14:07:46 264] BaseInt.ExecInt                             L:222  <> T:6-Normal-True- ID:()
	执行方法:0605
<debug>   [07-15 14:07:48 458] OrderGoodsInt.GetWeighingSheet              L:471  <I> T:6-Normal-True- ID:()
	{"Token":"NjM3MzAzOTk5NzY3OTAwNzAwLWFkbWluMQ==","Endtime":null,"Starttime":null}
<notice>   [07-15 14:13:27 821] MainCtrl.Start                              L:39   <> T:1-Normal-False- ID:()
	系统初始化开始
<warn>   [07-15 14:13:27 821] MainCtrl.Start                              L:41   <> T:1-Normal-False- ID:()
	初始化完毕,平台接口准备开启!
<warn>   [07-15 14:13:29 425] BHttpServer5.Start                          L:69   <> T:1-Normal-False- ID:()
	Http服务 IPAddress.Any Port:20007 启动
<info>    [07-15 14:13:33 109] SysConfigSrvc.GetAll                        L:58   <> T:1-Normal-False- ID:()
	获取到所有配置项:5个
<info>    [07-15 14:13:33 241] BaseTractorSrvc.GetAllTractorIds            L:115  <> T:1-Normal-False- ID:()
	获取到所有牵引车:61个
<info>    [07-15 14:13:36 038] BaseInt.ExecInt                             L:222  <> T:4-Normal-True- ID:()
	执行方法:0605
<debug>   [07-15 14:13:39 216] OrderGoodsInt.GetWeighingSheet              L:471  <I> T:4-Normal-True- ID:()
	{"Token":"NjM3MzAzOTk5NzY3OTAwNzAwLWFkbWluMQ==","Endtime":null,"Starttime":null}
<notice>   [07-15 14:18:58 405] MainCtrl.Start                              L:39   <> T:1-Normal-False- ID:()
	系统初始化开始
<warn>   [07-15 14:18:58 405] MainCtrl.Start                              L:41   <> T:1-Normal-False- ID:()
	初始化完毕,平台接口准备开启!
<warn>   [07-15 14:18:59 937] BHttpServer5.Start                          L:69   <> T:1-Normal-False- ID:()
	Http服务 IPAddress.Any Port:20007 启动
<info>    [07-15 14:19:02 612] BaseInt.ExecInt                             L:222  <> T:7-Normal-True- ID:()
	执行方法:0605
<debug>   [07-15 14:19:06 049] OrderGoodsInt.GetWeighingSheet              L:471  <I> T:7-Normal-True- ID:()
	{"Token":"NjM3MzAzOTk5NzY3OTAwNzAwLWFkbWluMQ==","Endtime":null,"Starttime":null}
<info>    [07-15 14:19:08 289] SysConfigSrvc.GetAll                        L:58   <> T:1-Normal-False- ID:()
	获取到所有配置项:5个
<notice>   [07-15 14:20:21 820] MainCtrl.Start                              L:39   <> T:1-Normal-False- ID:()
	系统初始化开始
<warn>   [07-15 14:20:21 820] MainCtrl.Start                              L:41   <> T:1-Normal-False- ID:()
	初始化完毕,平台接口准备开启!
<warn>   [07-15 14:20:23 080] BHttpServer5.Start                          L:69   <> T:1-Normal-False- ID:()
	Http服务 IPAddress.Any Port:20007 启动
<info>    [07-15 14:20:26 553] SysConfigSrvc.GetAll                        L:58   <> T:1-Normal-False- ID:()
	获取到所有配置项:5个
<info>    [07-15 14:20:26 632] BaseTractorSrvc.GetAllTractorIds            L:115  <> T:1-Normal-False- ID:()
	获取到所有牵引车:61个
<info>    [07-15 14:20:36 262] BaseInt.ExecInt                             L:222  <> T:6-Normal-True- ID:()
	执行方法:0605
<debug>   [07-15 14:20:39 518] OrderGoodsInt.GetWeighingSheet              L:471  <I> T:6-Normal-True- ID:()
	{"Token":"NjM3MzAzOTk5NzY3OTAwNzAwLWFkbWluMQ==","Endtime":null,"Starttime":null}
<debug>   [07-15 14:20:44 868] BDataTable.ToList_Old                       L:250  <> T:6-Normal-True- ID:()
	<<<Return>>>:8 Spend:3.1678
<notice>   [07-15 14:21:50 520] MainCtrl.Start                              L:39   <> T:1-Normal-False- ID:()
	系统初始化开始
<warn>   [07-15 14:21:50 520] MainCtrl.Start                              L:41   <> T:1-Normal-False- ID:()
	初始化完毕,平台接口准备开启!
<warn>   [07-15 14:21:51 764] BHttpServer5.Start                          L:69   <> T:1-Normal-False- ID:()
	Http服务 IPAddress.Any Port:20007 启动
<info>    [07-15 14:21:55 095] SysConfigSrvc.GetAll                        L:58   <> T:1-Normal-False- ID:()
	获取到所有配置项:5个
<info>    [07-15 14:21:55 207] BaseTractorSrvc.GetAllTractorIds            L:115  <> T:1-Normal-False- ID:()
	获取到所有牵引车:61个
<info>    [07-15 14:22:08 140] BaseInt.ExecInt                             L:222  <> T:6-Normal-True- ID:()
	执行方法:0605
<debug>   [07-15 14:22:10 593] OrderGoodsInt.GetWeighingSheet              L:471  <I> T:6-Normal-True- ID:()
	{"Token":"NjM3MzAzOTk5NzY3OTAwNzAwLWFkbWluMQ==","Endtime":null,"Starttime":null}
<debug>   [07-15 14:22:14 282] BDataTable.ToList_Old                       L:250  <> T:6-Normal-True- ID:()
	<<<Return>>>:8 Spend:3.469
<notice>   [07-15 14:23:16 276] MainCtrl.Start                              L:39   <> T:1-Normal-False- ID:()
	系统初始化开始
<warn>   [07-15 14:23:16 277] MainCtrl.Start                              L:41   <> T:1-Normal-False- ID:()
	初始化完毕,平台接口准备开启!
<warn>   [07-15 14:23:17 832] BHttpServer5.Start                          L:69   <> T:1-Normal-False- ID:()
	Http服务 IPAddress.Any Port:20007 启动
<info>    [07-15 14:23:20 179] BaseInt.ExecInt                             L:222  <> T:8-Normal-True- ID:()
	执行方法:0605
<debug>   [07-15 14:23:21 990] OrderGoodsInt.GetWeighingSheet              L:471  <I> T:8-Normal-True- ID:()
	{"Token":"NjM3MzAzOTk5NzY3OTAwNzAwLWFkbWluMQ==","Endtime":null,"Starttime":null}
<info>    [07-15 14:23:24 315] SysConfigSrvc.GetAll                        L:58   <> T:1-Normal-False- ID:()
	获取到所有配置项:5个
<info>    [07-15 14:23:26 125] BaseTractorSrvc.GetAllTractorIds            L:115  <> T:1-Normal-False- ID:()
	获取到所有牵引车:61个
<debug>   [07-15 14:23:26 194] BDataTable.ToList_Old                       L:250  <> T:8-Normal-True- ID:()
	<<<Return>>>:7 Spend:3.129
<notice>   [07-15 14:31:33 247] MainCtrl.Start                              L:39   <> T:1-Normal-False- ID:()
	系统初始化开始
<warn>   [07-15 14:31:33 248] MainCtrl.Start                              L:41   <> T:1-Normal-False- ID:()
	初始化完毕,平台接口准备开启!
<warn>   [07-15 14:31:35 568] BHttpServer5.Start                          L:69   <> T:1-Normal-False- ID:()
	Http服务 IPAddress.Any Port:20007 启动
<info>    [07-15 14:31:39 414] SysConfigSrvc.GetAll                        L:58   <> T:1-Normal-False- ID:()
	获取到所有配置项:5个
<info>    [07-15 14:31:39 508] BaseTractorSrvc.GetAllTractorIds            L:115  <> T:1-Normal-False- ID:()
	获取到所有牵引车:61个
<info>    [07-15 14:31:45 243] BaseInt.ExecInt                             L:222  <> T:5-Normal-True- ID:()
	执行方法:0605
<debug>   [07-15 14:31:48 484] OrderGoodsInt.GetWeighingSheet              L:471  <I> T:5-Normal-True- ID:()
	{"Token":"NjM3MzAzOTk5NzY3OTAwNzAwLWFkbWluMQ==","Endtime":null,"Starttime":null}
<debug>   [07-15 14:31:51 293] BDataTable.ToList_Old                       L:250  <> T:5-Normal-True- ID:()
	<<<Return>>>:7 Spend:4.5596
<notice>   [07-15 14:39:55 393] MainCtrl.Start                              L:39   <> T:1-Normal-False- ID:()
	系统初始化开始
<warn>   [07-15 14:39:55 393] MainCtrl.Start                              L:41   <> T:1-Normal-False- ID:()
	初始化完毕,平台接口准备开启!
<warn>   [07-15 14:39:56 652] BHttpServer5.Start                          L:69   <> T:1-Normal-False- ID:()
	Http服务 IPAddress.Any Port:20007 启动
<info>    [07-15 14:40:00 076] SysConfigSrvc.GetAll                        L:58   <> T:1-Normal-False- ID:()
	获取到所有配置项:5个
<info>    [07-15 14:40:00 168] BaseTractorSrvc.GetAllTractorIds            L:115  <> T:1-Normal-False- ID:()
	获取到所有牵引车:61个
<info>    [07-15 14:40:10 598] BaseInt.ExecInt                             L:222  <> T:6-Normal-True- ID:()
	执行方法:0605
<debug>   [07-15 14:40:18 339] OrderGoodsInt.GetWeighingSheet              L:471  <I> T:6-Normal-True- ID:()
	{"Token":"NjM3MzAzOTk5NzY3OTAwNzAwLWFkbWluMQ==","Endtime":null,"Starttime":null}
<warn>   [07-15 14:40:21 030] OracleHelper.ExecuteQuery                   L:32   <> T:6-Normal-True- ID:(sql)
	SELECT right(a.RIQI,5)RIQI,b.ZNUM,c.SHNUM from 
(SELECT CONVERT(NVARCHAR(10), DateAdd(day, number, '2020-07-08'),120) AS RIQI,type 
FROM
 master..spt_values 
WHERE type = 'p' AND number <= DateDiff(day, '2020-07-08', '2020-07-15'))a
left join 
(SELECT ORDERTIME as RIQIS,COUNT(ORDERID) AS ZNUM from ORDER_GOODS t WHERE ORDERTIME >'2020-07-08' AND  ORDERTIME <= '2020-07-15 ' AND ORDERSTAT <> '3' GROUP BY ORDERTIME ) b
on a.RIQI=b.RIQIS
left join (SELECT ORDERTIME as SRIQI,COUNT(ORDERID) AS SHNUM from ORDER_GOODS t WHERE  ORDERTIME > '2020-07-08' AND  ORDERTIME <= '2020-07-15 ' AND ORDERSTAT in('1','2') GROUP BY ORDERTIME)c
on a.RIQI=c.SRIQI ORDER BY a.RIQI
<warn>   [07-15 14:40:21 098] OracleHelper.ExecuteQuery                   L:33   <> T:6-Normal-True- ID:()
	ORA-00936: 缺失表达式    at OracleInternal.ServiceObjects.OracleConnectionImpl.VerifyExecution(Int32& cursorId, Boolean bThrowArrayBindRelatedErrors, SqlStatementType sqlStatementType, Int32 arrayBindCount, OracleException& exceptionForArrayBindDML, Boolean& hasMoreRowsInDB, Boolean bFirstIterationDone)
   at OracleInternal.ServiceObjects.OracleCommandImpl.ExecuteReader(String commandText, OracleParameterCollection paramColl, CommandType commandType, OracleConnectionImpl connectionImpl, OracleDataReaderImpl& rdrImpl, Int32 longFetchSize, Int64 clientInitialLOBFS, OracleDependencyImpl orclDependencyImpl, Int64[] scnForExecution, Int64[]& scnFromExecution, OracleParameterCollection& bindByPositionParamColl, Boolean& bBindParamPresent, Int64& internalInitialLOBFS, OracleException& exceptionForArrayBindDML, OracleConnection connection, OracleLogicalTransaction& oracleLogicalTransaction, IEnumerable`1 adrianParsedStmt, Boolean isDescribeOnly, Boolean isFromEF)
   at Oracle.ManagedDataAccess.Client.OracleCommand.ExecuteReader(Boolean requery, Boolean fillRequest, CommandBehavior behavior)
   at Oracle.ManagedDataAccess.Client.OracleDataAdapter.Fill(DataTable[] dataTables, Int32 startRecord, Int32 maxRecords, IDbCommand command, CommandBehavior behavior)
   at System.Data.Common.DbDataAdapter.Fill(DataTable dataTable)
   at Yongrong.Db.OracleHelper.ExecuteQuery(String sql, DataTable& table) in D:\yongrong\Yongrong\Db\OracleHelper.cs:line 27
<tip>    [07-15 14:40:42 157] HttpCtrl.RecvHttpReq                        L:107  <O> T:6-Normal-True- ID:(方法:0605 耗时:31565ms <<<<<<<)
	客户端:(192.168.1.182-) POST方式访问URL:(192.168.1.182:20007/?cmd=0605) 
 请求:{"Token":"NjM3MzAzOTk5NzY3OTAwNzAwLWFkbWluMQ=="}
	应答:{"Stat":"0","List":[]}
<info>    [07-15 14:41:00 755] BaseInt.ExecInt                             L:222  <> T:7-Normal-True- ID:()
	执行方法:0605
<debug>   [07-15 14:41:03 031] OrderGoodsInt.GetWeighingSheet              L:471  <I> T:7-Normal-True- ID:()
	{"Token":"NjM3MzAzOTk5NzY3OTAwNzAwLWFkbWluMQ==","Endtime":null,"Starttime":null}
<notice>   [07-15 14:42:37 988] MainCtrl.Start                              L:39   <> T:1-Normal-False- ID:()
	系统初始化开始
<warn>   [07-15 14:42:37 989] MainCtrl.Start                              L:41   <> T:1-Normal-False- ID:()
	初始化完毕,平台接口准备开启!
<warn>   [07-15 14:42:39 312] BHttpServer5.Start                          L:69   <> T:1-Normal-False- ID:()
	Http服务 IPAddress.Any Port:20007 启动
<info>    [07-15 14:42:42 451] SysConfigSrvc.GetAll                        L:58   <> T:1-Normal-False- ID:()
	获取到所有配置项:5个
<info>    [07-15 14:42:42 553] BaseTractorSrvc.GetAllTractorIds            L:115  <> T:1-Normal-False- ID:()
	获取到所有牵引车:61个
<info>    [07-15 14:42:49 036] BaseInt.ExecInt                             L:222  <> T:5-Normal-True- ID:()
	执行方法:0605
<debug>   [07-15 14:43:04 942] OrderGoodsInt.GetWeighingSheet              L:471  <I> T:5-Normal-True- ID:()
	{"Token":"NjM3MzAzOTk5NzY3OTAwNzAwLWFkbWluMQ==","Endtime":null,"Starttime":null}
<notice>   [07-15 14:44:02 435] MainCtrl.Start                              L:39   <> T:1-Normal-False- ID:()
	系统初始化开始
<warn>   [07-15 14:44:02 436] MainCtrl.Start                              L:41   <> T:1-Normal-False- ID:()
	初始化完毕,平台接口准备开启!
<warn>   [07-15 14:44:03 645] BHttpServer5.Start                          L:69   <> T:1-Normal-False- ID:()
	Http服务 IPAddress.Any Port:20007 启动
<info>    [07-15 14:44:06 734] SysConfigSrvc.GetAll                        L:58   <> T:1-Normal-False- ID:()
	获取到所有配置项:5个
<info>    [07-15 14:44:06 818] BaseTractorSrvc.GetAllTractorIds            L:115  <> T:1-Normal-False- ID:()
	获取到所有牵引车:61个
<info>    [07-15 14:44:42 404] BaseInt.ExecInt                             L:222  <> T:4-Normal-True- ID:()
	执行方法:0605
<debug>   [07-15 14:44:46 348] OrderGoodsInt.GetWeighingSheet              L:471  <I> T:4-Normal-True- ID:()
	{"Token":"NjM3MzAzOTk5NzY3OTAwNzAwLWFkbWluMQ==","Endtime":null,"Starttime":null}
<debug>   [07-15 14:44:48 821] BDataTable.ToList_Old                       L:250  <> T:4-Normal-True- ID:()
	<<<Return>>>:7 Spend:3.8257
<notice>   [07-15 14:49:34 613] MainCtrl.Start                              L:39   <> T:1-Normal-False- ID:()
	系统初始化开始
<warn>   [07-15 14:49:34 613] MainCtrl.Start                              L:41   <> T:1-Normal-False- ID:()
	初始化完毕,平台接口准备开启!
<warn>   [07-15 14:49:35 893] BHttpServer5.Start                          L:69   <> T:1-Normal-False- ID:()
	Http服务 IPAddress.Any Port:20007 启动
<info>    [07-15 14:49:39 513] SysConfigSrvc.GetAll                        L:58   <> T:1-Normal-False- ID:()
	获取到所有配置项:5个
<info>    [07-15 14:49:39 625] BaseTractorSrvc.GetAllTractorIds            L:115  <> T:1-Normal-False- ID:()
	获取到所有牵引车:61个
<notice>   [07-15 14:50:02 639] MainCtrl.Start                              L:39   <> T:1-Normal-False- ID:()
	系统初始化开始
<warn>   [07-15 14:50:02 640] MainCtrl.Start                              L:41   <> T:1-Normal-False- ID:()
	初始化完毕,平台接口准备开启!
<warn>   [07-15 14:50:03 880] BHttpServer5.Start                          L:69   <> T:1-Normal-False- ID:()
	Http服务 IPAddress.Any Port:20007 启动
<info>    [07-15 14:50:07 348] SysConfigSrvc.GetAll                        L:58   <> T:1-Normal-False- ID:()
	获取到所有配置项:5个
<info>    [07-15 14:50:07 492] BaseTractorSrvc.GetAllTractorIds            L:115  <> T:1-Normal-False- ID:()
	获取到所有牵引车:61个
<info>    [07-15 14:50:14 561] BaseInt.ExecInt                             L:222  <> T:6-Normal-True- ID:()
	执行方法:0606
<debug>   [07-15 14:50:19 072] OrderGoodsInt.GetCustomerPickUp             L:330  <I> T:6-Normal-True- ID:()
	{"Token":"NjM3MzAzOTk5NzY3OTAwNzAwLWFkbWluMQ==","Endtime":null,"Starttime":null}
<warn>   [07-15 14:50:32 586] OracleHelper.ExecuteQuery                   L:32   <> T:6-Normal-True- ID:(sql)
	SELECT SUBSTR(CREATETIME,1,10) AS RiQi,SUM(NETWEIGHT) AS Load from ORDER_GOODS t WHERE  RiQi >'2020-07-08' AND  RiQi <= '2020-07-15 ' AND ISSENDBACK='2' AND ISTOEXIT='1'  AND NETWEIGHT IS NOT NULL GROUP BY SUBSTR(CREATETIME,1,10) ORDER BY SUBSTR(CREATETIME,1,10) 
<warn>   [07-15 14:50:32 631] OracleHelper.ExecuteQuery                   L:33   <> T:6-Normal-True- ID:()
	ORA-00904: "RIQI": 标识符无效    at OracleInternal.ServiceObjects.OracleConnectionImpl.VerifyExecution(Int32& cursorId, Boolean bThrowArrayBindRelatedErrors, SqlStatementType sqlStatementType, Int32 arrayBindCount, OracleException& exceptionForArrayBindDML, Boolean& hasMoreRowsInDB, Boolean bFirstIterationDone)
   at OracleInternal.ServiceObjects.OracleCommandImpl.ExecuteReader(String commandText, OracleParameterCollection paramColl, CommandType commandType, OracleConnectionImpl connectionImpl, OracleDataReaderImpl& rdrImpl, Int32 longFetchSize, Int64 clientInitialLOBFS, OracleDependencyImpl orclDependencyImpl, Int64[] scnForExecution, Int64[]& scnFromExecution, OracleParameterCollection& bindByPositionParamColl, Boolean& bBindParamPresent, Int64& internalInitialLOBFS, OracleException& exceptionForArrayBindDML, OracleConnection connection, OracleLogicalTransaction& oracleLogicalTransaction, IEnumerable`1 adrianParsedStmt, Boolean isDescribeOnly, Boolean isFromEF)
   at Oracle.ManagedDataAccess.Client.OracleCommand.ExecuteReader(Boolean requery, Boolean fillRequest, CommandBehavior behavior)
   at Oracle.ManagedDataAccess.Client.OracleDataAdapter.Fill(DataTable[] dataTables, Int32 startRecord, Int32 maxRecords, IDbCommand command, CommandBehavior behavior)
   at System.Data.Common.DbDataAdapter.Fill(DataTable dataTable)
   at Yongrong.Db.OracleHelper.ExecuteQuery(String sql, DataTable& table) in D:\yongrong\Yongrong\Db\OracleHelper.cs:line 27
<notice>   [07-15 14:51:15 583] MainCtrl.Start                              L:39   <> T:1-Normal-False- ID:()
	系统初始化开始
<warn>   [07-15 14:51:15 583] MainCtrl.Start                              L:41   <> T:1-Normal-False- ID:()
	初始化完毕,平台接口准备开启!
<warn>   [07-15 14:51:16 820] BHttpServer5.Start                          L:69   <> T:1-Normal-False- ID:()
	Http服务 IPAddress.Any Port:20007 启动
<info>    [07-15 14:51:20 269] SysConfigSrvc.GetAll                        L:58   <> T:1-Normal-False- ID:()
	获取到所有配置项:5个
<info>    [07-15 14:51:20 364] BaseTractorSrvc.GetAllTractorIds            L:115  <> T:1-Normal-False- ID:()
	获取到所有牵引车:61个
<info>    [07-15 14:51:26 629] BaseInt.ExecInt                             L:222  <> T:6-Normal-True- ID:()
	执行方法:0606
<debug>   [07-15 14:51:30 120] OrderGoodsInt.GetCustomerPickUp             L:330  <I> T:6-Normal-True- ID:()
	{"Token":"NjM3MzAzOTk5NzY3OTAwNzAwLWFkbWluMQ==","Endtime":null,"Starttime":null}
<notice>   [07-15 14:57:39 516] MainCtrl.Start                              L:39   <> T:1-Normal-False- ID:()
	系统初始化开始
<warn>   [07-15 14:57:39 516] MainCtrl.Start                              L:41   <> T:1-Normal-False- ID:()
	初始化完毕,平台接口准备开启!
<warn>   [07-15 14:57:42 108] BHttpServer5.Start                          L:69   <> T:1-Normal-False- ID:()
	Http服务 IPAddress.Any Port:20007 启动
<info>    [07-15 14:57:47 373] SysConfigSrvc.GetAll                        L:58   <> T:1-Normal-False- ID:()
	获取到所有配置项:5个
<notice>   [07-15 14:58:12 486] MainCtrl.Start                              L:39   <> T:1-Normal-False- ID:()
	系统初始化开始
<warn>   [07-15 14:58:12 487] MainCtrl.Start                              L:41   <> T:1-Normal-False- ID:()
	初始化完毕,平台接口准备开启!
<warn>   [07-15 14:58:16 598] BHttpServer5.Start                          L:69   <> T:1-Normal-False- ID:()
	Http服务 IPAddress.Any Port:20007 启动
<info>    [07-15 14:58:22 308] SysConfigSrvc.GetAll                        L:58   <> T:1-Normal-False- ID:()
	获取到所有配置项:5个
<info>    [07-15 14:58:22 462] BaseTractorSrvc.GetAllTractorIds            L:115  <> T:1-Normal-False- ID:()
	获取到所有牵引车:61个
<info>    [07-15 14:58:27 646] BaseInt.ExecInt                             L:222  <> T:4-Normal-True- ID:()
	执行方法:0606
<debug>   [07-15 14:58:30 081] OrderGoodsInt.GetCustomerPickUp             L:330  <I> T:4-Normal-True- ID:()
	{"Token":"NjM3MzAzOTk5NzY3OTAwNzAwLWFkbWluMQ==","Endtime":null,"Starttime":null}
<debug>   [07-15 14:58:36 819] BDataTable.ToList_Old                       L:250  <> T:4-Normal-True- ID:()
	<<<Return>>>:1 Spend:3.645
<tip>    [07-15 14:59:22 778] HttpCtrl.RecvHttpReq                        L:107  <O> T:4-Normal-True- ID:(方法:0606 耗时:55140ms <<<<<<<)
	客户端:(192.168.1.182-) POST方式访问URL:(192.168.1.182:20007/?cmd=0606) 
 请求:{"Token":"NjM3MzAzOTk5NzY3OTAwNzAwLWFkbWluMQ=="}
	应答:{"Stat":"0","List":[{"Load":20.4,"RiQi":"2020-07-15"}]}
<notice>   [07-15 15:44:49 887] MainCtrl.Start                              L:39   <> T:1-Normal-False- ID:()
	系统初始化开始
<warn>   [07-15 15:44:49 889] MainCtrl.Start                              L:41   <> T:1-Normal-False- ID:()
	初始化完毕,平台接口准备开启!
<warn>   [07-15 15:44:52 404] BHttpServer5.Start                          L:69   <> T:1-Normal-False- ID:()
	Http服务 IPAddress.Any Port:20007 启动
<info>    [07-15 15:44:55 849] SysConfigSrvc.GetAll                        L:58   <> T:1-Normal-False- ID:()
	获取到所有配置项:5个
<info>    [07-15 15:44:55 957] BaseTractorSrvc.GetAllTractorIds            L:115  <> T:1-Normal-False- ID:()
	获取到所有牵引车:61个
<info>    [07-15 15:44:57 734] BaseInt.ExecInt                             L:222  <> T:5-Normal-True- ID:()
	执行方法:0605
<debug>   [07-15 15:45:08 770] ReportInt.GetWeighingSheet                  L:34   <I> T:5-Normal-True- ID:()
	{"Token":"NjM3MzAzOTk5NzY3OTAwNzAwLWFkbWluMQ==","Endtime":null,"Starttime":null}
<notice>   [07-15 15:46:53 331] MainCtrl.Start                              L:39   <> T:1-Normal-False- ID:()
	系统初始化开始
<warn>   [07-15 15:46:53 331] MainCtrl.Start                              L:41   <> T:1-Normal-False- ID:()
	初始化完毕,平台接口准备开启!
<warn>   [07-15 15:46:54 745] BHttpServer5.Start                          L:69   <> T:1-Normal-False- ID:()
	Http服务 IPAddress.Any Port:20007 启动
<info>    [07-15 15:46:58 161] SysConfigSrvc.GetAll                        L:58   <> T:1-Normal-False- ID:()
	获取到所有配置项:5个
<info>    [07-15 15:46:58 281] BaseTractorSrvc.GetAllTractorIds            L:115  <> T:1-Normal-False- ID:()
	获取到所有牵引车:61个
<info>    [07-15 15:47:01 635] BaseInt.ExecInt                             L:222  <> T:5-Normal-True- ID:()
	执行方法:0605
<debug>   [07-15 15:47:05 196] ReportInt.GetWeighingSheet                  L:34   <I> T:5-Normal-True- ID:()
	{"Token":"NjM3MzAzOTk5NzY3OTAwNzAwLWFkbWluMQ==","Endtime":null,"Starttime":null}
<notice>   [07-15 15:48:28 967] MainCtrl.Start                              L:39   <> T:1-Normal-False- ID:()
	系统初始化开始
<warn>   [07-15 15:48:28 968] MainCtrl.Start                              L:41   <> T:1-Normal-False- ID:()
	初始化完毕,平台接口准备开启!
<warn>   [07-15 15:48:30 443] BHttpServer5.Start                          L:69   <> T:1-Normal-False- ID:()
	Http服务 IPAddress.Any Port:20007 启动
<info>    [07-15 15:48:33 659] SysConfigSrvc.GetAll                        L:58   <> T:1-Normal-False- ID:()
	获取到所有配置项:5个
<info>    [07-15 15:48:33 782] BaseTractorSrvc.GetAllTractorIds            L:115  <> T:1-Normal-False- ID:()
	获取到所有牵引车:61个
<info>    [07-15 15:48:38 360] BaseInt.ExecInt                             L:222  <> T:4-Normal-True- ID:()
	执行方法:0605
<debug>   [07-15 15:48:40 696] ReportInt.GetWeighingSheet                  L:34   <I> T:4-Normal-True- ID:()
	{"Token":"NjM3MzAzOTk5NzY3OTAwNzAwLWFkbWluMQ==","Endtime":null,"Starttime":null}
<warn>   [07-15 15:49:26 684] OracleHelper.ExecuteQuery                   L:32   <> T:4-Normal-True- ID:(sql)
	SELECT a.Data1, a.Total,b.Complete from  (SELECT ORDERTIME as Data1,COUNT(ORDERID) AS Total from ORDER_GOODS t WHERE ORDERTIME >='2020-07-09' AND  ORDERTIME <='2020-07-15 ' AND ORDERSTAT <> '3' GROUP BY ORDERTIME ) a left join (SELECT ORDERTIME as Date2,COUNT(ORDERID) AS Complete from ORDER_GOODS t WHERE  ORDERTIME >= '2020-07-09' AND  ORDERTIME <= '2020-07-15 ' AND ORDERSTAT in('1','2') GROUP BY ORDERTIME)b on a.Date1=b.Date2 ORDER BY a.Date1
<warn>   [07-15 15:49:26 768] OracleHelper.ExecuteQuery                   L:33   <> T:4-Normal-True- ID:()
	ORA-00904: "A"."DATE1": 标识符无效    at OracleInternal.ServiceObjects.OracleConnectionImpl.VerifyExecution(Int32& cursorId, Boolean bThrowArrayBindRelatedErrors, SqlStatementType sqlStatementType, Int32 arrayBindCount, OracleException& exceptionForArrayBindDML, Boolean& hasMoreRowsInDB, Boolean bFirstIterationDone)
   at OracleInternal.ServiceObjects.OracleCommandImpl.ExecuteReader(String commandText, OracleParameterCollection paramColl, CommandType commandType, OracleConnectionImpl connectionImpl, OracleDataReaderImpl& rdrImpl, Int32 longFetchSize, Int64 clientInitialLOBFS, OracleDependencyImpl orclDependencyImpl, Int64[] scnForExecution, Int64[]& scnFromExecution, OracleParameterCollection& bindByPositionParamColl, Boolean& bBindParamPresent, Int64& internalInitialLOBFS, OracleException& exceptionForArrayBindDML, OracleConnection connection, OracleLogicalTransaction& oracleLogicalTransaction, IEnumerable`1 adrianParsedStmt, Boolean isDescribeOnly, Boolean isFromEF)
   at Oracle.ManagedDataAccess.Client.OracleCommand.ExecuteReader(Boolean requery, Boolean fillRequest, CommandBehavior behavior)
   at Oracle.ManagedDataAccess.Client.OracleDataAdapter.Fill(DataTable[] dataTables, Int32 startRecord, Int32 maxRecords, IDbCommand command, CommandBehavior behavior)
   at System.Data.Common.DbDataAdapter.Fill(DataTable dataTable)
   at Yongrong.Db.OracleHelper.ExecuteQuery(String sql, DataTable& table) in D:\yongrong\Yongrong\Db\OracleHelper.cs:line 27
<notice>   [07-15 15:51:59 556] MainCtrl.Start                              L:39   <> T:1-Normal-False- ID:()
	系统初始化开始
<warn>   [07-15 15:51:59 557] MainCtrl.Start                              L:41   <> T:1-Normal-False- ID:()
	初始化完毕,平台接口准备开启!
<warn>   [07-15 15:52:01 179] BHttpServer5.Start                          L:69   <> T:1-Normal-False- ID:()
	Http服务 IPAddress.Any Port:20007 启动
<info>    [07-15 15:52:04 376] SysConfigSrvc.GetAll                        L:58   <> T:1-Normal-False- ID:()
	获取到所有配置项:5个
<info>    [07-15 15:52:04 487] BaseTractorSrvc.GetAllTractorIds            L:115  <> T:1-Normal-False- ID:()
	获取到所有牵引车:61个
<info>    [07-15 15:52:06 556] BaseInt.ExecInt                             L:222  <> T:6-Normal-True- ID:()
	执行方法:0605
<debug>   [07-15 15:52:11 102] ReportInt.GetWeighingSheet                  L:34   <I> T:6-Normal-True- ID:()
	{"Token":"NjM3MzAzOTk5NzY3OTAwNzAwLWFkbWluMQ==","Endtime":null,"Starttime":null}
<warn>   [07-15 15:52:14 128] OracleHelper.ExecuteQuery                   L:32   <> T:6-Normal-True- ID:(sql)
	SELECT a.Data1, a.Total1,b.Complete1 from  (SELECT ORDERTIME as Data1,COUNT(ORDERID) AS Total1 from ORDER_GOODS t WHERE ORDERTIME >='2020-07-09' AND  ORDERTIME <='2020-07-15 ' AND ORDERSTAT <> '3' GROUP BY ORDERTIME ) a left join (SELECT ORDERTIME as Date2,COUNT(ORDERID) AS Complete1 from ORDER_GOODS t WHERE  ORDERTIME >= '2020-07-09' AND  ORDERTIME <= '2020-07-15 ' AND ORDERSTAT in('1','2') GROUP BY ORDERTIME)b on a.Date1=b.Date2 ORDER BY a.Date1
<warn>   [07-15 15:52:14 175] OracleHelper.ExecuteQuery                   L:33   <> T:6-Normal-True- ID:()
	ORA-00904: "A"."DATE1": 标识符无效    at OracleInternal.ServiceObjects.OracleConnectionImpl.VerifyExecution(Int32& cursorId, Boolean bThrowArrayBindRelatedErrors, SqlStatementType sqlStatementType, Int32 arrayBindCount, OracleException& exceptionForArrayBindDML, Boolean& hasMoreRowsInDB, Boolean bFirstIterationDone)
   at OracleInternal.ServiceObjects.OracleCommandImpl.ExecuteReader(String commandText, OracleParameterCollection paramColl, CommandType commandType, OracleConnectionImpl connectionImpl, OracleDataReaderImpl& rdrImpl, Int32 longFetchSize, Int64 clientInitialLOBFS, OracleDependencyImpl orclDependencyImpl, Int64[] scnForExecution, Int64[]& scnFromExecution, OracleParameterCollection& bindByPositionParamColl, Boolean& bBindParamPresent, Int64& internalInitialLOBFS, OracleException& exceptionForArrayBindDML, OracleConnection connection, OracleLogicalTransaction& oracleLogicalTransaction, IEnumerable`1 adrianParsedStmt, Boolean isDescribeOnly, Boolean isFromEF)
   at Oracle.ManagedDataAccess.Client.OracleCommand.ExecuteReader(Boolean requery, Boolean fillRequest, CommandBehavior behavior)
   at Oracle.ManagedDataAccess.Client.OracleDataAdapter.Fill(DataTable[] dataTables, Int32 startRecord, Int32 maxRecords, IDbCommand command, CommandBehavior behavior)
   at System.Data.Common.DbDataAdapter.Fill(DataTable dataTable)
   at Yongrong.Db.OracleHelper.ExecuteQuery(String sql, DataTable& table) in D:\yongrong\Yongrong\Db\OracleHelper.cs:line 27
<tip>    [07-15 15:52:51 210] HttpCtrl.RecvHttpReq                        L:107  <O> T:6-Normal-True- ID:(方法:0605 耗时:44658ms <<<<<<<)
	客户端:(192.168.1.182-) POST方式访问URL:(192.168.1.182:20007/?cmd=0605) 
 请求:{"Token":"NjM3MzAzOTk5NzY3OTAwNzAwLWFkbWluMQ=="}
	应答:{"Stat":"0","List":[{"Complete1":0,"Data1":"2020-07-09","Total1":0},{"Complete1":0,"Data1":"2020-07-10","Total1":0},{"Complete1":0,"Data1":"2020-07-11","Total1":0},{"Complete1":0,"Data1":"2020-07-12","Total1":0},{"Complete1":0,"Data1":"2020-07-13","Total1":0},{"Complete1":0,"Data1":"2020-07-14","Total1":0},{"Complete1":0,"Data1":"2020-07-15","Total1":0}]}
<info>    [07-15 15:52:54 014] BaseInt.ExecInt                             L:222  <> T:8-Normal-True- ID:()
	执行方法:0605
<debug>   [07-15 15:52:58 342] ReportInt.GetWeighingSheet                  L:34   <I> T:8-Normal-True- ID:()
	{"Token":"NjM3MzAzOTk5NzY3OTAwNzAwLWFkbWluMQ==","Endtime":null,"Starttime":null}
<notice>   [07-15 16:01:59 874] MainCtrl.Start                              L:39   <> T:1-Normal-False- ID:()
	系统初始化开始
<warn>   [07-15 16:01:59 875] MainCtrl.Start                              L:41   <> T:1-Normal-False- ID:()
	初始化完毕,平台接口准备开启!
<warn>   [07-15 16:02:01 462] BHttpServer5.Start                          L:69   <> T:1-Normal-False- ID:()
	Http服务 IPAddress.Any Port:20007 启动
<info>    [07-15 16:02:04 562] SysConfigSrvc.GetAll                        L:58   <> T:1-Normal-False- ID:()
	获取到所有配置项:5个
<info>    [07-15 16:02:04 669] BaseTractorSrvc.GetAllTractorIds            L:115  <> T:1-Normal-False- ID:()
	获取到所有牵引车:61个
<info>    [07-15 16:02:17 975] BaseInt.ExecInt                             L:222  <> T:6-Normal-True- ID:()
	执行方法:0605
<debug>   [07-15 16:02:20 470] ReportInt.GetWeighingSheet                  L:34   <I> T:6-Normal-True- ID:()
	{"Token":"NjM3MzAzOTk5NzY3OTAwNzAwLWFkbWluMQ==","Endtime":null,"Starttime":null}
<debug>   [07-15 16:02:26 635] BDataTable.ToList_Old                       L:250  <> T:6-Normal-True- ID:()
	<<<Return>>>:7 Spend:4.18
<tip>    [07-15 16:02:26 804] HttpCtrl.RecvHttpReq                        L:107  <O> T:6-Normal-True- ID:(方法:0605 耗时:8832ms <<<<<<<)
	客户端:(192.168.1.182-) POST方式访问URL:(192.168.1.182:20007/?cmd=0605) 
 请求:{"Token":"NjM3MzAzOTk5NzY3OTAwNzAwLWFkbWluMQ=="}
	应答:{"Stat":"0","List":[{"Complete1":5,"Dataday":"2020-07-09","Total1":5},{"Complete1":8,"Dataday":"2020-07-10","Total1":8},{"Complete1":7,"Dataday":"2020-07-11","Total1":7},{"Complete1":5,"Dataday":"2020-07-12","Total1":5},{"Complete1":8,"Dataday":"2020-07-13","Total1":8},{"Complete1":10,"Dataday":"2020-07-14","Total1":12},{"Complete1":20,"Dataday":"2020-07-15","Total1":112}]}
<info>    [07-15 16:04:38 165] BaseInt.ExecInt                             L:222  <> T:8-Normal-True- ID:()
	执行方法:0605
<notice>   [07-15 16:05:51 476] MainCtrl.Start                              L:39   <> T:1-Normal-False- ID:()
	系统初始化开始
<warn>   [07-15 16:05:51 476] MainCtrl.Start                              L:41   <> T:1-Normal-False- ID:()
	初始化完毕,平台接口准备开启!
<warn>   [07-15 16:05:53 176] BHttpServer5.Start                          L:69   <> T:1-Normal-False- ID:()
	Http服务 IPAddress.Any Port:20007 启动
<info>    [07-15 16:05:57 201] SysConfigSrvc.GetAll                        L:58   <> T:1-Normal-False- ID:()
	获取到所有配置项:5个
<info>    [07-15 16:05:57 334] BaseTractorSrvc.GetAllTractorIds            L:115  <> T:1-Normal-False- ID:()
	获取到所有牵引车:61个
<info>    [07-15 16:06:00 905] BaseInt.ExecInt                             L:222  <> T:7-Normal-True- ID:()
	执行方法:0605
<debug>   [07-15 16:06:06 399] ReportInt.GetWeighingSheet                  L:34   <I> T:7-Normal-True- ID:()
	{"Token":"NjM3MzAzOTk5NzY3OTAwNzAwLWFkbWluMQ==","Endtime":null,"Starttime":null}
<debug>   [07-15 16:06:08 737] BDataTable.ToList_Old                       L:250  <> T:7-Normal-True- ID:()
	<<<Return>>>:7 Spend:3.367
<notice>   [07-15 16:07:16 293] MainCtrl.Start                              L:39   <> T:1-Normal-False- ID:()
	系统初始化开始
<warn>   [07-15 16:07:16 294] MainCtrl.Start                              L:41   <> T:1-Normal-False- ID:()
	初始化完毕,平台接口准备开启!
<warn>   [07-15 16:07:17 686] BHttpServer5.Start                          L:69   <> T:1-Normal-False- ID:()
	Http服务 IPAddress.Any Port:20007 启动
<info>    [07-15 16:07:21 506] SysConfigSrvc.GetAll                        L:58   <> T:1-Normal-False- ID:()
	获取到所有配置项:5个
<info>    [07-15 16:07:21 630] BaseTractorSrvc.GetAllTractorIds            L:115  <> T:1-Normal-False- ID:()
	获取到所有牵引车:61个
<info>    [07-15 16:07:30 286] BaseInt.ExecInt                             L:222  <> T:7-Normal-True- ID:()
	执行方法:0605
<debug>   [07-15 16:07:32 098] ReportInt.GetWeighingSheet                  L:34   <I> T:7-Normal-True- ID:()
	{"Token":"NjM3MzAzOTk5NzY3OTAwNzAwLWFkbWluMQ==","Endtime":"2020-07-07","Starttime":"2020-07-01"}
<debug>   [07-15 16:07:34 566] BDataTable.ToList_Old                       L:250  <> T:7-Normal-True- ID:()
	<<<Return>>>:1 Spend:2.3831
<notice>   [07-15 16:32:32 410] MainCtrl.Start                              L:39   <> T:1-Normal-False- ID:()
	系统初始化开始
<warn>   [07-15 16:32:32 411] MainCtrl.Start                              L:41   <> T:1-Normal-False- ID:()
	初始化完毕,平台接口准备开启!
<warn>   [07-15 16:32:34 404] BHttpServer5.Start                          L:69   <> T:1-Normal-False- ID:()
	Http服务 IPAddress.Any Port:20007 启动
<info>    [07-15 16:32:37 906] SysConfigSrvc.GetAll                        L:58   <> T:1-Normal-False- ID:()
	获取到所有配置项:5个
<info>    [07-15 16:32:37 989] BaseTractorSrvc.GetAllTractorIds            L:115  <> T:1-Normal-False- ID:()
	获取到所有牵引车:61个
<info>    [07-15 16:32:58 318] BaseInt.ExecInt                             L:222  <> T:7-Normal-True- ID:()
	执行方法:0606
<debug>   [07-15 16:33:03 646] ReportInt.GetCustomerPickUp                 L:105  <I> T:7-Normal-True- ID:()
	{"Token":"NjM3MzAzOTk5NzY3OTAwNzAwLWFkbWluMQ==","Endtime":"2020-07-15","Starttime":"2020-07-09"}
<notice>   [07-15 16:33:57 890] MainCtrl.Start                              L:39   <> T:1-Normal-False- ID:()
	系统初始化开始
<warn>   [07-15 16:33:57 891] MainCtrl.Start                              L:41   <> T:1-Normal-False- ID:()
	初始化完毕,平台接口准备开启!
<warn>   [07-15 16:33:59 381] BHttpServer5.Start                          L:69   <> T:1-Normal-False- ID:()
	Http服务 IPAddress.Any Port:20007 启动
<info>    [07-15 16:34:02 971] SysConfigSrvc.GetAll                        L:58   <> T:1-Normal-False- ID:()
	获取到所有配置项:5个
<info>    [07-15 16:34:03 066] BaseTractorSrvc.GetAllTractorIds            L:115  <> T:1-Normal-False- ID:()
	获取到所有牵引车:61个
<info>    [07-15 16:34:09 184] BaseInt.ExecInt                             L:222  <> T:4-Normal-True- ID:()
	执行方法:0606
<debug>   [07-15 16:34:13 438] ReportInt.GetCustomerPickUp                 L:105  <I> T:4-Normal-True- ID:()
	{"Token":"NjM3MzA0MjYyMzAwNjQyOTM3LWFkbWluMQ==","Endtime":"2020-07-15","Starttime":"2020-07-09"}
<warn>   [07-15 16:34:24 842] OracleHelper.ExecuteQuery                   L:32   <> T:4-Normal-True- ID:(sql)
	SELECT SUBSTR(GROSSTIME,1,10) AS Dateday,SUM(NETWEIGHT) AS TotalLoad from ORDER_GOODS t WHERE  NETWEIGHT IS NOT NULL CREATETIME >='2020-07-09' AND  CREATETIME < '2020-07-15  23:59:59 ' AND ISSENDBACK='2' AND ISTOEXIT='1'   GROUP BY SUBSTR(GROSSTIME,1,10) ORDER BY SUBSTR(GROSSTIME,1,10) 
<warn>   [07-15 16:34:24 913] OracleHelper.ExecuteQuery                   L:33   <> T:4-Normal-True- ID:()
	ORA-00933: SQL 命令未正确结束    at OracleInternal.ServiceObjects.OracleConnectionImpl.VerifyExecution(Int32& cursorId, Boolean bThrowArrayBindRelatedErrors, SqlStatementType sqlStatementType, Int32 arrayBindCount, OracleException& exceptionForArrayBindDML, Boolean& hasMoreRowsInDB, Boolean bFirstIterationDone)
   at OracleInternal.ServiceObjects.OracleCommandImpl.ExecuteReader(String commandText, OracleParameterCollection paramColl, CommandType commandType, OracleConnectionImpl connectionImpl, OracleDataReaderImpl& rdrImpl, Int32 longFetchSize, Int64 clientInitialLOBFS, OracleDependencyImpl orclDependencyImpl, Int64[] scnForExecution, Int64[]& scnFromExecution, OracleParameterCollection& bindByPositionParamColl, Boolean& bBindParamPresent, Int64& internalInitialLOBFS, OracleException& exceptionForArrayBindDML, OracleConnection connection, OracleLogicalTransaction& oracleLogicalTransaction, IEnumerable`1 adrianParsedStmt, Boolean isDescribeOnly, Boolean isFromEF)
   at Oracle.ManagedDataAccess.Client.OracleCommand.ExecuteReader(Boolean requery, Boolean fillRequest, CommandBehavior behavior)
   at Oracle.ManagedDataAccess.Client.OracleDataAdapter.Fill(DataTable[] dataTables, Int32 startRecord, Int32 maxRecords, IDbCommand command, CommandBehavior behavior)
   at System.Data.Common.DbDataAdapter.Fill(DataTable dataTable)
   at Yongrong.Db.OracleHelper.ExecuteQuery(String sql, DataTable& table) in D:\yongrong\Yongrong\Db\OracleHelper.cs:line 27
<tip>    [07-15 16:34:38 362] HttpCtrl.RecvHttpReq                        L:107  <O> T:4-Normal-True- ID:(方法:0606 耗时:29197ms <<<<<<<)
	客户端:(192.168.1.182-) POST方式访问URL:(192.168.1.182:20007/?cmd=0606) 
 请求:{"Token":"NjM3MzA0MjYyMzAwNjQyOTM3LWFkbWluMQ==","Starttime":"2020-07-09", "Endtime":"2020-07-15"}
	应答:{"Stat":"0","List":[]}
<info>    [07-15 16:34:54 574] BaseInt.ExecInt                             L:222  <> T:5-Normal-True- ID:()
	执行方法:0606
<debug>   [07-15 16:35:01 005] ReportInt.GetCustomerPickUp                 L:105  <I> T:5-Normal-True- ID:()
	{"Token":"NjM3MzA0MjYyMzAwNjQyOTM3LWFkbWluMQ==","Endtime":"2020-07-15","Starttime":"2020-07-09"}
<warn>   [07-15 16:35:06 709] OracleHelper.ExecuteQuery                   L:32   <> T:5-Normal-True- ID:(sql)
	SELECT SUBSTR(GROSSTIME,1,10) AS Dateday,SUM(NETWEIGHT) AS TotalLoad from ORDER_GOODS t WHERE  NETWEIGHT IS NOT NULL CREATETIME >='2020-07-09' AND  CREATETIME < '2020-07-15  23:59:59 ' AND ISSENDBACK='2' AND ISTOEXIT='1'   GROUP BY SUBSTR(GROSSTIME,1,10) ORDER BY SUBSTR(GROSSTIME,1,10) 
<warn>   [07-15 16:35:06 713] OracleHelper.ExecuteQuery                   L:33   <> T:5-Normal-True- ID:()
	ORA-00933: SQL 命令未正确结束    at OracleInternal.ServiceObjects.OracleConnectionImpl.VerifyExecution(Int32& cursorId, Boolean bThrowArrayBindRelatedErrors, SqlStatementType sqlStatementType, Int32 arrayBindCount, OracleException& exceptionForArrayBindDML, Boolean& hasMoreRowsInDB, Boolean bFirstIterationDone)
   at OracleInternal.ServiceObjects.OracleCommandImpl.ExecuteReader(String commandText, OracleParameterCollection paramColl, CommandType commandType, OracleConnectionImpl connectionImpl, OracleDataReaderImpl& rdrImpl, Int32 longFetchSize, Int64 clientInitialLOBFS, OracleDependencyImpl orclDependencyImpl, Int64[] scnForExecution, Int64[]& scnFromExecution, OracleParameterCollection& bindByPositionParamColl, Boolean& bBindParamPresent, Int64& internalInitialLOBFS, OracleException& exceptionForArrayBindDML, OracleConnection connection, OracleLogicalTransaction& oracleLogicalTransaction, IEnumerable`1 adrianParsedStmt, Boolean isDescribeOnly, Boolean isFromEF)
   at Oracle.ManagedDataAccess.Client.OracleCommand.ExecuteReader(Boolean requery, Boolean fillRequest, CommandBehavior behavior)
   at Oracle.ManagedDataAccess.Client.OracleDataAdapter.Fill(DataTable[] dataTables, Int32 startRecord, Int32 maxRecords, IDbCommand command, CommandBehavior behavior)
   at System.Data.Common.DbDataAdapter.Fill(DataTable dataTable)
   at Yongrong.Db.OracleHelper.ExecuteQuery(String sql, DataTable& table) in D:\yongrong\Yongrong\Db\OracleHelper.cs:line 27
<notice>   [07-15 16:37:41 709] MainCtrl.Start                              L:39   <> T:1-Normal-False- ID:()
	系统初始化开始
<warn>   [07-15 16:37:41 709] MainCtrl.Start                              L:41   <> T:1-Normal-False- ID:()
	初始化完毕,平台接口准备开启!
<warn>   [07-15 16:37:42 935] BHttpServer5.Start                          L:69   <> T:1-Normal-False- ID:()
	Http服务 IPAddress.Any Port:20007 启动
<info>    [07-15 16:37:46 299] SysConfigSrvc.GetAll                        L:58   <> T:1-Normal-False- ID:()
	获取到所有配置项:5个
<info>    [07-15 16:37:46 386] BaseTractorSrvc.GetAllTractorIds            L:115  <> T:1-Normal-False- ID:()
	获取到所有牵引车:61个
<info>    [07-15 16:37:51 983] BaseInt.ExecInt                             L:222  <> T:4-Normal-True- ID:()
	执行方法:0606
<debug>   [07-15 16:37:56 286] ReportInt.GetCustomerPickUp                 L:105  <I> T:4-Normal-True- ID:()
	{"Token":"NjM3MzA0MjYyMzAwNjQyOTM3LWFkbWluMQ==","Endtime":"2020-07-15","Starttime":"2020-07-09"}
<warn>   [07-15 16:38:21 934] OracleHelper.ExecuteQuery                   L:32   <> T:4-Normal-True- ID:(sql)
	SELECT SUBSTR(GROSSTIME,1,10) AS Dateday,SUM(NETWEIGHT) AS TotalLoad from ORDER_GOODS t WHERE  NETWEIGHT IS NOT NULL CREATETIME >='2020-07-09' AND  CREATETIME < '2020-07-15  23:59:59 ' AND ISSENDBACK='2' AND ISTOEXIT='1'   GROUP BY SUBSTR(GROSSTIME,1,10) ORDER BY SUBSTR(GROSSTIME,1,10) 
<warn>   [07-15 16:38:21 978] OracleHelper.ExecuteQuery                   L:33   <> T:4-Normal-True- ID:()
	ORA-00933: SQL 命令未正确结束    at OracleInternal.ServiceObjects.OracleConnectionImpl.VerifyExecution(Int32& cursorId, Boolean bThrowArrayBindRelatedErrors, SqlStatementType sqlStatementType, Int32 arrayBindCount, OracleException& exceptionForArrayBindDML, Boolean& hasMoreRowsInDB, Boolean bFirstIterationDone)
   at OracleInternal.ServiceObjects.OracleCommandImpl.ExecuteReader(String commandText, OracleParameterCollection paramColl, CommandType commandType, OracleConnectionImpl connectionImpl, OracleDataReaderImpl& rdrImpl, Int32 longFetchSize, Int64 clientInitialLOBFS, OracleDependencyImpl orclDependencyImpl, Int64[] scnForExecution, Int64[]& scnFromExecution, OracleParameterCollection& bindByPositionParamColl, Boolean& bBindParamPresent, Int64& internalInitialLOBFS, OracleException& exceptionForArrayBindDML, OracleConnection connection, OracleLogicalTransaction& oracleLogicalTransaction, IEnumerable`1 adrianParsedStmt, Boolean isDescribeOnly, Boolean isFromEF)
   at Oracle.ManagedDataAccess.Client.OracleCommand.ExecuteReader(Boolean requery, Boolean fillRequest, CommandBehavior behavior)
   at Oracle.ManagedDataAccess.Client.OracleDataAdapter.Fill(DataTable[] dataTables, Int32 startRecord, Int32 maxRecords, IDbCommand command, CommandBehavior behavior)
   at System.Data.Common.DbDataAdapter.Fill(DataTable dataTable)
   at Yongrong.Db.OracleHelper.ExecuteQuery(String sql, DataTable& table) in D:\yongrong\Yongrong\Db\OracleHelper.cs:line 27
<warn>   [07-15 16:39:12 529] OracleHelper.ExecuteQuery                   L:32   <> T:4-Normal-True- ID:(sql)
	SELECT SUBSTR(GROSSTIME,1,10) AS Dateday,SUM(NETWEIGHT) AS TotalLoad from ORDER_GOODS t WHERE  NETWEIGHT IS NOT NULL CREATETIME >='2020-07-09' AND  CREATETIME < '2020-07-15  23:59:59 ' AND ISSENDBACK='2' AND ISTOEXIT='1'   GROUP BY SUBSTR(GROSSTIME,1,10) ORDER BY SUBSTR(GROSSTIME,1,10) 
<warn>   [07-15 16:39:12 530] OracleHelper.ExecuteQuery                   L:33   <> T:4-Normal-True- ID:()
	ORA-00933: SQL 命令未正确结束    at OracleInternal.ServiceObjects.OracleConnectionImpl.VerifyExecution(Int32& cursorId, Boolean bThrowArrayBindRelatedErrors, SqlStatementType sqlStatementType, Int32 arrayBindCount, OracleException& exceptionForArrayBindDML, Boolean& hasMoreRowsInDB, Boolean bFirstIterationDone)
   at OracleInternal.ServiceObjects.OracleCommandImpl.ExecuteReader(String commandText, OracleParameterCollection paramColl, CommandType commandType, OracleConnectionImpl connectionImpl, OracleDataReaderImpl& rdrImpl, Int32 longFetchSize, Int64 clientInitialLOBFS, OracleDependencyImpl orclDependencyImpl, Int64[] scnForExecution, Int64[]& scnFromExecution, OracleParameterCollection& bindByPositionParamColl, Boolean& bBindParamPresent, Int64& internalInitialLOBFS, OracleException& exceptionForArrayBindDML, OracleConnection connection, OracleLogicalTransaction& oracleLogicalTransaction, IEnumerable`1 adrianParsedStmt, Boolean isDescribeOnly, Boolean isFromEF)
   at Oracle.ManagedDataAccess.Client.OracleCommand.ExecuteReader(Boolean requery, Boolean fillRequest, CommandBehavior behavior)
   at Oracle.ManagedDataAccess.Client.OracleDataAdapter.Fill(DataTable[] dataTables, Int32 startRecord, Int32 maxRecords, IDbCommand command, CommandBehavior behavior)
   at System.Data.Common.DbDataAdapter.Fill(DataTable dataTable)
   at Yongrong.Db.OracleHelper.ExecuteQuery(String sql, DataTable& table)
<tip>    [07-15 16:39:32 439] HttpCtrl.RecvHttpReq                        L:107  <O> T:4-Normal-True- ID:(方法:0606 耗时:100463ms <<<<<<<)
	客户端:(192.168.1.182-) POST方式访问URL:(192.168.1.182:20007/?cmd=0606) 
 请求:{"Token":"NjM3MzA0MjYyMzAwNjQyOTM3LWFkbWluMQ==","Starttime":"2020-07-09", "Endtime":"2020-07-15"}
	应答:{"Stat":"0","List":[{"Dateday":"2020-07-09","TotalLoad":0},{"Dateday":"2020-07-10","TotalLoad":0},{"Dateday":"2020-07-11","TotalLoad":0},{"Dateday":"2020-07-12","TotalLoad":0},{"Dateday":"2020-07-13","TotalLoad":0},{"Dateday":"2020-07-14","TotalLoad":0},{"Dateday":"2020-07-15","TotalLoad":0}]}
<notice>   [07-15 16:42:34 600] MainCtrl.Start                              L:39   <> T:1-Normal-False- ID:()
	系统初始化开始
<warn>   [07-15 16:42:34 600] MainCtrl.Start                              L:41   <> T:1-Normal-False- ID:()
	初始化完毕,平台接口准备开启!
<warn>   [07-15 16:42:35 745] BHttpServer5.Start                          L:69   <> T:1-Normal-False- ID:()
	Http服务 IPAddress.Any Port:20007 启动
<info>    [07-15 16:42:39 203] SysConfigSrvc.GetAll                        L:58   <> T:1-Normal-False- ID:()
	获取到所有配置项:5个
<info>    [07-15 16:42:39 347] BaseTractorSrvc.GetAllTractorIds            L:115  <> T:1-Normal-False- ID:()
	获取到所有牵引车:61个
<info>    [07-15 16:42:48 855] BaseInt.ExecInt                             L:222  <> T:13-Normal-True- ID:()
	执行方法:0606
<debug>   [07-15 16:42:53 272] ReportInt.GetCustomerPickUp                 L:105  <I> T:13-Normal-True- ID:()
	{"Token":"NjM3MzA0MjYyMzAwNjQyOTM3LWFkbWluMQ==","Endtime":null,"Starttime":null}
<warn>   [07-15 16:43:46 753] OracleHelper.ExecuteQuery                   L:32   <> T:13-Normal-True- ID:(sql)
	SELECT SUBSTR(GROSSTIME,1,10) AS Dateday,SUM(NETWEIGHT) AS TotalLoad from ORDER_GOODS t WHERE  NETWEIGHT IS NOT NULL CREATETIME >='2020-07-09' AND  CREATETIME < '2020-07-16 ' AND ISSENDBACK='2' AND ISTOEXIT='1'   GROUP BY SUBSTR(GROSSTIME,1,10) ORDER BY SUBSTR(GROSSTIME,1,10) 
<warn>   [07-15 16:43:46 802] OracleHelper.ExecuteQuery                   L:33   <> T:13-Normal-True- ID:()
	ORA-00933: SQL 命令未正确结束    at OracleInternal.ServiceObjects.OracleConnectionImpl.VerifyExecution(Int32& cursorId, Boolean bThrowArrayBindRelatedErrors, SqlStatementType sqlStatementType, Int32 arrayBindCount, OracleException& exceptionForArrayBindDML, Boolean& hasMoreRowsInDB, Boolean bFirstIterationDone)
   at OracleInternal.ServiceObjects.OracleCommandImpl.ExecuteReader(String commandText, OracleParameterCollection paramColl, CommandType commandType, OracleConnectionImpl connectionImpl, OracleDataReaderImpl& rdrImpl, Int32 longFetchSize, Int64 clientInitialLOBFS, OracleDependencyImpl orclDependencyImpl, Int64[] scnForExecution, Int64[]& scnFromExecution, OracleParameterCollection& bindByPositionParamColl, Boolean& bBindParamPresent, Int64& internalInitialLOBFS, OracleException& exceptionForArrayBindDML, OracleConnection connection, OracleLogicalTransaction& oracleLogicalTransaction, IEnumerable`1 adrianParsedStmt, Boolean isDescribeOnly, Boolean isFromEF)
   at Oracle.ManagedDataAccess.Client.OracleCommand.ExecuteReader(Boolean requery, Boolean fillRequest, CommandBehavior behavior)
   at Oracle.ManagedDataAccess.Client.OracleDataAdapter.Fill(DataTable[] dataTables, Int32 startRecord, Int32 maxRecords, IDbCommand command, CommandBehavior behavior)
   at System.Data.Common.DbDataAdapter.Fill(DataTable dataTable)
   at Yongrong.Db.OracleHelper.ExecuteQuery(String sql, DataTable& table) in D:\yongrong\Yongrong\Db\OracleHelper.cs:line 27
<tip>    [07-15 16:44:16 160] HttpCtrl.RecvHttpReq                        L:107  <O> T:13-Normal-True- ID:(方法:0606 耗时:87311ms <<<<<<<)
	客户端:(192.168.1.182-) POST方式访问URL:(192.168.1.182:20007/?cmd=0606) 
 请求:{"Token":"NjM3MzA0MjYyMzAwNjQyOTM3LWFkbWluMQ=="}
	应答:{"Stat":"0","List":[{"Dateday":"2020-07-09","TotalLoad":0},{"Dateday":"2020-07-10","TotalLoad":0},{"Dateday":"2020-07-11","TotalLoad":0},{"Dateday":"2020-07-12","TotalLoad":0},{"Dateday":"2020-07-13","TotalLoad":0},{"Dateday":"2020-07-14","TotalLoad":0},{"Dateday":"2020-07-15","TotalLoad":0},{"Dateday":"2020-07-16","TotalLoad":0}]}
<notice>   [07-15 16:45:12 268] MainCtrl.Start                              L:39   <> T:1-Normal-False- ID:()
	系统初始化开始
<warn>   [07-15 16:45:12 268] MainCtrl.Start                              L:41   <> T:1-Normal-False- ID:()
	初始化完毕,平台接口准备开启!
<warn>   [07-15 16:45:13 366] BHttpServer5.Start                          L:69   <> T:1-Normal-False- ID:()
	Http服务 IPAddress.Any Port:20007 启动
<info>    [07-15 16:45:16 825] SysConfigSrvc.GetAll                        L:58   <> T:1-Normal-False- ID:()
	获取到所有配置项:5个
<info>    [07-15 16:45:16 904] BaseTractorSrvc.GetAllTractorIds            L:115  <> T:1-Normal-False- ID:()
	获取到所有牵引车:61个
<info>    [07-15 16:45:30 089] BaseInt.ExecInt                             L:222  <> T:8-Normal-True- ID:()
	执行方法:0606
<debug>   [07-15 16:45:37 669] ReportInt.GetCustomerPickUp                 L:105  <I> T:8-Normal-True- ID:()
	{"Token":"NjM3MzA0MjYyMzAwNjQyOTM3LWFkbWluMQ==","Endtime":null,"Starttime":null}
<warn>   [07-15 16:45:48 506] OracleHelper.ExecuteQuery                   L:32   <> T:8-Normal-True- ID:(sql)
	SELECT SUBSTR(GROSSTIME,1,10) AS Dateday,SUM(NETWEIGHT) AS TotalLoad from ORDER_GOODS t WHERE  NETWEIGHT IS NOT NULL CREATETIME >='2020-07-09' AND  CREATETIME < '2020-07-15  23:59:59 ' AND ISSENDBACK='2' AND ISTOEXIT='1'   GROUP BY SUBSTR(GROSSTIME,1,10) ORDER BY SUBSTR(GROSSTIME,1,10) 
<warn>   [07-15 16:45:48 553] OracleHelper.ExecuteQuery                   L:33   <> T:8-Normal-True- ID:()
	ORA-00933: SQL 命令未正确结束    at OracleInternal.ServiceObjects.OracleConnectionImpl.VerifyExecution(Int32& cursorId, Boolean bThrowArrayBindRelatedErrors, SqlStatementType sqlStatementType, Int32 arrayBindCount, OracleException& exceptionForArrayBindDML, Boolean& hasMoreRowsInDB, Boolean bFirstIterationDone)
   at OracleInternal.ServiceObjects.OracleCommandImpl.ExecuteReader(String commandText, OracleParameterCollection paramColl, CommandType commandType, OracleConnectionImpl connectionImpl, OracleDataReaderImpl& rdrImpl, Int32 longFetchSize, Int64 clientInitialLOBFS, OracleDependencyImpl orclDependencyImpl, Int64[] scnForExecution, Int64[]& scnFromExecution, OracleParameterCollection& bindByPositionParamColl, Boolean& bBindParamPresent, Int64& internalInitialLOBFS, OracleException& exceptionForArrayBindDML, OracleConnection connection, OracleLogicalTransaction& oracleLogicalTransaction, IEnumerable`1 adrianParsedStmt, Boolean isDescribeOnly, Boolean isFromEF)
   at Oracle.ManagedDataAccess.Client.OracleCommand.ExecuteReader(Boolean requery, Boolean fillRequest, CommandBehavior behavior)
   at Oracle.ManagedDataAccess.Client.OracleDataAdapter.Fill(DataTable[] dataTables, Int32 startRecord, Int32 maxRecords, IDbCommand command, CommandBehavior behavior)
   at System.Data.Common.DbDataAdapter.Fill(DataTable dataTable)
   at Yongrong.Db.OracleHelper.ExecuteQuery(String sql, DataTable& table) in D:\yongrong\Yongrong\Db\OracleHelper.cs:line 27
<tip>    [07-15 16:45:52 957] HttpCtrl.RecvHttpReq                        L:107  <O> T:8-Normal-True- ID:(方法:0606 耗时:22875ms <<<<<<<)
	客户端:(192.168.1.182-) POST方式访问URL:(192.168.1.182:20007/?cmd=0606) 
 请求:{"Token":"NjM3MzA0MjYyMzAwNjQyOTM3LWFkbWluMQ=="}
	应答:{"Stat":"0","List":[{"Dateday":"2020-07-09","TotalLoad":0},{"Dateday":"2020-07-10","TotalLoad":0},{"Dateday":"2020-07-11","TotalLoad":0},{"Dateday":"2020-07-12","TotalLoad":0},{"Dateday":"2020-07-13","TotalLoad":0},{"Dateday":"2020-07-14","TotalLoad":0},{"Dateday":"2020-07-15","TotalLoad":0}]}
<info>    [07-15 16:46:25 645] BaseInt.ExecInt                             L:222  <> T:9-Normal-True- ID:()
	执行方法:0606
<debug>   [07-15 16:46:27 613] ReportInt.GetCustomerPickUp                 L:105  <I> T:9-Normal-True- ID:()
	{"Token":"NjM3MzA0MjYyMzAwNjQyOTM3LWFkbWluMQ==","Endtime":"2020-07-15","Starttime":"2020-07-09"}
<warn>   [07-15 16:46:28 807] OracleHelper.ExecuteQuery                   L:32   <> T:9-Normal-True- ID:(sql)
	SELECT SUBSTR(GROSSTIME,1,10) AS Dateday,SUM(NETWEIGHT) AS TotalLoad from ORDER_GOODS t WHERE  NETWEIGHT IS NOT NULL CREATETIME >='2020-07-09' AND  CREATETIME < '2020-07-15  23:59:59 ' AND ISSENDBACK='2' AND ISTOEXIT='1'   GROUP BY SUBSTR(GROSSTIME,1,10) ORDER BY SUBSTR(GROSSTIME,1,10) 
<warn>   [07-15 16:46:28 808] OracleHelper.ExecuteQuery                   L:33   <> T:9-Normal-True- ID:()
	ORA-00933: SQL 命令未正确结束    at OracleInternal.ServiceObjects.OracleConnectionImpl.VerifyExecution(Int32& cursorId, Boolean bThrowArrayBindRelatedErrors, SqlStatementType sqlStatementType, Int32 arrayBindCount, OracleException& exceptionForArrayBindDML, Boolean& hasMoreRowsInDB, Boolean bFirstIterationDone)
   at OracleInternal.ServiceObjects.OracleCommandImpl.ExecuteReader(String commandText, OracleParameterCollection paramColl, CommandType commandType, OracleConnectionImpl connectionImpl, OracleDataReaderImpl& rdrImpl, Int32 longFetchSize, Int64 clientInitialLOBFS, OracleDependencyImpl orclDependencyImpl, Int64[] scnForExecution, Int64[]& scnFromExecution, OracleParameterCollection& bindByPositionParamColl, Boolean& bBindParamPresent, Int64& internalInitialLOBFS, OracleException& exceptionForArrayBindDML, OracleConnection connection, OracleLogicalTransaction& oracleLogicalTransaction, IEnumerable`1 adrianParsedStmt, Boolean isDescribeOnly, Boolean isFromEF)
   at Oracle.ManagedDataAccess.Client.OracleCommand.ExecuteReader(Boolean requery, Boolean fillRequest, CommandBehavior behavior)
   at Oracle.ManagedDataAccess.Client.OracleDataAdapter.Fill(DataTable[] dataTables, Int32 startRecord, Int32 maxRecords, IDbCommand command, CommandBehavior behavior)
   at System.Data.Common.DbDataAdapter.Fill(DataTable dataTable)
   at Yongrong.Db.OracleHelper.ExecuteQuery(String sql, DataTable& table) in D:\yongrong\Yongrong\Db\OracleHelper.cs:line 27
<tip>    [07-15 16:46:28 819] HttpCtrl.RecvHttpReq                        L:107  <O> T:9-Normal-True- ID:(方法:0606 耗时:3173ms <<<<<<<)
	客户端:(192.168.1.182-) POST方式访问URL:(192.168.1.182:20007/?cmd=0606) 
 请求:{"Token":"NjM3MzA0MjYyMzAwNjQyOTM3LWFkbWluMQ==","Starttime":"2020-07-09", "Endtime":"2020-07-15"}
	应答:{"Stat":"0","List":[{"Dateday":"2020-07-09","TotalLoad":0},{"Dateday":"2020-07-10","TotalLoad":0},{"Dateday":"2020-07-11","TotalLoad":0},{"Dateday":"2020-07-12","TotalLoad":0},{"Dateday":"2020-07-13","TotalLoad":0},{"Dateday":"2020-07-14","TotalLoad":0},{"Dateday":"2020-07-15","TotalLoad":0}]}
<info>    [07-15 16:50:38 065] BaseInt.ExecInt                             L:222  <> T:17-Normal-True- ID:()
	执行方法:0606
<debug>   [07-15 16:50:42 951] ReportInt.GetCustomerPickUp                 L:105  <I> T:17-Normal-True- ID:()
	{"Token":"NjM3MzA0MjYyMzAwNjQyOTM3LWFkbWluMQ==","Endtime":"2020-07-15","Starttime":"2020-07-09"}
<warn>   [07-15 16:50:45 980] OracleHelper.ExecuteQuery                   L:32   <> T:17-Normal-True- ID:(sql)
	SELECT SUBSTR(GROSSTIME,1,10) AS Dateday,SUM(NETWEIGHT) AS TotalLoad from ORDER_GOODS t WHERE  NETWEIGHT IS NOT NULL CREATETIME >='2020-07-09' AND  CREATETIME < '2020-07-15  23:59:59 ' AND ISSENDBACK='2' AND ISTOEXIT='1'   GROUP BY SUBSTR(GROSSTIME,1,10) ORDER BY SUBSTR(GROSSTIME,1,10) 
<warn>   [07-15 16:50:45 981] OracleHelper.ExecuteQuery                   L:33   <> T:17-Normal-True- ID:()
	ORA-00933: SQL 命令未正确结束    at OracleInternal.ServiceObjects.OracleConnectionImpl.VerifyExecution(Int32& cursorId, Boolean bThrowArrayBindRelatedErrors, SqlStatementType sqlStatementType, Int32 arrayBindCount, OracleException& exceptionForArrayBindDML, Boolean& hasMoreRowsInDB, Boolean bFirstIterationDone)
   at OracleInternal.ServiceObjects.OracleCommandImpl.ExecuteReader(String commandText, OracleParameterCollection paramColl, CommandType commandType, OracleConnectionImpl connectionImpl, OracleDataReaderImpl& rdrImpl, Int32 longFetchSize, Int64 clientInitialLOBFS, OracleDependencyImpl orclDependencyImpl, Int64[] scnForExecution, Int64[]& scnFromExecution, OracleParameterCollection& bindByPositionParamColl, Boolean& bBindParamPresent, Int64& internalInitialLOBFS, OracleException& exceptionForArrayBindDML, OracleConnection connection, OracleLogicalTransaction& oracleLogicalTransaction, IEnumerable`1 adrianParsedStmt, Boolean isDescribeOnly, Boolean isFromEF)
   at Oracle.ManagedDataAccess.Client.OracleCommand.ExecuteReader(Boolean requery, Boolean fillRequest, CommandBehavior behavior)
   at Oracle.ManagedDataAccess.Client.OracleDataAdapter.Fill(DataTable[] dataTables, Int32 startRecord, Int32 maxRecords, IDbCommand command, CommandBehavior behavior)
   at System.Data.Common.DbDataAdapter.Fill(DataTable dataTable)
   at Yongrong.Db.OracleHelper.ExecuteQuery(String sql, DataTable& table) in D:\yongrong\Yongrong\Db\OracleHelper.cs:line 27
<tip>    [07-15 16:51:16 112] HttpCtrl.RecvHttpReq                        L:107  <O> T:17-Normal-True- ID:(方法:0606 耗时:38046ms <<<<<<<)
	客户端:(192.168.1.182-) POST方式访问URL:(192.168.1.182:20007/?cmd=0606) 
 请求:{"Token":"NjM3MzA0MjYyMzAwNjQyOTM3LWFkbWluMQ==","Starttime":"2020-07-09", "Endtime":"2020-07-15"}
	应答:{"Stat":"0","List":[{"Dateday":"2020-07-09","TotalLoad":0},{"Dateday":"2020-07-10","TotalLoad":0},{"Dateday":"2020-07-11","TotalLoad":0},{"Dateday":"2020-07-12","TotalLoad":0},{"Dateday":"2020-07-13","TotalLoad":0},{"Dateday":"2020-07-14","TotalLoad":0},{"Dateday":"2020-07-15","TotalLoad":0}]}
<info>    [07-15 16:51:19 200] BaseInt.ExecInt                             L:222  <> T:4-Normal-True- ID:()
	执行方法:0606
<notice>   [07-15 17:00:50 576] MainCtrl.Start                              L:39   <> T:1-Normal-False- ID:()
	系统初始化开始
<warn>   [07-15 17:00:50 577] MainCtrl.Start                              L:41   <> T:1-Normal-False- ID:()
	初始化完毕,平台接口准备开启!
<warn>   [07-15 17:00:52 022] BHttpServer5.Start                          L:69   <> T:1-Normal-False- ID:()
	Http服务 IPAddress.Any Port:20007 启动
<info>    [07-15 17:00:55 720] SysConfigSrvc.GetAll                        L:58   <> T:1-Normal-False- ID:()
	获取到所有配置项:5个
<info>    [07-15 17:00:55 847] BaseTractorSrvc.GetAllTractorIds            L:115  <> T:1-Normal-False- ID:()
	获取到所有牵引车:61个
<info>    [07-15 17:01:31 660] BaseInt.ExecInt                             L:222  <> T:7-Normal-True- ID:()
	执行方法:0606
<debug>   [07-15 17:01:37 526] ReportInt.GetCustomerPickUp                 L:105  <I> T:7-Normal-True- ID:()
	{"Token":"NjM3MzA0MjYyMzAwNjQyOTM3LWFkbWluMQ==","Endtime":"2020-07-15","Starttime":"2020-07-09"}
<tip>    [07-15 17:02:12 116] HttpCtrl.RecvHttpReq                        L:107  <O> T:7-Normal-True- ID:(方法:0606 耗时:40462ms <<<<<<<)
	客户端:(192.168.1.182-) POST方式访问URL:(192.168.1.182:20007/?cmd=0606) 
 请求:{"Token":"NjM3MzA0MjYyMzAwNjQyOTM3LWFkbWluMQ==","Starttime":"2020-07-09", "Endtime":"2020-07-15"}
	应答:{"Stat":"0","List":[{"Dateday":"2020-07-09","TotalLoad":0},{"Dateday":"2020-07-10","TotalLoad":0},{"Dateday":"2020-07-11","TotalLoad":0},{"Dateday":"2020-07-12","TotalLoad":0},{"Dateday":"2020-07-13","TotalLoad":0},{"Dateday":"2020-07-14","TotalLoad":0},{"Dateday":"2020-07-15","TotalLoad":0}]}
<info>    [07-15 17:04:32 520] BaseInt.ExecInt                             L:222  <> T:14-Normal-True- ID:()
	执行方法:0606
<debug>   [07-15 17:04:35 413] ReportInt.GetCustomerPickUp                 L:105  <I> T:14-Normal-True- ID:()
	{"Token":"NjM3MzA0MjYyMzAwNjQyOTM3LWFkbWluMQ==","Endtime":"2020-07-15","Starttime":"2020-07-09"}
<tip>    [07-15 17:04:41 576] HttpCtrl.RecvHttpReq                        L:107  <O> T:14-Normal-True- ID:(方法:0606 耗时:9056ms <<<<<<<)
	客户端:(192.168.1.182-) POST方式访问URL:(192.168.1.182:20007/?cmd=0606) 
 请求:{"Token":"NjM3MzA0MjYyMzAwNjQyOTM3LWFkbWluMQ==","Starttime":"2020-07-09", "Endtime":"2020-07-15"}
	应答:{"Stat":"0","List":[{"Dateday":"2020-07-09","TotalLoad":0},{"Dateday":"2020-07-10","TotalLoad":0},{"Dateday":"2020-07-11","TotalLoad":0},{"Dateday":"2020-07-12","TotalLoad":0},{"Dateday":"2020-07-13","TotalLoad":0},{"Dateday":"2020-07-14","TotalLoad":0},{"Dateday":"2020-07-15","TotalLoad":0}]}
<notice>   [07-15 17:42:56 062] MainCtrl.Start                              L:39   <> T:1-Normal-False- ID:()
	系统初始化开始
<warn>   [07-15 17:42:56 063] MainCtrl.Start                              L:41   <> T:1-Normal-False- ID:()
	初始化完毕,平台接口准备开启!
<warn>   [07-15 17:42:57 786] BHttpServer5.Start                          L:69   <> T:1-Normal-False- ID:()
	Http服务 IPAddress.Any Port:20007 启动
<info>    [07-15 17:43:01 031] SysConfigSrvc.GetAll                        L:58   <> T:1-Normal-False- ID:()
	获取到所有配置项:5个
<info>    [07-15 17:43:01 145] BaseTractorSrvc.GetAllTractorIds            L:115  <> T:1-Normal-False- ID:()
	获取到所有牵引车:61个
<info>    [07-15 17:43:14 956] BaseInt.ExecInt                             L:222  <> T:6-Normal-True- ID:()
	执行方法:0606
<debug>   [07-15 17:43:17 156] ReportInt.GetCustomerPickUp                 L:105  <I> T:6-Normal-True- ID:()
	{"Token":"NjM3MzA0MjYyMzAwNjQyOTM3LWFkbWluMQ==","Endtime":"2020-07-15","Starttime":"2020-07-09"}
<tip>    [07-15 17:44:23 754] HttpCtrl.RecvHttpReq                        L:107  <O> T:6-Normal-True- ID:(方法:0606 耗时:68802ms <<<<<<<)
	客户端:(192.168.1.182-) POST方式访问URL:(192.168.1.182:20007/?cmd=0606) 
 请求:{"Token":"NjM3MzA0MjYyMzAwNjQyOTM3LWFkbWluMQ==","Starttime":"2020-07-09", "Endtime":"2020-07-15"}
	应答:{"Stat":"0","List":[{"Dataday":"2020-07-09","TotalLoad":0},{"Dataday":"2020-07-10","TotalLoad":0},{"Dataday":"2020-07-11","TotalLoad":0},{"Dataday":"2020-07-12","TotalLoad":0},{"Dataday":"2020-07-13","TotalLoad":0},{"Dataday":"2020-07-14","TotalLoad":0},{"Dataday":"2020-07-15","TotalLoad":0}]}
<notice>   [07-15 17:53:49 476] MainCtrl.Start                              L:39   <> T:1-Normal-False- ID:()
	系统初始化开始
<warn>   [07-15 17:53:49 477] MainCtrl.Start                              L:41   <> T:1-Normal-False- ID:()
	初始化完毕,平台接口准备开启!
<warn>   [07-15 17:53:51 254] BHttpServer5.Start                          L:69   <> T:1-Normal-False- ID:()
	Http服务 IPAddress.Any Port:20007 启动
<info>    [07-15 17:53:55 978] SysConfigSrvc.GetAll                        L:58   <> T:1-Normal-False- ID:()
	获取到所有配置项:5个
<info>    [07-15 17:53:56 162] BaseTractorSrvc.GetAllTractorIds            L:115  <> T:1-Normal-False- ID:()
	获取到所有牵引车:61个
<info>    [07-15 17:53:56 626] BaseInt.ExecInt                             L:222  <> T:4-Normal-True- ID:()
	执行方法:0606
<debug>   [07-15 17:54:05 397] ReportInt.GetCustomerPickUp                 L:105  <I> T:4-Normal-True- ID:()
	{"Token":"NjM3MzA0MjYyMzAwNjQyOTM3LWFkbWluMQ==","Endtime":null,"Starttime":null}
<notice>   [07-15 17:55:49 405] MainCtrl.Start                              L:39   <> T:1-Normal-False- ID:()
	系统初始化开始
<warn>   [07-15 17:55:49 406] MainCtrl.Start                              L:41   <> T:1-Normal-False- ID:()
	初始化完毕,平台接口准备开启!
<warn>   [07-15 17:55:50 626] BHttpServer5.Start                          L:69   <> T:1-Normal-False- ID:()
	Http服务 IPAddress.Any Port:20007 启动
<info>    [07-15 17:55:53 832] SysConfigSrvc.GetAll                        L:58   <> T:1-Normal-False- ID:()
	获取到所有配置项:5个
<info>    [07-15 17:55:54 023] BaseTractorSrvc.GetAllTractorIds            L:115  <> T:1-Normal-False- ID:()
	获取到所有牵引车:61个
<info>    [07-15 17:56:00 307] BaseInt.ExecInt                             L:222  <> T:8-Normal-True- ID:()
	执行方法:0606
<debug>   [07-15 17:56:03 108] ReportInt.GetCustomerPickUp                 L:105  <I> T:8-Normal-True- ID:()
	{"Token":"NjM3MzA0MjYyMzAwNjQyOTM3LWFkbWluMQ==","Endtime":null,"Starttime":null}
<tip>    [07-15 17:57:59 323] HttpCtrl.RecvHttpReq                        L:107  <O> T:8-Normal-True- ID:(方法:0606 耗时:119019ms <<<<<<<)
	客户端:(192.168.1.182-) POST方式访问URL:(192.168.1.182:20007/?cmd=0606) 
 请求:{"Token":"NjM3MzA0MjYyMzAwNjQyOTM3LWFkbWluMQ=="}
	应答:{"Stat":"0","List":[{"Dataday":"2020-07-09","TotalLoad":0},{"Dataday":"2020-07-10","TotalLoad":0},{"Dataday":"2020-07-11","TotalLoad":0},{"Dataday":"2020-07-12","TotalLoad":0},{"Dataday":"2020-07-13","TotalLoad":0},{"Dataday":"2020-07-14","TotalLoad":0},{"Dataday":"2020-07-15","TotalLoad":0}]}
<info>    [07-15 17:58:04 061] BaseInt.ExecInt                             L:222  <> T:4-Normal-True- ID:()
	执行方法:0606
<debug>   [07-15 17:58:11 374] ReportInt.GetCustomerPickUp                 L:105  <I> T:4-Normal-True- ID:()
	{"Token":"NjM3MzA0MjYyMzAwNjQyOTM3LWFkbWluMQ==","Endtime":"2020-07-15  23:59:59","Starttime":"2020-07-09"}
<debug>   [07-15 17:58:11 404] BDataTable.ToList_Old                       L:250  <> T:4-Normal-True- ID:()
	<<<Return>>>:1 Spend:3.5417
<tip>    [07-15 17:58:11 417] HttpCtrl.RecvHttpReq                        L:107  <O> T:4-Normal-True- ID:(方法:0606 耗时:7355ms <<<<<<<)
	客户端:(192.168.1.182-) POST方式访问URL:(192.168.1.182:20007/?cmd=0606) 
 请求:{"Token":"NjM3MzA0MjYyMzAwNjQyOTM3LWFkbWluMQ=="}
	应答:{"Stat":"0","List":[{"Dataday":"2020-07-09","TotalLoad":0},{"Dataday":"2020-07-10","TotalLoad":0},{"Dataday":"2020-07-11","TotalLoad":0},{"Dataday":"2020-07-12","TotalLoad":0},{"Dataday":"2020-07-13","TotalLoad":20.4},{"Dataday":"2020-07-14","TotalLoad":0},{"Dataday":"2020-07-15","TotalLoad":0}]}
<debug>   [07-15 18:00:02 374] TimerCtrl.AllTask                           L:117  <> T:4-Normal-True- ID:()
	小时任务开始
<debug>   [07-15 18:00:02 374] TimerCtrl.AllTask                           L:119  <> T:4-Normal-True- ID:()
	小时任务结束
<info>    [07-15 18:00:25 876] BaseInt.ExecInt                             L:222  <> T:8-Normal-True- ID:()
	执行方法:0607
<debug>   [07-15 18:00:25 881] ReportInt.GetSupplierPickUp                 L:181  <I> T:8-Normal-True- ID:()
	{"Token":"NjM3MzA0MjYyMzAwNjQyOTM3LWFkbWluMQ==","Endtime":"2020-07-15  23:59:59","Starttime":"2020-07-09"}
<debug>   [07-15 18:00:25 902] BDataTable.ToList_Old                       L:250  <> T:8-Normal-True- ID:()
	<<<Return>>>:1 Spend:0.2594
<tip>    [07-15 18:00:25 911] HttpCtrl.RecvHttpReq                        L:107  <O> T:8-Normal-True- ID:(方法:0607 耗时:35ms <<<<<<<)
	客户端:(192.168.1.182-) POST方式访问URL:(192.168.1.182:20007/?cmd=0607) 
 请求:{"Token":"NjM3MzA0MjYyMzAwNjQyOTM3LWFkbWluMQ=="}
	应答:{"Stat":"0","List":[{"Dataday":"2020-07-09","TotalLoad":0},{"Dataday":"2020-07-10","TotalLoad":0},{"Dataday":"2020-07-11","TotalLoad":46},{"Dataday":"2020-07-12","TotalLoad":0},{"Dataday":"2020-07-13","TotalLoad":0},{"Dataday":"2020-07-14","TotalLoad":0},{"Dataday":"2020-07-15","TotalLoad":0}]}
<notice>   [07-15 18:09:13 936] MainCtrl.Start                              L:39   <> T:1-Normal-False- ID:()
	系统初始化开始
<warn>   [07-15 18:09:13 937] MainCtrl.Start                              L:41   <> T:1-Normal-False- ID:()
	初始化完毕,平台接口准备开启!
<warn>   [07-15 18:09:15 188] BHttpServer5.Start                          L:69   <> T:1-Normal-False- ID:()
	Http服务 IPAddress.Any Port:20007 启动
<info>    [07-15 18:09:18 562] SysConfigSrvc.GetAll                        L:58   <> T:1-Normal-False- ID:()
	获取到所有配置项:5个
<info>    [07-15 18:09:18 666] BaseTractorSrvc.GetAllTractorIds            L:115  <> T:1-Normal-False- ID:()
	获取到所有牵引车:61个
<info>    [07-15 18:10:37 217] BaseInt.ExecInt                             L:222  <> T:4-Normal-True- ID:()
	执行方法:0607
<debug>   [07-15 18:10:37 231] ReportInt.GetSupplierPickUp                 L:181  <I> T:4-Normal-True- ID:()
	{"Token":"NjM3MzA0MjYyMzAwNjQyOTM3LWFkbWluMQ==","Endtime":null,"Starttime":null}
<tip>    [07-15 18:10:37 536] HttpCtrl.RecvHttpReq                        L:107  <O> T:4-Normal-True- ID:(方法:0607 耗时:329ms <<<<<<<)
	客户端:(192.168.1.182-) POST方式访问URL:(192.168.1.182:20007/?cmd=0607) 
 请求:{"Token":"NjM3MzA0MjYyMzAwNjQyOTM3LWFkbWluMQ=="}
	应答:{"Stat":"用户不存在","List":null}
<info>    [07-15 18:11:07 084] BaseInt.ExecInt                             L:222  <> T:13-Normal-True- ID:()
	执行方法:0607
<debug>   [07-15 18:11:07 106] ReportInt.GetSupplierPickUp                 L:181  <I> T:13-Normal-True- ID:()
	{"Token":"NjM3MzA0MzMwMTk2MDMyNDkyLWFkbWluMQ==","Endtime":"2020-07-15  23:59:59","Starttime":"2020-07-09"}
<debug>   [07-15 18:11:07 243] BDataTable.ToList_Old                       L:250  <> T:13-Normal-True- ID:()
	<<<Return>>>:2 Spend:2.1706
<tip>    [07-15 18:11:07 265] HttpCtrl.RecvHttpReq                        L:107  <O> T:13-Normal-True- ID:(方法:0607 耗时:180ms <<<<<<<)
	客户端:(192.168.1.182-) POST方式访问URL:(192.168.1.182:20007/?cmd=0607) 
 请求:{"Token":"NjM3MzA0MzMwMTk2MDMyNDkyLWFkbWluMQ=="}
	应答:{"Stat":"0","List":[{"Dataday":"2020-07-09","TotalLoad":0},{"Dataday":"2020-07-10","TotalLoad":0},{"Dataday":"2020-07-11","TotalLoad":46},{"Dataday":"2020-07-12","TotalLoad":18.4},{"Dataday":"2020-07-13","TotalLoad":0},{"Dataday":"2020-07-14","TotalLoad":0}]}
<notice>   [07-15 18:12:00 078] MainCtrl.Start                              L:39   <> T:1-Normal-False- ID:()
	系统初始化开始
<warn>   [07-15 18:12:00 079] MainCtrl.Start                              L:41   <> T:1-Normal-False- ID:()
	初始化完毕,平台接口准备开启!
<warn>   [07-15 18:12:01 447] BHttpServer5.Start                          L:69   <> T:1-Normal-False- ID:()
	Http服务 IPAddress.Any Port:20007 启动
<info>    [07-15 18:12:05 303] SysConfigSrvc.GetAll                        L:58   <> T:1-Normal-False- ID:()
	获取到所有配置项:5个
<info>    [07-15 18:12:05 394] BaseTractorSrvc.GetAllTractorIds            L:115  <> T:1-Normal-False- ID:()
	获取到所有牵引车:61个
<info>    [07-15 18:12:13 797] BaseInt.ExecInt                             L:222  <> T:6-Normal-True- ID:()
	执行方法:0607
<debug>   [07-15 18:12:17 398] ReportInt.GetSupplierPickUp                 L:181  <I> T:6-Normal-True- ID:()
	{"Token":"NjM3MzA0MzMwMTk2MDMyNDkyLWFkbWluMQ==","Endtime":null,"Starttime":null}
<debug>   [07-15 18:12:33 190] BDataTable.ToList_Old                       L:250  <> T:6-Normal-True- ID:()
	<<<Return>>>:2 Spend:2.8852
<tip>    [07-15 18:14:51 287] HttpCtrl.RecvHttpReq                        L:107  <O> T:6-Normal-True- ID:(方法:0607 耗时:157499ms <<<<<<<)
	客户端:(192.168.1.182-) POST方式访问URL:(192.168.1.182:20007/?cmd=0607) 
 请求:{"Token":"NjM3MzA0MzMwMTk2MDMyNDkyLWFkbWluMQ=="}
	应答:{"Stat":"0","List":[{"Dataday":"2020-07-09","TotalLoad":0},{"Dataday":"2020-07-10","TotalLoad":0},{"Dataday":"2020-07-11","TotalLoad":46},{"Dataday":"2020-07-12","TotalLoad":18.4},{"Dataday":"2020-07-13","TotalLoad":0},{"Dataday":"2020-07-14","TotalLoad":0},{"Dataday":"2020-07-15","TotalLoad":0}]}
