<notice>   [07-07 15:45:39 620] MainCtrl.Start                              L:39   <> T:1-Normal-False- ID:()
	系统初始化开始
<warn>   [07-07 15:45:39 621] MainCtrl.Start                              L:41   <> T:1-Normal-False- ID:()
	初始化完毕,平台接口准备开启!
<warn>   [07-07 15:45:40 774] BHttpServer5.Start                          L:69   <> T:1-Normal-False- ID:()
	Http服务 IPAddress.Any Port:20007 启动
<info>    [07-07 15:45:43 905] SysConfigSrvc.GetAll                        L:58   <> T:1-Normal-False- ID:()
	获取到所有配置项:5个
<info>    [07-07 15:45:44 007] BaseTractorSrvc.GetAllTractorIds            L:115  <> T:1-Normal-False- ID:()
	获取到所有牵引车:58个
<info>    [07-07 15:45:47 495] BaseInt.ExecInt                             L:217  <> T:5-Normal-True- ID:()
	执行方法:0603
<debug>   [07-07 15:45:51 008] OrderGoodsInt.GetCustomerPickUp             L:311  <I> T:5-Normal-True- ID:()
	{"Token":"NjM3MjcyMjMyMjAxNzY2MjU2LWRlbWEyNDc="}
<debug>   [07-07 15:46:10 268] BDataTable.ToList_Old                       L:250  <> T:5-Normal-True- ID:()
	<<<Return>>>:3 Spend:2.6207
<tip>    [07-07 15:46:35 273] HttpCtrl.RecvHttpReq                        L:107  <O> T:5-Normal-True- ID:(方法:0603 耗时:47782ms <<<<<<<)
	客户端:(192.168.1.182-) POST方式访问URL:(192.168.1.182:20007/?cmd=0603) 
 请求:{"Token":"NjM3MjcyMjMyMjAxNzY2MjU2LWRlbWEyNDc="}
	应答:{"Stat":"0","List":[{"Load":10,"Transport":"福建省莆田凯松化工厂"},{"Load":0,"Transport":"福建永安化工厂11"},{"Load":20,"Transport":"福建港祥船务有限公司"}]}
<notice>   [07-07 16:01:38 034] MainCtrl.Start                              L:39   <> T:1-Normal-False- ID:()
	系统初始化开始
<warn>   [07-07 16:01:38 035] MainCtrl.Start                              L:41   <> T:1-Normal-False- ID:()
	初始化完毕,平台接口准备开启!
<warn>   [07-07 16:01:38 837] BHttpServer5.Start                          L:69   <> T:1-Normal-False- ID:()
	Http服务 IPAddress.Any Port:20007 启动
<notice>   [07-07 16:02:00 709] MainCtrl.Start                              L:39   <> T:1-Normal-False- ID:()
	系统初始化开始
<warn>   [07-07 16:02:00 710] MainCtrl.Start                              L:41   <> T:1-Normal-False- ID:()
	初始化完毕,平台接口准备开启!
<warn>   [07-07 16:02:01 578] BHttpServer5.Start                          L:69   <> T:1-Normal-False- ID:()
	Http服务 IPAddress.Any Port:20007 启动
<info>    [07-07 16:02:04 060] SysConfigSrvc.GetAll                        L:58   <> T:1-Normal-False- ID:()
	获取到所有配置项:5个
<info>    [07-07 16:02:04 167] BaseTractorSrvc.GetAllTractorIds            L:115  <> T:1-Normal-False- ID:()
	获取到所有牵引车:58个
<notice>   [07-07 16:02:27 085] BaseInt.ExecInt                             L:211  <O> T:5-Normal-True- ID:()
	执行方法没有找到,命令字:GetSupplierPickUp
<tip>    [07-07 16:02:27 091] HttpCtrl.RecvHttpReq                        L:107  <O> T:5-Normal-True- ID:(方法:GetSupplierPickUp 耗时:14ms <<<<<<<)
	客户端:(192.168.1.182-) POST方式访问URL:(192.168.1.182:20007/?cmd=GetSupplierPickUp) 
 请求:{"Token":"NjM3MjcyMjMyMjAxNzY2MjU2LWRlbWEyNDc="}
	应答:{"Stat":"cmd error"}
<info>    [07-07 16:02:42 399] BaseInt.ExecInt                             L:217  <> T:12-Normal-True- ID:()
	执行方法:0604
<debug>   [07-07 16:02:44 833] OrderGoodsInt.GetSupplierPickUp             L:346  <I> T:12-Normal-True- ID:()
	{"Token":"NjM3MjcyMjMyMjAxNzY2MjU2LWRlbWEyNDc="}
<debug>   [07-07 16:02:47 634] BDataTable.ToList_Old                       L:250  <> T:12-Normal-True- ID:()
	<<<Return>>>:4 Spend:2.6574
<tip>    [07-07 16:03:01 264] HttpCtrl.RecvHttpReq                        L:107  <O> T:12-Normal-True- ID:(方法:0604 耗时:18865ms <<<<<<<)
	客户端:(192.168.1.182-) POST方式访问URL:(192.168.1.182:20007/?cmd=0604) 
 请求:{"Token":"NjM3MjcyMjMyMjAxNzY2MjU2LWRlbWEyNDc="}
	应答:{"Stat":"0","List":[{"Load":61.2,"Transport":"福建省莆田凯松化工厂"},{"Load":20,"Transport":"福建永安化工厂11"},{"Load":15,"Transport":"福建永安化工厂"},{"Load":10,"Transport":"福建港祥船务有限公司"}]}
<notice>   [07-07 16:51:28 108] MainCtrl.Start                              L:39   <> T:1-Normal-False- ID:()
	系统初始化开始
<warn>   [07-07 16:51:28 109] MainCtrl.Start                              L:41   <> T:1-Normal-False- ID:()
	初始化完毕,平台接口准备开启!
<warn>   [07-07 16:51:29 763] BHttpServer5.Start                          L:69   <> T:1-Normal-False- ID:()
	Http服务 IPAddress.Any Port:20007 启动
<info>    [07-07 16:51:32 674] SysConfigSrvc.GetAll                        L:58   <> T:1-Normal-False- ID:()
	获取到所有配置项:5个
<info>    [07-07 16:51:32 780] BaseTractorSrvc.GetAllTractorIds            L:115  <> T:1-Normal-False- ID:()
	获取到所有牵引车:58个
<info>    [07-07 16:51:37 306] BaseInt.ExecInt                             L:217  <> T:5-Normal-True- ID:()
	执行方法:0604
<debug>   [07-07 16:51:40 792] OrderGoodsInt.GetVehicleEntry               L:382  <I> T:5-Normal-True- ID:()
	{"Token":"NjM3MjcyMjMyMjAxNzY2MjU2LWRlbWEyNDc="}
<debug>   [07-07 16:51:48 911] BDataTable.ToList_Old                       L:250  <> T:5-Normal-True- ID:()
	<<<Return>>>:2 Spend:3.325
<tip>    [07-07 16:53:42 220] HttpCtrl.RecvHttpReq                        L:107  <O> T:5-Normal-True- ID:(方法:0604 耗时:124917ms <<<<<<<)
	客户端:(192.168.1.182-) POST方式访问URL:(192.168.1.182:20007/?cmd=0604) 
 请求:{"Token":"NjM3MjcyMjMyMjAxNzY2MjU2LWRlbWEyNDc="}
	应答:{"Stat":"0","List":[{"Num":1,"RiQi":"2020-06-22"},{"Num":1,"RiQi":"2020-07-06"}]}
<notice>   [07-07 16:58:41 203] MainCtrl.Start                              L:39   <> T:1-Normal-False- ID:()
	系统初始化开始
<warn>   [07-07 16:58:41 203] MainCtrl.Start                              L:41   <> T:1-Normal-False- ID:()
	初始化完毕,平台接口准备开启!
<warn>   [07-07 16:58:42 173] BHttpServer5.Start                          L:69   <> T:1-Normal-False- ID:()
	Http服务 IPAddress.Any Port:20007 启动
<info>    [07-07 16:58:45 598] SysConfigSrvc.GetAll                        L:58   <> T:1-Normal-False- ID:()
	获取到所有配置项:5个
<info>    [07-07 16:58:45 699] BaseTractorSrvc.GetAllTractorIds            L:115  <> T:1-Normal-False- ID:()
	获取到所有牵引车:58个
<debug>   [07-07 17:00:00 177] TimerCtrl.AllTask                           L:117  <> T:6-Normal-True- ID:()
	小时任务开始
<debug>   [07-07 17:00:00 177] TimerCtrl.AllTask                           L:119  <> T:6-Normal-True- ID:()
	小时任务结束
<notice>   [07-07 17:02:10 614] MainCtrl.Start                              L:39   <> T:1-Normal-False- ID:()
	系统初始化开始
<warn>   [07-07 17:02:10 615] MainCtrl.Start                              L:41   <> T:1-Normal-False- ID:()
	初始化完毕,平台接口准备开启!
<warn>   [07-07 17:02:11 748] BHttpServer5.Start                          L:69   <> T:1-Normal-False- ID:()
	Http服务 IPAddress.Any Port:20007 启动
<info>    [07-07 17:02:14 828] SysConfigSrvc.GetAll                        L:58   <> T:1-Normal-False- ID:()
	获取到所有配置项:5个
<info>    [07-07 17:02:14 909] BaseTractorSrvc.GetAllTractorIds            L:115  <> T:1-Normal-False- ID:()
	获取到所有牵引车:58个
<info>    [07-07 17:02:35 030] BaseInt.ExecInt                             L:217  <> T:6-Normal-True- ID:()
	执行方法:0604
<warn>   [07-07 17:02:38 159] BJson.JsonToObj                             L:426  <> T:6-Normal-True- ID:()
	Type 'Yongrong.Model.Int.Sum.OrderVehicleReq' cannot be serialized. Consider marking it with the DataContractAttribute attribute, and marking all of its members you want serialized with the DataMemberAttribute attribute. Alternatively, you can ensure that the type is public and has a parameterless constructor - all public members of the type will then be serialized, and no attributes will be required.
<debug>   [07-07 17:02:38 275] OrderGoodsInt.GetOrderVehicle               L:417  <I> T:6-Normal-True- ID:()
	
<warn>   [07-07 17:02:39 739] BaseInt.ExecInt                             L:225  <O> T:6-Normal-True- ID:()
	方法:0604 Err:Object reference not set to an instance of an object. 
 StackTrace:   at Yongrong.Int.BaseInfo.OrderGoodsInt.GetOrderVehicle(Dictionary`2 reqmap, Byte[] reqbytes) in D:\yongrong\Yongrong\Int\BaseInfo\OrderGoodsInt.cs:line 419
   at Yongrong.Int.BaseInt.ExecInt(String cmd, Dictionary`2 urlMap, Byte[] reqbytes) in D:\yongrong\Yongrong\Int\BaseInt.cs:line 221 
 InnerException:
<tip>    [07-07 17:02:49 888] HttpCtrl.RecvHttpReq                        L:107  <O> T:6-Normal-True- ID:(方法:0604 耗时:14866ms <<<<<<<)
	客户端:(192.168.1.182-) POST方式访问URL:(192.168.1.182:20007/?cmd=0604) 
 请求:{"Token":"NjM3MjcyMjMyMjAxNzY2MjU2LWRlbWEyNDc="}
	应答:{"Stat":"未知错误"}
<notice>   [07-07 17:10:33 824] MainCtrl.Start                              L:39   <> T:1-Normal-False- ID:()
	系统初始化开始
<warn>   [07-07 17:10:33 825] MainCtrl.Start                              L:41   <> T:1-Normal-False- ID:()
	初始化完毕,平台接口准备开启!
<warn>   [07-07 17:10:35 377] BHttpServer5.Start                          L:69   <> T:1-Normal-False- ID:()
	Http服务 IPAddress.Any Port:20007 启动
<info>    [07-07 17:10:39 099] SysConfigSrvc.GetAll                        L:58   <> T:1-Normal-False- ID:()
	获取到所有配置项:5个
<info>    [07-07 17:10:39 327] BaseTractorSrvc.GetAllTractorIds            L:115  <> T:1-Normal-False- ID:()
	获取到所有牵引车:58个
<info>    [07-07 17:10:39 438] BaseInt.ExecInt                             L:217  <> T:11-Normal-True- ID:()
	执行方法:weighresult
<debug>   [07-07 17:10:42 266] WeighbridgeInt.RecvWeigh                    L:33   <I> T:11-Normal-True- ID:()
	{"Mask_id":"","Msg_id":"1A202007020044","Operator":"都乘乖","Order_id":"","Order_type":null,"Passtime":"2020-07-02 23:59:47","Sign":"12e3e957833a791cd90eea3ce21b2310","Tractor_id":"闽A5G105","Trailer_id":"闽B5591挂","Weigh_time":"1","Weight":"18.640"}
<warn>   [07-07 17:10:50 287] WeighbridgeInt.RecvWeigh                    L:60   <> T:11-Normal-True- ID:()
	sign error,Inner:908725dc620ddf8b1c7b9bc4f026e9b8 Err:12e3e957833a791cd90eea3ce21b2310
<tip>    [07-07 17:10:50 485] HttpCtrl.RecvHttpReq                        L:107  <O> T:11-Normal-True- ID:(方法:weighresult 耗时:11050ms <<<<<<<)
	客户端:(192.168.1.182-) POST方式访问URL:(192.168.1.182:20007/?cmd=weighresult) 
 请求:{
    "Order_id": "",
    "Msg_id": "1A202007020044",
    "Weigh_time": "1",
    "Tractor_id": "闽A5G105",
    "Trailer_id": "闽B5591挂",
    "Entertime": "2020-07-02 23:59:47",
    "Weight": "18.640",
    "Passtime": "2020-07-02 23:59:47",
    "Mask_id": "",
    "Operator": "都乘乖",
    "Sign": "12e3e957833a791cd90eea3ce21b2310"
}
	应答:{"Stat":"sign error","Reserve":null}
<info>    [07-07 17:10:59 858] BaseInt.ExecInt                             L:217  <> T:4-Normal-True- ID:()
	执行方法:weighresult
<debug>   [07-07 17:11:03 033] WeighbridgeInt.RecvWeigh                    L:33   <I> T:4-Normal-True- ID:()
	{"Mask_id":"","Msg_id":"1A202007020044","Operator":"都乘乖","Order_id":"0696","Order_type":null,"Passtime":"2020-07-02 23:59:47","Sign":"12e3e957833a791cd90eea3ce21b2310","Tractor_id":"闽A5G105","Trailer_id":"闽B5591挂","Weigh_time":"1","Weight":"18.640"}
<warn>   [07-07 17:15:29 917] WeighbridgeInt.RecvWeigh                    L:68   <> T:4-Normal-True- ID:()
	无效的IP地址:192.168.1.182
<tip>    [07-07 17:15:29 935] HttpCtrl.RecvHttpReq                        L:107  <O> T:4-Normal-True- ID:(方法:weighresult 耗时:270076ms <<<<<<<)
	客户端:(192.168.1.182-) POST方式访问URL:(192.168.1.182:20007/?cmd=weighresult) 
 请求:{
    "Order_id": "0696",
    "Msg_id": "1A202007020044",
    "Weigh_time": "1",
    "Tractor_id": "闽A5G105",
    "Trailer_id": "闽B5591挂",
    "Entertime": "2020-07-02 23:59:47",
    "Weight": "18.640",
    "Passtime": "2020-07-02 23:59:47",
    "Mask_id": "",
    "Operator": "都乘乖",
    "Sign": "12e3e957833a791cd90eea3ce21b2310"
}
	应答:{"Stat":"ip block","Reserve":null}
<info>    [07-07 17:23:16 213] BaseInt.ExecInt                             L:217  <> T:14-Normal-True- ID:()
	执行方法:weighresult
<debug>   [07-07 17:23:19 120] WeighbridgeInt.RecvWeigh                    L:33   <I> T:14-Normal-True- ID:()
	{"Mask_id":"","Msg_id":"1A202006150001","Operator":"苏玉萍","Order_id":"","Order_type":null,"Passtime":"2020-06-15 00:12:13","Sign":"5420987d453932b147ec3417f8e9d46b","Tractor_id":"冀ES4041","Trailer_id":"冀EWZ59挂","Weigh_time":"1","Weight":"47.900"}
<warn>   [07-07 17:23:30 049] WeighbridgeInt.RecvWeigh                    L:68   <> T:14-Normal-True- ID:()
	无效的IP地址:192.168.1.182
<tip>    [07-07 17:23:44 899] HttpCtrl.RecvHttpReq                        L:107  <O> T:14-Normal-True- ID:(方法:weighresult 耗时:28685ms <<<<<<<)
	客户端:(192.168.1.182-) POST方式访问URL:(192.168.1.182:20007/?cmd=weighresult) 
 请求:{
    "Order_id": "",
    "Msg_id": "1A202006150001",
    "Weigh_time": "1",
    "Tractor_id": "冀ES4041",
    "Trailer_id": "冀EWZ59挂",
    "Entertime": "2020-06-15 00:12:13",
    "Weight": "47.900",
    "Passtime": "2020-06-15 00:12:13",
    "Mask_id": "",
    "Operator": "苏玉萍",
    "Sign": "5420987d453932b147ec3417f8e9d46b"
}
	应答:{"Stat":"ip block","Reserve":null}
<info>    [07-07 17:23:48 028] BaseInt.ExecInt                             L:217  <> T:4-Normal-True- ID:()
	执行方法:weighresult
<debug>   [07-07 17:23:51 804] WeighbridgeInt.RecvWeigh                    L:33   <I> T:4-Normal-True- ID:()
	{"Mask_id":"","Msg_id":"1A202006150001","Operator":"苏玉萍","Order_id":"","Order_type":null,"Passtime":"2020-06-15 00:12:13","Sign":"5420987d453932b147ec3417f8e9d46b","Tractor_id":"冀ES4041","Trailer_id":"冀EWZ59挂","Weigh_time":"1","Weight":"47.900"}
<notice>   [07-07 17:24:53 071] MainCtrl.Start                              L:39   <> T:1-Normal-False- ID:()
	系统初始化开始
<warn>   [07-07 17:24:53 071] MainCtrl.Start                              L:41   <> T:1-Normal-False- ID:()
	初始化完毕,平台接口准备开启!
<warn>   [07-07 17:24:54 188] BHttpServer5.Start                          L:69   <> T:1-Normal-False- ID:()
	Http服务 IPAddress.Any Port:20007 启动
<info>    [07-07 17:24:57 280] SysConfigSrvc.GetAll                        L:58   <> T:1-Normal-False- ID:()
	获取到所有配置项:5个
<info>    [07-07 17:24:57 382] BaseTractorSrvc.GetAllTractorIds            L:115  <> T:1-Normal-False- ID:()
	获取到所有牵引车:58个
<info>    [07-07 17:25:15 153] BaseInt.ExecInt                             L:217  <> T:7-Normal-True- ID:()
	执行方法:weighresult
<debug>   [07-07 17:25:19 608] WeighbridgeInt.RecvWeigh                    L:33   <I> T:7-Normal-True- ID:()
	{"Mask_id":"","Msg_id":"1A202006150001","Operator":"苏玉萍","Order_id":"","Order_type":null,"Passtime":"2020-06-15 00:12:13","Sign":"5420987d453932b147ec3417f8e9d46b","Tractor_id":"冀ES4041","Trailer_id":"冀EWZ59挂","Weigh_time":"1","Weight":"47.900"}
<warn>   [07-07 17:25:47 993] WeighbridgeInt.RecvWeigh                    L:68   <> T:7-Normal-True- ID:()
	无效的IP地址:192.168.1.182
<tip>    [07-07 17:25:48 274] HttpCtrl.RecvHttpReq                        L:107  <O> T:7-Normal-True- ID:(方法:weighresult 耗时:33124ms <<<<<<<)
	客户端:(192.168.1.182-) POST方式访问URL:(192.168.1.182:20007/?cmd=weighresult) 
 请求:{
    "Order_id": "",
    "Msg_id": "1A202006150001",
    "Weigh_time": "1",
    "Tractor_id": "冀ES4041",
    "Trailer_id": "冀EWZ59挂",
    "Entertime": "2020-06-15 00:12:13",
    "Weight": "47.900",
    "Passtime": "2020-06-15 00:12:13",
    "Mask_id": "",
    "Operator": "苏玉萍",
    "Sign": "5420987d453932b147ec3417f8e9d46b"
}
	应答:{"Stat":"ip block","Reserve":null}
<info>    [07-07 17:26:14 623] BaseInt.ExecInt                             L:217  <> T:7-Normal-True- ID:()
	执行方法:0604
<warn>   [07-07 17:26:21 359] BJson.JsonToObj                             L:426  <> T:7-Normal-True- ID:()
	Type 'Yongrong.Model.Int.Sum.OrderVehicleReq' cannot be serialized. Consider marking it with the DataContractAttribute attribute, and marking all of its members you want serialized with the DataMemberAttribute attribute. Alternatively, you can ensure that the type is public and has a parameterless constructor - all public members of the type will then be serialized, and no attributes will be required.
<debug>   [07-07 17:26:22 107] OrderGoodsInt.GetOrderVehicle               L:417  <I> T:7-Normal-True- ID:()
	
<warn>   [07-07 17:26:31 460] BaseInt.ExecInt                             L:225  <O> T:7-Normal-True- ID:()
	方法:0604 Err:Object reference not set to an instance of an object. 
 StackTrace:   at Yongrong.Int.BaseInfo.OrderGoodsInt.GetOrderVehicle(Dictionary`2 reqmap, Byte[] reqbytes) in D:\yongrong\Yongrong\Int\BaseInfo\OrderGoodsInt.cs:line 419
   at Yongrong.Int.BaseInt.ExecInt(String cmd, Dictionary`2 urlMap, Byte[] reqbytes) in D:\yongrong\Yongrong\Int\BaseInt.cs:line 221 
 InnerException:
<tip>    [07-07 17:26:31 474] HttpCtrl.RecvHttpReq                        L:107  <O> T:7-Normal-True- ID:(方法:0604 耗时:16851ms <<<<<<<)
	客户端:(192.168.1.182-) POST方式访问URL:(192.168.1.182:20007/?cmd=0604) 
 请求:{"Token":"NjM3MjcyMjMyMjAxNzY2MjU2LWRlbWEyNDc="}
	应答:{"Stat":"未知错误"}
<info>    [07-07 17:26:49 498] BaseInt.ExecInt                             L:217  <> T:7-Normal-True- ID:()
	执行方法:0604
<warn>   [07-07 17:26:51 384] BJson.JsonToObj                             L:426  <> T:7-Normal-True- ID:()
	Type 'Yongrong.Model.Int.Sum.OrderVehicleReq' cannot be serialized. Consider marking it with the DataContractAttribute attribute, and marking all of its members you want serialized with the DataMemberAttribute attribute. Alternatively, you can ensure that the type is public and has a parameterless constructor - all public members of the type will then be serialized, and no attributes will be required.
<debug>   [07-07 17:26:51 617] OrderGoodsInt.GetOrderVehicle               L:417  <I> T:7-Normal-True- ID:()
	
<notice>   [07-07 17:28:02 380] MainCtrl.Start                              L:39   <> T:1-Normal-False- ID:()
	系统初始化开始
<warn>   [07-07 17:28:02 381] MainCtrl.Start                              L:41   <> T:1-Normal-False- ID:()
	初始化完毕,平台接口准备开启!
<warn>   [07-07 17:28:04 198] BHttpServer5.Start                          L:69   <> T:1-Normal-False- ID:()
	Http服务 IPAddress.Any Port:20007 启动
<info>    [07-07 17:28:08 163] SysConfigSrvc.GetAll                        L:58   <> T:1-Normal-False- ID:()
	获取到所有配置项:5个
<info>    [07-07 17:28:08 262] BaseTractorSrvc.GetAllTractorIds            L:115  <> T:1-Normal-False- ID:()
	获取到所有牵引车:58个
<info>    [07-07 17:28:11 000] BaseInt.ExecInt                             L:217  <> T:7-Normal-True- ID:()
	执行方法:0604
<debug>   [07-07 17:28:17 187] OrderGoodsInt.GetOrderVehicle               L:417  <I> T:7-Normal-True- ID:()
	{"Token":"NjM3MjkzOTg1NDI3NTk0NTY3LXhzMTU3"}
<debug>   [07-07 17:28:17 922] BDataTable.ToList_Old                       L:250  <> T:7-Normal-True- ID:()
	<<<Return>>>:20 Spend:2.5357
<tip>    [07-07 17:28:23 600] HttpCtrl.RecvHttpReq                        L:107  <O> T:7-Normal-True- ID:(方法:0604 耗时:12603ms <<<<<<<)
	客户端:(192.168.1.182-) POST方式访问URL:(192.168.1.182:20007/?cmd=0604) 
 请求:{"Token":"NjM3MjkzOTg1NDI3NTk0NTY3LXhzMTU3"}
	应答:{"Stat":"0","List":[{"Num":1,"OrderTime":"2020-05-13"},{"Num":1,"OrderTime":"2020-05-14"},{"Num":3,"OrderTime":"2020-05-20"},{"Num":3,"OrderTime":"2020-06-02"},{"Num":1,"OrderTime":"2020-06-03"},{"Num":2,"OrderTime":"2020-06-04"},{"Num":4,"OrderTime":"2020-06-05"},{"Num":1,"OrderTime":"2020-06-09"},{"Num":10,"OrderTime":"2020-06-10"},{"Num":1,"OrderTime":"2020-06-11"},{"Num":1,"OrderTime":"2020-06-15"},{"Num":1,"OrderTime":"2020-06-16"},{"Num":1,"OrderTime":"2020-06-21"},{"Num":8,"OrderTime":"2020-06-28"},{"Num":8,"OrderTime":"2020-06-29"},{"Num":1,"OrderTime":"2020-06-30"},{"Num":4,"OrderTime":"2020-07-01"},{"Num":13,"OrderTime":"2020-07-02"},{"Num":9,"OrderTime":"2020-07-03"},{"Num":1,"OrderTime":"2020-07-16"}]}
<notice>   [07-07 17:30:54 487] MainCtrl.Start                              L:39   <> T:1-Normal-False- ID:()
	系统初始化开始
<warn>   [07-07 17:30:54 488] MainCtrl.Start                              L:41   <> T:1-Normal-False- ID:()
	初始化完毕,平台接口准备开启!
<warn>   [07-07 17:30:56 156] BHttpServer5.Start                          L:69   <> T:1-Normal-False- ID:()
	Http服务 IPAddress.Any Port:20007 启动
<info>    [07-07 17:30:59 511] SysConfigSrvc.GetAll                        L:58   <> T:1-Normal-False- ID:()
	获取到所有配置项:5个
<info>    [07-07 17:30:59 617] BaseTractorSrvc.GetAllTractorIds            L:115  <> T:1-Normal-False- ID:()
	获取到所有牵引车:58个
<info>    [07-07 17:32:19 162] BaseInt.ExecInt                             L:217  <> T:5-Normal-True- ID:()
	执行方法:weighresult
<debug>   [07-07 17:32:23 369] WeighbridgeInt.RecvWeigh                    L:33   <I> T:5-Normal-True- ID:()
	{"Mask_id":"","Msg_id":"1A202006150001","Operator":"苏玉萍","Order_id":"","Order_type":null,"Passtime":"2020-06-15 00:12:13","Sign":"5420987d453932b147ec3417f8e9d46b","Tractor_id":"冀ES4041","Trailer_id":"冀EWZ59挂","Weigh_time":"1","Weight":"47.900"}
<warn>   [07-07 17:34:36 128] WeighbridgeInt.RecvWeigh                    L:68   <> T:5-Normal-True- ID:()
	无效的IP地址:192.168.1.182
<tip>    [07-07 17:34:46 655] HttpCtrl.RecvHttpReq                        L:107  <O> T:5-Normal-True- ID:(方法:weighresult 耗时:198899ms <<<<<<<)
	客户端:(192.168.1.182-) POST方式访问URL:(192.168.1.182:20007/?cmd=weighresult) 
 请求:{
    "Order_id": "",
    "Msg_id": "1A202006150001",
    "Weigh_time": "1",
    "Tractor_id": "冀ES4041",
    "Trailer_id": "冀EWZ59挂",
    "Entertime": "2020-06-15 00:12:13",
    "Weight": "47.900",
    "Passtime": "2020-06-15 00:12:13",
    "Mask_id": "",
    "Operator": "苏玉萍",
    "Sign": "5420987d453932b147ec3417f8e9d46b"
}
	应答:{"Stat":"ip block","Reserve":null}
<info>    [07-07 17:35:19 208] BaseInt.ExecInt                             L:217  <> T:14-Normal-True- ID:()
	执行方法:weighresult
<debug>   [07-07 17:35:21 162] WeighbridgeInt.RecvWeigh                    L:33   <I> T:14-Normal-True- ID:()
	{"Mask_id":"","Msg_id":"1A202006150001","Operator":"苏玉萍","Order_id":"","Order_type":null,"Passtime":"2020-06-15 00:12:13","Sign":"5420987d453932b147ec3417f8e9d46b","Tractor_id":"冀ES4041","Trailer_id":"冀EWZ59挂","Weigh_time":"1","Weight":"47.900"}
<warn>   [07-07 17:35:41 678] WeighbridgeInt.RecvWeigh                    L:68   <> T:14-Normal-True- ID:()
	无效的IP地址:192.168.1.182
<notice>   [07-07 18:03:22 396] MainCtrl.Start                              L:39   <> T:1-Normal-False- ID:()
	系统初始化开始
<warn>   [07-07 18:03:22 397] MainCtrl.Start                              L:41   <> T:1-Normal-False- ID:()
	初始化完毕,平台接口准备开启!
<warn>   [07-07 18:03:23 725] BHttpServer5.Start                          L:69   <> T:1-Normal-False- ID:()
	Http服务 IPAddress.Any Port:20007 启动
<info>    [07-07 18:03:26 839] SysConfigSrvc.GetAll                        L:58   <> T:1-Normal-False- ID:()
	获取到所有配置项:5个
<info>    [07-07 18:03:26 937] BaseTractorSrvc.GetAllTractorIds            L:115  <> T:1-Normal-False- ID:()
	获取到所有牵引车:58个
<info>    [07-07 18:03:36 061] BaseInt.ExecInt                             L:217  <> T:4-Normal-True- ID:()
	执行方法:weighresult
<debug>   [07-07 18:03:41 825] WeighbridgeInt.RecvWeigh                    L:33   <I> T:4-Normal-True- ID:()
	{"Mask_id":"","Msg_id":"1A202006150001","Operator":"苏玉萍","Order_id":"","Order_type":null,"Passtime":"2020-06-15 00:12:13","Sign":"5420987d453932b147ec3417f8e9d46b","Tractor_id":"冀ES4041","Trailer_id":"冀EWZ59挂","Weigh_time":"1","Weight":"47.900"}
<notice>   [07-07 18:06:14 539] MainCtrl.Start                              L:39   <> T:1-Normal-False- ID:()
	系统初始化开始
<warn>   [07-07 18:06:14 539] MainCtrl.Start                              L:41   <> T:1-Normal-False- ID:()
	初始化完毕,平台接口准备开启!
<warn>   [07-07 18:06:15 610] BHttpServer5.Start                          L:69   <> T:1-Normal-False- ID:()
	Http服务 IPAddress.Any Port:20007 启动
<info>    [07-07 18:06:18 751] SysConfigSrvc.GetAll                        L:58   <> T:1-Normal-False- ID:()
	获取到所有配置项:5个
<info>    [07-07 18:06:18 849] BaseTractorSrvc.GetAllTractorIds            L:115  <> T:1-Normal-False- ID:()
	获取到所有牵引车:58个
<info>    [07-07 18:06:29 057] BaseInt.ExecInt                             L:217  <> T:8-Normal-True- ID:()
	执行方法:weighresult
<debug>   [07-07 18:06:33 857] WeighbridgeInt.RecvWeigh                    L:33   <I> T:8-Normal-True- ID:()
	{"Mask_id":"","Msg_id":"1A202006150001","Operator":"苏玉萍","Order_id":"","Order_type":null,"Passtime":"2020-06-15 00:12:13","Sign":"5420987d453932b147ec3417f8e9d46b","Tractor_id":"冀ES4041","Trailer_id":"冀EWZ59挂","Weigh_time":"1","Weight":"47.900"}
<debug>   [07-07 18:09:23 273] WeighbridgeInt.RecvWeigh                    L:87   <I> T:8-Normal-True- ID:(内存中不存在冀ES4041的预约)
	{"Mask_id":"","Msg_id":"1A202006150001","Operator":"苏玉萍","Order_id":"","Order_type":null,"Passtime":"2020-06-15 00:12:13","Sign":"5420987d453932b147ec3417f8e9d46b","Tractor_id":"冀ES4041","Trailer_id":"冀EWZ59挂","Weigh_time":"1","Weight":"47.900"}
<debug>   [07-07 18:09:29 541] OrderGoodsSrvc.Get                          L:39   <> T:8-Normal-True- ID:()
	{"Billcheck":null,"Billid":null,"Capacity":null,"Checkman":null,"Company":null,"Createtime":null,"Customercheck":null,"Driver":null,"Endtime":null,"Goodsid":null,"Goodsname":null,"Goodstypr":null,"Grossman":null,"Grosstime":null,"Grossweight":null,"Id":0,"Indoorman":null,"IsSafeCheck":false,"Issendback":null,"Istoexit":null,"Levelnumber":0,"Loadweight":null,"Netweight":null,"Orderid":null,"Ordername":null,"Orderstat":null,"Ordertime":null,"Outdoorman":null,"Printid":null,"Printman":null,"Printtime":null,"Realweight":null,"Remark":null,"Safecheckflag":"1","Salesman":null,"SerialNumber":null,"Starttime":null,"Storeman":null,"Supercargo":null,"Tareman":null,"Taretime":null,"Tareweight":null,"Tractorid":"冀ES4041","Trailerid":null,"Transport":null,"Unit":null,"Unitext":null,"Waybillid":null}
<debug>   [07-07 18:09:44 041] WeighbridgeInt.RecvWeigh                    L:172  <> T:8-Normal-True- ID:(提货:False - 1次过磅更新后的预约信息)
	{"Billcheck":null,"Billid":"2020061001","Capacity":null,"Checkman":null,"Company":"福建港祥船务有限公司","Createtime":"2020-06-22 10:37:18","Customercheck":null,"Driver":"非凡","Endtime":null,"Goodsid":null,"Goodsname":"硝酸","Goodstypr":null,"Grossman":"苏玉萍","Grosstime":"2020-07-07 18:09:44","Grossweight":"47.900","Id":57,"Indoorman":null,"IsSafeCheck":false,"Issendback":"1","Istoexit":"1","Levelnumber":0,"Loadweight":"50","Netweight":null,"Orderid":"0016","Ordername":"01","Orderstat":"3","Ordertime":"2020-06-16","Outdoorman":null,"Printid":null,"Printman":null,"Printtime":null,"Realweight":"20","Remark":null,"Safecheckflag":"2","Salesman":null,"SerialNumber":null,"Starttime":null,"Storeman":null,"Supercargo":null,"Tareman":null,"Taretime":null,"Tareweight":null,"Tractorid":"冀ES4041","Trailerid":"浙A23456","Transport":"福建港祥船务有限公司","Unit":null,"Unitext":null,"Waybillid":null}
<debug>   [07-07 18:09:44 087] OrderGoodsSrvc.RechargeBill                 L:484  <> T:8-Normal-True- ID:(返回扣除的预约数量)
	{"Billcheck":null,"Billid":"2020061001","Capacity":null,"Checkman":null,"Company":"福建港祥船务有限公司","Createtime":"2020-06-22 10:37:18","Customercheck":null,"Driver":"非凡","Endtime":null,"Goodsid":null,"Goodsname":"硝酸","Goodstypr":null,"Grossman":"苏玉萍","Grosstime":"2020-07-07 18:09:44","Grossweight":"47.900","Id":57,"Indoorman":null,"IsSafeCheck":false,"Issendback":"1","Istoexit":"1","Levelnumber":0,"Loadweight":"50","Netweight":null,"Orderid":"0016","Ordername":"01","Orderstat":"3","Ordertime":"2020-06-16","Outdoorman":null,"Printid":null,"Printman":null,"Printtime":null,"Realweight":"20","Remark":null,"Safecheckflag":"2","Salesman":null,"SerialNumber":null,"Starttime":null,"Storeman":null,"Supercargo":null,"Tareman":null,"Taretime":null,"Tareweight":null,"Tractorid":"冀ES4041","Trailerid":"浙A23456","Transport":"福建港祥船务有限公司","Unit":null,"Unitext":null,"Waybillid":null}
<info>    [07-07 18:09:44 169] OrderGoodsSrvc.AddOrUpdate                  L:238  <> T:8-Normal-True- ID:(RechargeBill Stat)
	0
<tip>    [07-07 18:09:44 214] HttpCtrl.RecvHttpReq                        L:107  <O> T:8-Normal-True- ID:(方法:weighresult 耗时:195162ms <<<<<<<)
	客户端:(192.168.1.182-) POST方式访问URL:(192.168.1.182:20007/?cmd=weighresult) 
 请求:{
    "Order_id": "",
    "Msg_id": "1A202006150001",
    "Weigh_time": "1",
    "Tractor_id": "冀ES4041",
    "Trailer_id": "冀EWZ59挂",
    "Entertime": "2020-06-15 00:12:13",
    "Weight": "47.900",
    "Passtime": "2020-06-15 00:12:13",
    "Mask_id": "",
    "Operator": "苏玉萍",
    "Sign": "5420987d453932b147ec3417f8e9d46b"
}
	应答:{"Stat":"0","Reserve":null}
