<notice>   [06-01 12:14:38 225] MainCtrl.Start                              L:34   <> T:1-Normal-False- ID:()
	系统初始化开始
<warn>   [06-01 12:14:38 226] MainCtrl.Start                              L:36   <> T:1-Normal-False- ID:()
	初始化完毕,平台接口准备开启!
<warn>   [06-01 12:14:40 127] BHttpServer5.Start                          L:68   <> T:1-Normal-False- ID:()
	Http服务 IPAddress.Any Port:20007 启动
<notice>   [06-01 14:15:51 787] MainCtrl.Start                              L:34   <> T:1-Normal-False- ID:()
	系统初始化开始
<warn>   [06-01 14:15:51 787] MainCtrl.Start                              L:36   <> T:1-Normal-False- ID:()
	初始化完毕,平台接口准备开启!
<warn>   [06-01 14:15:53 721] BHttpServer5.Start                          L:68   <> T:1-Normal-False- ID:()
	Http服务 IPAddress.Any Port:20007 启动
<notice>   [06-01 16:54:56 062] MainCtrl.Start                              L:34   <> T:1-Normal-False- ID:()
	系统初始化开始
<warn>   [06-01 16:54:56 063] MainCtrl.Start                              L:36   <> T:1-Normal-False- ID:()
	初始化完毕,平台接口准备开启!
<warn>   [06-01 16:54:57 812] BHttpServer5.Start                          L:68   <> T:1-Normal-False- ID:()
	Http服务 IPAddress.Any Port:20007 启动
<info>    [06-01 16:55:59 204] BaseInt.ExecInt                             L:198  <> T:6-Normal-True- ID:()
	执行方法:0101
<debug>   [06-01 16:55:59 307] BaseGoodsInt.Get                            L:27   <I> T:6-Normal-True- ID:()
	
<tip>    [06-01 16:56:02 559] HttpCtrl.RecvHttpReq                        L:107  <O> T:6-Normal-True- ID:(方法:0101 耗时:3361ms <<<<<<<)
	客户端:(127.0.0.1-) POST方式访问URL:(localhost:20007/?cmd=0101) 
 请求:{Token: "NjM3MjY2MjY2NTQzNDkwMzA1LWFkbWluMQ==", Page: {Index: 1, Size: 10}, Goodsid: "", Goodsname: ""}
	应答:{"Stat":"请求解析失败","Page":{"Count":0,"Index":1,"Row":0,"Size":20},"GoodsList":null}
<info>    [06-01 16:57:31 508] BaseInt.ExecInt                             L:198  <> T:7-Normal-True- ID:()
	执行方法:0101
<debug>   [06-01 16:57:31 551] BaseGoodsInt.Get                            L:27   <I> T:7-Normal-True- ID:()
	
<tip>    [06-01 16:57:31 584] HttpCtrl.RecvHttpReq                        L:107  <O> T:7-Normal-True- ID:(方法:0101 耗时:75ms <<<<<<<)
	客户端:(192.168.1.182-) POST方式访问URL:(192.168.1.182:20007/?cmd=0101) 
 请求:{Token: "NjM3MjY2MjY2NTQzNDkwMzA1LWFkbWluMQ==", Page: {Index: 1, Size: 10}, Goodsid: "", Goodsname: ""}
	应答:{"Stat":"请求解析失败","Page":{"Count":0,"Index":1,"Row":0,"Size":20},"GoodsList":null}
<info>    [06-01 16:58:52 149] BaseInt.ExecInt                             L:198  <> T:4-Normal-True- ID:()
	执行方法:0101
<debug>   [06-01 16:58:54 739] BaseGoodsInt.Get                            L:27   <I> T:4-Normal-True- ID:()
	
<tip>    [06-01 16:59:33 873] HttpCtrl.RecvHttpReq                        L:107  <O> T:4-Normal-True- ID:(方法:0101 耗时:85707ms <<<<<<<)
	客户端:(192.168.1.182-) POST方式访问URL:(192.168.1.182:20007/?cmd=0101) 
 请求:{Token: "NjM3MjY2MjY2NTQzNDkwMzA1LWFkbWluMQ==", Page: {Index: 1, Size: 10}, Goodsid: "", Goodsname: ""}
	应答:{"Stat":"请求解析失败","Page":{"Count":0,"Index":1,"Row":0,"Size":20},"GoodsList":null}
<debug>   [06-01 17:00:01 084] TimerCtrl.AllTask                           L:109  <> T:16-Normal-True- ID:()
	小时任务开始
<debug>   [06-01 17:00:01 085] TimerCtrl.AllTask                           L:111  <> T:16-Normal-True- ID:()
	小时任务结束
<info>    [06-01 17:02:41 358] BaseInt.ExecInt                             L:198  <> T:4-Normal-True- ID:()
	执行方法:0101
<debug>   [06-01 17:02:41 391] BaseGoodsInt.Get                            L:27   <I> T:4-Normal-True- ID:()
	
<tip>    [06-01 17:02:41 407] HttpCtrl.RecvHttpReq                        L:107  <O> T:4-Normal-True- ID:(方法:0101 耗时:5185ms <<<<<<<)
	客户端:(192.168.1.182-) POST方式访问URL:(192.168.1.182:20007/?cmd=0101) 
 请求:{Token: "NjM3MjY2MjY2NTQzNDkwMzA1LWFkbWluMQ==", Page: {Index: 1, Size: 10}, Goodsid: "", Goodsname: ""}
	应答:{"Stat":"请求解析失败","Page":{"Count":0,"Index":1,"Row":0,"Size":20},"GoodsList":null}
<info>    [06-01 17:06:55 409] BaseInt.ExecInt                             L:198  <> T:4-Normal-True- ID:()
	执行方法:0101
<debug>   [06-01 17:06:55 446] BaseGoodsInt.Get                            L:27   <I> T:4-Normal-True- ID:()
	
<tip>    [06-01 17:06:55 458] HttpCtrl.RecvHttpReq                        L:107  <O> T:4-Normal-True- ID:(方法:0101 耗时:8869ms <<<<<<<)
	客户端:(192.168.1.182-) POST方式访问URL:(192.168.1.182:20007/?cmd=0101) 
 请求:{Token: "NjM3MjY2MjY2NTQzNDkwMzA1LWFkbWluMQ==", Page: {Index: 1, Size: 10}, Goodsid: "", Goodsname: ""}
	应答:{"Stat":"请求解析失败","Page":{"Count":0,"Index":1,"Row":0,"Size":20},"GoodsList":null}
<info>    [06-01 17:07:27 346] BaseInt.ExecInt                             L:198  <> T:4-Normal-True- ID:()
	执行方法:0101
<debug>   [06-01 17:07:27 386] BaseGoodsInt.Get                            L:27   <I> T:4-Normal-True- ID:()
	
<tip>    [06-01 17:07:27 397] HttpCtrl.RecvHttpReq                        L:107  <O> T:4-Normal-True- ID:(方法:0101 耗时:4646ms <<<<<<<)
	客户端:(192.168.1.182-) POST方式访问URL:(192.168.1.182:20007/?cmd=0101) 
 请求:{Token: "NjM3MjY2MjY2NTQzNDkwMzA1LWFkbWluMQ==", Page: {Index: 1, Size: 10}, Goodsid: "", Goodsname: ""}
	应答:{"Stat":"请求解析失败","Page":{"Count":0,"Index":1,"Row":0,"Size":20},"GoodsList":null}
<info>    [06-01 17:09:38 744] BaseInt.ExecInt                             L:198  <> T:10-Normal-True- ID:()
	执行方法:0101
<debug>   [06-01 17:09:38 779] BaseGoodsInt.Get                            L:27   <I> T:10-Normal-True- ID:()
	
<tip>    [06-01 17:09:38 791] HttpCtrl.RecvHttpReq                        L:107  <O> T:10-Normal-True- ID:(方法:0101 耗时:1942ms <<<<<<<)
	客户端:(192.168.1.182-) POST方式访问URL:(192.168.1.182:20007/?cmd=0101) 
 请求:Token: "NjM3MjY2MjY2NTQzNDkwMzA1LWFkbWluMQ==", Page: {Index: 1, Size: 10}, Goodsid: "", Goodsname: ""
	应答:{"Stat":"请求解析失败","Page":{"Count":0,"Index":1,"Row":0,"Size":20},"GoodsList":null}
<tip>    [06-01 17:11:55 309] HttpCtrl.RecvHttpReq                        L:107  <O> T:10-Normal-True- ID:(方法:0101 耗时:0ms <<<<<<<)
	客户端:(192.168.1.182-) GET方式访问URL:(192.168.1.182:20007/?cmd=0101) 
 请求:
	应答:
<tip>    [06-01 17:12:39 625] HttpCtrl.RecvHttpReq                        L:107  <O> T:10-Normal-True- ID:(方法:0101 耗时:0ms <<<<<<<)
	客户端:(192.168.1.182-) GET方式访问URL:(192.168.1.182:20007/?cmd=0101) 
 请求:
	应答:
<tip>    [06-01 17:13:08 611] HttpCtrl.RecvHttpReq                        L:107  <O> T:10-Normal-True- ID:(方法:0101 耗时:0ms <<<<<<<)
	客户端:(192.168.1.182-) GET方式访问URL:(192.168.1.182:20007/?cmd=0101) 
 请求:
	应答:
<tip>    [06-01 17:13:53 771] HttpCtrl.RecvHttpReq                        L:107  <O> T:33-Normal-True- ID:(方法:0101 耗时:0ms <<<<<<<)
	客户端:(192.168.1.182-) GET方式访问URL:(192.168.1.182:20007/?cmd=0101) 
 请求:
	应答:
<info>    [06-01 17:14:32 366] BaseInt.ExecInt                             L:198  <> T:33-Normal-True- ID:()
	执行方法:0101
<debug>   [06-01 17:14:32 398] BaseGoodsInt.Get                            L:27   <I> T:33-Normal-True- ID:()
	
<tip>    [06-01 17:14:32 413] HttpCtrl.RecvHttpReq                        L:107  <O> T:33-Normal-True- ID:(方法:0101 耗时:2901ms <<<<<<<)
	客户端:(192.168.1.182-) POST方式访问URL:(192.168.1.182:20007/?cmd=0101) 
 请求:{Token: "NjM3MjY2MjY2NTQzNDkwMzA1LWFkbWluMQ==", Page: {Index: 1, Size: 10}, Goodsid: "", Goodsname: ""}
	应答:{"Stat":"请求解析失败","Page":{"Count":0,"Index":1,"Row":0,"Size":20},"GoodsList":null}
<notice>   [06-01 17:15:30 565] BaseInt.ExecInt                             L:173  <> T:33-Normal-True- ID:()
	cmd为空,无效的命令字
<tip>    [06-01 17:15:30 567] HttpCtrl.RecvHttpReq                        L:107  <O> T:33-Normal-True- ID:(方法: 耗时:3088ms <<<<<<<)
	客户端:(192.168.1.182-) POST方式访问URL:(192.168.1.182:20007/) 
 请求:{Token: "NjM3MjY2MjY2NTQzNDkwMzA1LWFkbWluMQ==", Page: {Index: 1, Size: 10}, Goodsid: "", Goodsname: ""}
	应答:{"Stat":"cmd为空,无效的命令字"}
<info>    [06-01 17:16:02 946] BaseInt.ExecInt                             L:198  <> T:33-Normal-True- ID:()
	执行方法:0101
<debug>   [06-01 17:16:02 987] BaseGoodsInt.Get                            L:27   <I> T:33-Normal-True- ID:()
	
<tip>    [06-01 17:16:03 001] HttpCtrl.RecvHttpReq                        L:107  <O> T:33-Normal-True- ID:(方法:0101 耗时:6237ms <<<<<<<)
	客户端:(192.168.1.182-) POST方式访问URL:(192.168.1.182:20007/?cmd=0101) 
 请求:{Token: "NjM3MjY2MjY2NTQzNDkwMzA1LWFkbWluMQ==", Page: {Index: 1, Size: 10}, Goodsid: "", Goodsname: ""}
	应答:{"Stat":"请求解析失败","Page":{"Count":0,"Index":1,"Row":0,"Size":20},"GoodsList":null}
<notice>   [06-01 17:16:25 192] BaseInt.ExecInt                             L:173  <> T:32-Normal-True- ID:()
	cmd为空,无效的命令字
<tip>    [06-01 17:16:25 193] HttpCtrl.RecvHttpReq                        L:107  <O> T:32-Normal-True- ID:(方法: 耗时:1815ms <<<<<<<)
	客户端:(192.168.1.182-) POST方式访问URL:(192.168.1.182:20007/) 
 请求:{Token: "NjM3MjY2MjY2NTQzNDkwMzA1LWFkbWluMQ==", Page: {Index: 1, Size: 10}, Goodsid: "", Goodsname: ""}
	应答:{"Stat":"cmd为空,无效的命令字"}
<info>    [06-01 17:16:59 870] BaseInt.ExecInt                             L:198  <> T:32-Normal-True- ID:()
	执行方法:0101
<debug>   [06-01 17:17:00 932] BaseGoodsInt.Get                            L:27   <I> T:32-Normal-True- ID:()
	
<tip>    [06-01 17:17:29 179] HttpCtrl.RecvHttpReq                        L:107  <O> T:32-Normal-True- ID:(方法:0101 耗时:31149ms <<<<<<<)
	客户端:(192.168.1.182-) POST方式访问URL:(192.168.1.182:20007/?cmd=0101) 
 请求:{Token: "NjM3MjY2MjY2NTQzNDkwMzA1LWFkbWluMQ==", Page: {Index: 1, Size: 10}, Goodsid: "", Goodsname: ""}
	应答:{"Stat":"请求解析失败","Page":{"Count":0,"Index":1,"Row":0,"Size":20},"GoodsList":null}
<info>    [06-01 17:20:41 513] BaseInt.ExecInt                             L:198  <> T:32-Normal-True- ID:()
	执行方法:0101
<debug>   [06-01 17:20:41 592] BaseGoodsInt.Get                            L:27   <I> T:32-Normal-True- ID:()
	
<tip>    [06-01 17:20:41 603] HttpCtrl.RecvHttpReq                        L:107  <O> T:32-Normal-True- ID:(方法:0101 耗时:6238ms <<<<<<<)
	客户端:(192.168.1.182-) POST方式访问URL:(192.168.1.182:20007/?cmd=0101) 
 请求:{Token: "NjM3MjY2MjY2NTQzNDkwMzA1LWFkbWluMQ==", Page: {Index: 1, Size: 10}, Goodsid: "", Goodsname: ""}
	应答:{"Stat":"请求解析失败","Page":{"Count":0,"Index":1,"Row":0,"Size":20},"GoodsList":null}
<info>    [06-01 17:21:05 891] BaseInt.ExecInt                             L:198  <> T:32-Normal-True- ID:()
	执行方法:0101
<debug>   [06-01 17:21:05 929] BaseGoodsInt.Get                            L:27   <I> T:32-Normal-True- ID:()
	
<tip>    [06-01 17:21:05 942] HttpCtrl.RecvHttpReq                        L:107  <O> T:32-Normal-True- ID:(方法:0101 耗时:51ms <<<<<<<)
	客户端:(192.168.1.182-) POST方式访问URL:(192.168.1.182:20007/?cmd=0101) 
 请求:{Token: "NjM3MjY2MjY2NTQzNDkwMzA1LWFkbWluMQ==", Page: {Index: 1, Size: 10}, Goodsid: "", Goodsname: ""}
	应答:{"Stat":"请求解析失败","Page":{"Count":0,"Index":1,"Row":0,"Size":20},"GoodsList":null}
<warn>   [06-01 17:21:38 192] BaseInt.ExecInt                             L:161  <> T:32-Normal-True- ID:()
	请求包体内容为空
<tip>    [06-01 17:21:38 193] HttpCtrl.RecvHttpReq                        L:107  <O> T:32-Normal-True- ID:(方法:0101 耗时:0ms <<<<<<<)
	客户端:(192.168.1.182-) POST方式访问URL:(192.168.1.182:20007/?cmd=0101) 
 请求:
	应答:{"Stat":"无效请求"}
<info>    [06-01 17:23:08 731] BaseInt.ExecInt                             L:198  <> T:32-Normal-True- ID:()
	执行方法:0101
<debug>   [06-01 17:23:08 774] BaseGoodsInt.Get                            L:27   <I> T:32-Normal-True- ID:()
	
<tip>    [06-01 17:23:08 786] HttpCtrl.RecvHttpReq                        L:107  <O> T:32-Normal-True- ID:(方法:0101 耗时:55ms <<<<<<<)
	客户端:(192.168.1.182-) POST方式访问URL:(192.168.1.182:20007/?cmd=0101) 
 请求:{Token: "NjM3MjY2MjY2NTQzNDkwMzA1LWFkbWluMQ==", Page: {Index: 1, Size: 10}, Goodsid: "", Goodsname: ""}
	应答:{"Stat":"请求解析失败","Page":{"Count":0,"Index":1,"Row":0,"Size":20},"GoodsList":null}
<info>    [06-01 17:31:58 509] BaseInt.ExecInt                             L:198  <> T:25-Normal-True- ID:()
	执行方法:0101
<debug>   [06-01 17:31:58 590] BaseGoodsInt.Get                            L:27   <I> T:25-Normal-True- ID:()
	
<tip>    [06-01 17:31:58 598] HttpCtrl.RecvHttpReq                        L:107  <O> T:25-Normal-True- ID:(方法:0101 耗时:88ms <<<<<<<)
	客户端:(192.168.1.182-) POST方式访问URL:(192.168.1.182:20007/?cmd=0101) 
 请求:{Token: "NjM3MjY2MjY2NTQzNDkwMzA1LWFkbWluMQ==", Page: {Index: 1, Size: 10}, Goodsid: "", Goodsname: ""}
	应答:{"Stat":"请求解析失败","Page":{"Count":0,"Index":1,"Row":0,"Size":20},"GoodsList":null}
<info>    [06-01 17:33:51 399] BaseInt.ExecInt                             L:198  <> T:25-Normal-True- ID:()
	执行方法:0101
<debug>   [06-01 17:33:52 828] BaseGoodsInt.Get                            L:27   <I> T:25-Normal-True- ID:()
	
<tip>    [06-01 17:34:57 806] HttpCtrl.RecvHttpReq                        L:107  <O> T:25-Normal-True- ID:(方法:0101 耗时:135375ms <<<<<<<)
	客户端:(192.168.1.182-) POST方式访问URL:(192.168.1.182:20007/?cmd=0101) 
 请求:{Token: "NjM3MjY2MjY2NTQzNDkwMzA1LWFkbWluMQ==", Page: {Index: 1, Size: 10}, Goodsid: "", Goodsname: ""}
	应答:{"Stat":"请求解析失败","Page":{"Count":0,"Index":1,"Row":0,"Size":20},"GoodsList":null}
<info>    [06-01 17:36:48 077] BaseInt.ExecInt                             L:198  <> T:25-Normal-True- ID:()
	执行方法:0101
<debug>   [06-01 17:36:48 110] BaseGoodsInt.Get                            L:27   <I> T:25-Normal-True- ID:()
	
<tip>    [06-01 17:36:48 118] HttpCtrl.RecvHttpReq                        L:107  <O> T:25-Normal-True- ID:(方法:0101 耗时:15951ms <<<<<<<)
	客户端:(192.168.1.182-) POST方式访问URL:(192.168.1.182:20007/?cmd=0101) 
 请求:{Token: "NjM3MjY2MjY2NTQzNDkwMzA1LWFkbWluMQ==", Page: {Index: 1, Size: 10}, Goodsid: "", Goodsname: ""}
	应答:{"Stat":"请求解析失败","Page":{"Count":0,"Index":1,"Row":0,"Size":20},"GoodsList":null}
<notice>   [06-01 17:53:18 382] MainCtrl.Start                              L:34   <> T:1-Normal-False- ID:()
	系统初始化开始
<warn>   [06-01 17:53:18 383] MainCtrl.Start                              L:36   <> T:1-Normal-False- ID:()
	初始化完毕,平台接口准备开启!
<warn>   [06-01 17:53:19 824] BHttpServer5.Start                          L:68   <> T:1-Normal-False- ID:()
	Http服务 IPAddress.Any Port:20007 启动
<info>    [06-01 17:54:44 895] BaseInt.ExecInt                             L:198  <> T:4-Normal-True- ID:()
	执行方法:0101
<debug>   [06-01 17:54:46 038] BaseGoodsInt.Get                            L:27   <I> T:4-Normal-True- ID:()
	
<tip>    [06-01 17:54:50 218] HttpCtrl.RecvHttpReq                        L:107  <O> T:4-Normal-True- ID:(方法:0101 耗时:75884ms <<<<<<<)
	客户端:(192.168.1.182-) POST方式访问URL:(192.168.1.182:20007/?cmd=0101) 
 请求:{Token: "NjM3MjY2MjY2NTQzNDkwMzA1LWFkbWluMQ==", Page: {Index: 1, Size: 10}, Goodsid: "", Goodsname: ""}
	应答:{"Stat":"请求解析失败","Page":{"Count":0,"Index":1,"Row":0,"Size":20},"GoodsList":null}
<info>    [06-01 17:56:07 315] BaseInt.ExecInt                             L:198  <> T:4-Normal-True- ID:()
	执行方法:0101
<notice>   [06-01 18:00:30 842] MainCtrl.Start                              L:34   <> T:1-Normal-False- ID:()
	系统初始化开始
<warn>   [06-01 18:00:30 842] MainCtrl.Start                              L:36   <> T:1-Normal-False- ID:()
	初始化完毕,平台接口准备开启!
<warn>   [06-01 18:00:33 022] BHttpServer5.Start                          L:68   <> T:1-Normal-False- ID:()
	Http服务 IPAddress.Any Port:20007 启动
<info>    [06-01 18:01:02 484] BaseInt.ExecInt                             L:198  <> T:6-Normal-True- ID:()
	执行方法:0101
<debug>   [06-01 18:01:09 676] BaseGoodsInt.Get                            L:27   <I> T:6-Normal-True- ID:()
	
<notice>   [06-01 18:02:35 136] MainCtrl.Start                              L:34   <> T:1-Normal-False- ID:()
	系统初始化开始
<warn>   [06-01 18:02:35 136] MainCtrl.Start                              L:36   <> T:1-Normal-False- ID:()
	初始化完毕,平台接口准备开启!
<warn>   [06-01 18:02:36 656] BHttpServer5.Start                          L:68   <> T:1-Normal-False- ID:()
	Http服务 IPAddress.Any Port:20007 启动
<info>    [06-01 18:02:44 056] BaseInt.ExecInt                             L:198  <> T:4-Normal-True- ID:()
	执行方法:0101
<debug>   [06-01 18:02:46 490] BaseGoodsInt.Get                            L:27   <I> T:4-Normal-True- ID:()
	
<tip>    [06-01 18:03:11 124] HttpCtrl.RecvHttpReq                        L:107  <O> T:4-Normal-True- ID:(方法:0101 耗时:28820ms <<<<<<<)
	客户端:(192.168.1.182-) POST方式访问URL:(192.168.1.182:20007/?cmd=0101) 
 请求:{Token: "NjM3MjY2MjY2NTQzNDkwMzA1LWFkbWluMQ==", Page: {Index: 1, Size: 10}, Goodsid: "", Goodsname: ""}
	应答:{"Stat":null,"Page":{"Count":0,"Index":1,"Row":0,"Size":20},"GoodsList":null}
<notice>   [06-01 18:04:39 051] MainCtrl.Start                              L:34   <> T:1-Normal-False- ID:()
	系统初始化开始
<warn>   [06-01 18:04:39 052] MainCtrl.Start                              L:36   <> T:1-Normal-False- ID:()
	初始化完毕,平台接口准备开启!
<warn>   [06-01 18:04:41 562] BHttpServer5.Start                          L:68   <> T:1-Normal-False- ID:()
	Http服务 IPAddress.Any Port:20007 启动
<info>    [06-01 18:05:13 730] BaseInt.ExecInt                             L:198  <> T:4-Normal-True- ID:()
	执行方法:0101
<debug>   [06-01 18:05:15 871] BaseGoodsInt.Get                            L:27   <I> T:4-Normal-True- ID:()
	
<tip>    [06-01 18:05:19 093] HttpCtrl.RecvHttpReq                        L:107  <O> T:4-Normal-True- ID:(方法:0101 耗时:7309ms <<<<<<<)
	客户端:(192.168.1.182-) POST方式访问URL:(192.168.1.182:20007/?cmd=0101) 
 请求:{Token: "NjM3MjY2MjY2NTQzNDkwMzA1LWFkbWluMQ==", Page: {Index: 1, Size: 10}, Goodsid: "", Goodsname: ""}
	应答:{"Stat":"0","Page":{"Count":0,"Index":1,"Row":0,"Size":20},"GoodsList":null}
<notice>   [06-01 18:07:30 360] MainCtrl.Start                              L:34   <> T:1-Normal-False- ID:()
	系统初始化开始
<warn>   [06-01 18:07:30 361] MainCtrl.Start                              L:36   <> T:1-Normal-False- ID:()
	初始化完毕,平台接口准备开启!
<warn>   [06-01 18:07:32 636] BHttpServer5.Start                          L:68   <> T:1-Normal-False- ID:()
	Http服务 IPAddress.Any Port:20007 启动
<info>    [06-01 18:07:37 048] BaseInt.ExecInt                             L:198  <> T:5-Normal-True- ID:()
	执行方法:0101
<debug>   [06-01 18:07:37 177] BaseGoodsInt.Get                            L:27   <I> T:5-Normal-True- ID:()
	
<tip>    [06-01 18:07:40 660] HttpCtrl.RecvHttpReq                        L:107  <O> T:5-Normal-True- ID:(方法:0101 耗时:3616ms <<<<<<<)
	客户端:(192.168.1.182-) POST方式访问URL:(192.168.1.182:20007/?cmd=0101) 
 请求:{Token: "NjM3MjY2MjY2NTQzNDkwMzA1LWFkbWluMQ==", Page: {Index: 1, Size: 10}, Goodsid: "", Goodsname: ""}
	应答:{"Stat":"请求解析失败","Page":{"Count":0,"Index":1,"Row":0,"Size":20},"GoodsList":null}
<info>    [06-01 18:07:52 558] BaseInt.ExecInt                             L:198  <> T:7-Normal-True- ID:()
	执行方法:0101
<warn>   [06-01 18:08:38 389] BaseInt.ExecInt                             L:206  <O> T:7-Normal-True- ID:()
	方法:0101 Err:Object reference not set to an instance of an object. 
 StackTrace:   at Yongrong.Int.BaseInfo.BaseGoodsInt.Get(Dictionary`2 reqmap, Byte[] reqbytes) in D:\yongrong\Yongrong\Int\BaseInfo\BaseGoodsInt.cs:line 75
   at Yongrong.Int.BaseInt.ExecInt(String cmd, Dictionary`2 urlMap, Byte[] reqbytes) in D:\yongrong\Yongrong\Int\BaseInt.cs:line 202 
 InnerException:
<tip>    [06-01 18:08:38 411] HttpCtrl.RecvHttpReq                        L:107  <O> T:7-Normal-True- ID:(方法:0101 耗时:45852ms <<<<<<<)
	客户端:(192.168.1.182-) POST方式访问URL:(192.168.1.182:20007/?cmd=0101) 
 请求:{Token: "NjM3MjY2MjY2NTQzNDkwMzA1LWFkbWluMQ==", Page: {Index: 1, Size: 10}, Goodsid: "", Goodsname: ""}
	应答:{"Stat":"未知错误"}
<info>    [06-01 18:08:42 224] BaseInt.ExecInt                             L:198  <> T:14-Normal-True- ID:()
	执行方法:0101
<tip>    [06-01 18:09:58 568] HttpCtrl.RecvHttpReq                        L:107  <O> T:14-Normal-True- ID:(方法:0101 耗时:76344ms <<<<<<<)
	客户端:(192.168.1.182-) POST方式访问URL:(192.168.1.182:20007/?cmd=0101) 
 请求:{Token: "NjM3MjY2MjY2NTQzNDkwMzA1LWFkbWluMQ==", Page: {Index: 1, Size: 10}, Goodsid: "", Goodsname: ""}
	应答:{"Stat":"0","Page":{"Count":0,"Index":1,"Row":0,"Size":20},"GoodsList":null}
<info>    [06-01 18:10:02 083] BaseInt.ExecInt                             L:198  <> T:5-Normal-True- ID:()
	执行方法:0101
<notice>   [06-01 18:23:30 704] MainCtrl.Start                              L:34   <> T:1-Normal-False- ID:()
	系统初始化开始
<warn>   [06-01 18:23:30 704] MainCtrl.Start                              L:36   <> T:1-Normal-False- ID:()
	初始化完毕,平台接口准备开启!
<warn>   [06-01 18:23:33 212] BHttpServer5.Start                          L:68   <> T:1-Normal-False- ID:()
	Http服务 IPAddress.Any Port:20007 启动
<info>    [06-01 18:23:45 428] BaseInt.ExecInt                             L:198  <> T:6-Normal-True- ID:()
	执行方法:0110
<debug>   [06-01 18:23:48 371] BaseSupercargoSrvc.Get                      L:33   <> T:6-Normal-True- ID:()
	{"Cardid":"","Code":null,"Createtime":null,"Driver":null,"Driverid":"","Drivervalid":null,"Id":0,"Name":"","Otherid":null,"Othervalid":null,"TractorId":"","TrailerId":null,"Transport":"","Whiteflag":null}
<tip>    [06-01 18:23:48 680] HttpCtrl.RecvHttpReq                        L:107  <O> T:6-Normal-True- ID:(方法:0110 耗时:3258ms <<<<<<<)
	客户端:(192.168.1.137-) POST方式访问URL:(192.168.1.182:20007/?cmd=0110) 
 请求:{"Page":{"Index":1,"Size":10},"Query":{"Name":"","Cardid":"","Driverid":"","TractorId":"","Transport":""},"Token":"NjM3MjY2MzI0ODI5MjM2MzYwLWRlbWExMTU="}
	应答:{"Stat":"0","Page":{"Count":2,"Index":1,"Row":12,"Size":10},"List":[{"Cardid":"2121","Code":null,"Createtime":"2020-06-01 15:54:52","Driver":null,"Driverid":"13131","Drivervalid":"2022-06-25","Id":22,"Name":"放到","Otherid":null,"Othervalid":null,"TractorId":null,"TrailerId":null,"Transport":"福建港祥船务有限公司","Whiteflag":null},{"Cardid":"11111","Code":"3333333","Createtime":"2020-05-28 16:27:00","Driver":"123","Driverid":"2222","Drivervalid":"2020-05-31","Id":20,"Name":"押运员","Otherid":"213","Othervalid":"2020-05-31","TractorId":"987654321","TrailerId":"123456","Transport":"福建省莆田凯松化工厂","Whiteflag":null},{"Cardid":"1","Code":"1","Createtime":"2020-05-28 13:25:20","Driver":"1","Driverid":"1","Drivervalid":"2025.12.12","Id":18,"Name":"1","Otherid":"1","Othervalid":null,"TractorId":"1","TrailerId":"1","Transport":"1","Whiteflag":null},{"Cardid":"421554555855855","Code":"4522236","Createtime":"2020-04-20 09:00:00","Driver":"何金旺","Driverid":"455222122","Drivervalid":"2025.12.12","Id":13,"Name":"何金旺","Otherid":"身份证","Othervalid":"2020.10.10","TractorId":"闽B29654","TrailerId":"闽A888挂","Transport":"福建永安化工厂","Whiteflag":null},{"Cardid":"421554555855855","Code":"4522236","Createtime":"2020-04-20 09:00:00","Driver":"何金旺","Driverid":"455222122","Drivervalid":"2025.12.12","Id":9,"Name":"郑仁德","Otherid":"身份证","Othervalid":"2020.10.10","TractorId":"闵C36245","TrailerId":"闽A888挂","Transport":"福建永安化工厂","Whiteflag":null},{"Cardid":"421554555855855","Code":"4522236","Createtime":"2020-04-20 09:00:00","Driver":"何金旺","Driverid":"455222122","Drivervalid":"2025.12.12","Id":8,"Name":"何金旺","Otherid":"身份证","Othervalid":"2020.10.10","TractorId":"闵B29653","TrailerId":"闽A888挂","Transport":"福建永安化工厂","Whiteflag":null},{"Cardid":"421554555855855","Code":"4522236","Createtime":"2020-04-20 09:00:00","Driver":"何金旺","Driverid":"455222122","Drivervalid":"2025.12.12","Id":7,"Name":"李金牙","Otherid":"身份证","Othervalid":"2020.10.10","TractorId":"闵G51613","TrailerId":"闽A888挂","Transport":"福建永安化工厂","Whiteflag":null},{"Cardid":"421554555855855","Code":"4522236","Createtime":"2020-04-20 09:00:00","Driver":"何金旺","Driverid":"455222122","Drivervalid":"2025.12.12","Id":6,"Name":"胖子","Otherid":"身份证","Othervalid":"2020.10.10","TractorId":"闵C34801","TrailerId":"闽A888挂","Transport":"泉州市金龙街福建屏南化工厂","Whiteflag":null},{"Cardid":"421554555855855","Code":"4522236","Createtime":"2020-04-20 09:00:00","Driver":"何金旺","Driverid":"333","Drivervalid":"2025.12.12","Id":5,"Name":"胡八一","Otherid":"身份证","Othervalid":"2020.10.10","TractorId":"闵B34801","TrailerId":"闽A888挂","Transport":"福建明辉化工厂","Whiteflag":null},{"Cardid":"421554555855855","Code":"4522236","Createtime":"2020-04-20 09:00:00","Driver":"何金旺","Driverid":"222","Drivervalid":"2025.12.12","Id":4,"Name":"郑仁德","Otherid":"身份证","Othervalid":"2020.10.10","TractorId":"闵A82439","TrailerId":"闽A888挂","Transport":"福建永安福建泉州北峰化工厂","Whiteflag":null}]}
<info>    [06-01 18:23:49 528] BaseInt.ExecInt                             L:198  <> T:12-Normal-True- ID:()
	执行方法:0702
<debug>   [06-01 18:24:03 188] UserPermissionInt.Get                       L:35   <I> T:12-Normal-True- ID:()
	{"Token":"NjM3MjY2MzI0ODI5MjM2MzYwLWRlbWExMTU=","Page":{"Count":0,"Index":1,"Row":0,"Size":10},"Roleid":""}
<debug>   [06-01 18:24:43 699] RoleSrvc.Get                                L:35   <> T:12-Normal-True- ID:()
	{"Createtime":null,"Descript":null,"Isenable":null,"Roleid":null,"Rolename":null,"Userid":null}
<info>    [06-01 18:25:26 920] BaseInt.ExecInt                             L:198  <> T:7-Normal-True- ID:()
	执行方法:0702
<debug>   [06-01 18:25:34 077] UserPermissionInt.Get                       L:35   <I> T:7-Normal-True- ID:()
	{"Token":"NjM3MjY2MzI0ODI5MjM2MzYwLWRlbWExMTU=","Page":{"Count":0,"Index":1,"Row":0,"Size":10},"Roleid":""}
<info>    [06-01 18:25:36 045] BaseInt.ExecInt                             L:198  <> T:9-Normal-True- ID:()
	执行方法:0701
<debug>   [06-01 18:25:36 054] RoleInt.Get                                 L:30   <I> T:9-Normal-True- ID:()
	{"Token":"NjM3MjY2MzI0ODI5MjM2MzYwLWRlbWExMTU=","Page":{"Count":1,"Index":1,"Row":4,"Size":10},"Query":null}
<debug>   [06-01 18:25:36 846] RoleSrvc.Get                                L:35   <> T:9-Normal-True- ID:()
	{"Createtime":null,"Descript":null,"Isenable":null,"Roleid":null,"Rolename":null,"Userid":null}
<debug>   [06-01 18:25:36 861] RoleSrvc.Get                                L:35   <> T:7-Normal-True- ID:()
	{"Createtime":null,"Descript":null,"Isenable":null,"Roleid":null,"Rolename":null,"Userid":null}
<debug>   [06-01 18:25:40 295] RolePermissionSrvc.Get                      L:28   <> T:12-Normal-True- ID:()
	{"Createtime":null,"Id":0,"Ispermission":null,"Permissionid":null,"Roleid":"销售客户"}
<debug>   [06-01 18:25:40 295] RolePermissionSrvc.Get                      L:28   <> T:7-Normal-True- ID:()
	{"Createtime":null,"Id":0,"Ispermission":null,"Permissionid":null,"Roleid":"销售客户"}
<debug>   [06-01 18:25:40 297] RolePermissionSrvc.Get                      L:28   <> T:9-Normal-True- ID:()
	{"Createtime":null,"Id":0,"Ispermission":null,"Permissionid":null,"Roleid":"销售客户"}
<debug>   [06-01 18:25:40 338] UserPermissionSrvc.Get                      L:31   <> T:12-Normal-True- ID:()
	{"Createtime":null,"Id":0,"Ispermission":null,"Permissionid":null,"Userid":"dema_sale"}
<debug>   [06-01 18:25:40 343] RolePermissionSrvc.Get                      L:28   <> T:9-Normal-True- ID:()
	{"Createtime":null,"Id":0,"Ispermission":null,"Permissionid":null,"Roleid":"供应商"}
<debug>   [06-01 18:25:40 350] RolePermissionSrvc.Get                      L:28   <> T:9-Normal-True- ID:()
	{"Createtime":null,"Id":0,"Ispermission":null,"Permissionid":null,"Roleid":"销售采购部"}
<debug>   [06-01 18:25:40 351] UserPermissionSrvc.Get                      L:31   <> T:12-Normal-True- ID:()
	{"Createtime":null,"Id":0,"Ispermission":null,"Permissionid":null,"Userid":"sdafsad"}
<debug>   [06-01 18:25:40 355] UserPermissionSrvc.Get                      L:31   <> T:12-Normal-True- ID:()
	{"Createtime":null,"Id":0,"Ispermission":null,"Permissionid":null,"Userid":"福建港祥船务有限公司"}
<debug>   [06-01 18:25:40 359] RolePermissionSrvc.Get                      L:28   <> T:9-Normal-True- ID:()
	{"Createtime":null,"Id":0,"Ispermission":null,"Permissionid":null,"Roleid":"测试部门"}
<debug>   [06-01 18:25:40 364] UserPermissionSrvc.Get                      L:31   <> T:12-Normal-True- ID:()
	{"Createtime":null,"Id":0,"Ispermission":null,"Permissionid":null,"Userid":"福建省莆田凯松化工厂"}
<debug>   [06-01 18:25:40 390] UserPermissionSrvc.Get                      L:31   <> T:7-Normal-True- ID:()
	{"Createtime":null,"Id":0,"Ispermission":null,"Permissionid":null,"Userid":"dema_sale"}
<debug>   [06-01 18:25:40 392] UserPermissionSrvc.Get                      L:31   <> T:7-Normal-True- ID:()
	{"Createtime":null,"Id":0,"Ispermission":null,"Permissionid":null,"Userid":"sdafsad"}
<tip>    [06-01 18:25:40 394] HttpCtrl.RecvHttpReq                        L:107  <O> T:12-Normal-True- ID:(方法:0702 耗时:110865ms <<<<<<<)
	客户端:(192.168.1.137-) POST方式访问URL:(192.168.1.182:20007/?cmd=0702) 
 请求:{"Token":"NjM3MjY2MzI0ODI5MjM2MzYwLWRlbWExMTU=","Page":{"Index":1,"Size":10},"Roleid":""}
	应答:{"Stat":"0","Page":{"Count":0,"Index":1,"Row":0,"Size":20},"RoleName":"销售客户","RoleNames":["销售客户","供应商","销售采购部","测试部门"],"RolePs":[{"P2name":"装车作业单","P3":["Add","Edit","Del"]},{"P2name":"退货作业单","P3":["Add","Edit","Del"]},{"P2name":"预约后台管理","P3":["Add","Edit","Del"]},{"P2name":"发货区最大车辆数设置","P3":["Add","Edit","Del"]},{"P2name":"物流环节间隔时间设置","P3":["Add","Edit","Del"]},{"P2name":"过磅单数据汇总","P3":["Add","Edit","Del"]},{"P2name":"门禁通行记录汇总","P3":["Add","Edit","Del"]},{"P2name":"客户提货数据汇总","P3":["Add","Edit","Del"]},{"P2name":"供应商送货数据汇总","P3":["Add","Edit","Del"]},{"P2name":"产品发货汇总报表","P3":["Add","Edit","Del"]},{"P2name":"原辅料收货汇总报表","P3":["Add","Edit","Del"]},{"P2name":"组织架构管理","P3":["Add","Edit","Del"]},{"P2name":"权限管理","P3":["Add","Edit","Del"]},{"P2name":"卸车作业单","P3":["Add","Edit","Del"]},{"P2name":"异常数据管理","P3":["Add","Edit","Del"]},{"P2name":"车辆安全检查","P3":["Add","Edit","Del"]},{"P2name":"预约信息核实","P3":["Add","Edit","Del"]},{"P2name":"物流门信息管理","P3":["Add","Edit","Del"]},{"P2name":"客户管理","P3":["Add","Edit","Del"]},{"P2name":"供应商管理","P3":["Add","Edit","Del"]},{"P2name":"运输公司管理","P3":["Add","Edit","Del"]},{"P2name":"牵引车管理","P3":["Add","Edit","Del"]},{"P2name":"挂车管理","P3":["Add","Edit","Del"]},{"P2name":"司机管理","P3":["Add","Edit","Del"]},{"P2name":"押运员管理","P3":["Add","Edit","Del"]},{"P2name":"物料信息管理","P3":["Add","Edit","Del"]},{"P2name":"产品退货预约管理","P3":["Add","Edit","Del"]},{"P2name":"原辅料进厂计划总单管理","P3":["Add","Edit","Del"]},{"P2name":"原辅料进厂预约管理","P3":["Add","Edit","Del"]},{"P2name":"产品出厂计划总单管理","P3":["Add","Edit","Del"]},{"P2name":"产品出厂预约管理","P3":["Add","Edit","Del"]},{"P2name":"产品退货单管理","P3":["Add","Edit","Del"]},{"P2name":"操作日志查询","P3":["Add","Edit","Del"]},{"P2name":"装卸车区管理","P3":["Add","Edit","Del"]}],"Users":[{"Name":"小谢","Phone":"1234567","Post":null,"Pwd":"","RoleId":"销售客户","UserId":"dema_sale","UserPs":[]},{"Name":"fdsf","Phone":"dsfdsf","Post":"fds","Pwd":"","RoleId":"销售客户","UserId":"sdafsad","UserPs":[]},{"Name":"福建港祥船务有限公司","Phone":"123455","Post":"销售客户","Pwd":"","RoleId":"销售客户","UserId":"福建港祥船务有限公司","UserPs":[{"P2name":"物流门信息管理","P3":["Add","Edit","Del"]},{"P2name":"客户管理","P3":["Add","Edit","Del"]},{"P2name":"供应商管理","P3":["Add","Edit","Del"]},{"P2name":"运输公司管理","P3":["Add","Edit","Del"]},{"P2name":"牵引车管理","P3":["Add","Edit","Del"]},{"P2name":"挂车管理","P3":["Add","Edit","Del"]},{"P2name":"司机管理","P3":["Add","Edit","Del"]},{"P2name":"押运员管理","P3":["Add","Edit","Del"]},{"P2name":"物料信息管理","P3":["Add","Edit","Del"]},{"P2name":"产品退货预约管理","P3":["Add","Edit","Del"]},{"P2name":"装车作业单","P3":["Add","Edit","Del"]},{"P2name":"原辅料进厂计划总单管理","P3":["Add","Edit","Del"]},{"P2name":"原辅料进厂预约管理","P3":["Add","Edit","Del"]},{"P2name":"产品出厂计划总单管理","P3":["Add","Edit","Del"]},{"P2name":"产品出厂预约管理","P3":["Add","Edit","Del"]},{"P2name":"产品退货单管理","P3":["Add","Edit","Del"]},{"P2name":"预约信息核实","P3":["Add","Edit","Del"]},{"P2name":"操作日志查询","P3":["Add","Edit","Del"]},{"P2name":"异常数据管理","P3":["Add","Edit","Del"]},{"P2name":"退货作业单","P3":["Add","Edit","Del"]},{"P2name":"预约后台管理","P3":["Add","Edit","Del"]},{"P2name":"发货区最大车辆数设置","P3":["Add","Edit","Del"]},{"P2name":"物流环节间隔时间设置","P3":["Add","Edit","Del"]},{"P2name":"过磅单数据汇总","P3":["Add","Edit","Del"]},{"P2name":"门禁通行记录汇总","P3":["Add","Edit","Del"]},{"P2name":"客户提货数据汇总","P3":["Add","Edit","Del"]},{"P2name":"供应商送货数据汇总","P3":["Add","Edit","Del"]},{"P2name":"产品发货汇总报表","P3":["Add","Edit","Del"]},{"P2name":"原辅料收货汇总报表","P3":["Add","Edit","Del"]},{"P2name":"组织架构管理","P3":["Add","Edit","Del"]},{"P2name":"权限管理","P3":["Add","Edit","Del"]},{"P2name":"卸车作业单","P3":["Add","Edit","Del"]},{"P2name":"车辆安全检查","P3":["Add","Edit","Del"]},{"P2name":"装卸车区管理","P3":["Add","Edit","Del"]}]},{"Name":"福建省莆田凯松化工厂","Phone":"1214124214","Post":"ee","Pwd":"","RoleId":"销售客户","UserId":"福建省莆田凯松化工厂","UserPs":[{"P2name":"装车作业单","P3":["Add","Edit","Del"]},{"P2name":"物流门信息管理","P3":["Add","Edit","Del"]},{"P2name":"客户管理","P3":["Add","Edit","Del"]},{"P2name":"运输公司管理","P3":["Add","Edit","Del"]},{"P2name":"牵引车管理","P3":["Add","Edit","Del"]},{"P2name":"供应商管理","P3":["Add","Edit","Del"]},{"P2name":"挂车管理","P3":["Add","Edit","Del"]},{"P2name":"司机管理","P3":["Add","Edit","Del"]},{"P2name":"押运员管理","P3":["Add","Edit","Del"]},{"P2name":"物料信息管理","P3":["Add","Edit","Del"]},{"P2name":"产品退货预约管理","P3":["Add","Edit","Del"]},{"P2name":"原辅料进厂计划总单管理","P3":["Add","Edit","Del"]},{"P2name":"原辅料进厂预约管理","P3":["Add","Edit","Del"]},{"P2name":"产品出厂计划总单管理","P3":["Add","Edit","Del"]},{"P2name":"产品出厂预约管理","P3":["Add","Edit","Del"]},{"P2name":"产品退货单管理","P3":["Add","Edit","Del"]},{"P2name":"预约信息核实","P3":["Add","Edit","Del"]},{"P2name":"操作日志查询","P3":["Add","Edit","Del"]},{"P2name":"异常数据管理","P3":["Add","Edit","Del"]},{"P2name":"退货作业单","P3":["Add","Edit","Del"]},{"P2name":"预约后台管理","P3":["Add","Edit","Del"]},{"P2name":"发货区最大车辆数设置","P3":["Add","Edit","Del"]},{"P2name":"物流环节间隔时间设置","P3":["Add","Edit","Del"]},{"P2name":"过磅单数据汇总","P3":["Add","Edit","Del"]},{"P2name":"门禁通行记录汇总","P3":["Add","Edit","Del"]},{"P2name":"客户提货数据汇总","P3":["Add","Edit","Del"]},{"P2name":"供应商送货数据汇总","P3":["Add","Edit","Del"]},{"P2name":"产品发货汇总报表","P3":["Add","Edit","Del"]},{"P2name":"原辅料收货汇总报表","P3":["Add","Edit","Del"]},{"P2name":"组织架构管理","P3":["Add","Edit","Del"]},{"P2name":"权限管理","P3":["Add","Edit","Del"]},{"P2name":"卸车作业单","P3":["Add","Edit","Del"]},{"P2name":"车辆安全检查","P3":["Add","Edit","Del"]},{"P2name":"装卸车区管理","P3":["Add","Edit","Del"]}]}]}
<debug>   [06-01 18:25:40 394] UserPermissionSrvc.Get                      L:31   <> T:7-Normal-True- ID:()
	{"Createtime":null,"Id":0,"Ispermission":null,"Permissionid":null,"Userid":"福建港祥船务有限公司"}
<tip>    [06-01 18:25:40 397] HttpCtrl.RecvHttpReq                        L:107  <O> T:9-Normal-True- ID:(方法:0701 耗时:4351ms <<<<<<<)
	客户端:(192.168.1.137-) POST方式访问URL:(192.168.1.182:20007/?cmd=0701) 
 请求:{"Page":{"Index":1,"Size":10},"Token":"NjM3MjY2MzI0ODI5MjM2MzYwLWRlbWExMTU="}
	应答:{"Stat":"0","Page":{"Count":0,"Index":1,"Row":0,"Size":20},"AllRoles":[{"Createtime":"2020-05-22 15:05:19","Descript":null,"Isenable":null,"Roleid":"销售客户","Rolename":"销售员","Userid":"dema_sale","Account":"dema_sale","Desc":null,"Menucode":null,"Menuname":"装车作业单,退货作业单,预约后台管理,发货区最大车辆数设置,物流环节间隔时间设置,过磅单数据汇总,门禁通行记录汇总,客户提货数据汇总,供应商送货数据汇总,产品发货汇总报表,原辅料收货汇总报表,组织架构管理,权限管理,卸车作业单,异常数据管理,车辆安全检查,预约信息核实,物流门信息管理,客户管理,供应商管理,运输公司管理,牵引车管理,挂车管理,司机管理,押运员管理,物料信息管理,产品退货预约管理,原辅料进厂计划总单管理,原辅料进厂预约管理,产品出厂计划总单管理,产品出厂预约管理,产品退货单管理,操作日志查询,装卸车区管理","Name":"小谢","Post":null,"Psd":null,"Tel":"1234567"},{"Createtime":"2020-05-22 15:06:33","Descript":null,"Isenable":null,"Roleid":"供应商","Rolename":"员工","Userid":"dema_support","Account":"dema_support","Desc":null,"Menucode":null,"Menuname":"装卸车区管理,装车作业单,退货作业单,预约后台管理,发货区最大车辆数设置,物流环节间隔时间设置,过磅单数据汇总,门禁通行记录汇总,客户提货数据汇总,供应商送货数据汇总,产品发货汇总报表,原辅料收货汇总报表,组织架构管理,权限管理,卸车作业单,异常数据管理,车辆安全检查,预约信息核实,物流门信息管理,客户管理,供应商管理,运输公司管理,牵引车管理,挂车管理,司机管理,押运员管理,物料信息管理,产品退货预约管理,原辅料进厂计划总单管理,原辅料进厂预约管理,产品出厂计划总单管理,产品出厂预约管理,产品退货单管理,操作日志查询","Name":"小谢供应商","Post":null,"Psd":null,"Tel":"1234567"},{"Createtime":"2020-05-20 15:59:00","Descript":null,"Isenable":null,"Roleid":"销售采购部","Rolename":"经理","Userid":"sales","Account":"sales","Desc":null,"Menucode":null,"Menuname":"产品退货单管理,产品出厂预约管理,产品出厂计划总单管理,原辅料进厂预约管理,原辅料进厂计划总单管理,产品退货预约管理","Name":"销售采购部","Post":null,"Psd":null,"Tel":"1234567"},{"Createtime":"2020-05-20 19:00:44","Descript":null,"Isenable":null,"Roleid":"测试部门","Rolename":"HR","Userid":"xxtest","Account":"xxtest","Desc":null,"Menucode":null,"Menuname":"操作日志查询,权限管理,组织架构管理,原辅料收货汇总报表,产品发货汇总报表,供应商送货数据汇总,客户提货数据汇总,门禁通行记录汇总,过磅单数据汇总,物流环节间隔时间设置,发货区最大车辆数设置,预约后台管理,退货作业单,装车作业单,卸车作业单,异常数据管理,产品退货单管理,产品出厂预约管理,产品出厂计划总单管理,原辅料进厂预约管理,原辅料进厂计划总单管理,产品退货预约管理,物料信息管理,押运员管理,司机管理,挂车管理,牵引车管理,运输公司管理,供应商管理,客户管理,物流门信息管理,预约信息核实,车辆安全检查,装卸车区管理","Name":"鑫鑫","Post":null,"Psd":null,"Tel":"13912345678"}],"Menu":[{"Item":"信息管理","ItemPermission":"01","SubItems":[{"P3":[],"SubItemName":"装卸车区管理","SubItemPermission":"0102"},{"P3":[],"SubItemName":"物流门信息管理","SubItemPermission":"0103"},{"P3":[],"SubItemName":"客户管理","SubItemPermission":"0104"},{"P3":[],"SubItemName":"供应商管理","SubItemPermission":"0105"},{"P3":[],"SubItemName":"运输公司管理","SubItemPermission":"0106"},{"P3":[],"SubItemName":"牵引车管理","SubItemPermission":"0107"},{"P3":[],"SubItemName":"挂车管理","SubItemPermission":"0108"},{"P3":[],"SubItemName":"司机管理","SubItemPermission":"0109"},{"P3":[],"SubItemName":"押运员管理","SubItemPermission":"0110"},{"P3":[],"SubItemName":"物料信息管理","SubItemPermission":"0101"}]},{"Item":"物流计划总单管理","ItemPermission":"02","SubItems":[{"P3":[],"SubItemName":"产品退货预约管理","SubItemPermission":"0206"},{"P3":[],"SubItemName":"原辅料进厂计划总单管理","SubItemPermission":"0201"},{"P3":[],"SubItemName":"原辅料进厂预约管理","SubItemPermission":"0202"},{"P3":[],"SubItemName":"产品出厂计划总单管理","SubItemPermission":"0203"},{"P3":[],"SubItemName":"产品出厂预约管理","SubItemPermission":"0204"},{"P3":[],"SubItemName":"产品退货单管理","SubItemPermission":"0205"}]},{"Item":"车辆安全检查管理","ItemPermission":"03","SubItems":[{"P3":[],"SubItemName":"预约信息核实","SubItemPermission":"0301"},{"P3":[],"SubItemName":"车辆安全检查","SubItemPermission":"0302"}]},{"Item":"装卸车作业单管理","ItemPermission":"04","SubItems":[{"P3":[],"SubItemName":"卸车作业单","SubItemPermission":"0401"},{"P3":[],"SubItemName":"装车作业单","SubItemPermission":"0402"},{"P3":[],"SubItemName":"退货作业单","SubItemPermission":"0403"}]},{"Item":"储运调度管理","ItemPermission":"05","SubItems":[{"P3":[],"SubItemName":"预约后台管理","SubItemPermission":"0501"},{"P3":[],"SubItemName":"发货区最大车辆数设置","SubItemPermission":"0502"},{"P3":[],"SubItemName":"物流环节间隔时间设置","SubItemPermission":"0503"}]},{"Item":"数据查询统计及报表","ItemPermission":"06","SubItems":[{"P3":[],"SubItemName":"过磅单数据汇总","SubItemPermission":"0601"},{"P3":[],"SubItemName":"门禁通行记录汇总","SubItemPermission":"0602"},{"P3":[],"SubItemName":"客户提货数据汇总","SubItemPermission":"0603"},{"P3":[],"SubItemName":"供应商送货数据汇总","SubItemPermission":"0604"},{"P3":[],"SubItemName":"产品发货汇总报表","SubItemPermission":"0605"},{"P3":[],"SubItemName":"原辅料收货汇总报表","SubItemPermission":"0606"}]},{"Item":"系统","ItemPermission":"07","SubItems":[{"P3":[],"SubItemName":"组织架构管理","SubItemPermission":"0701"},{"P3":[],"SubItemName":"权限管理","SubItemPermission":"0702"},{"P3":[],"SubItemName":"异常数据管理","SubItemPermission":"0703"},{"P3":[],"SubItemName":"操作日志查询","SubItemPermission":"0704"}]}],"PermissionList":[{"Description":"产品退货预约管理","Ispermission":"Add,Edit,Del","Levele":2,"Permissionid":"0206","Permissionname":"产品退货预约管理"},{"Description":null,"Ispermission":"Add,Edit,Del","Levele":2,"Permissionid":"0102","Permissionname":"装卸车区管理"},{"Description":null,"Ispermission":"Add,Edit,Del","Levele":2,"Permissionid":"0103","Permissionname":"物流门信息管理"},{"Description":null,"Ispermission":"Add,Edit,Del","Levele":2,"Permissionid":"0104","Permissionname":"客户管理"},{"Description":null,"Ispermission":"Add,Edit,Del","Levele":2,"Permissionid":"0105","Permissionname":"供应商管理"},{"Description":null,"Ispermission":"Add,Edit,Del","Levele":2,"Permissionid":"0106","Permissionname":"运输公司管理"},{"Description":null,"Ispermission":"Add,Edit,Del","Levele":2,"Permissionid":"0107","Permissionname":"牵引车管理"},{"Description":null,"Ispermission":"Add,Edit,Del","Levele":2,"Permissionid":"0108","Permissionname":"挂车管理"},{"Description":null,"Ispermission":"Add,Edit,Del","Levele":2,"Permissionid":"0109","Permissionname":"司机管理"},{"Description":null,"Ispermission":"Add,Edit,Del","Levele":2,"Permissionid":"0110","Permissionname":"押运员管理"},{"Description":"信息管理","Ispermission":null,"Levele":1,"Permissionid":"01","Permissionname":"信息管理"},{"Description":"物流计划总单管理","Ispermission":null,"Levele":1,"Permissionid":"02","Permissionname":"物流计划总单管理"},{"Description":null,"Ispermission":null,"Levele":1,"Permissionid":"03","Permissionname":"车辆安全检查管理"},{"Description":null,"Ispermission":null,"Levele":1,"Permissionid":"04","Permissionname":"装卸车作业单管理"},{"Description":null,"Ispermission":null,"Levele":1,"Permissionid":"05","Permissionname":"储运调度管理"},{"Description":null,"Ispermission":null,"Levele":1,"Permissionid":"06","Permissionname":"数据查询统计及报表"},{"Description":null,"Ispermission":null,"Levele":1,"Permissionid":"07","Permissionname":"系统"},{"Description":null,"Ispermission":"Add,Edit,Del","Levele":2,"Permissionid":"0101","Permissionname":"物料信息管理"},{"Description":null,"Ispermission":"Add,Edit,Del","Levele":2,"Permissionid":"0201","Permissionname":"原辅料进厂计划总单管理"},{"Description":null,"Ispermission":"Add,Edit,Del","Levele":2,"Permissionid":"0202","Permissionname":"原辅料进厂预约管理"},{"Description":null,"Ispermission":"Add,Edit,Del","Levele":2,"Permissionid":"0203","Permissionname":"产品出厂计划总单管理"},{"Description":null,"Ispermission":"Add,Edit,Del","Levele":2,"Permissionid":"0204","Permissionname":"产品出厂预约管理"},{"Description":"产品退货单管理","Ispermission":"Add,Edit,Del","Levele":2,"Permissionid":"0205","Permissionname":"产品退货单管理"},{"Description":"预约信息核实","Ispermission":"Add,Edit,Del","Levele":2,"Permissionid":"0301","Permissionname":"预约信息核实"},{"Description":"车辆安全检查","Ispermission":"Add,Edit,Del","Levele":2,"Permissionid":"0302","Permissionname":"车辆安全检查"},{"Description":"卸车作业单","Ispermission":"Add,Edit,Del","Levele":2,"Permissionid":"0401","Permissionname":"卸车作业单"},{"Description":"装车作业单","Ispermission":"Add,Edit,Del","Levele":2,"Permissionid":"0402","Permissionname":"装车作业单"},{"Description":"退货作业单","Ispermission":"Add,Edit,Del","Levele":2,"Permissionid":"0403","Permissionname":"退货作业单"},{"Description":"预约后台管理","Ispermission":"Add,Edit,Del","Levele":2,"Permissionid":"0501","Permissionname":"预约后台管理"},{"Description":"发货区最大车辆数设置","Ispermission":"Add,Edit,Del","Levele":2,"Permissionid":"0502","Permissionname":"发货区最大车辆数设置"},{"Description":"物流环节间隔时间设置","Ispermission":"Add,Edit,Del","Levele":2,"Permissionid":"0503","Permissionname":"物流环节间隔时间设置"},{"Description":"过磅单数据汇总","Ispermission":"Add,Edit,Del","Levele":2,"Permissionid":"0601","Permissionname":"过磅单数据汇总"},{"Description":"门禁通行记录汇总","Ispermission":"Add,Edit,Del","Levele":2,"Permissionid":"0602","Permissionname":"门禁通行记录汇总"},{"Description":"客户提货数据汇总","Ispermission":"Add,Edit,Del","Levele":2,"Permissionid":"0603","Permissionname":"客户提货数据汇总"},{"Description":"供应商送货数据汇总","Ispermission":"Add,Edit,Del","Levele":2,"Permissionid":"0604","Permissionname":"供应商送货数据汇总"},{"Description":"产品发货汇总报表","Ispermission":"Add,Edit,Del","Levele":2,"Permissionid":"0605","Permissionname":"产品发货汇总报表"},{"Description":"原辅料收货汇总报表","Ispermission":"Add,Edit,Del","Levele":2,"Permissionid":"0606","Permissionname":"原辅料收货汇总报表"},{"Description":"组织架构管理","Ispermission":"Add,Edit,Del","Levele":2,"Permissionid":"0701","Permissionname":"组织架构管理"},{"Description":"权限管理","Ispermission":"Add,Edit,Del","Levele":2,"Permissionid":"0702","Permissionname":"权限管理"},{"Description":"异常数据管理","Ispermission":"Add,Edit,Del","Levele":2,"Permissionid":"0703","Permissionname":"异常数据管理"},{"Description":"操作日志查询","Ispermission":"Add,Edit,Del","Levele":2,"Permissionid":"0704","Permissionname":"操作日志查询"}]}
<debug>   [06-01 18:25:40 398] UserPermissionSrvc.Get                      L:31   <> T:7-Normal-True- ID:()
	{"Createtime":null,"Id":0,"Ispermission":null,"Permissionid":null,"Userid":"福建省莆田凯松化工厂"}
<tip>    [06-01 18:25:40 415] HttpCtrl.RecvHttpReq                        L:107  <O> T:7-Normal-True- ID:(方法:0702 耗时:13494ms <<<<<<<)
	客户端:(192.168.1.137-) POST方式访问URL:(192.168.1.182:20007/?cmd=0702) 
 请求:{"Token":"NjM3MjY2MzI0ODI5MjM2MzYwLWRlbWExMTU=","Page":{"Index":1,"Size":10},"Roleid":""}
	应答:{"Stat":"0","Page":{"Count":0,"Index":1,"Row":0,"Size":20},"RoleName":"销售客户","RoleNames":["销售客户","供应商","销售采购部","测试部门"],"RolePs":[{"P2name":"装车作业单","P3":["Add","Edit","Del"]},{"P2name":"退货作业单","P3":["Add","Edit","Del"]},{"P2name":"预约后台管理","P3":["Add","Edit","Del"]},{"P2name":"发货区最大车辆数设置","P3":["Add","Edit","Del"]},{"P2name":"物流环节间隔时间设置","P3":["Add","Edit","Del"]},{"P2name":"过磅单数据汇总","P3":["Add","Edit","Del"]},{"P2name":"门禁通行记录汇总","P3":["Add","Edit","Del"]},{"P2name":"客户提货数据汇总","P3":["Add","Edit","Del"]},{"P2name":"供应商送货数据汇总","P3":["Add","Edit","Del"]},{"P2name":"产品发货汇总报表","P3":["Add","Edit","Del"]},{"P2name":"原辅料收货汇总报表","P3":["Add","Edit","Del"]},{"P2name":"组织架构管理","P3":["Add","Edit","Del"]},{"P2name":"权限管理","P3":["Add","Edit","Del"]},{"P2name":"卸车作业单","P3":["Add","Edit","Del"]},{"P2name":"异常数据管理","P3":["Add","Edit","Del"]},{"P2name":"车辆安全检查","P3":["Add","Edit","Del"]},{"P2name":"预约信息核实","P3":["Add","Edit","Del"]},{"P2name":"物流门信息管理","P3":["Add","Edit","Del"]},{"P2name":"客户管理","P3":["Add","Edit","Del"]},{"P2name":"供应商管理","P3":["Add","Edit","Del"]},{"P2name":"运输公司管理","P3":["Add","Edit","Del"]},{"P2name":"牵引车管理","P3":["Add","Edit","Del"]},{"P2name":"挂车管理","P3":["Add","Edit","Del"]},{"P2name":"司机管理","P3":["Add","Edit","Del"]},{"P2name":"押运员管理","P3":["Add","Edit","Del"]},{"P2name":"物料信息管理","P3":["Add","Edit","Del"]},{"P2name":"产品退货预约管理","P3":["Add","Edit","Del"]},{"P2name":"原辅料进厂计划总单管理","P3":["Add","Edit","Del"]},{"P2name":"原辅料进厂预约管理","P3":["Add","Edit","Del"]},{"P2name":"产品出厂计划总单管理","P3":["Add","Edit","Del"]},{"P2name":"产品出厂预约管理","P3":["Add","Edit","Del"]},{"P2name":"产品退货单管理","P3":["Add","Edit","Del"]},{"P2name":"操作日志查询","P3":["Add","Edit","Del"]},{"P2name":"装卸车区管理","P3":["Add","Edit","Del"]}],"Users":[{"Name":"小谢","Phone":"1234567","Post":null,"Pwd":"","RoleId":"销售客户","UserId":"dema_sale","UserPs":[]},{"Name":"fdsf","Phone":"dsfdsf","Post":"fds","Pwd":"","RoleId":"销售客户","UserId":"sdafsad","UserPs":[]},{"Name":"福建港祥船务有限公司","Phone":"123455","Post":"销售客户","Pwd":"","RoleId":"销售客户","UserId":"福建港祥船务有限公司","UserPs":[{"P2name":"物流门信息管理","P3":["Add","Edit","Del"]},{"P2name":"客户管理","P3":["Add","Edit","Del"]},{"P2name":"供应商管理","P3":["Add","Edit","Del"]},{"P2name":"运输公司管理","P3":["Add","Edit","Del"]},{"P2name":"牵引车管理","P3":["Add","Edit","Del"]},{"P2name":"挂车管理","P3":["Add","Edit","Del"]},{"P2name":"司机管理","P3":["Add","Edit","Del"]},{"P2name":"押运员管理","P3":["Add","Edit","Del"]},{"P2name":"物料信息管理","P3":["Add","Edit","Del"]},{"P2name":"产品退货预约管理","P3":["Add","Edit","Del"]},{"P2name":"装车作业单","P3":["Add","Edit","Del"]},{"P2name":"原辅料进厂计划总单管理","P3":["Add","Edit","Del"]},{"P2name":"原辅料进厂预约管理","P3":["Add","Edit","Del"]},{"P2name":"产品出厂计划总单管理","P3":["Add","Edit","Del"]},{"P2name":"产品出厂预约管理","P3":["Add","Edit","Del"]},{"P2name":"产品退货单管理","P3":["Add","Edit","Del"]},{"P2name":"预约信息核实","P3":["Add","Edit","Del"]},{"P2name":"操作日志查询","P3":["Add","Edit","Del"]},{"P2name":"异常数据管理","P3":["Add","Edit","Del"]},{"P2name":"退货作业单","P3":["Add","Edit","Del"]},{"P2name":"预约后台管理","P3":["Add","Edit","Del"]},{"P2name":"发货区最大车辆数设置","P3":["Add","Edit","Del"]},{"P2name":"物流环节间隔时间设置","P3":["Add","Edit","Del"]},{"P2name":"过磅单数据汇总","P3":["Add","Edit","Del"]},{"P2name":"门禁通行记录汇总","P3":["Add","Edit","Del"]},{"P2name":"客户提货数据汇总","P3":["Add","Edit","Del"]},{"P2name":"供应商送货数据汇总","P3":["Add","Edit","Del"]},{"P2name":"产品发货汇总报表","P3":["Add","Edit","Del"]},{"P2name":"原辅料收货汇总报表","P3":["Add","Edit","Del"]},{"P2name":"组织架构管理","P3":["Add","Edit","Del"]},{"P2name":"权限管理","P3":["Add","Edit","Del"]},{"P2name":"卸车作业单","P3":["Add","Edit","Del"]},{"P2name":"车辆安全检查","P3":["Add","Edit","Del"]},{"P2name":"装卸车区管理","P3":["Add","Edit","Del"]}]},{"Name":"福建省莆田凯松化工厂","Phone":"1214124214","Post":"ee","Pwd":"","RoleId":"销售客户","UserId":"福建省莆田凯松化工厂","UserPs":[{"P2name":"装车作业单","P3":["Add","Edit","Del"]},{"P2name":"物流门信息管理","P3":["Add","Edit","Del"]},{"P2name":"客户管理","P3":["Add","Edit","Del"]},{"P2name":"运输公司管理","P3":["Add","Edit","Del"]},{"P2name":"牵引车管理","P3":["Add","Edit","Del"]},{"P2name":"供应商管理","P3":["Add","Edit","Del"]},{"P2name":"挂车管理","P3":["Add","Edit","Del"]},{"P2name":"司机管理","P3":["Add","Edit","Del"]},{"P2name":"押运员管理","P3":["Add","Edit","Del"]},{"P2name":"物料信息管理","P3":["Add","Edit","Del"]},{"P2name":"产品退货预约管理","P3":["Add","Edit","Del"]},{"P2name":"原辅料进厂计划总单管理","P3":["Add","Edit","Del"]},{"P2name":"原辅料进厂预约管理","P3":["Add","Edit","Del"]},{"P2name":"产品出厂计划总单管理","P3":["Add","Edit","Del"]},{"P2name":"产品出厂预约管理","P3":["Add","Edit","Del"]},{"P2name":"产品退货单管理","P3":["Add","Edit","Del"]},{"P2name":"预约信息核实","P3":["Add","Edit","Del"]},{"P2name":"操作日志查询","P3":["Add","Edit","Del"]},{"P2name":"异常数据管理","P3":["Add","Edit","Del"]},{"P2name":"退货作业单","P3":["Add","Edit","Del"]},{"P2name":"预约后台管理","P3":["Add","Edit","Del"]},{"P2name":"发货区最大车辆数设置","P3":["Add","Edit","Del"]},{"P2name":"物流环节间隔时间设置","P3":["Add","Edit","Del"]},{"P2name":"过磅单数据汇总","P3":["Add","Edit","Del"]},{"P2name":"门禁通行记录汇总","P3":["Add","Edit","Del"]},{"P2name":"客户提货数据汇总","P3":["Add","Edit","Del"]},{"P2name":"供应商送货数据汇总","P3":["Add","Edit","Del"]},{"P2name":"产品发货汇总报表","P3":["Add","Edit","Del"]},{"P2name":"原辅料收货汇总报表","P3":["Add","Edit","Del"]},{"P2name":"组织架构管理","P3":["Add","Edit","Del"]},{"P2name":"权限管理","P3":["Add","Edit","Del"]},{"P2name":"卸车作业单","P3":["Add","Edit","Del"]},{"P2name":"车辆安全检查","P3":["Add","Edit","Del"]},{"P2name":"装卸车区管理","P3":["Add","Edit","Del"]}]}]}
<info>    [06-01 18:26:04 919] BaseInt.ExecInt                             L:198  <> T:6-Normal-True- ID:()
	执行方法:0702
<debug>   [06-01 18:26:08 625] UserPermissionInt.Get                       L:35   <I> T:6-Normal-True- ID:()
	{"Token":"NjM3MjY2MzI0ODI5MjM2MzYwLWRlbWExMTU=","Page":{"Count":0,"Index":1,"Row":0,"Size":3},"Roleid":""}
<debug>   [06-01 18:26:26 626] RoleSrvc.Get                                L:35   <> T:6-Normal-True- ID:()
	{"Createtime":null,"Descript":null,"Isenable":null,"Roleid":null,"Rolename":null,"Userid":null}
<debug>   [06-01 18:26:26 668] RolePermissionSrvc.Get                      L:28   <> T:6-Normal-True- ID:()
	{"Createtime":null,"Id":0,"Ispermission":null,"Permissionid":null,"Roleid":"销售客户"}
<debug>   [06-01 18:26:26 680] UserPermissionSrvc.Get                      L:31   <> T:6-Normal-True- ID:()
	{"Createtime":null,"Id":0,"Ispermission":null,"Permissionid":null,"Userid":"dema_sale"}
<debug>   [06-01 18:26:26 685] UserPermissionSrvc.Get                      L:31   <> T:6-Normal-True- ID:()
	{"Createtime":null,"Id":0,"Ispermission":null,"Permissionid":null,"Userid":"sdafsad"}
<debug>   [06-01 18:26:26 688] UserPermissionSrvc.Get                      L:31   <> T:6-Normal-True- ID:()
	{"Createtime":null,"Id":0,"Ispermission":null,"Permissionid":null,"Userid":"福建港祥船务有限公司"}
<debug>   [06-01 18:26:26 691] UserPermissionSrvc.Get                      L:31   <> T:6-Normal-True- ID:()
	{"Createtime":null,"Id":0,"Ispermission":null,"Permissionid":null,"Userid":"福建省莆田凯松化工厂"}
<tip>    [06-01 18:26:26 705] HttpCtrl.RecvHttpReq                        L:107  <O> T:6-Normal-True- ID:(方法:0702 耗时:21785ms <<<<<<<)
	客户端:(192.168.1.137-) POST方式访问URL:(192.168.1.182:20007/?cmd=0702) 
 请求:{"Token":"NjM3MjY2MzI0ODI5MjM2MzYwLWRlbWExMTU=","Page":{"Index":1,"Size":3},"Roleid":""}
	应答:{"Stat":"0","Page":{"Count":0,"Index":1,"Row":0,"Size":20},"RoleName":"销售客户","RoleNames":["销售客户","供应商","销售采购部","测试部门"],"RolePs":[{"P2name":"装车作业单","P3":["Add","Edit","Del"]},{"P2name":"退货作业单","P3":["Add","Edit","Del"]},{"P2name":"预约后台管理","P3":["Add","Edit","Del"]},{"P2name":"发货区最大车辆数设置","P3":["Add","Edit","Del"]},{"P2name":"物流环节间隔时间设置","P3":["Add","Edit","Del"]},{"P2name":"过磅单数据汇总","P3":["Add","Edit","Del"]},{"P2name":"门禁通行记录汇总","P3":["Add","Edit","Del"]},{"P2name":"客户提货数据汇总","P3":["Add","Edit","Del"]},{"P2name":"供应商送货数据汇总","P3":["Add","Edit","Del"]},{"P2name":"产品发货汇总报表","P3":["Add","Edit","Del"]},{"P2name":"原辅料收货汇总报表","P3":["Add","Edit","Del"]},{"P2name":"组织架构管理","P3":["Add","Edit","Del"]},{"P2name":"权限管理","P3":["Add","Edit","Del"]},{"P2name":"卸车作业单","P3":["Add","Edit","Del"]},{"P2name":"异常数据管理","P3":["Add","Edit","Del"]},{"P2name":"车辆安全检查","P3":["Add","Edit","Del"]},{"P2name":"预约信息核实","P3":["Add","Edit","Del"]},{"P2name":"物流门信息管理","P3":["Add","Edit","Del"]},{"P2name":"客户管理","P3":["Add","Edit","Del"]},{"P2name":"供应商管理","P3":["Add","Edit","Del"]},{"P2name":"运输公司管理","P3":["Add","Edit","Del"]},{"P2name":"牵引车管理","P3":["Add","Edit","Del"]},{"P2name":"挂车管理","P3":["Add","Edit","Del"]},{"P2name":"司机管理","P3":["Add","Edit","Del"]},{"P2name":"押运员管理","P3":["Add","Edit","Del"]},{"P2name":"物料信息管理","P3":["Add","Edit","Del"]},{"P2name":"产品退货预约管理","P3":["Add","Edit","Del"]},{"P2name":"原辅料进厂计划总单管理","P3":["Add","Edit","Del"]},{"P2name":"原辅料进厂预约管理","P3":["Add","Edit","Del"]},{"P2name":"产品出厂计划总单管理","P3":["Add","Edit","Del"]},{"P2name":"产品出厂预约管理","P3":["Add","Edit","Del"]},{"P2name":"产品退货单管理","P3":["Add","Edit","Del"]},{"P2name":"操作日志查询","P3":["Add","Edit","Del"]},{"P2name":"装卸车区管理","P3":["Add","Edit","Del"]}],"Users":[{"Name":"小谢","Phone":"1234567","Post":null,"Pwd":"","RoleId":"销售客户","UserId":"dema_sale","UserPs":[]},{"Name":"fdsf","Phone":"dsfdsf","Post":"fds","Pwd":"","RoleId":"销售客户","UserId":"sdafsad","UserPs":[]},{"Name":"福建港祥船务有限公司","Phone":"123455","Post":"销售客户","Pwd":"","RoleId":"销售客户","UserId":"福建港祥船务有限公司","UserPs":[{"P2name":"物流门信息管理","P3":["Add","Edit","Del"]},{"P2name":"客户管理","P3":["Add","Edit","Del"]},{"P2name":"供应商管理","P3":["Add","Edit","Del"]},{"P2name":"运输公司管理","P3":["Add","Edit","Del"]},{"P2name":"牵引车管理","P3":["Add","Edit","Del"]},{"P2name":"挂车管理","P3":["Add","Edit","Del"]},{"P2name":"司机管理","P3":["Add","Edit","Del"]},{"P2name":"押运员管理","P3":["Add","Edit","Del"]},{"P2name":"物料信息管理","P3":["Add","Edit","Del"]},{"P2name":"产品退货预约管理","P3":["Add","Edit","Del"]},{"P2name":"装车作业单","P3":["Add","Edit","Del"]},{"P2name":"原辅料进厂计划总单管理","P3":["Add","Edit","Del"]},{"P2name":"原辅料进厂预约管理","P3":["Add","Edit","Del"]},{"P2name":"产品出厂计划总单管理","P3":["Add","Edit","Del"]},{"P2name":"产品出厂预约管理","P3":["Add","Edit","Del"]},{"P2name":"产品退货单管理","P3":["Add","Edit","Del"]},{"P2name":"预约信息核实","P3":["Add","Edit","Del"]},{"P2name":"操作日志查询","P3":["Add","Edit","Del"]},{"P2name":"异常数据管理","P3":["Add","Edit","Del"]},{"P2name":"退货作业单","P3":["Add","Edit","Del"]},{"P2name":"预约后台管理","P3":["Add","Edit","Del"]},{"P2name":"发货区最大车辆数设置","P3":["Add","Edit","Del"]},{"P2name":"物流环节间隔时间设置","P3":["Add","Edit","Del"]},{"P2name":"过磅单数据汇总","P3":["Add","Edit","Del"]},{"P2name":"门禁通行记录汇总","P3":["Add","Edit","Del"]},{"P2name":"客户提货数据汇总","P3":["Add","Edit","Del"]},{"P2name":"供应商送货数据汇总","P3":["Add","Edit","Del"]},{"P2name":"产品发货汇总报表","P3":["Add","Edit","Del"]},{"P2name":"原辅料收货汇总报表","P3":["Add","Edit","Del"]},{"P2name":"组织架构管理","P3":["Add","Edit","Del"]},{"P2name":"权限管理","P3":["Add","Edit","Del"]},{"P2name":"卸车作业单","P3":["Add","Edit","Del"]},{"P2name":"车辆安全检查","P3":["Add","Edit","Del"]},{"P2name":"装卸车区管理","P3":["Add","Edit","Del"]}]},{"Name":"福建省莆田凯松化工厂","Phone":"1214124214","Post":"ee","Pwd":"","RoleId":"销售客户","UserId":"福建省莆田凯松化工厂","UserPs":[{"P2name":"装车作业单","P3":["Add","Edit","Del"]},{"P2name":"物流门信息管理","P3":["Add","Edit","Del"]},{"P2name":"客户管理","P3":["Add","Edit","Del"]},{"P2name":"运输公司管理","P3":["Add","Edit","Del"]},{"P2name":"牵引车管理","P3":["Add","Edit","Del"]},{"P2name":"供应商管理","P3":["Add","Edit","Del"]},{"P2name":"挂车管理","P3":["Add","Edit","Del"]},{"P2name":"司机管理","P3":["Add","Edit","Del"]},{"P2name":"押运员管理","P3":["Add","Edit","Del"]},{"P2name":"物料信息管理","P3":["Add","Edit","Del"]},{"P2name":"产品退货预约管理","P3":["Add","Edit","Del"]},{"P2name":"原辅料进厂计划总单管理","P3":["Add","Edit","Del"]},{"P2name":"原辅料进厂预约管理","P3":["Add","Edit","Del"]},{"P2name":"产品出厂计划总单管理","P3":["Add","Edit","Del"]},{"P2name":"产品出厂预约管理","P3":["Add","Edit","Del"]},{"P2name":"产品退货单管理","P3":["Add","Edit","Del"]},{"P2name":"预约信息核实","P3":["Add","Edit","Del"]},{"P2name":"操作日志查询","P3":["Add","Edit","Del"]},{"P2name":"异常数据管理","P3":["Add","Edit","Del"]},{"P2name":"退货作业单","P3":["Add","Edit","Del"]},{"P2name":"预约后台管理","P3":["Add","Edit","Del"]},{"P2name":"发货区最大车辆数设置","P3":["Add","Edit","Del"]},{"P2name":"物流环节间隔时间设置","P3":["Add","Edit","Del"]},{"P2name":"过磅单数据汇总","P3":["Add","Edit","Del"]},{"P2name":"门禁通行记录汇总","P3":["Add","Edit","Del"]},{"P2name":"客户提货数据汇总","P3":["Add","Edit","Del"]},{"P2name":"供应商送货数据汇总","P3":["Add","Edit","Del"]},{"P2name":"产品发货汇总报表","P3":["Add","Edit","Del"]},{"P2name":"原辅料收货汇总报表","P3":["Add","Edit","Del"]},{"P2name":"组织架构管理","P3":["Add","Edit","Del"]},{"P2name":"权限管理","P3":["Add","Edit","Del"]},{"P2name":"卸车作业单","P3":["Add","Edit","Del"]},{"P2name":"车辆安全检查","P3":["Add","Edit","Del"]},{"P2name":"装卸车区管理","P3":["Add","Edit","Del"]}]}]}
<notice>   [06-01 18:28:12 423] MainCtrl.Start                              L:34   <> T:1-Normal-False- ID:()
	系统初始化开始
<warn>   [06-01 18:28:12 423] MainCtrl.Start                              L:36   <> T:1-Normal-False- ID:()
	初始化完毕,平台接口准备开启!
<warn>   [06-01 18:28:14 034] BHttpServer5.Start                          L:68   <> T:1-Normal-False- ID:()
	Http服务 IPAddress.Any Port:20007 启动
<info>    [06-01 18:28:27 685] BaseInt.ExecInt                             L:198  <> T:4-Normal-True- ID:()
	执行方法:0702
<debug>   [06-01 18:28:29 137] UserPermissionInt.Get                       L:35   <I> T:4-Normal-True- ID:()
	{"Token":"NjM3MjY2MzI0ODI5MjM2MzYwLWRlbWExMTU=","Page":{"Count":0,"Index":1,"Row":0,"Size":3},"Roleid":""}
<debug>   [06-01 18:28:30 075] RoleSrvc.Get                                L:35   <> T:4-Normal-True- ID:()
	{"Createtime":null,"Descript":null,"Isenable":null,"Roleid":null,"Rolename":null,"Userid":null}
<debug>   [06-01 18:28:33 633] RolePermissionSrvc.Get                      L:28   <> T:4-Normal-True- ID:()
	{"Createtime":null,"Id":0,"Ispermission":null,"Permissionid":null,"Roleid":"销售客户"}
<debug>   [06-01 18:28:33 666] UserPermissionSrvc.Get                      L:31   <> T:4-Normal-True- ID:()
	{"Createtime":null,"Id":0,"Ispermission":null,"Permissionid":null,"Userid":"dema_sale"}
<debug>   [06-01 18:28:33 675] UserPermissionSrvc.Get                      L:31   <> T:4-Normal-True- ID:()
	{"Createtime":null,"Id":0,"Ispermission":null,"Permissionid":null,"Userid":"sdafsad"}
<debug>   [06-01 18:28:33 681] UserPermissionSrvc.Get                      L:31   <> T:4-Normal-True- ID:()
	{"Createtime":null,"Id":0,"Ispermission":null,"Permissionid":null,"Userid":"福建港祥船务有限公司"}
<debug>   [06-01 18:28:33 687] UserPermissionSrvc.Get                      L:31   <> T:4-Normal-True- ID:()
	{"Createtime":null,"Id":0,"Ispermission":null,"Permissionid":null,"Userid":"福建省莆田凯松化工厂"}
<tip>    [06-01 18:28:33 869] HttpCtrl.RecvHttpReq                        L:107  <O> T:4-Normal-True- ID:(方法:0702 耗时:6190ms <<<<<<<)
	客户端:(192.168.1.137-) POST方式访问URL:(192.168.1.182:20007/?cmd=0702) 
 请求:{"Token":"NjM3MjY2MzI0ODI5MjM2MzYwLWRlbWExMTU=","Page":{"Index":1,"Size":3},"Roleid":""}
	应答:{"Stat":"0","Page":{"Count":0,"Index":1,"Row":0,"Size":20},"RoleName":"销售客户","RoleNames":["销售客户","供应商","销售采购部"],"RolePs":[{"P2name":"装车作业单","P3":["Add","Edit","Del"]},{"P2name":"退货作业单","P3":["Add","Edit","Del"]},{"P2name":"预约后台管理","P3":["Add","Edit","Del"]},{"P2name":"发货区最大车辆数设置","P3":["Add","Edit","Del"]},{"P2name":"物流环节间隔时间设置","P3":["Add","Edit","Del"]},{"P2name":"过磅单数据汇总","P3":["Add","Edit","Del"]},{"P2name":"门禁通行记录汇总","P3":["Add","Edit","Del"]},{"P2name":"客户提货数据汇总","P3":["Add","Edit","Del"]},{"P2name":"供应商送货数据汇总","P3":["Add","Edit","Del"]},{"P2name":"产品发货汇总报表","P3":["Add","Edit","Del"]},{"P2name":"原辅料收货汇总报表","P3":["Add","Edit","Del"]},{"P2name":"组织架构管理","P3":["Add","Edit","Del"]},{"P2name":"权限管理","P3":["Add","Edit","Del"]},{"P2name":"卸车作业单","P3":["Add","Edit","Del"]},{"P2name":"异常数据管理","P3":["Add","Edit","Del"]},{"P2name":"车辆安全检查","P3":["Add","Edit","Del"]},{"P2name":"预约信息核实","P3":["Add","Edit","Del"]},{"P2name":"物流门信息管理","P3":["Add","Edit","Del"]},{"P2name":"客户管理","P3":["Add","Edit","Del"]},{"P2name":"供应商管理","P3":["Add","Edit","Del"]},{"P2name":"运输公司管理","P3":["Add","Edit","Del"]},{"P2name":"牵引车管理","P3":["Add","Edit","Del"]},{"P2name":"挂车管理","P3":["Add","Edit","Del"]},{"P2name":"司机管理","P3":["Add","Edit","Del"]},{"P2name":"押运员管理","P3":["Add","Edit","Del"]},{"P2name":"物料信息管理","P3":["Add","Edit","Del"]},{"P2name":"产品退货预约管理","P3":["Add","Edit","Del"]},{"P2name":"原辅料进厂计划总单管理","P3":["Add","Edit","Del"]},{"P2name":"原辅料进厂预约管理","P3":["Add","Edit","Del"]},{"P2name":"产品出厂计划总单管理","P3":["Add","Edit","Del"]},{"P2name":"产品出厂预约管理","P3":["Add","Edit","Del"]},{"P2name":"产品退货单管理","P3":["Add","Edit","Del"]},{"P2name":"操作日志查询","P3":["Add","Edit","Del"]},{"P2name":"装卸车区管理","P3":["Add","Edit","Del"]}],"Users":[{"Name":"小谢","Phone":"1234567","Post":null,"Pwd":"","RoleId":"销售客户","UserId":"dema_sale","UserPs":[]},{"Name":"fdsf","Phone":"dsfdsf","Post":"fds","Pwd":"","RoleId":"销售客户","UserId":"sdafsad","UserPs":[]},{"Name":"福建港祥船务有限公司","Phone":"123455","Post":"销售客户","Pwd":"","RoleId":"销售客户","UserId":"福建港祥船务有限公司","UserPs":[{"P2name":"物流门信息管理","P3":["Add","Edit","Del"]},{"P2name":"客户管理","P3":["Add","Edit","Del"]},{"P2name":"供应商管理","P3":["Add","Edit","Del"]},{"P2name":"运输公司管理","P3":["Add","Edit","Del"]},{"P2name":"牵引车管理","P3":["Add","Edit","Del"]},{"P2name":"挂车管理","P3":["Add","Edit","Del"]},{"P2name":"司机管理","P3":["Add","Edit","Del"]},{"P2name":"押运员管理","P3":["Add","Edit","Del"]},{"P2name":"物料信息管理","P3":["Add","Edit","Del"]},{"P2name":"产品退货预约管理","P3":["Add","Edit","Del"]},{"P2name":"装车作业单","P3":["Add","Edit","Del"]},{"P2name":"原辅料进厂计划总单管理","P3":["Add","Edit","Del"]},{"P2name":"原辅料进厂预约管理","P3":["Add","Edit","Del"]},{"P2name":"产品出厂计划总单管理","P3":["Add","Edit","Del"]},{"P2name":"产品出厂预约管理","P3":["Add","Edit","Del"]},{"P2name":"产品退货单管理","P3":["Add","Edit","Del"]},{"P2name":"预约信息核实","P3":["Add","Edit","Del"]},{"P2name":"操作日志查询","P3":["Add","Edit","Del"]},{"P2name":"异常数据管理","P3":["Add","Edit","Del"]},{"P2name":"退货作业单","P3":["Add","Edit","Del"]},{"P2name":"预约后台管理","P3":["Add","Edit","Del"]},{"P2name":"发货区最大车辆数设置","P3":["Add","Edit","Del"]},{"P2name":"物流环节间隔时间设置","P3":["Add","Edit","Del"]},{"P2name":"过磅单数据汇总","P3":["Add","Edit","Del"]},{"P2name":"门禁通行记录汇总","P3":["Add","Edit","Del"]},{"P2name":"客户提货数据汇总","P3":["Add","Edit","Del"]},{"P2name":"供应商送货数据汇总","P3":["Add","Edit","Del"]},{"P2name":"产品发货汇总报表","P3":["Add","Edit","Del"]},{"P2name":"原辅料收货汇总报表","P3":["Add","Edit","Del"]},{"P2name":"组织架构管理","P3":["Add","Edit","Del"]},{"P2name":"权限管理","P3":["Add","Edit","Del"]},{"P2name":"卸车作业单","P3":["Add","Edit","Del"]},{"P2name":"车辆安全检查","P3":["Add","Edit","Del"]},{"P2name":"装卸车区管理","P3":["Add","Edit","Del"]}]},{"Name":"福建省莆田凯松化工厂","Phone":"1214124214","Post":"ee","Pwd":"","RoleId":"销售客户","UserId":"福建省莆田凯松化工厂","UserPs":[{"P2name":"装车作业单","P3":["Add","Edit","Del"]},{"P2name":"物流门信息管理","P3":["Add","Edit","Del"]},{"P2name":"客户管理","P3":["Add","Edit","Del"]},{"P2name":"运输公司管理","P3":["Add","Edit","Del"]},{"P2name":"牵引车管理","P3":["Add","Edit","Del"]},{"P2name":"供应商管理","P3":["Add","Edit","Del"]},{"P2name":"挂车管理","P3":["Add","Edit","Del"]},{"P2name":"司机管理","P3":["Add","Edit","Del"]},{"P2name":"押运员管理","P3":["Add","Edit","Del"]},{"P2name":"物料信息管理","P3":["Add","Edit","Del"]},{"P2name":"产品退货预约管理","P3":["Add","Edit","Del"]},{"P2name":"原辅料进厂计划总单管理","P3":["Add","Edit","Del"]},{"P2name":"原辅料进厂预约管理","P3":["Add","Edit","Del"]},{"P2name":"产品出厂计划总单管理","P3":["Add","Edit","Del"]},{"P2name":"产品出厂预约管理","P3":["Add","Edit","Del"]},{"P2name":"产品退货单管理","P3":["Add","Edit","Del"]},{"P2name":"预约信息核实","P3":["Add","Edit","Del"]},{"P2name":"操作日志查询","P3":["Add","Edit","Del"]},{"P2name":"异常数据管理","P3":["Add","Edit","Del"]},{"P2name":"退货作业单","P3":["Add","Edit","Del"]},{"P2name":"预约后台管理","P3":["Add","Edit","Del"]},{"P2name":"发货区最大车辆数设置","P3":["Add","Edit","Del"]},{"P2name":"物流环节间隔时间设置","P3":["Add","Edit","Del"]},{"P2name":"过磅单数据汇总","P3":["Add","Edit","Del"]},{"P2name":"门禁通行记录汇总","P3":["Add","Edit","Del"]},{"P2name":"客户提货数据汇总","P3":["Add","Edit","Del"]},{"P2name":"供应商送货数据汇总","P3":["Add","Edit","Del"]},{"P2name":"产品发货汇总报表","P3":["Add","Edit","Del"]},{"P2name":"原辅料收货汇总报表","P3":["Add","Edit","Del"]},{"P2name":"组织架构管理","P3":["Add","Edit","Del"]},{"P2name":"权限管理","P3":["Add","Edit","Del"]},{"P2name":"卸车作业单","P3":["Add","Edit","Del"]},{"P2name":"车辆安全检查","P3":["Add","Edit","Del"]},{"P2name":"装卸车区管理","P3":["Add","Edit","Del"]}]}]}
<info>    [06-01 18:28:59 675] BaseInt.ExecInt                             L:198  <> T:4-Normal-True- ID:()
	执行方法:0701
<debug>   [06-01 18:28:59 685] RoleInt.Get                                 L:30   <I> T:4-Normal-True- ID:()
	{"Token":"NjM3MjY2MzI0ODI5MjM2MzYwLWRlbWExMTU=","Page":{"Count":1,"Index":1,"Row":4,"Size":10},"Query":null}
<debug>   [06-01 18:29:01 280] RoleSrvc.Get                                L:35   <> T:4-Normal-True- ID:()
	{"Createtime":null,"Descript":null,"Isenable":null,"Roleid":null,"Rolename":null,"Userid":null}
<info>    [06-01 18:29:01 291] BaseInt.ExecInt                             L:198  <> T:8-Normal-True- ID:()
	执行方法:0702
<debug>   [06-01 18:29:01 296] RolePermissionSrvc.Get                      L:28   <> T:4-Normal-True- ID:()
	{"Createtime":null,"Id":0,"Ispermission":null,"Permissionid":null,"Roleid":"销售客户"}
<debug>   [06-01 18:29:05 297] RolePermissionSrvc.Get                      L:28   <> T:4-Normal-True- ID:()
	{"Createtime":null,"Id":0,"Ispermission":null,"Permissionid":null,"Roleid":"供应商"}
<debug>   [06-01 18:29:05 309] RolePermissionSrvc.Get                      L:28   <> T:4-Normal-True- ID:()
	{"Createtime":null,"Id":0,"Ispermission":null,"Permissionid":null,"Roleid":"销售采购部"}
<debug>   [06-01 18:29:05 315] RolePermissionSrvc.Get                      L:28   <> T:4-Normal-True- ID:()
	{"Createtime":null,"Id":0,"Ispermission":null,"Permissionid":null,"Roleid":"测试部门"}
<debug>   [06-01 18:29:05 316] UserPermissionInt.Get                       L:35   <I> T:8-Normal-True- ID:()
	{"Token":"NjM3MjY2MzI0ODI5MjM2MzYwLWRlbWExMTU=","Page":{"Count":0,"Index":1,"Row":0,"Size":3},"Roleid":""}
<debug>   [06-01 18:29:30 334] RoleSrvc.Get                                L:35   <> T:8-Normal-True- ID:()
	{"Createtime":null,"Descript":null,"Isenable":null,"Roleid":null,"Rolename":null,"Userid":null}
<tip>    [06-01 18:29:30 337] HttpCtrl.RecvHttpReq                        L:107  <O> T:4-Normal-True- ID:(方法:0701 耗时:30661ms <<<<<<<)
	客户端:(192.168.1.137-) POST方式访问URL:(192.168.1.182:20007/?cmd=0701) 
 请求:{"Page":{"Index":1,"Size":10},"Token":"NjM3MjY2MzI0ODI5MjM2MzYwLWRlbWExMTU="}
	应答:{"Stat":"0","Page":{"Count":0,"Index":1,"Row":0,"Size":20},"AllRoles":[{"Createtime":"2020-05-22 15:05:19","Descript":null,"Isenable":null,"Roleid":"销售客户","Rolename":"销售员","Userid":"dema_sale","Account":"dema_sale","Desc":null,"Menucode":null,"Menuname":"装车作业单,退货作业单,预约后台管理,发货区最大车辆数设置,物流环节间隔时间设置,过磅单数据汇总,门禁通行记录汇总,客户提货数据汇总,供应商送货数据汇总,产品发货汇总报表,原辅料收货汇总报表,组织架构管理,权限管理,卸车作业单,异常数据管理,车辆安全检查,预约信息核实,物流门信息管理,客户管理,供应商管理,运输公司管理,牵引车管理,挂车管理,司机管理,押运员管理,物料信息管理,产品退货预约管理,原辅料进厂计划总单管理,原辅料进厂预约管理,产品出厂计划总单管理,产品出厂预约管理,产品退货单管理,操作日志查询,装卸车区管理","Name":"小谢","Post":null,"Psd":null,"Tel":"1234567"},{"Createtime":"2020-05-22 15:06:33","Descript":null,"Isenable":null,"Roleid":"供应商","Rolename":"员工","Userid":"dema_support","Account":"dema_support","Desc":null,"Menucode":null,"Menuname":"装卸车区管理,装车作业单,退货作业单,预约后台管理,发货区最大车辆数设置,物流环节间隔时间设置,过磅单数据汇总,门禁通行记录汇总,客户提货数据汇总,供应商送货数据汇总,产品发货汇总报表,原辅料收货汇总报表,组织架构管理,权限管理,卸车作业单,异常数据管理,车辆安全检查,预约信息核实,物流门信息管理,客户管理,供应商管理,运输公司管理,牵引车管理,挂车管理,司机管理,押运员管理,物料信息管理,产品退货预约管理,原辅料进厂计划总单管理,原辅料进厂预约管理,产品出厂计划总单管理,产品出厂预约管理,产品退货单管理,操作日志查询","Name":"小谢供应商","Post":null,"Psd":null,"Tel":"1234567"},{"Createtime":"2020-05-20 15:59:00","Descript":null,"Isenable":null,"Roleid":"销售采购部","Rolename":"经理","Userid":"sales","Account":"sales","Desc":null,"Menucode":null,"Menuname":"产品退货单管理,产品出厂预约管理,产品出厂计划总单管理,原辅料进厂预约管理,原辅料进厂计划总单管理,产品退货预约管理","Name":"销售采购部","Post":null,"Psd":null,"Tel":"1234567"},{"Createtime":"2020-05-20 19:00:44","Descript":null,"Isenable":null,"Roleid":"测试部门","Rolename":"HR","Userid":"xxtest","Account":"xxtest","Desc":null,"Menucode":null,"Menuname":"操作日志查询,权限管理,组织架构管理,原辅料收货汇总报表,产品发货汇总报表,供应商送货数据汇总,客户提货数据汇总,门禁通行记录汇总,过磅单数据汇总,物流环节间隔时间设置,发货区最大车辆数设置,预约后台管理,退货作业单,装车作业单,卸车作业单,异常数据管理,产品退货单管理,产品出厂预约管理,产品出厂计划总单管理,原辅料进厂预约管理,原辅料进厂计划总单管理,产品退货预约管理,物料信息管理,押运员管理,司机管理,挂车管理,牵引车管理,运输公司管理,供应商管理,客户管理,物流门信息管理,预约信息核实,车辆安全检查,装卸车区管理","Name":"鑫鑫","Post":null,"Psd":null,"Tel":"13912345678"}],"Menu":[{"Item":"信息管理","ItemPermission":"01","SubItems":[{"P3":[],"SubItemName":"装卸车区管理","SubItemPermission":"0102"},{"P3":[],"SubItemName":"物流门信息管理","SubItemPermission":"0103"},{"P3":[],"SubItemName":"客户管理","SubItemPermission":"0104"},{"P3":[],"SubItemName":"供应商管理","SubItemPermission":"0105"},{"P3":[],"SubItemName":"运输公司管理","SubItemPermission":"0106"},{"P3":[],"SubItemName":"牵引车管理","SubItemPermission":"0107"},{"P3":[],"SubItemName":"挂车管理","SubItemPermission":"0108"},{"P3":[],"SubItemName":"司机管理","SubItemPermission":"0109"},{"P3":[],"SubItemName":"押运员管理","SubItemPermission":"0110"},{"P3":[],"SubItemName":"物料信息管理","SubItemPermission":"0101"}]},{"Item":"物流计划总单管理","ItemPermission":"02","SubItems":[{"P3":[],"SubItemName":"产品退货预约管理","SubItemPermission":"0206"},{"P3":[],"SubItemName":"原辅料进厂计划总单管理","SubItemPermission":"0201"},{"P3":[],"SubItemName":"原辅料进厂预约管理","SubItemPermission":"0202"},{"P3":[],"SubItemName":"产品出厂计划总单管理","SubItemPermission":"0203"},{"P3":[],"SubItemName":"产品出厂预约管理","SubItemPermission":"0204"},{"P3":[],"SubItemName":"产品退货单管理","SubItemPermission":"0205"}]},{"Item":"车辆安全检查管理","ItemPermission":"03","SubItems":[{"P3":[],"SubItemName":"预约信息核实","SubItemPermission":"0301"},{"P3":[],"SubItemName":"车辆安全检查","SubItemPermission":"0302"}]},{"Item":"装卸车作业单管理","ItemPermission":"04","SubItems":[{"P3":[],"SubItemName":"卸车作业单","SubItemPermission":"0401"},{"P3":[],"SubItemName":"装车作业单","SubItemPermission":"0402"},{"P3":[],"SubItemName":"退货作业单","SubItemPermission":"0403"}]},{"Item":"储运调度管理","ItemPermission":"05","SubItems":[{"P3":[],"SubItemName":"预约后台管理","SubItemPermission":"0501"},{"P3":[],"SubItemName":"发货区最大车辆数设置","SubItemPermission":"0502"},{"P3":[],"SubItemName":"物流环节间隔时间设置","SubItemPermission":"0503"}]},{"Item":"数据查询统计及报表","ItemPermission":"06","SubItems":[{"P3":[],"SubItemName":"过磅单数据汇总","SubItemPermission":"0601"},{"P3":[],"SubItemName":"门禁通行记录汇总","SubItemPermission":"0602"},{"P3":[],"SubItemName":"客户提货数据汇总","SubItemPermission":"0603"},{"P3":[],"SubItemName":"供应商送货数据汇总","SubItemPermission":"0604"},{"P3":[],"SubItemName":"产品发货汇总报表","SubItemPermission":"0605"},{"P3":[],"SubItemName":"原辅料收货汇总报表","SubItemPermission":"0606"}]},{"Item":"系统","ItemPermission":"07","SubItems":[{"P3":[],"SubItemName":"组织架构管理","SubItemPermission":"0701"},{"P3":[],"SubItemName":"权限管理","SubItemPermission":"0702"},{"P3":[],"SubItemName":"异常数据管理","SubItemPermission":"0703"},{"P3":[],"SubItemName":"操作日志查询","SubItemPermission":"0704"}]}],"PermissionList":[{"Description":"产品退货预约管理","Ispermission":"Add,Edit,Del","Levele":2,"Permissionid":"0206","Permissionname":"产品退货预约管理"},{"Description":null,"Ispermission":"Add,Edit,Del","Levele":2,"Permissionid":"0102","Permissionname":"装卸车区管理"},{"Description":null,"Ispermission":"Add,Edit,Del","Levele":2,"Permissionid":"0103","Permissionname":"物流门信息管理"},{"Description":null,"Ispermission":"Add,Edit,Del","Levele":2,"Permissionid":"0104","Permissionname":"客户管理"},{"Description":null,"Ispermission":"Add,Edit,Del","Levele":2,"Permissionid":"0105","Permissionname":"供应商管理"},{"Description":null,"Ispermission":"Add,Edit,Del","Levele":2,"Permissionid":"0106","Permissionname":"运输公司管理"},{"Description":null,"Ispermission":"Add,Edit,Del","Levele":2,"Permissionid":"0107","Permissionname":"牵引车管理"},{"Description":null,"Ispermission":"Add,Edit,Del","Levele":2,"Permissionid":"0108","Permissionname":"挂车管理"},{"Description":null,"Ispermission":"Add,Edit,Del","Levele":2,"Permissionid":"0109","Permissionname":"司机管理"},{"Description":null,"Ispermission":"Add,Edit,Del","Levele":2,"Permissionid":"0110","Permissionname":"押运员管理"},{"Description":"信息管理","Ispermission":null,"Levele":1,"Permissionid":"01","Permissionname":"信息管理"},{"Description":"物流计划总单管理","Ispermission":null,"Levele":1,"Permissionid":"02","Permissionname":"物流计划总单管理"},{"Description":null,"Ispermission":null,"Levele":1,"Permissionid":"03","Permissionname":"车辆安全检查管理"},{"Description":null,"Ispermission":null,"Levele":1,"Permissionid":"04","Permissionname":"装卸车作业单管理"},{"Description":null,"Ispermission":null,"Levele":1,"Permissionid":"05","Permissionname":"储运调度管理"},{"Description":null,"Ispermission":null,"Levele":1,"Permissionid":"06","Permissionname":"数据查询统计及报表"},{"Description":null,"Ispermission":null,"Levele":1,"Permissionid":"07","Permissionname":"系统"},{"Description":null,"Ispermission":"Add,Edit,Del","Levele":2,"Permissionid":"0101","Permissionname":"物料信息管理"},{"Description":null,"Ispermission":"Add,Edit,Del","Levele":2,"Permissionid":"0201","Permissionname":"原辅料进厂计划总单管理"},{"Description":null,"Ispermission":"Add,Edit,Del","Levele":2,"Permissionid":"0202","Permissionname":"原辅料进厂预约管理"},{"Description":null,"Ispermission":"Add,Edit,Del","Levele":2,"Permissionid":"0203","Permissionname":"产品出厂计划总单管理"},{"Description":null,"Ispermission":"Add,Edit,Del","Levele":2,"Permissionid":"0204","Permissionname":"产品出厂预约管理"},{"Description":"产品退货单管理","Ispermission":"Add,Edit,Del","Levele":2,"Permissionid":"0205","Permissionname":"产品退货单管理"},{"Description":"预约信息核实","Ispermission":"Add,Edit,Del","Levele":2,"Permissionid":"0301","Permissionname":"预约信息核实"},{"Description":"车辆安全检查","Ispermission":"Add,Edit,Del","Levele":2,"Permissionid":"0302","Permissionname":"车辆安全检查"},{"Description":"卸车作业单","Ispermission":"Add,Edit,Del","Levele":2,"Permissionid":"0401","Permissionname":"卸车作业单"},{"Description":"装车作业单","Ispermission":"Add,Edit,Del","Levele":2,"Permissionid":"0402","Permissionname":"装车作业单"},{"Description":"退货作业单","Ispermission":"Add,Edit,Del","Levele":2,"Permissionid":"0403","Permissionname":"退货作业单"},{"Description":"预约后台管理","Ispermission":"Add,Edit,Del","Levele":2,"Permissionid":"0501","Permissionname":"预约后台管理"},{"Description":"发货区最大车辆数设置","Ispermission":"Add,Edit,Del","Levele":2,"Permissionid":"0502","Permissionname":"发货区最大车辆数设置"},{"Description":"物流环节间隔时间设置","Ispermission":"Add,Edit,Del","Levele":2,"Permissionid":"0503","Permissionname":"物流环节间隔时间设置"},{"Description":"过磅单数据汇总","Ispermission":"Add,Edit,Del","Levele":2,"Permissionid":"0601","Permissionname":"过磅单数据汇总"},{"Description":"门禁通行记录汇总","Ispermission":"Add,Edit,Del","Levele":2,"Permissionid":"0602","Permissionname":"门禁通行记录汇总"},{"Description":"客户提货数据汇总","Ispermission":"Add,Edit,Del","Levele":2,"Permissionid":"0603","Permissionname":"客户提货数据汇总"},{"Description":"供应商送货数据汇总","Ispermission":"Add,Edit,Del","Levele":2,"Permissionid":"0604","Permissionname":"供应商送货数据汇总"},{"Description":"产品发货汇总报表","Ispermission":"Add,Edit,Del","Levele":2,"Permissionid":"0605","Permissionname":"产品发货汇总报表"},{"Description":"原辅料收货汇总报表","Ispermission":"Add,Edit,Del","Levele":2,"Permissionid":"0606","Permissionname":"原辅料收货汇总报表"},{"Description":"组织架构管理","Ispermission":"Add,Edit,Del","Levele":2,"Permissionid":"0701","Permissionname":"组织架构管理"},{"Description":"权限管理","Ispermission":"Add,Edit,Del","Levele":2,"Permissionid":"0702","Permissionname":"权限管理"},{"Description":"异常数据管理","Ispermission":"Add,Edit,Del","Levele":2,"Permissionid":"0703","Permissionname":"异常数据管理"},{"Description":"操作日志查询","Ispermission":"Add,Edit,Del","Levele":2,"Permissionid":"0704","Permissionname":"操作日志查询"}]}
<debug>   [06-01 18:29:30 375] RolePermissionSrvc.Get                      L:28   <> T:8-Normal-True- ID:()
	{"Createtime":null,"Id":0,"Ispermission":null,"Permissionid":null,"Roleid":"销售客户"}
<debug>   [06-01 18:29:30 384] UserPermissionSrvc.Get                      L:31   <> T:8-Normal-True- ID:()
	{"Createtime":null,"Id":0,"Ispermission":null,"Permissionid":null,"Userid":"dema_sale"}
<debug>   [06-01 18:29:30 388] UserPermissionSrvc.Get                      L:31   <> T:8-Normal-True- ID:()
	{"Createtime":null,"Id":0,"Ispermission":null,"Permissionid":null,"Userid":"sdafsad"}
<debug>   [06-01 18:29:30 391] UserPermissionSrvc.Get                      L:31   <> T:8-Normal-True- ID:()
	{"Createtime":null,"Id":0,"Ispermission":null,"Permissionid":null,"Userid":"福建港祥船务有限公司"}
<debug>   [06-01 18:29:30 394] UserPermissionSrvc.Get                      L:31   <> T:8-Normal-True- ID:()
	{"Createtime":null,"Id":0,"Ispermission":null,"Permissionid":null,"Userid":"福建省莆田凯松化工厂"}
<tip>    [06-01 18:29:30 407] HttpCtrl.RecvHttpReq                        L:107  <O> T:8-Normal-True- ID:(方法:0702 耗时:29115ms <<<<<<<)
	客户端:(192.168.1.137-) POST方式访问URL:(192.168.1.182:20007/?cmd=0702) 
 请求:{"Token":"NjM3MjY2MzI0ODI5MjM2MzYwLWRlbWExMTU=","Page":{"Index":1,"Size":3},"Roleid":""}
	应答:{"Stat":"0","Page":{"Count":0,"Index":1,"Row":0,"Size":20},"RoleName":"销售客户","RoleNames":["销售客户","供应商","销售采购部"],"RolePs":[{"P2name":"装车作业单","P3":["Add","Edit","Del"]},{"P2name":"退货作业单","P3":["Add","Edit","Del"]},{"P2name":"预约后台管理","P3":["Add","Edit","Del"]},{"P2name":"发货区最大车辆数设置","P3":["Add","Edit","Del"]},{"P2name":"物流环节间隔时间设置","P3":["Add","Edit","Del"]},{"P2name":"过磅单数据汇总","P3":["Add","Edit","Del"]},{"P2name":"门禁通行记录汇总","P3":["Add","Edit","Del"]},{"P2name":"客户提货数据汇总","P3":["Add","Edit","Del"]},{"P2name":"供应商送货数据汇总","P3":["Add","Edit","Del"]},{"P2name":"产品发货汇总报表","P3":["Add","Edit","Del"]},{"P2name":"原辅料收货汇总报表","P3":["Add","Edit","Del"]},{"P2name":"组织架构管理","P3":["Add","Edit","Del"]},{"P2name":"权限管理","P3":["Add","Edit","Del"]},{"P2name":"卸车作业单","P3":["Add","Edit","Del"]},{"P2name":"异常数据管理","P3":["Add","Edit","Del"]},{"P2name":"车辆安全检查","P3":["Add","Edit","Del"]},{"P2name":"预约信息核实","P3":["Add","Edit","Del"]},{"P2name":"物流门信息管理","P3":["Add","Edit","Del"]},{"P2name":"客户管理","P3":["Add","Edit","Del"]},{"P2name":"供应商管理","P3":["Add","Edit","Del"]},{"P2name":"运输公司管理","P3":["Add","Edit","Del"]},{"P2name":"牵引车管理","P3":["Add","Edit","Del"]},{"P2name":"挂车管理","P3":["Add","Edit","Del"]},{"P2name":"司机管理","P3":["Add","Edit","Del"]},{"P2name":"押运员管理","P3":["Add","Edit","Del"]},{"P2name":"物料信息管理","P3":["Add","Edit","Del"]},{"P2name":"产品退货预约管理","P3":["Add","Edit","Del"]},{"P2name":"原辅料进厂计划总单管理","P3":["Add","Edit","Del"]},{"P2name":"原辅料进厂预约管理","P3":["Add","Edit","Del"]},{"P2name":"产品出厂计划总单管理","P3":["Add","Edit","Del"]},{"P2name":"产品出厂预约管理","P3":["Add","Edit","Del"]},{"P2name":"产品退货单管理","P3":["Add","Edit","Del"]},{"P2name":"操作日志查询","P3":["Add","Edit","Del"]},{"P2name":"装卸车区管理","P3":["Add","Edit","Del"]}],"Users":[{"Name":"小谢","Phone":"1234567","Post":null,"Pwd":"","RoleId":"销售客户","UserId":"dema_sale","UserPs":[]},{"Name":"fdsf","Phone":"dsfdsf","Post":"fds","Pwd":"","RoleId":"销售客户","UserId":"sdafsad","UserPs":[]},{"Name":"福建港祥船务有限公司","Phone":"123455","Post":"销售客户","Pwd":"","RoleId":"销售客户","UserId":"福建港祥船务有限公司","UserPs":[{"P2name":"物流门信息管理","P3":["Add","Edit","Del"]},{"P2name":"客户管理","P3":["Add","Edit","Del"]},{"P2name":"供应商管理","P3":["Add","Edit","Del"]},{"P2name":"运输公司管理","P3":["Add","Edit","Del"]},{"P2name":"牵引车管理","P3":["Add","Edit","Del"]},{"P2name":"挂车管理","P3":["Add","Edit","Del"]},{"P2name":"司机管理","P3":["Add","Edit","Del"]},{"P2name":"押运员管理","P3":["Add","Edit","Del"]},{"P2name":"物料信息管理","P3":["Add","Edit","Del"]},{"P2name":"产品退货预约管理","P3":["Add","Edit","Del"]},{"P2name":"装车作业单","P3":["Add","Edit","Del"]},{"P2name":"原辅料进厂计划总单管理","P3":["Add","Edit","Del"]},{"P2name":"原辅料进厂预约管理","P3":["Add","Edit","Del"]},{"P2name":"产品出厂计划总单管理","P3":["Add","Edit","Del"]},{"P2name":"产品出厂预约管理","P3":["Add","Edit","Del"]},{"P2name":"产品退货单管理","P3":["Add","Edit","Del"]},{"P2name":"预约信息核实","P3":["Add","Edit","Del"]},{"P2name":"操作日志查询","P3":["Add","Edit","Del"]},{"P2name":"异常数据管理","P3":["Add","Edit","Del"]},{"P2name":"退货作业单","P3":["Add","Edit","Del"]},{"P2name":"预约后台管理","P3":["Add","Edit","Del"]},{"P2name":"发货区最大车辆数设置","P3":["Add","Edit","Del"]},{"P2name":"物流环节间隔时间设置","P3":["Add","Edit","Del"]},{"P2name":"过磅单数据汇总","P3":["Add","Edit","Del"]},{"P2name":"门禁通行记录汇总","P3":["Add","Edit","Del"]},{"P2name":"客户提货数据汇总","P3":["Add","Edit","Del"]},{"P2name":"供应商送货数据汇总","P3":["Add","Edit","Del"]},{"P2name":"产品发货汇总报表","P3":["Add","Edit","Del"]},{"P2name":"原辅料收货汇总报表","P3":["Add","Edit","Del"]},{"P2name":"组织架构管理","P3":["Add","Edit","Del"]},{"P2name":"权限管理","P3":["Add","Edit","Del"]},{"P2name":"卸车作业单","P3":["Add","Edit","Del"]},{"P2name":"车辆安全检查","P3":["Add","Edit","Del"]},{"P2name":"装卸车区管理","P3":["Add","Edit","Del"]}]},{"Name":"福建省莆田凯松化工厂","Phone":"1214124214","Post":"ee","Pwd":"","RoleId":"销售客户","UserId":"福建省莆田凯松化工厂","UserPs":[{"P2name":"装车作业单","P3":["Add","Edit","Del"]},{"P2name":"物流门信息管理","P3":["Add","Edit","Del"]},{"P2name":"客户管理","P3":["Add","Edit","Del"]},{"P2name":"运输公司管理","P3":["Add","Edit","Del"]},{"P2name":"牵引车管理","P3":["Add","Edit","Del"]},{"P2name":"供应商管理","P3":["Add","Edit","Del"]},{"P2name":"挂车管理","P3":["Add","Edit","Del"]},{"P2name":"司机管理","P3":["Add","Edit","Del"]},{"P2name":"押运员管理","P3":["Add","Edit","Del"]},{"P2name":"物料信息管理","P3":["Add","Edit","Del"]},{"P2name":"产品退货预约管理","P3":["Add","Edit","Del"]},{"P2name":"原辅料进厂计划总单管理","P3":["Add","Edit","Del"]},{"P2name":"原辅料进厂预约管理","P3":["Add","Edit","Del"]},{"P2name":"产品出厂计划总单管理","P3":["Add","Edit","Del"]},{"P2name":"产品出厂预约管理","P3":["Add","Edit","Del"]},{"P2name":"产品退货单管理","P3":["Add","Edit","Del"]},{"P2name":"预约信息核实","P3":["Add","Edit","Del"]},{"P2name":"操作日志查询","P3":["Add","Edit","Del"]},{"P2name":"异常数据管理","P3":["Add","Edit","Del"]},{"P2name":"退货作业单","P3":["Add","Edit","Del"]},{"P2name":"预约后台管理","P3":["Add","Edit","Del"]},{"P2name":"发货区最大车辆数设置","P3":["Add","Edit","Del"]},{"P2name":"物流环节间隔时间设置","P3":["Add","Edit","Del"]},{"P2name":"过磅单数据汇总","P3":["Add","Edit","Del"]},{"P2name":"门禁通行记录汇总","P3":["Add","Edit","Del"]},{"P2name":"客户提货数据汇总","P3":["Add","Edit","Del"]},{"P2name":"供应商送货数据汇总","P3":["Add","Edit","Del"]},{"P2name":"产品发货汇总报表","P3":["Add","Edit","Del"]},{"P2name":"原辅料收货汇总报表","P3":["Add","Edit","Del"]},{"P2name":"组织架构管理","P3":["Add","Edit","Del"]},{"P2name":"权限管理","P3":["Add","Edit","Del"]},{"P2name":"卸车作业单","P3":["Add","Edit","Del"]},{"P2name":"车辆安全检查","P3":["Add","Edit","Del"]},{"P2name":"装卸车区管理","P3":["Add","Edit","Del"]}]}]}
<notice>   [06-01 18:33:18 198] MainCtrl.Start                              L:34   <> T:1-Normal-False- ID:()
	系统初始化开始
<warn>   [06-01 18:33:18 199] MainCtrl.Start                              L:36   <> T:1-Normal-False- ID:()
	初始化完毕,平台接口准备开启!
<warn>   [06-01 18:33:20 419] BHttpServer5.Start                          L:68   <> T:1-Normal-False- ID:()
	Http服务 IPAddress.Any Port:20007 启动
<info>    [06-01 18:33:21 937] BaseInt.ExecInt                             L:198  <> T:5-Normal-True- ID:()
	执行方法:0702
<notice>   [06-01 18:37:27 246] MainCtrl.Start                              L:34   <> T:1-Normal-False- ID:()
	系统初始化开始
<warn>   [06-01 18:37:27 246] MainCtrl.Start                              L:36   <> T:1-Normal-False- ID:()
	初始化完毕,平台接口准备开启!
<warn>   [06-01 18:37:29 790] BHttpServer5.Start                          L:68   <> T:1-Normal-False- ID:()
	Http服务 IPAddress.Any Port:20007 启动
<notice>   [06-01 18:38:15 281] MainCtrl.Start                              L:34   <> T:1-Normal-False- ID:()
	系统初始化开始
<warn>   [06-01 18:38:15 281] MainCtrl.Start                              L:36   <> T:1-Normal-False- ID:()
	初始化完毕,平台接口准备开启!
<warn>   [06-01 18:38:18 262] BHttpServer5.Start                          L:68   <> T:1-Normal-False- ID:()
	Http服务 IPAddress.Any Port:20007 启动
<info>    [06-01 18:38:27 420] BaseInt.ExecInt                             L:198  <> T:7-Normal-True- ID:()
	执行方法:0101
