<notice>   [07-09 09:27:03 297] MainCtrl.Start                              L:39   <> T:1-Normal-False- ID:()
	系统初始化开始
<warn>   [07-09 09:27:03 297] MainCtrl.Start                              L:41   <> T:1-Normal-False- ID:()
	初始化完毕,平台接口准备开启!
<warn>   [07-09 09:27:05 466] BHttpServer5.Start                          L:69   <> T:1-Normal-False- ID:()
	Http服务 IPAddress.Any Port:20007 启动
<info>    [07-09 09:27:08 703] SysConfigSrvc.GetAll                        L:58   <> T:1-Normal-False- ID:()
	获取到所有配置项:5个
<info>    [07-09 09:27:08 801] BaseTractorSrvc.GetAllTractorIds            L:115  <> T:1-Normal-False- ID:()
	获取到所有牵引车:58个
<notice>   [07-09 18:12:16 122] MainCtrl.Start                              L:39   <> T:1-Normal-False- ID:()
	系统初始化开始
<warn>   [07-09 18:12:16 125] MainCtrl.Start                              L:41   <> T:1-Normal-False- ID:()
	初始化完毕,平台接口准备开启!
<warn>   [07-09 18:12:20 269] BHttpServer5.Start                          L:69   <> T:1-Normal-False- ID:()
	Http服务 IPAddress.Any Port:20007 启动
<info>    [07-09 18:12:21 181] BaseInt.ExecInt                             L:217  <> T:4-Normal-True- ID:()
	执行方法:userlogin
<debug>   [07-09 18:12:32 890] UserInt.Login                               L:34   <I> T:4-Normal-True- ID:()
	{"Token":null,"Page":null,"Pwd":"yongrong","RoleId":null,"UserId":"admin"}
<info>    [07-09 18:12:45 665] SysConfigSrvc.GetAll                        L:58   <> T:1-Normal-False- ID:()
	获取到所有配置项:5个
<info>    [07-09 18:12:45 730] BaseTractorSrvc.GetAllTractorIds            L:115  <> T:1-Normal-False- ID:()
	获取到所有牵引车:58个
<debug>   [07-09 18:13:15 144] UserPermissionSrvc.Get                      L:31   <> T:4-Normal-True- ID:()
	{"Createtime":null,"Id":0,"Ispermission":null,"Permissionid":null,"Userid":"admin"}
<debug>   [07-09 18:13:29 316] RoleSrvc.Get                                L:35   <> T:4-Normal-True- ID:()
	{"Createtime":null,"Descript":null,"Isenable":null,"Roleid":"管理员","Rolename":null,"Userid":null}
