<notice>   [07-17 09:57:43 222] MainCtrl.Start                              L:39   <> T:1-Normal-False- ID:()
	系统初始化开始
<warn>   [07-17 09:57:43 223] MainCtrl.Start                              L:41   <> T:1-Normal-False- ID:()
	初始化完毕,平台接口准备开启!
<warn>   [07-17 09:57:46 664] BHttpServer5.Start                          L:69   <> T:1-Normal-False- ID:()
	Http服务 IPAddress.Any Port:20007 启动
<info>    [07-17 09:57:49 605] BaseInt.ExecInt                             L:222  <> T:7-Normal-True- ID:()
	执行方法:pda_submitcheck
<debug>   [07-17 09:57:54 036] PdaInt.SubmitCheck                          L:246  <I> T:7-Normal-True- ID:()
	{"CheckData":{"Expburn":"pass","Helmet":"fail","Id":173,"Remark":"","Smock":"pass","Tire":"fail","Uid":"222","Workshoe":"pass"},"Sign":"3c3e9f42dbe3d47d299a66fbcc846d4a","Time":"1594950818","Token":"NjM3MjkzODUzNDM5OTQ5MzIwLTEzNjA2NTQzNzg0ODA="}
<info>    [07-17 09:58:30 340] SysConfigSrvc.GetAll                        L:58   <> T:1-Normal-False- ID:()
	获取到所有配置项:5个
<info>    [07-17 09:58:30 456] BaseTractorSrvc.GetAllTractorIds            L:115  <> T:1-Normal-False- ID:()
	获取到所有牵引车:61个
<tip>    [07-17 09:58:30 538] HttpCtrl.RecvHttpReq                        L:107  <O> T:7-Normal-True- ID:(方法:pda_submitcheck 耗时:40939ms <<<<<<<)
	客户端:(192.168.1.182-) POST方式访问URL:(192.168.1.182:20007/?cmd=pda_submitcheck) 
 请求:{"CheckData":{"Expburn":"pass","Helmet":"fail","Id":173,"Remark":"","Smock":"pass","Tire":"fail","Uid":"222","Workshoe":"pass"},"Sign":"3c3e9f42dbe3d47d299a66fbcc846d4a","Time":"1594950818","Token":"NjM3MjkzODUzNDM5OTQ5MzIwLTEzNjA2NTQzNzg0ODA="}
	应答:{"Stat":"时间戳差距过大","Msg":null}
<info>    [07-17 09:58:58 200] BaseInt.ExecInt                             L:222  <> T:5-Normal-True- ID:()
	执行方法:pda_submitcheck
<debug>   [07-17 09:59:00 296] PdaInt.SubmitCheck                          L:246  <I> T:5-Normal-True- ID:()
	{"CheckData":{"Expburn":"pass","Helmet":"fail","Id":173,"Remark":"","Smock":"pass","Tire":"fail","Uid":"222","Workshoe":"pass"},"Sign":"d7abbc08250ca71ca8d92c692a6a2956","Time":"1594935446384","Token":""}
<debug>   [07-17 10:00:24 347] TimerCtrl.AllTask                           L:117  <> T:14-Normal-True- ID:()
	小时任务开始
<debug>   [07-17 10:00:24 352] TimerCtrl.AllTask                           L:119  <> T:14-Normal-True- ID:()
	小时任务结束
<tip>    [07-17 10:00:24 381] HttpCtrl.RecvHttpReq                        L:107  <O> T:5-Normal-True- ID:(方法:pda_submitcheck 耗时:86181ms <<<<<<<)
	客户端:(192.168.1.182-) POST方式访问URL:(192.168.1.182:20007/?cmd=pda_submitcheck) 
 请求:{"CheckData":{"Expburn":"pass","Helmet":"fail","Id":173,"Remark":"","Smock":"pass","Tire":"fail","Uid":"222","Workshoe":"pass"},"Sign":"d7abbc08250ca71ca8d92c692a6a2956","Time":"1594935446384","Token":"NjM3MjkzODUzNDM5OTQ5MzIwLTEzNjA2NTQzNzg0ODA="}
	应答:{"Stat":"时间戳差距过大","Msg":null}
<info>    [07-17 10:00:28 086] BaseInt.ExecInt                             L:222  <> T:5-Normal-True- ID:()
	执行方法:pda_submitcheck
<debug>   [07-17 10:00:31 889] PdaInt.SubmitCheck                          L:246  <I> T:5-Normal-True- ID:()
	{"CheckData":{"Expburn":"pass","Helmet":"fail","Id":173,"Remark":"","Smock":"pass","Tire":"fail","Uid":"222","Workshoe":"pass"},"Sign":"d7abbc08250ca71ca8d92c692a6a2956","Time":"1594935464892","Token":"NjM3MjkzODUzNDM5OTQ5MzIwLTEzNjA2NTQzNzg0ODA="}
<notice>   [07-17 10:01:05 432] MainCtrl.Start                              L:39   <> T:1-Normal-False- ID:()
	系统初始化开始
<warn>   [07-17 10:01:05 439] MainCtrl.Start                              L:41   <> T:1-Normal-False- ID:()
	初始化完毕,平台接口准备开启!
<warn>   [07-17 10:01:06 796] BHttpServer5.Start                          L:69   <> T:1-Normal-False- ID:()
	Http服务 IPAddress.Any Port:20007 启动
<info>    [07-17 10:01:09 900] SysConfigSrvc.GetAll                        L:58   <> T:1-Normal-False- ID:()
	获取到所有配置项:5个
<info>    [07-17 10:01:09 981] BaseTractorSrvc.GetAllTractorIds            L:115  <> T:1-Normal-False- ID:()
	获取到所有牵引车:61个
<notice>   [07-17 10:01:38 738] MainCtrl.Start                              L:39   <> T:1-Normal-False- ID:()
	系统初始化开始
<warn>   [07-17 10:01:38 738] MainCtrl.Start                              L:41   <> T:1-Normal-False- ID:()
	初始化完毕,平台接口准备开启!
<warn>   [07-17 10:01:39 768] BHttpServer5.Start                          L:69   <> T:1-Normal-False- ID:()
	Http服务 IPAddress.Any Port:20007 启动
<info>    [07-17 10:01:42 375] SysConfigSrvc.GetAll                        L:58   <> T:1-Normal-False- ID:()
	获取到所有配置项:5个
<info>    [07-17 10:01:42 477] BaseTractorSrvc.GetAllTractorIds            L:115  <> T:1-Normal-False- ID:()
	获取到所有牵引车:61个
<info>    [07-17 10:01:56 319] BaseInt.ExecInt                             L:222  <> T:4-Normal-True- ID:()
	执行方法:pda_submitcheck
<debug>   [07-17 10:02:00 466] PdaInt.SubmitCheck                          L:246  <I> T:4-Normal-True- ID:()
	{"CheckData":{"Expburn":"pass","Helmet":"fail","Id":173,"Remark":"","Smock":"pass","Tire":"fail","Uid":"222","Workshoe":"pass"},"Sign":"d7abbc08250ca71ca8d92c692a6a2956","Time":"1594935446384","Token":""}
<warn>   [07-17 10:02:01 038] UserSrvc.GetOne                             L:177  <> T:4-Normal-True- ID:(O)
	查询条件为空,不返回对象
<tip>    [07-17 10:02:07 197] HttpCtrl.RecvHttpReq                        L:107  <O> T:4-Normal-True- ID:(方法:pda_submitcheck 耗时:10884ms <<<<<<<)
	客户端:(192.168.1.182-) POST方式访问URL:(192.168.1.182:20007/?cmd=pda_submitcheck) 
 请求:{"CheckData":{"Expburn":"pass","Helmet":"fail","Id":173,"Remark":"","Smock":"pass","Tire":"fail","Uid":"222","Workshoe":"pass"},"Sign":"d7abbc08250ca71ca8d92c692a6a2956","Time":"1594935446384","Token":"NjM3MjkzODUzNDM5OTQ5MzIwLTEzNjA2NTQzNzg0ODA="}
	应答:{"Stat":"用户不存在","Msg":null}
<notice>   [07-17 10:04:13 284] MainCtrl.Start                              L:39   <> T:1-Normal-False- ID:()
	系统初始化开始
<warn>   [07-17 10:04:13 285] MainCtrl.Start                              L:41   <> T:1-Normal-False- ID:()
	初始化完毕,平台接口准备开启!
<warn>   [07-17 10:04:14 483] BHttpServer5.Start                          L:69   <> T:1-Normal-False- ID:()
	Http服务 IPAddress.Any Port:20007 启动
<info>    [07-17 10:04:17 585] SysConfigSrvc.GetAll                        L:58   <> T:1-Normal-False- ID:()
	获取到所有配置项:5个
<info>    [07-17 10:04:17 671] BaseTractorSrvc.GetAllTractorIds            L:115  <> T:1-Normal-False- ID:()
	获取到所有牵引车:61个
<info>    [07-17 10:04:22 748] BaseInt.ExecInt                             L:222  <> T:6-Normal-True- ID:()
	执行方法:pda_submitcheck
<debug>   [07-17 10:04:26 271] PdaInt.SubmitCheck                          L:246  <I> T:6-Normal-True- ID:()
	{"CheckData":{"Expburn":"pass","Helmet":"fail","Id":173,"Remark":"","Smock":"pass","Tire":"fail","Uid":"222","Workshoe":"pass"},"Sign":"d7abbc08250ca71ca8d92c692a6a2956","Time":"1594935446384","Token":""}
<warn>   [07-17 10:04:27 620] UserSrvc.GetOne                             L:177  <> T:6-Normal-True- ID:(O)
	查询条件为空,不返回对象
<warn>   [07-17 10:05:19 641] BaseInt.ExecInt                             L:230  <O> T:6-Normal-True- ID:()
	方法:pda_submitcheck Err:Object reference not set to an instance of an object. 
 StackTrace:   at Yongrong.Int.Pda.PdaInt.SubmitCheck(Dictionary`2 reqmap, Byte[] reqbytes) in D:\yongrong\Yongrong\Int\Pda\PdaInt.cs:line 275
   at Yongrong.Int.BaseInt.ExecInt(String cmd, Dictionary`2 urlMap, Byte[] reqbytes) in D:\yongrong\Yongrong\Int\BaseInt.cs:line 226 
 InnerException:
<tip>    [07-17 10:05:19 874] HttpCtrl.RecvHttpReq                        L:107  <O> T:6-Normal-True- ID:(方法:pda_submitcheck 耗时:57129ms <<<<<<<)
	客户端:(192.168.1.182-) POST方式访问URL:(192.168.1.182:20007/?cmd=pda_submitcheck) 
 请求:{"CheckData":{"Expburn":"pass","Helmet":"fail","Id":173,"Remark":"","Smock":"pass","Tire":"fail","Uid":"222","Workshoe":"pass"},"Sign":"d7abbc08250ca71ca8d92c692a6a2956","Time":"1594935446384","Token":"NjM3MjkzODUzNDM5OTQ5MzIwLTEzNjA2NTQzNzg0ODA="}
	应答:{"Stat":"未知错误"}
<info>    [07-17 10:05:22 992] BaseInt.ExecInt                             L:222  <> T:8-Normal-True- ID:()
	执行方法:pda_submitcheck
<debug>   [07-17 10:05:30 331] PdaInt.SubmitCheck                          L:246  <I> T:8-Normal-True- ID:()
	{"CheckData":{"Expburn":"pass","Helmet":"fail","Id":173,"Remark":"","Smock":"pass","Tire":"fail","Uid":"222","Workshoe":"pass"},"Sign":"d7abbc08250ca71ca8d92c692a6a2956","Time":"1594935446384","Token":""}
<warn>   [07-17 10:05:33 863] UserSrvc.GetOne                             L:177  <> T:8-Normal-True- ID:(O)
	查询条件为空,不返回对象
<warn>   [07-17 10:05:58 290] BaseInt.ExecInt                             L:230  <O> T:8-Normal-True- ID:()
	方法:pda_submitcheck Err:Object reference not set to an instance of an object. 
 StackTrace:   at Yongrong.Int.Pda.PdaInt.SubmitCheck(Dictionary`2 reqmap, Byte[] reqbytes) in D:\yongrong\Yongrong\Int\Pda\PdaInt.cs:line 275
   at Yongrong.Int.BaseInt.ExecInt(String cmd, Dictionary`2 urlMap, Byte[] reqbytes) in D:\yongrong\Yongrong\Int\BaseInt.cs:line 226 
 InnerException:
<tip>    [07-17 10:05:58 305] HttpCtrl.RecvHttpReq                        L:107  <O> T:8-Normal-True- ID:(方法:pda_submitcheck 耗时:35312ms <<<<<<<)
	客户端:(192.168.1.182-) POST方式访问URL:(192.168.1.182:20007/?cmd=pda_submitcheck) 
 请求:{"CheckData":{"Expburn":"pass","Helmet":"fail","Id":173,"Remark":"","Smock":"pass","Tire":"fail","Uid":"222","Workshoe":"pass"},"Sign":"d7abbc08250ca71ca8d92c692a6a2956","Time":"1594935446384","Token":"NjM3MjkzODUzNDM5OTQ5MzIwLTEzNjA2NTQzNzg0ODA="}
	应答:{"Stat":"未知错误"}
<info>    [07-17 10:06:43 984] BaseInt.ExecInt                             L:222  <> T:8-Normal-True- ID:()
	执行方法:pda_submitcheck
<debug>   [07-17 10:06:49 403] PdaInt.SubmitCheck                          L:246  <I> T:8-Normal-True- ID:()
	{"CheckData":{"Expburn":"pass","Helmet":"fail","Id":173,"Remark":"","Smock":"pass","Tire":"fail","Uid":"222","Workshoe":"pass"},"Sign":"d7abbc08250ca71ca8d92c692a6a2956","Time":"1594935446384","Token":"NjM3MjkzODUzNDM5OTQ5MzIwLTEzNjA2NTQzNzg0ODA="}
<warn>   [07-17 10:06:52 984] UserSrvc.GetOne                             L:177  <> T:8-Normal-True- ID:(O)
	查询条件为空,不返回对象
<debug>   [07-17 10:07:23 764] PdaInt.SubmitCheck                          L:246  <I> T:8-Normal-True- ID:()
	{"CheckData":{"Expburn":"pass","Helmet":"fail","Id":173,"Remark":"","Smock":"pass","Tire":"fail","Uid":"222","Workshoe":"pass"},"Sign":"d7abbc08250ca71ca8d92c692a6a2956","Time":"1594935446384","Token":""}
<warn>   [07-17 10:07:25 114] UserSrvc.GetOne                             L:177  <> T:8-Normal-True- ID:(O)
	查询条件为空,不返回对象
<warn>   [07-17 10:07:34 856] BaseInt.ExecInt                             L:230  <O> T:8-Normal-True- ID:()
	方法:pda_submitcheck Err:Object reference not set to an instance of an object. 
 StackTrace:   at Yongrong.Int.Pda.PdaInt.SubmitCheck(Dictionary`2 reqmap, Byte[] reqbytes)
   at Yongrong.Int.BaseInt.ExecInt(String cmd, Dictionary`2 urlMap, Byte[] reqbytes) 
 InnerException:
<tip>    [07-17 10:07:34 877] HttpCtrl.RecvHttpReq                        L:107  <O> T:8-Normal-True- ID:(方法:pda_submitcheck 耗时:50893ms <<<<<<<)
	客户端:(192.168.1.182-) POST方式访问URL:(192.168.1.182:20007/?cmd=pda_submitcheck) 
 请求:{"CheckData":{"Expburn":"pass","Helmet":"fail","Id":173,"Remark":"","Smock":"pass","Tire":"fail","Uid":"222","Workshoe":"pass"},"Sign":"d7abbc08250ca71ca8d92c692a6a2956","Time":"1594935446384","Token":"NjM3MjkzODUzNDM5OTQ5MzIwLTEzNjA2NTQzNzg0ODA="}
	应答:{"Stat":"未知错误"}
<info>    [07-17 10:07:37 729] BaseInt.ExecInt                             L:222  <> T:8-Normal-True- ID:()
	执行方法:pda_submitcheck
<debug>   [07-17 10:07:41 128] PdaInt.SubmitCheck                          L:246  <I> T:8-Normal-True- ID:()
	{"CheckData":{"Expburn":"pass","Helmet":"fail","Id":173,"Remark":"","Smock":"pass","Tire":"fail","Uid":"222","Workshoe":"pass"},"Sign":"d7abbc08250ca71ca8d92c692a6a2956","Time":"1594935446384","Token":"NjM3MjkzODUzNDM5OTQ5MzIwLTEzNjA2NTQzNzg0ODA="}
<info>    [07-17 10:08:19 432] PdaInt.SubmitCheck                          L:395  <> T:8-Normal-True- ID:(用户提交请求成功)
	{"Creater":"yradmin","Createtime":"2020-07-03 15:01:16","Flashtime":"\/Date(1593759743000+0800)\/","Id":80,"Logintime":"2020-07-03 18:01:59","Phone":"13606543784","Post":null,"Pwd":"7D86C4658028F144D7E560907DCD3F6C","Roleids":"驾驶员","Token":"NjM3MjkzODUzNDM5OTQ5MzIwLTEzNjA2NTQzNzg0ODA=","Userid":"13606543784","Username":"任苗根"}
<tip>    [07-17 10:08:19 449] HttpCtrl.RecvHttpReq                        L:107  <O> T:8-Normal-True- ID:(方法:pda_submitcheck 耗时:41719ms <<<<<<<)
	客户端:(192.168.1.182-) POST方式访问URL:(192.168.1.182:20007/?cmd=pda_submitcheck) 
 请求:{"CheckData":{"Expburn":"pass","Helmet":"fail","Id":173,"Remark":"","Smock":"pass","Tire":"fail","Uid":"222","Workshoe":"pass"},"Sign":"d7abbc08250ca71ca8d92c692a6a2956","Time":"1594935446384","Token":"NjM3MjkzODUzNDM5OTQ5MzIwLTEzNjA2NTQzNzg0ODA="}
	应答:{"Stat":"0","Msg":null}
<notice>   [07-17 10:09:19 619] MainCtrl.Start                              L:39   <> T:1-Normal-False- ID:()
	系统初始化开始
<warn>   [07-17 10:09:19 619] MainCtrl.Start                              L:41   <> T:1-Normal-False- ID:()
	初始化完毕,平台接口准备开启!
<warn>   [07-17 10:09:20 641] BHttpServer5.Start                          L:69   <> T:1-Normal-False- ID:()
	Http服务 IPAddress.Any Port:20007 启动
<info>    [07-17 10:09:23 381] SysConfigSrvc.GetAll                        L:58   <> T:1-Normal-False- ID:()
	获取到所有配置项:5个
<info>    [07-17 10:09:23 471] BaseTractorSrvc.GetAllTractorIds            L:115  <> T:1-Normal-False- ID:()
	获取到所有牵引车:61个
<info>    [07-17 10:09:37 325] BaseInt.ExecInt                             L:222  <> T:6-Normal-True- ID:()
	执行方法:pda_submitcheck
<debug>   [07-17 10:09:39 346] PdaInt.SubmitCheck                          L:246  <I> T:6-Normal-True- ID:()
	{"CheckData":{"Expburn":"","Helmet":"pass","Id":173,"Remark":"","Smock":"pass","Tire":"fail","Uid":"222","Workshoe":"pass"},"Sign":"d7abbc08250ca71ca8d92c692a6a2956","Time":"1594935446384","Token":"NjM3MjkzODUzNDM5OTQ5MzIwLTEzNjA2NTQzNzg0ODA="}
<info>    [07-17 10:10:01 635] PdaInt.SubmitCheck                          L:395  <> T:6-Normal-True- ID:(用户提交请求成功)
	{"Creater":"yradmin","Createtime":"2020-07-03 15:01:16","Flashtime":"\/Date(1593759743000+0800)\/","Id":80,"Logintime":"2020-07-03 18:01:59","Phone":"13606543784","Post":null,"Pwd":"7D86C4658028F144D7E560907DCD3F6C","Roleids":"驾驶员","Token":"NjM3MjkzODUzNDM5OTQ5MzIwLTEzNjA2NTQzNzg0ODA=","Userid":"13606543784","Username":"任苗根"}
<tip>    [07-17 10:10:01 659] HttpCtrl.RecvHttpReq                        L:107  <O> T:6-Normal-True- ID:(方法:pda_submitcheck 耗时:24339ms <<<<<<<)
	客户端:(192.168.1.182-) POST方式访问URL:(192.168.1.182:20007/?cmd=pda_submitcheck) 
 请求:{"CheckData":{"Expburn":"","Helmet":"pass","Id":173,"Remark":"","Smock":"pass","Tire":"fail","Uid":"222","Workshoe":"pass"},"Sign":"d7abbc08250ca71ca8d92c692a6a2956","Time":"1594935446384","Token":"NjM3MjkzODUzNDM5OTQ5MzIwLTEzNjA2NTQzNzg0ODA="}
	应答:{"Stat":"0","Msg":null}
<notice>   [07-17 10:16:36 046] MainCtrl.Start                              L:39   <> T:1-Normal-False- ID:()
	系统初始化开始
<warn>   [07-17 10:16:36 046] MainCtrl.Start                              L:41   <> T:1-Normal-False- ID:()
	初始化完毕,平台接口准备开启!
<warn>   [07-17 10:16:37 454] BHttpServer5.Start                          L:69   <> T:1-Normal-False- ID:()
	Http服务 IPAddress.Any Port:20007 启动
<info>    [07-17 10:16:40 708] SysConfigSrvc.GetAll                        L:58   <> T:1-Normal-False- ID:()
	获取到所有配置项:5个
<info>    [07-17 10:16:40 803] BaseTractorSrvc.GetAllTractorIds            L:115  <> T:1-Normal-False- ID:()
	获取到所有牵引车:61个
<info>    [07-17 10:16:52 788] BaseInt.ExecInt                             L:222  <> T:4-Normal-True- ID:()
	执行方法:pda_submitcheck
<debug>   [07-17 10:16:52 801] PdaInt.SubmitCheck                          L:246  <I> T:4-Normal-True- ID:()
	{"CheckData":{"Expburn":"","Helmet":"","Id":173,"Remark":"","Smock":"","Tire":"","Uid":"222","Workshoe":"pass"},"Sign":"d7abbc08250ca71ca8d92c692a6a2956","Time":"1594935446384","Token":"NjM3MjkzODUzNDM5OTQ5MzIwLTEzNjA2NTQzNzg0ODA="}
<tip>    [07-17 10:16:52 992] HttpCtrl.RecvHttpReq                        L:107  <O> T:4-Normal-True- ID:(方法:pda_submitcheck 耗时:208ms <<<<<<<)
	客户端:(192.168.1.182-) POST方式访问URL:(192.168.1.182:20007/?cmd=pda_submitcheck) 
 请求:{"CheckData":{"Expburn":"","Helmet":"","Id":173,"Remark":"","Smock":"","Tire":"","Uid":"222","Workshoe":"pass"},"Sign":"d7abbc08250ca71ca8d92c692a6a2956","Time":"1594935446384","Token":"NjM3MjkzODUzNDM5OTQ5MzIwLTEzNjA2NTQzNzg0ODA="}
	应答:{"Stat":"时间戳差距过大","Msg":null}
<notice>   [07-17 10:17:54 268] MainCtrl.Start                              L:39   <> T:1-Normal-False- ID:()
	系统初始化开始
<warn>   [07-17 10:17:54 268] MainCtrl.Start                              L:41   <> T:1-Normal-False- ID:()
	初始化完毕,平台接口准备开启!
<warn>   [07-17 10:17:56 206] BHttpServer5.Start                          L:69   <> T:1-Normal-False- ID:()
	Http服务 IPAddress.Any Port:20007 启动
<info>    [07-17 10:17:58 897] SysConfigSrvc.GetAll                        L:58   <> T:1-Normal-False- ID:()
	获取到所有配置项:5个
<info>    [07-17 10:17:59 010] BaseTractorSrvc.GetAllTractorIds            L:115  <> T:1-Normal-False- ID:()
	获取到所有牵引车:61个
<info>    [07-17 10:18:48 208] BaseInt.ExecInt                             L:222  <> T:6-Normal-True- ID:()
	执行方法:pda_submitcheck
<debug>   [07-17 10:18:48 221] PdaInt.SubmitCheck                          L:246  <I> T:6-Normal-True- ID:()
	{"CheckData":{"Expburn":"","Helmet":"","Id":173,"Remark":"","Smock":"","Tire":"","Uid":"222","Workshoe":"pass"},"Sign":"08fe01929c4ba1df21c4798db8bfc175","Time":"1594952818","Token":"NjM3MjkzODUzNDM5OTQ5MzIwLTEzNjA2NTQzNzg0ODA="}
<tip>    [07-17 10:18:48 416] HttpCtrl.RecvHttpReq                        L:107  <O> T:6-Normal-True- ID:(方法:pda_submitcheck 耗时:212ms <<<<<<<)
	客户端:(192.168.1.182-) POST方式访问URL:(192.168.1.182:20007/?cmd=pda_submitcheck) 
 请求:{"CheckData":{"Expburn":"","Helmet":"","Id":173,"Remark":"","Smock":"","Tire":"","Uid":"222","Workshoe":"pass"},"Sign":"08fe01929c4ba1df21c4798db8bfc175","Time":"1594952818","Token":"NjM3MjkzODUzNDM5OTQ5MzIwLTEzNjA2NTQzNzg0ODA="}
	应答:{"Stat":"时间戳差距过大","Msg":null}
<info>    [07-17 10:18:54 819] BaseInt.ExecInt                             L:222  <> T:6-Normal-True- ID:()
	执行方法:pda_submitcheck
<debug>   [07-17 10:18:54 820] PdaInt.SubmitCheck                          L:246  <I> T:6-Normal-True- ID:()
	{"CheckData":{"Expburn":"","Helmet":"","Id":173,"Remark":"","Smock":"","Tire":"","Uid":"222","Workshoe":"pass"},"Sign":"08fe01929c4ba1df21c4798db8bfc175","Time":"1594952818","Token":"NjM3MjkzODUzNDM5OTQ5MzIwLTEzNjA2NTQzNzg0ODA="}
<tip>    [07-17 10:18:54 844] HttpCtrl.RecvHttpReq                        L:107  <O> T:6-Normal-True- ID:(方法:pda_submitcheck 耗时:24ms <<<<<<<)
	客户端:(192.168.1.182-) POST方式访问URL:(192.168.1.182:20007/?cmd=pda_submitcheck) 
 请求:{"CheckData":{"Expburn":"","Helmet":"","Id":173,"Remark":"","Smock":"","Tire":"","Uid":"222","Workshoe":"pass"},"Sign":"08fe01929c4ba1df21c4798db8bfc175","Time":"1594952818","Token":"NjM3MjkzODUzNDM5OTQ5MzIwLTEzNjA2NTQzNzg0ODA="}
	应答:{"Stat":"时间戳差距过大","Msg":null}
<info>    [07-17 10:19:06 876] BaseInt.ExecInt                             L:222  <> T:7-Normal-True- ID:()
	执行方法:pda_submitcheck
<debug>   [07-17 10:19:06 893] PdaInt.SubmitCheck                          L:246  <I> T:7-Normal-True- ID:()
	{"CheckData":{"Expburn":"","Helmet":"","Id":173,"Remark":"","Smock":"","Tire":"","Uid":"222","Workshoe":"pass"},"Sign":"08fe01929c4ba1df21c4798db8bfc175","Time":"1594952818","Token":"NjM3MjkzODUzNDM5OTQ5MzIwLTEzNjA2NTQzNzg0ODA="}
<tip>    [07-17 10:21:03 542] HttpCtrl.RecvHttpReq                        L:107  <O> T:7-Normal-True- ID:(方法:pda_submitcheck 耗时:116666ms <<<<<<<)
	客户端:(192.168.1.182-) POST方式访问URL:(192.168.1.182:20007/?cmd=pda_submitcheck) 
 请求:{"CheckData":{"Expburn":"","Helmet":"","Id":173,"Remark":"","Smock":"","Tire":"","Uid":"222","Workshoe":"pass"},"Sign":"08fe01929c4ba1df21c4798db8bfc175","Time":"1594952818","Token":"NjM3MjkzODUzNDM5OTQ5MzIwLTEzNjA2NTQzNzg0ODA="}
	应答:{"Stat":"时间戳差距过大","Msg":null}
<info>    [07-17 10:21:06 546] BaseInt.ExecInt                             L:222  <> T:12-Normal-True- ID:()
	执行方法:pda_submitcheck
<debug>   [07-17 10:21:06 549] PdaInt.SubmitCheck                          L:246  <I> T:12-Normal-True- ID:()
	{"CheckData":{"Expburn":"","Helmet":"","Id":173,"Remark":"","Smock":"","Tire":"","Uid":"222","Workshoe":"pass"},"Sign":"a1d2a905f9533da236de90e29a31f20d","Time":"1594952354007","Token":"NjM3MjkzODUzNDM5OTQ5MzIwLTEzNjA2NTQzNzg0ODA="}
<info>    [07-17 10:21:06 780] PdaInt.SubmitCheck                          L:395  <> T:12-Normal-True- ID:(用户提交请求成功)
	{"Creater":"yradmin","Createtime":"2020-07-03 15:01:16","Flashtime":"\/Date(1593759743000+0800)\/","Id":80,"Logintime":"2020-07-03 18:01:59","Phone":"13606543784","Post":null,"Pwd":"7D86C4658028F144D7E560907DCD3F6C","Roleids":"驾驶员","Token":"NjM3MjkzODUzNDM5OTQ5MzIwLTEzNjA2NTQzNzg0ODA=","Userid":"13606543784","Username":"任苗根"}
<tip>    [07-17 10:21:06 784] HttpCtrl.RecvHttpReq                        L:107  <O> T:12-Normal-True- ID:(方法:pda_submitcheck 耗时:238ms <<<<<<<)
	客户端:(192.168.1.182-) POST方式访问URL:(192.168.1.182:20007/?cmd=pda_submitcheck) 
 请求:{"CheckData":{"Expburn":"","Helmet":"","Id":173,"Remark":"","Smock":"","Tire":"","Uid":"222","Workshoe":"pass"},"Sign":"a1d2a905f9533da236de90e29a31f20d","Time":"1594952354007","Token":"NjM3MjkzODUzNDM5OTQ5MzIwLTEzNjA2NTQzNzg0ODA="} 
	应答:{"Stat":"0","Msg":null}
<notice>   [07-17 10:25:53 615] MainCtrl.Start                              L:39   <> T:1-Normal-False- ID:()
	系统初始化开始
<warn>   [07-17 10:25:53 615] MainCtrl.Start                              L:41   <> T:1-Normal-False- ID:()
	初始化完毕,平台接口准备开启!
<warn>   [07-17 10:25:55 037] BHttpServer5.Start                          L:69   <> T:1-Normal-False- ID:()
	Http服务 IPAddress.Any Port:20007 启动
<info>    [07-17 10:25:58 409] SysConfigSrvc.GetAll                        L:58   <> T:1-Normal-False- ID:()
	获取到所有配置项:5个
<info>    [07-17 10:25:58 549] BaseTractorSrvc.GetAllTractorIds            L:115  <> T:1-Normal-False- ID:()
	获取到所有牵引车:61个
<info>    [07-17 10:26:14 297] BaseInt.ExecInt                             L:222  <> T:6-Normal-True- ID:()
	执行方法:pda_submitcheck
<debug>   [07-17 10:26:14 318] PdaInt.SubmitCheck                          L:246  <I> T:6-Normal-True- ID:()
	{"CheckData":{"Expburn":"","Helmet":"","Id":173,"Remark":"","Smock":"","Tire":"","Uid":"222","Workshoe":""},"Sign":"A1D2A905F9533DA236DE90E29A31F20D","Time":"1594952354007","Token":""}
<warn>   [07-17 10:26:14 327] UserSrvc.GetOne                             L:177  <> T:6-Normal-True- ID:(O)
	查询条件为空,不返回对象
<tip>    [07-17 10:26:14 594] HttpCtrl.RecvHttpReq                        L:107  <O> T:6-Normal-True- ID:(方法:pda_submitcheck 耗时:305ms <<<<<<<)
	客户端:(192.168.1.182-) POST方式访问URL:(192.168.1.182:20007/?cmd=pda_submitcheck) 
 请求:{"CheckData":{"Expburn":"","Helmet":"","Id":173,"Remark":"","Smock":"","Tire":"","Uid":"222","Workshoe":""},"Sign":"A1D2A905F9533DA236DE90E29A31F20D","Time":"1594952354007","Token":"NjM3MjkzODUzNDM5OTQ5MzIwLTEzNjA2NTQzNzg0ODA="} 
	应答:{"Stat":"用户不存在","Msg":null}
<info>    [07-17 10:26:31 441] BaseInt.ExecInt                             L:222  <> T:13-Normal-True- ID:()
	执行方法:pda_submitcheck
<debug>   [07-17 10:26:38 755] PdaInt.SubmitCheck                          L:246  <I> T:13-Normal-True- ID:()
	{"CheckData":{"Expburn":"","Helmet":"","Id":173,"Remark":"","Smock":"","Tire":"","Uid":"222","Workshoe":""},"Sign":"A1D2A905F9533DA236DE90E29A31F20D","Time":"1594952354007","Token":"NjM3MjkzODUzNDM5OTQ5MzIwLTEzNjA2NTQzNzg0ODA="}
<info>    [07-17 10:26:39 127] PdaInt.SubmitCheck                          L:395  <> T:13-Normal-True- ID:(用户提交请求成功)
	{"Creater":"yradmin","Createtime":"2020-07-03 15:01:16","Flashtime":"\/Date(1593759743000+0800)\/","Id":80,"Logintime":"2020-07-03 18:01:59","Phone":"13606543784","Post":null,"Pwd":"7D86C4658028F144D7E560907DCD3F6C","Roleids":"驾驶员","Token":"NjM3MjkzODUzNDM5OTQ5MzIwLTEzNjA2NTQzNzg0ODA=","Userid":"13606543784","Username":"任苗根"}
<tip>    [07-17 10:26:39 150] HttpCtrl.RecvHttpReq                        L:107  <O> T:13-Normal-True- ID:(方法:pda_submitcheck 耗时:7708ms <<<<<<<)
	客户端:(192.168.1.182-) POST方式访问URL:(192.168.1.182:20007/?cmd=pda_submitcheck) 
 请求:{"CheckData":{"Expburn":"","Helmet":"","Id":173,"Remark":"","Smock":"","Tire":"","Uid":"222","Workshoe":""},"Sign":"A1D2A905F9533DA236DE90E29A31F20D","Time":"1594952354007","Token":"NjM3MjkzODUzNDM5OTQ5MzIwLTEzNjA2NTQzNzg0ODA="} 
	应答:{"Stat":"0","Msg":null}
<notice>   [07-17 10:43:40 329] MainCtrl.Start                              L:39   <> T:1-Normal-False- ID:()
	系统初始化开始
<warn>   [07-17 10:43:40 330] MainCtrl.Start                              L:41   <> T:1-Normal-False- ID:()
	初始化完毕,平台接口准备开启!
<warn>   [07-17 10:43:41 655] BHttpServer5.Start                          L:69   <> T:1-Normal-False- ID:()
	Http服务 IPAddress.Any Port:20007 启动
<info>    [07-17 10:43:44 573] SysConfigSrvc.GetAll                        L:58   <> T:1-Normal-False- ID:()
	获取到所有配置项:5个
<info>    [07-17 10:43:44 660] BaseTractorSrvc.GetAllTractorIds            L:115  <> T:1-Normal-False- ID:()
	获取到所有牵引车:61个
<info>    [07-17 10:45:17 854] BaseInt.ExecInt                             L:222  <> T:13-Normal-True- ID:()
	执行方法:pda_submitcheck
<debug>   [07-17 10:45:22 937] PdaInt.SubmitCheck                          L:246  <I> T:13-Normal-True- ID:()
	{"CheckData":{"Expburn":"pass","Helmet":"pass","Id":173,"Remark":"pass","Smock":"pass","Tire":"pass","Uid":"222","Workshoe":"pass"},"Sign":"A1D2A905F9533DA236DE90E29A31F20D","Time":"1594952354007","Token":"NjM3MjkzODUzNDM5OTQ5MzIwLTEzNjA2NTQzNzg0ODA="}
<info>    [07-17 10:45:32 721] PdaInt.SubmitCheck                          L:395  <> T:13-Normal-True- ID:(用户提交请求成功)
	{"Creater":"yradmin","Createtime":"2020-07-03 15:01:16","Flashtime":"\/Date(1593759743000+0800)\/","Id":80,"Logintime":"2020-07-03 18:01:59","Phone":"13606543784","Post":null,"Pwd":"7D86C4658028F144D7E560907DCD3F6C","Roleids":"驾驶员","Token":"NjM3MjkzODUzNDM5OTQ5MzIwLTEzNjA2NTQzNzg0ODA=","Userid":"13606543784","Username":"任苗根"}
<tip>    [07-17 10:45:32 796] HttpCtrl.RecvHttpReq                        L:107  <O> T:13-Normal-True- ID:(方法:pda_submitcheck 耗时:14947ms <<<<<<<)
	客户端:(192.168.1.182-) POST方式访问URL:(192.168.1.182:20007/?cmd=pda_submitcheck) 
 请求:{"CheckData":{"Expburn":"pass","Helmet":"pass","Id":173,"Remark":"pass","Smock":"pass","Tire":"pass","Uid":"222","Workshoe":"pass"},"Sign":"A1D2A905F9533DA236DE90E29A31F20D","Time":"1594952354007","Token":"NjM3MjkzODUzNDM5OTQ5MzIwLTEzNjA2NTQzNzg0ODA="} 
	应答:{"Stat":"0","Msg":null}
<notice>   [07-17 11:00:58 890] MainCtrl.Start                              L:39   <> T:1-Normal-False- ID:()
	系统初始化开始
<warn>   [07-17 11:00:58 891] MainCtrl.Start                              L:41   <> T:1-Normal-False- ID:()
	初始化完毕,平台接口准备开启!
<warn>   [07-17 11:01:00 348] BHttpServer5.Start                          L:69   <> T:1-Normal-False- ID:()
	Http服务 IPAddress.Any Port:20007 启动
<info>    [07-17 11:01:02 972] SysConfigSrvc.GetAll                        L:58   <> T:1-Normal-False- ID:()
	获取到所有配置项:5个
<info>    [07-17 11:01:03 053] BaseTractorSrvc.GetAllTractorIds            L:115  <> T:1-Normal-False- ID:()
	获取到所有牵引车:61个
<info>    [07-17 11:01:07 362] BaseInt.ExecInt                             L:222  <> T:6-Normal-True- ID:()
	执行方法:pda_submitcheck
<debug>   [07-17 11:01:07 374] PdaInt.SubmitCheck                          L:246  <I> T:6-Normal-True- ID:()
	{"CheckData":{"Expburn":"","Helmet":"","Id":173,"Remark":"","Smock":"","Tire":"","Uid":"222","Workshoe":""},"Sign":"A1D2A905F9533DA236DE90E29A31F20D","Time":"1594952354007","Token":"NjM3MjkzODUzNDM5OTQ5MzIwLTEzNjA2NTQzNzg0ODA="}
<info>    [07-17 11:01:07 758] PdaInt.SubmitCheck                          L:395  <> T:6-Normal-True- ID:(用户提交请求成功)
	{"Creater":"yradmin","Createtime":"2020-07-03 15:01:16","Flashtime":"\/Date(1593759743000+0800)\/","Id":80,"Logintime":"2020-07-03 18:01:59","Phone":"13606543784","Post":null,"Pwd":"7D86C4658028F144D7E560907DCD3F6C","Roleids":"驾驶员","Token":"NjM3MjkzODUzNDM5OTQ5MzIwLTEzNjA2NTQzNzg0ODA=","Userid":"13606543784","Username":"任苗根"}
<tip>    [07-17 11:01:07 798] HttpCtrl.RecvHttpReq                        L:107  <O> T:6-Normal-True- ID:(方法:pda_submitcheck 耗时:441ms <<<<<<<)
	客户端:(192.168.1.182-) POST方式访问URL:(192.168.1.182:20007/?cmd=pda_submitcheck) 
 请求:{"CheckData":{"Expburn":"","Helmet":"","Id":173,"Remark":"","Smock":"","Tire":"","Uid":"222","Workshoe":""},"Sign":"A1D2A905F9533DA236DE90E29A31F20D","Time":"1594952354007","Token":"NjM3MjkzODUzNDM5OTQ5MzIwLTEzNjA2NTQzNzg0ODA="} 
	应答:{"Stat":"0","Msg":null}
<notice>   [07-17 17:35:53 201] MainCtrl.Start                              L:39   <> T:1-Normal-False- ID:()
	系统初始化开始
<warn>   [07-17 17:35:53 202] MainCtrl.Start                              L:41   <> T:1-Normal-False- ID:()
	初始化完毕,平台接口准备开启!
<warn>   [07-17 17:35:56 061] BHttpServer5.Start                          L:69   <> T:1-Normal-False- ID:()
	Http服务 IPAddress.Any Port:20007 启动
<info>    [07-17 17:36:02 385] BaseInt.ExecInt                             L:222  <> T:8-Normal-True- ID:()
	执行方法:pda_submitcheck
<debug>   [07-17 17:36:02 407] PdaInt.SubmitCheck                          L:292  <I> T:8-Normal-True- ID:()
	{"CheckData":{"Expburn":"","Helmet":"","Id":173,"Remark":"","Smock":"","Tire":"","Uid":"222","Workshoe":""},"Sign":"A1D2A905F9533DA236DE90E29A31F20D","Time":"1594952354007","Token":"NjM3MjkzODUzNDM5OTQ5MzIwLTEzNjA2NTQzNzg0ODA="}
<info>    [07-17 17:36:02 678] SysConfigSrvc.GetAll                        L:58   <> T:1-Normal-False- ID:()
	获取到所有配置项:5个
<info>    [07-17 17:36:02 786] BaseTractorSrvc.GetAllTractorIds            L:115  <> T:1-Normal-False- ID:()
	获取到所有牵引车:61个
<tip>    [07-17 17:36:02 920] HttpCtrl.RecvHttpReq                        L:107  <O> T:8-Normal-True- ID:(方法:pda_submitcheck 耗时:541ms <<<<<<<)
	客户端:(192.168.1.182-) POST方式访问URL:(192.168.1.182:20007/?cmd=pda_submitcheck) 
 请求:{"CheckData":{"Expburn":"","Helmet":"","Id":173,"Remark":"","Smock":"","Tire":"","Uid":"222","Workshoe":""},"Sign":"A1D2A905F9533DA236DE90E29A31F20D","Time":"1594952354007","Token":"NjM3MjkzODUzNDM5OTQ5MzIwLTEzNjA2NTQzNzg0ODA="} 
	应答:{"Stat":"时间戳差距过大","Msg":null}
<info>    [07-17 17:36:16 677] BaseInt.ExecInt                             L:222  <> T:7-Normal-True- ID:()
	执行方法:pda_submitcheck
<debug>   [07-17 17:36:16 692] PdaInt.SubmitCheck                          L:292  <I> T:7-Normal-True- ID:()
	{"CheckData":{"Expburn":"","Helmet":"","Id":173,"Remark":"","Smock":"","Tire":"","Uid":"222","Workshoe":""},"Sign":"A1D2A905F9533DA236DE90E29A31F20D","Time":"1594952354007","Token":"NjM3MjkzODUzNDM5OTQ5MzIwLTEzNjA2NTQzNzg0ODA="}
<tip>    [07-17 17:36:38 836] HttpCtrl.RecvHttpReq                        L:107  <O> T:7-Normal-True- ID:(方法:pda_submitcheck 耗时:22159ms <<<<<<<)
	客户端:(192.168.1.182-) POST方式访问URL:(192.168.1.182:20007/?cmd=pda_submitcheck) 
 请求:{"CheckData":{"Expburn":"","Helmet":"","Id":173,"Remark":"","Smock":"","Tire":"","Uid":"222","Workshoe":""},"Sign":"A1D2A905F9533DA236DE90E29A31F20D","Time":"1594952354007","Token":"NjM3MjkzODUzNDM5OTQ5MzIwLTEzNjA2NTQzNzg0ODA="} 
	应答:{"Stat":"时间戳差距过大","Msg":null}
<info>    [07-17 17:38:33 726] BaseInt.ExecInt                             L:222  <> T:5-Normal-True- ID:()
	执行方法:pda_submitcheck
<debug>   [07-17 17:38:33 731] PdaInt.SubmitCheck                          L:292  <I> T:5-Normal-True- ID:()
	{"CheckData":{"Expburn":"","Helmet":"","Id":173,"Remark":"","Smock":"","Tire":"","Uid":"222","Workshoe":""},"Sign":"E91264C24D1B30CC80F635360846E1FB","Time":"1594978582171","Token":"NjM3MjkzODUzNDM5OTQ5MzIwLTEzNjA2NTQzNzg0ODA="}
<info>    [07-17 17:38:34 020] PdaInt.SubmitCheck                          L:468  <> T:5-Normal-True- ID:(用户提交请求成功)
	{"Creater":"yradmin","Createtime":"2020-07-03 15:01:16","Flashtime":"\/Date(1593759743000+0800)\/","Id":80,"Logintime":"2020-07-03 18:01:59","Phone":"13606543784","Post":null,"Pwd":"7D86C4658028F144D7E560907DCD3F6C","Roleids":"驾驶员","Token":"NjM3MjkzODUzNDM5OTQ5MzIwLTEzNjA2NTQzNzg0ODA=","Userid":"13606543784","Username":"任苗根"}
<tip>    [07-17 17:38:34 027] HttpCtrl.RecvHttpReq                        L:107  <O> T:5-Normal-True- ID:(方法:pda_submitcheck 耗时:301ms <<<<<<<)
	客户端:(192.168.1.182-) POST方式访问URL:(192.168.1.182:20007/?cmd=pda_submitcheck) 
 请求:{"CheckData":{"Expburn":"","Helmet":"","Id":173,"Remark":"","Smock":"","Tire":"","Uid":"222","Workshoe":""},"Sign":"E91264C24D1B30CC80F635360846E1FB","Time":"1594978582171","Token":"NjM3MjkzODUzNDM5OTQ5MzIwLTEzNjA2NTQzNzg0ODA="} 
	应答:{"Stat":"0","Msg":null}
<info>    [07-17 17:38:44 424] BaseInt.ExecInt                             L:222  <> T:4-Normal-True- ID:()
	执行方法:pda_submitcheck
<debug>   [07-17 17:38:47 535] PdaInt.SubmitCheck                          L:292  <I> T:4-Normal-True- ID:()
	{"CheckData":{"Expburn":"","Helmet":"","Id":173,"Remark":"","Smock":"","Tire":"","Uid":"222","Workshoe":""},"Sign":"E91264C24D1B30CC80F635360846E1FB","Time":"1594978582171","Token":"NjM3MjkzODUzNDM5OTQ5MzIwLTEzNjA2NTQzNzg0ODA="}
<info>    [07-17 17:39:22 823] PdaInt.SubmitCheck                          L:468  <> T:4-Normal-True- ID:(用户提交请求成功)
	{"Creater":"yradmin","Createtime":"2020-07-03 15:01:16","Flashtime":"\/Date(1593759743000+0800)\/","Id":80,"Logintime":"2020-07-03 18:01:59","Phone":"13606543784","Post":null,"Pwd":"7D86C4658028F144D7E560907DCD3F6C","Roleids":"驾驶员","Token":"NjM3MjkzODUzNDM5OTQ5MzIwLTEzNjA2NTQzNzg0ODA=","Userid":"13606543784","Username":"任苗根"}
<tip>    [07-17 17:39:25 011] HttpCtrl.RecvHttpReq                        L:107  <O> T:4-Normal-True- ID:(方法:pda_submitcheck 耗时:40587ms <<<<<<<)
	客户端:(192.168.1.182-) POST方式访问URL:(192.168.1.182:20007/?cmd=pda_submitcheck) 
 请求:{"CheckData":{"Expburn":"","Helmet":"","Id":173,"Remark":"","Smock":"","Tire":"","Uid":"222","Workshoe":""},"Sign":"E91264C24D1B30CC80F635360846E1FB","Time":"1594978582171","Token":"NjM3MjkzODUzNDM5OTQ5MzIwLTEzNjA2NTQzNzg0ODA="} 
	应答:{"Stat":"0","Msg":null}
<info>    [07-17 17:40:55 902] BaseInt.ExecInt                             L:222  <> T:11-Normal-True- ID:()
	执行方法:pda_submitcheck
<debug>   [07-17 17:40:55 905] PdaInt.SubmitCheck                          L:292  <I> T:11-Normal-True- ID:()
	{"CheckData":{"Expburn":"","Helmet":"","Id":173,"Remark":"","Smock":"","Tire":"","Uid":"222","Workshoe":""},"Sign":"E91264C24D1B30CC80F635360846E1F1","Time":"1594978582171","Token":"NjM3MjkzODUzNDM5OTQ5MzIwLTEzNjA2NTQzNzg0ODA="}
<tip>    [07-17 17:40:55 924] HttpCtrl.RecvHttpReq                        L:107  <O> T:11-Normal-True- ID:(方法:pda_submitcheck 耗时:22ms <<<<<<<)
	客户端:(192.168.1.182-) POST方式访问URL:(192.168.1.182:20007/?cmd=pda_submitcheck) 
 请求:{"CheckData":{"Expburn":"","Helmet":"","Id":173,"Remark":"","Smock":"","Tire":"","Uid":"222","Workshoe":""},"Sign":"E91264C24D1B30CC80F635360846E1F1","Time":"1594978582171","Token":"NjM3MjkzODUzNDM5OTQ5MzIwLTEzNjA2NTQzNzg0ODA="} 
	应答:{"Stat":"sign error","Msg":null}
<notice>   [07-17 17:46:41 607] MainCtrl.Start                              L:39   <> T:1-Normal-False- ID:()
	系统初始化开始
<warn>   [07-17 17:46:41 607] MainCtrl.Start                              L:41   <> T:1-Normal-False- ID:()
	初始化完毕,平台接口准备开启!
<warn>   [07-17 17:46:42 948] BHttpServer5.Start                          L:69   <> T:1-Normal-False- ID:()
	Http服务 IPAddress.Any Port:20007 启动
<info>    [07-17 17:46:45 898] SysConfigSrvc.GetAll                        L:58   <> T:1-Normal-False- ID:()
	获取到所有配置项:5个
<info>    [07-17 17:46:45 973] BaseTractorSrvc.GetAllTractorIds            L:115  <> T:1-Normal-False- ID:()
	获取到所有牵引车:61个
<info>    [07-17 17:46:55 850] BaseInt.ExecInt                             L:222  <> T:6-Normal-True- ID:()
	执行方法:pda_queryorder
<debug>   [07-17 17:46:59 488] PdaInt.QueryOrder                           L:171  <I> T:6-Normal-True- ID:()
	{"Order":null,"Sign":"8244B3E7062061A86029D8CAAC75C8CB","Time":"1594978582171","Token":"NjM3MjkzODUzNDM5OTQ5MzIwLTEzNjA2NTQzNzg0ODA=","Tractor":"浙A30K52"}
<debug>   [07-17 17:47:15 053] OrderGoodsSrvc.Get                          L:39   <> T:6-Normal-True- ID:()
	{"Billcheck":null,"Billid":null,"Capacity":null,"Checkman":null,"Company":null,"Createtime":null,"Customercheck":null,"Driver":null,"Endtime":null,"Goodsid":null,"Goodsname":null,"Goodstypr":null,"Grossman":null,"Grosstime":null,"Grossweight":null,"Id":0,"Indoorman":null,"IsSafeCheck":false,"Issendback":null,"Istoexit":null,"Levelnumber":0,"Loadweight":null,"Netweight":null,"Orderid":null,"Ordername":null,"Orderstat":"1","Ordertime":"2020-07-17","Outdoorman":null,"Printid":null,"Printman":null,"Printtime":null,"Realweight":null,"Remark":null,"Safecheckflag":null,"Salesman":null,"SerialNumber":null,"Starttime":null,"Storeman":null,"Supercargo":null,"Tareman":null,"Taretime":null,"Tareweight":null,"Tractorid":"浙A30K52","Trailerid":null,"Transport":null,"Unit":null,"Unitext":null,"Waybillid":null}
<tip>    [07-17 17:47:42 095] HttpCtrl.RecvHttpReq                        L:107  <O> T:6-Normal-True- ID:(方法:pda_queryorder 耗时:46249ms <<<<<<<)
	客户端:(192.168.1.182-) POST方式访问URL:(192.168.1.182:20007/?cmd=pda_queryorder) 
 请求:{"Tractor":"浙A30K52","Sign":"8244B3E7062061A86029D8CAAC75C8CB","Time":"1594978582171","Token":"NjM3MjkzODUzNDM5OTQ5MzIwLTEzNjA2NTQzNzg0ODA="} 
	应答:{"Stat":"0","Data":null}
<info>    [07-17 17:49:05 343] BaseInt.ExecInt                             L:222  <> T:13-Normal-True- ID:()
	执行方法:pda_queryorder
<debug>   [07-17 17:49:11 016] PdaInt.QueryOrder                           L:171  <I> T:13-Normal-True- ID:()
	{"Order":null,"Sign":"8244B3E7062061A86029D8CAAC75C8C1","Time":"1594978582171","Token":"NjM3MjkzODUzNDM5OTQ5MzIwLTEzNjA2NTQzNzg0ODA=","Tractor":"浙A30K52"}
<tip>    [07-17 17:49:11 053] HttpCtrl.RecvHttpReq                        L:107  <O> T:13-Normal-True- ID:(方法:pda_queryorder 耗时:5710ms <<<<<<<)
	客户端:(192.168.1.182-) POST方式访问URL:(192.168.1.182:20007/?cmd=pda_queryorder) 
 请求:{"Tractor":"浙A30K52","Sign":"8244B3E7062061A86029D8CAAC75C8C1","Time":"1594978582171","Token":"NjM3MjkzODUzNDM5OTQ5MzIwLTEzNjA2NTQzNzg0ODA="} 
	应答:{"Stat":"sign error,Inner:8244B3E7062061A86029D8CAAC75C8CB Err:8244B3E7062061A86029D8CAAC75C8C1","Data":null}
<notice>   [07-17 17:53:41 587] MainCtrl.Start                              L:39   <> T:1-Normal-False- ID:()
	系统初始化开始
<warn>   [07-17 17:53:41 588] MainCtrl.Start                              L:41   <> T:1-Normal-False- ID:()
	初始化完毕,平台接口准备开启!
<warn>   [07-17 17:53:43 207] BHttpServer5.Start                          L:69   <> T:1-Normal-False- ID:()
	Http服务 IPAddress.Any Port:20007 启动
<info>    [07-17 17:53:46 259] SysConfigSrvc.GetAll                        L:58   <> T:1-Normal-False- ID:()
	获取到所有配置项:5个
<info>    [07-17 17:53:46 409] BaseTractorSrvc.GetAllTractorIds            L:115  <> T:1-Normal-False- ID:()
	获取到所有牵引车:61个
<info>    [07-17 17:54:25 207] BaseInt.ExecInt                             L:222  <> T:5-Normal-True- ID:()
	执行方法:pda_login
<debug>   [07-17 17:54:28 871] PdaInt.Login                                L:36   <I> T:5-Normal-True- ID:()
	{"Sign":"3F3BD77028F2B761EE5CF0A1A48803E0","Time":"1594978582171","Token":"NjM3MjkzODUzNDM5OTQ5MzIwLTEzNjA2NTQzNzg0ODA=","Uid":"13606543784"}
<info>    [07-17 17:54:44 551] PdaInt.Login                                L:89   <> T:5-Normal-True- ID:(用户登录成功)
	{"Creater":"yradmin","Createtime":"2020-07-03 15:01:16","Flashtime":"\/Date(1594979670726+0800)\/","Id":80,"Logintime":"2020-07-17 17:54:30","Phone":"13606543784","Post":null,"Pwd":"7D86C4658028F144D7E560907DCD3F6C","Roleids":"驾驶员","Token":"NjM3MzA2MDUyNzA3MjU2NDI2LTEzNjA2NTQzNzg0ODA=","Userid":"13606543784","Username":"任苗根"}
<tip>    [07-17 17:54:45 881] HttpCtrl.RecvHttpReq                        L:107  <O> T:5-Normal-True- ID:(方法:pda_login 耗时:20680ms <<<<<<<)
	客户端:(192.168.1.182-) POST方式访问URL:(192.168.1.182:20007/?cmd=pda_login) 
 请求:{"Uid":"13606543784","Sign":"3F3BD77028F2B761EE5CF0A1A48803E0","Time":"1594978582171","Token":"NjM3MjkzODUzNDM5OTQ5MzIwLTEzNjA2NTQzNzg0ODA="} 
	应答:{"Stat":"0","Expire":"2020-07-18 17:54:35","Token":"NjM3MzA2MDUyNzA3MjU2NDI2LTEzNjA2NTQzNzg0ODA="}
<notice>   [07-17 17:59:10 579] MainCtrl.Start                              L:39   <> T:1-Normal-False- ID:()
	系统初始化开始
<warn>   [07-17 17:59:10 580] MainCtrl.Start                              L:41   <> T:1-Normal-False- ID:()
	初始化完毕,平台接口准备开启!
<warn>   [07-17 17:59:12 092] BHttpServer5.Start                          L:69   <> T:1-Normal-False- ID:()
	Http服务 IPAddress.Any Port:20007 启动
<info>    [07-17 17:59:15 127] SysConfigSrvc.GetAll                        L:58   <> T:1-Normal-False- ID:()
	获取到所有配置项:5个
<info>    [07-17 17:59:15 207] BaseTractorSrvc.GetAllTractorIds            L:115  <> T:1-Normal-False- ID:()
	获取到所有牵引车:61个
<info>    [07-17 17:59:44 527] BaseInt.ExecInt                             L:222  <> T:6-Normal-True- ID:()
	执行方法:pda_login
<debug>   [07-17 17:59:44 532] PdaInt.Login                                L:36   <I> T:6-Normal-True- ID:()
	{"Sign":"8244B3E7062061A86029D8CAAC75C8C1","Time":"1594978582171","Token":"NjM3MjkzODUzNDM5OTQ5MzIwLTEzNjA2NTQzNzg0ODA=","Uid":null}
<tip>    [07-17 17:59:44 755] HttpCtrl.RecvHttpReq                        L:107  <O> T:6-Normal-True- ID:(方法:pda_login 耗时:233ms <<<<<<<)
	客户端:(192.168.1.182-) POST方式访问URL:(192.168.1.182:20007/?cmd=pda_login) 
 请求:{"Tractor":"浙A30K52","Sign":"8244B3E7062061A86029D8CAAC75C8C1","Time":"1594978582171","Token":"NjM3MjkzODUzNDM5OTQ5MzIwLTEzNjA2NTQzNzg0ODA="} 
	应答:{"Stat":"账号为空","Expire":null,"Token":null}
<debug>   [07-17 18:00:00 103] TimerCtrl.AllTask                           L:117  <> T:4-Normal-True- ID:()
	小时任务开始
<debug>   [07-17 18:00:00 112] TimerCtrl.AllTask                           L:119  <> T:4-Normal-True- ID:()
	小时任务结束
<info>    [07-17 18:00:09 167] BaseInt.ExecInt                             L:222  <> T:6-Normal-True- ID:()
	执行方法:pda_queryorder
<debug>   [07-17 18:00:09 175] PdaInt.QueryOrder                           L:172  <I> T:6-Normal-True- ID:()
	{"Order":null,"Sign":"8244B3E7062061A86029D8CAAC75C8CB","Time":"1594978582171","Token":"NjM3MjkzODUzNDM5OTQ5MzIwLTEzNjA2NTQzNzg0ODA=","Tractor":"浙A30K52"}
<tip>    [07-17 18:00:09 375] HttpCtrl.RecvHttpReq                        L:107  <O> T:6-Normal-True- ID:(方法:pda_queryorder 耗时:207ms <<<<<<<)
	客户端:(192.168.1.182-) POST方式访问URL:(192.168.1.182:20007/?cmd=pda_queryorder) 
 请求:{"Tractor":"浙A30K52","Sign":"8244B3E7062061A86029D8CAAC75C8CB","Time":"1594978582171","Token":"NjM3MjkzODUzNDM5OTQ5MzIwLTEzNjA2NTQzNzg0ODA="} 
	应答:{"Stat":"用户不存在","Data":null}
<notice>   [07-17 18:00:49 802] MainCtrl.Start                              L:39   <> T:1-Normal-False- ID:()
	系统初始化开始
<warn>   [07-17 18:00:49 803] MainCtrl.Start                              L:41   <> T:1-Normal-False- ID:()
	初始化完毕,平台接口准备开启!
<warn>   [07-17 18:00:51 042] BHttpServer5.Start                          L:69   <> T:1-Normal-False- ID:()
	Http服务 IPAddress.Any Port:20007 启动
<info>    [07-17 18:00:54 577] SysConfigSrvc.GetAll                        L:58   <> T:1-Normal-False- ID:()
	获取到所有配置项:5个
<info>    [07-17 18:00:54 746] BaseTractorSrvc.GetAllTractorIds            L:115  <> T:1-Normal-False- ID:()
	获取到所有牵引车:61个
<info>    [07-17 18:00:57 817] BaseInt.ExecInt                             L:222  <> T:6-Normal-True- ID:()
	执行方法:pda_queryorder
<debug>   [07-17 18:01:00 204] PdaInt.QueryOrder                           L:172  <I> T:6-Normal-True- ID:()
	{"Order":null,"Sign":"8244B3E7062061A86029D8CAAC75C8CB","Time":"1594978582171","Token":"NjM3MjkzODUzNDM5OTQ5MzIwLTEzNjA2NTQzNzg0ODA=","Tractor":"浙A30K52"}
<tip>    [07-17 18:01:00 502] HttpCtrl.RecvHttpReq                        L:107  <O> T:6-Normal-True- ID:(方法:pda_queryorder 耗时:2692ms <<<<<<<)
	客户端:(192.168.1.182-) POST方式访问URL:(192.168.1.182:20007/?cmd=pda_queryorder) 
 请求:{"Tractor":"浙A30K52","Sign":"8244B3E7062061A86029D8CAAC75C8CB","Time":"1594978582171","Token":"NjM3MjkzODUzNDM5OTQ5MzIwLTEzNjA2NTQzNzg0ODA="} 
	应答:{"Stat":"用户不存在","Data":null}
<info>    [07-17 18:01:04 326] BaseInt.ExecInt                             L:222  <> T:6-Normal-True- ID:()
	执行方法:pda_queryorder
<debug>   [07-17 18:01:11 658] PdaInt.QueryOrder                           L:172  <I> T:6-Normal-True- ID:()
	{"Order":null,"Sign":"8244B3E7062061A86029D8CAAC75C8CB","Time":"1594978582171","Token":"NjM3MjkzODUzNDM5OTQ5MzIwLTEzNjA2NTQzNzg0ODA=","Tractor":"浙A30K52"}
<tip>    [07-17 18:01:58 550] HttpCtrl.RecvHttpReq                        L:107  <O> T:6-Normal-True- ID:(方法:pda_queryorder 耗时:54224ms <<<<<<<)
	客户端:(192.168.1.182-) POST方式访问URL:(192.168.1.182:20007/?cmd=pda_queryorder) 
 请求:{"Tractor":"浙A30K52","Sign":"8244B3E7062061A86029D8CAAC75C8CB","Time":"1594978582171","Token":"NjM3MjkzODUzNDM5OTQ5MzIwLTEzNjA2NTQzNzg0ODA="} 
	应答:{"Stat":"用户不存在","Data":null}
<info>    [07-17 18:02:01 963] BaseInt.ExecInt                             L:222  <> T:6-Normal-True- ID:()
	执行方法:pda_queryorder
<debug>   [07-17 18:02:07 864] PdaInt.QueryOrder                           L:172  <I> T:6-Normal-True- ID:()
	{"Order":null,"Sign":"8244B3E7062061A86029D8CAAC75C8CB","Time":"1594978582171","Token":"NjM3MzA2MDUyNzA3MjU2NDI2LTEzNjA2NTQzNzg0ODA=","Tractor":"浙A30K52"}
<debug>   [07-17 18:02:20 690] OrderGoodsSrvc.Get                          L:39   <> T:6-Normal-True- ID:()
	{"Billcheck":null,"Billid":null,"Capacity":null,"Checkman":null,"Company":null,"Createtime":null,"Customercheck":null,"Driver":null,"Endtime":null,"Goodsid":null,"Goodsname":null,"Goodstypr":null,"Grossman":null,"Grosstime":null,"Grossweight":null,"Id":0,"Indoorman":null,"IsSafeCheck":false,"Issendback":null,"Istoexit":null,"Levelnumber":0,"Loadweight":null,"Netweight":null,"Orderid":null,"Ordername":null,"Orderstat":"1","Ordertime":"2020-07-17","Outdoorman":null,"Printid":null,"Printman":null,"Printtime":null,"Realweight":null,"Remark":null,"Safecheckflag":null,"Salesman":null,"SerialNumber":null,"Starttime":null,"Storeman":null,"Supercargo":null,"Tareman":null,"Taretime":null,"Tareweight":null,"Tractorid":"浙A30K52","Trailerid":null,"Transport":null,"Unit":null,"Unitext":null,"Waybillid":null}
<tip>    [07-17 18:02:22 642] HttpCtrl.RecvHttpReq                        L:107  <O> T:6-Normal-True- ID:(方法:pda_queryorder 耗时:20678ms <<<<<<<)
	客户端:(192.168.1.182-) POST方式访问URL:(192.168.1.182:20007/?cmd=pda_queryorder) 
 请求:{"Tractor":"浙A30K52","Sign":"8244B3E7062061A86029D8CAAC75C8CB","Time":"1594978582171","Token":"NjM3MzA2MDUyNzA3MjU2NDI2LTEzNjA2NTQzNzg0ODA="} 
	应答:{"Stat":"0","Data":null}
<notice>   [07-17 18:04:11 607] MainCtrl.Start                              L:39   <> T:1-Normal-False- ID:()
	系统初始化开始
<warn>   [07-17 18:04:11 607] MainCtrl.Start                              L:41   <> T:1-Normal-False- ID:()
	初始化完毕,平台接口准备开启!
<warn>   [07-17 18:04:13 940] BHttpServer5.Start                          L:69   <> T:1-Normal-False- ID:()
	Http服务 IPAddress.Any Port:20007 启动
<info>    [07-17 18:04:18 046] SysConfigSrvc.GetAll                        L:58   <> T:1-Normal-False- ID:()
	获取到所有配置项:5个
<info>    [07-17 18:04:18 148] BaseTractorSrvc.GetAllTractorIds            L:115  <> T:1-Normal-False- ID:()
	获取到所有牵引车:61个
<info>    [07-17 18:04:31 683] BaseInt.ExecInt                             L:222  <> T:5-Normal-True- ID:()
	执行方法:pda_queryorder
<debug>   [07-17 18:04:36 194] PdaInt.QueryOrder                           L:172  <I> T:5-Normal-True- ID:()
	{"Order":null,"Sign":"8244B3E7062061A86029D8CAAC75C8CB","Time":"1594978582171","Token":"NjM3MzA2MDUyNzA3MjU2NDI2LTEzNjA2NTQzNzg0ODA=","Tractor":"浙A30K52"}
<debug>   [07-17 18:04:36 378] OrderGoodsSrvc.Get                          L:39   <> T:5-Normal-True- ID:()
	{"Billcheck":null,"Billid":null,"Capacity":null,"Checkman":null,"Company":null,"Createtime":null,"Customercheck":null,"Driver":null,"Endtime":null,"Goodsid":null,"Goodsname":null,"Goodstypr":null,"Grossman":null,"Grosstime":null,"Grossweight":null,"Id":0,"Indoorman":null,"IsSafeCheck":false,"Issendback":null,"Istoexit":null,"Levelnumber":0,"Loadweight":null,"Netweight":null,"Orderid":null,"Ordername":null,"Orderstat":"1","Ordertime":"2020-07-17","Outdoorman":null,"Printid":null,"Printman":null,"Printtime":null,"Realweight":null,"Remark":null,"Safecheckflag":null,"Salesman":null,"SerialNumber":null,"Starttime":null,"Storeman":null,"Supercargo":null,"Tareman":null,"Taretime":null,"Tareweight":null,"Tractorid":"浙A30K52","Trailerid":null,"Transport":null,"Unit":null,"Unitext":null,"Waybillid":null}
<tip>    [07-17 18:04:36 703] HttpCtrl.RecvHttpReq                        L:107  <O> T:5-Normal-True- ID:(方法:pda_queryorder 耗时:5025ms <<<<<<<)
	客户端:(192.168.1.182-) POST方式访问URL:(192.168.1.182:20007/?cmd=pda_queryorder) 
 请求:{"Tractor":"浙A30K52","Sign":"8244B3E7062061A86029D8CAAC75C8CB","Time":"1594978582171","Token":"NjM3MzA2MDUyNzA3MjU2NDI2LTEzNjA2NTQzNzg0ODA="} 
	应答:{"Stat":"0","Data":null}
<notice>   [07-17 18:09:30 958] MainCtrl.Start                              L:39   <> T:1-Normal-False- ID:()
	系统初始化开始
<warn>   [07-17 18:09:30 959] MainCtrl.Start                              L:41   <> T:1-Normal-False- ID:()
	初始化完毕,平台接口准备开启!
<warn>   [07-17 18:09:32 400] BHttpServer5.Start                          L:69   <> T:1-Normal-False- ID:()
	Http服务 IPAddress.Any Port:20007 启动
<info>    [07-17 18:09:35 387] SysConfigSrvc.GetAll                        L:58   <> T:1-Normal-False- ID:()
	获取到所有配置项:5个
<info>    [07-17 18:09:35 474] BaseTractorSrvc.GetAllTractorIds            L:115  <> T:1-Normal-False- ID:()
	获取到所有牵引车:61个
<info>    [07-17 18:09:54 187] BaseInt.ExecInt                             L:222  <> T:4-Normal-True- ID:()
	执行方法:pda_queryorder
<debug>   [07-17 18:09:54 194] PdaInt.QueryOrder                           L:172  <I> T:4-Normal-True- ID:()
	{"Order":null,"Sign":"8244B3E7062061A86029D8CAAC75C8CB","Time":"1594978582171","Token":"NjM3MzA2MDUyNzA3MjU2NDI2LTEzNjA2NTQzNzg0ODA=","Tractor":"浙A30K52"}
<debug>   [07-17 18:09:54 332] OrderGoodsSrvc.Get                          L:39   <> T:4-Normal-True- ID:()
	{"Billcheck":null,"Billid":null,"Capacity":null,"Checkman":null,"Company":null,"Createtime":null,"Customercheck":null,"Driver":null,"Endtime":null,"Goodsid":null,"Goodsname":null,"Goodstypr":null,"Grossman":null,"Grosstime":null,"Grossweight":null,"Id":0,"Indoorman":null,"IsSafeCheck":false,"Issendback":null,"Istoexit":null,"Levelnumber":0,"Loadweight":null,"Netweight":null,"Orderid":null,"Ordername":null,"Orderstat":"1","Ordertime":"2020-07-17","Outdoorman":null,"Printid":null,"Printman":null,"Printtime":null,"Realweight":null,"Remark":null,"Safecheckflag":null,"Salesman":null,"SerialNumber":null,"Starttime":null,"Storeman":null,"Supercargo":null,"Tareman":null,"Taretime":null,"Tareweight":null,"Tractorid":"浙A30K52","Trailerid":null,"Transport":null,"Unit":null,"Unitext":null,"Waybillid":null}
<tip>    [07-17 18:09:54 637] HttpCtrl.RecvHttpReq                        L:107  <O> T:4-Normal-True- ID:(方法:pda_queryorder 耗时:453ms <<<<<<<)
	客户端:(192.168.1.182-) POST方式访问URL:(192.168.1.182:20007/?cmd=pda_queryorder) 
 请求:{"Tractor":"浙A30K52","Sign":"8244B3E7062061A86029D8CAAC75C8CB","Time":"1594978582171","Token":"NjM3MzA2MDUyNzA3MjU2NDI2LTEzNjA2NTQzNzg0ODA="} 
	应答:{"Stat":"0","Data":null}
<info>    [07-17 18:10:04 070] BaseInt.ExecInt                             L:222  <> T:4-Normal-True- ID:()
	执行方法:pda_queryorder
<debug>   [07-17 18:10:04 071] PdaInt.QueryOrder                           L:172  <I> T:4-Normal-True- ID:()
	{"Order":null,"Sign":"8244B3E7062061A86029D8CAAC75C8CB","Time":"1594978582171","Token":"NjM3MzA2MDUyNzA3MjU2NDI2LTEzNjA2NTQzNzg0ODA=","Tractor":"浙A30K52"}
<debug>   [07-17 18:10:04 093] OrderGoodsSrvc.Get                          L:39   <> T:4-Normal-True- ID:()
	{"Billcheck":null,"Billid":null,"Capacity":null,"Checkman":null,"Company":null,"Createtime":null,"Customercheck":null,"Driver":null,"Endtime":null,"Goodsid":null,"Goodsname":null,"Goodstypr":null,"Grossman":null,"Grosstime":null,"Grossweight":null,"Id":0,"Indoorman":null,"IsSafeCheck":false,"Issendback":null,"Istoexit":null,"Levelnumber":0,"Loadweight":null,"Netweight":null,"Orderid":null,"Ordername":null,"Orderstat":"1","Ordertime":"2020-07-17","Outdoorman":null,"Printid":null,"Printman":null,"Printtime":null,"Realweight":null,"Remark":null,"Safecheckflag":null,"Salesman":null,"SerialNumber":null,"Starttime":null,"Storeman":null,"Supercargo":null,"Tareman":null,"Taretime":null,"Tareweight":null,"Tractorid":"浙A30K52","Trailerid":null,"Transport":null,"Unit":null,"Unitext":null,"Waybillid":null}
<tip>    [07-17 18:10:04 133] HttpCtrl.RecvHttpReq                        L:107  <O> T:4-Normal-True- ID:(方法:pda_queryorder 耗时:62ms <<<<<<<)
	客户端:(192.168.1.182-) POST方式访问URL:(192.168.1.182:20007/?cmd=pda_queryorder) 
 请求:{"Tractor":"浙A30K52","Sign":"8244B3E7062061A86029D8CAAC75C8CB","Time":"1594978582171","Token":"NjM3MzA2MDUyNzA3MjU2NDI2LTEzNjA2NTQzNzg0ODA="} 
	应答:{"Stat":"0","Data":null}
<info>    [07-17 18:10:12 751] BaseInt.ExecInt                             L:222  <> T:6-Normal-True- ID:()
	执行方法:pda_queryorder
<debug>   [07-17 18:10:15 888] PdaInt.QueryOrder                           L:172  <I> T:6-Normal-True- ID:()
	{"Order":null,"Sign":"8244B3E7062061A86029D8CAAC75C8CB","Time":"1594978582171","Token":"NjM3MzA2MDUyNzA3MjU2NDI2LTEzNjA2NTQzNzg0ODA=","Tractor":"浙A30K52"}
<debug>   [07-17 18:10:25 413] OrderGoodsSrvc.Get                          L:39   <> T:6-Normal-True- ID:()
	{"Billcheck":null,"Billid":null,"Capacity":null,"Checkman":null,"Company":null,"Createtime":null,"Customercheck":null,"Driver":null,"Endtime":null,"Goodsid":null,"Goodsname":null,"Goodstypr":null,"Grossman":null,"Grosstime":null,"Grossweight":null,"Id":0,"Indoorman":null,"IsSafeCheck":false,"Issendback":null,"Istoexit":null,"Levelnumber":0,"Loadweight":null,"Netweight":null,"Orderid":null,"Ordername":null,"Orderstat":"1","Ordertime":"2020-07-17","Outdoorman":null,"Printid":null,"Printman":null,"Printtime":null,"Realweight":null,"Remark":null,"Safecheckflag":null,"Salesman":null,"SerialNumber":null,"Starttime":null,"Storeman":null,"Supercargo":null,"Tareman":null,"Taretime":null,"Tareweight":null,"Tractorid":"浙A30K52","Trailerid":null,"Transport":null,"Unit":null,"Unitext":null,"Waybillid":null}
<tip>    [07-17 18:11:09 708] HttpCtrl.RecvHttpReq                        L:107  <O> T:6-Normal-True- ID:(方法:pda_queryorder 耗时:56957ms <<<<<<<)
	客户端:(192.168.1.182-) POST方式访问URL:(192.168.1.182:20007/?cmd=pda_queryorder) 
 请求:{"Tractor":"浙A30K52","Sign":"8244B3E7062061A86029D8CAAC75C8CB","Time":"1594978582171","Token":"NjM3MzA2MDUyNzA3MjU2NDI2LTEzNjA2NTQzNzg0ODA="} 
	应答:{"Stat":"0","Data":null}
<info>    [07-17 18:11:16 626] BaseInt.ExecInt                             L:222  <> T:7-Normal-True- ID:()
	执行方法:pda_queryorder
<debug>   [07-17 18:11:23 371] PdaInt.QueryOrder                           L:172  <I> T:7-Normal-True- ID:()
	{"Order":null,"Sign":"8244B3E7062061A86029D8CAAC75C8CB","Time":"1594978582171","Token":"NjM3MzA2MDUyNzA3MjU2NDI2LTEzNjA2NTQzNzg0ODA=","Tractor":"浙A30K52"}
<debug>   [07-17 18:11:23 383] OrderGoodsSrvc.Get                          L:39   <> T:7-Normal-True- ID:()
	{"Billcheck":null,"Billid":null,"Capacity":null,"Checkman":null,"Company":null,"Createtime":null,"Customercheck":null,"Driver":null,"Endtime":null,"Goodsid":null,"Goodsname":null,"Goodstypr":null,"Grossman":null,"Grosstime":null,"Grossweight":null,"Id":0,"Indoorman":null,"IsSafeCheck":false,"Issendback":null,"Istoexit":null,"Levelnumber":0,"Loadweight":null,"Netweight":null,"Orderid":null,"Ordername":null,"Orderstat":"1","Ordertime":"2020-07-17","Outdoorman":null,"Printid":null,"Printman":null,"Printtime":null,"Realweight":null,"Remark":null,"Safecheckflag":null,"Salesman":null,"SerialNumber":null,"Starttime":null,"Storeman":null,"Supercargo":null,"Tareman":null,"Taretime":null,"Tareweight":null,"Tractorid":"浙A30K52","Trailerid":null,"Transport":null,"Unit":null,"Unitext":null,"Waybillid":null}
<tip>    [07-17 18:11:23 413] HttpCtrl.RecvHttpReq                        L:107  <O> T:7-Normal-True- ID:(方法:pda_queryorder 耗时:6786ms <<<<<<<)
	客户端:(192.168.1.182-) POST方式访问URL:(192.168.1.182:20007/?cmd=pda_queryorder) 
 请求:{"Tractor":"浙A30K52","Sign":"8244B3E7062061A86029D8CAAC75C8CB","Time":"1594978582171","Token":"NjM3MzA2MDUyNzA3MjU2NDI2LTEzNjA2NTQzNzg0ODA="} 
	应答:{"Stat":"0","Data":{"Driver":"任苗根","Id":173,"Loadweight":"30","OrderMan":"rfrfrf","OrderNum":"0137","Ordercompany":"福建港祥船务有限公司","Orderstat":"1","Ordertime":"2020-07-17","Ordertype":"1","Realweight":"1","Refund":"1","Supercargo":"押测060402","Tractorid":"浙A30K52","Trailerid":"浙A30K52"}}
<notice>   [07-17 18:15:00 724] MainCtrl.Start                              L:39   <> T:1-Normal-False- ID:()
	系统初始化开始
<warn>   [07-17 18:15:00 724] MainCtrl.Start                              L:41   <> T:1-Normal-False- ID:()
	初始化完毕,平台接口准备开启!
<warn>   [07-17 18:15:01 933] BHttpServer5.Start                          L:69   <> T:1-Normal-False- ID:()
	Http服务 IPAddress.Any Port:20007 启动
<info>    [07-17 18:15:05 549] SysConfigSrvc.GetAll                        L:58   <> T:1-Normal-False- ID:()
	获取到所有配置项:5个
<info>    [07-17 18:15:05 638] BaseTractorSrvc.GetAllTractorIds            L:115  <> T:1-Normal-False- ID:()
	获取到所有牵引车:61个
<info>    [07-17 18:15:10 341] BaseInt.ExecInt                             L:222  <> T:4-Normal-True- ID:()
	执行方法:pda_queryorder
<debug>   [07-17 18:15:19 372] PdaInt.QueryOrder                           L:172  <I> T:4-Normal-True- ID:()
	{"Order":null,"Sign":"8244B3E7062061A86029D8CAAC75C8CB","Time":"1594978582171","Token":"NjM3MzA2MDUyNzA3MjU2NDI2LTEzNjA2NTQzNzg0ODA=","Tractor":"浙A30K52"}
<debug>   [07-17 18:15:19 584] OrderGoodsSrvc.Get                          L:39   <> T:4-Normal-True- ID:()
	{"Billcheck":null,"Billid":null,"Capacity":null,"Checkman":null,"Company":null,"Createtime":null,"Customercheck":null,"Driver":null,"Endtime":null,"Goodsid":null,"Goodsname":null,"Goodstypr":null,"Grossman":null,"Grosstime":null,"Grossweight":null,"Id":0,"Indoorman":null,"IsSafeCheck":false,"Issendback":null,"Istoexit":null,"Levelnumber":0,"Loadweight":null,"Netweight":null,"Orderid":null,"Ordername":null,"Orderstat":"1","Ordertime":"2020-07-17","Outdoorman":null,"Printid":null,"Printman":null,"Printtime":null,"Realweight":null,"Remark":null,"Safecheckflag":null,"Salesman":null,"SerialNumber":null,"Starttime":null,"Storeman":null,"Supercargo":null,"Tareman":null,"Taretime":null,"Tareweight":null,"Tractorid":"浙A30K52","Trailerid":null,"Transport":null,"Unit":null,"Unitext":null,"Waybillid":null}
<tip>    [07-17 18:15:20 041] HttpCtrl.RecvHttpReq                        L:107  <O> T:4-Normal-True- ID:(方法:pda_queryorder 耗时:9705ms <<<<<<<)
	客户端:(192.168.1.182-) POST方式访问URL:(192.168.1.182:20007/?cmd=pda_queryorder) 
 请求:{"Tractor":"浙A30K52","Sign":"8244B3E7062061A86029D8CAAC75C8CB","Time":"1594978582171","Token":"NjM3MzA2MDUyNzA3MjU2NDI2LTEzNjA2NTQzNzg0ODA="} 
	应答:{"Stat":"0","Data":{"Driver":"任苗根","Id":173,"Loadweight":"30","OrderMan":"rfrfrf","OrderNum":"0137","Ordercompany":"福建港祥船务有限公司","Orderstat":"1","Ordertime":"2020-07-17","Ordertype":"1","Realweight":"1","Refund":"1","Supercargo":"押测060402","Tractorid":"浙A30K52","Trailerid":"浙A30K52"}}
<info>    [07-17 18:16:11 599] BaseInt.ExecInt                             L:222  <> T:7-Normal-True- ID:()
	执行方法:pda_login
<debug>   [07-17 18:16:11 608] PdaInt.Login                                L:36   <I> T:7-Normal-True- ID:()
	{"Sign":"3F3BD77028F2B761EE5CF0A1A48803E0","Time":"1594978582171","Token":"NjM3MjkzODUzNDM5OTQ5MzIwLTEzNjA2NTQzNzg0ODA=","Uid":"13606543784"}
<info>    [07-17 18:16:11 692] PdaInt.Login                                L:90   <> T:7-Normal-True- ID:(用户登录成功)
	{"Creater":"yradmin","Createtime":"2020-07-03 15:01:16","Flashtime":"\/Date(1594979670000+0800)\/","Id":80,"Logintime":"2020-07-17 18:16:11","Phone":"13606543784","Post":null,"Pwd":"7D86C4658028F144D7E560907DCD3F6C","Roleids":"驾驶员","Token":"NjM3MzA2MDUyNzA3MjU2NDI2LTEzNjA2NTQzNzg0ODA=","Userid":"13606543784","Username":"任苗根"}
<tip>    [07-17 18:16:11 698] HttpCtrl.RecvHttpReq                        L:107  <O> T:7-Normal-True- ID:(方法:pda_login 耗时:99ms <<<<<<<)
	客户端:(192.168.1.182-) POST方式访问URL:(192.168.1.182:20007/?cmd=pda_login) 
 请求:{"Uid":"13606543784","Sign":"3F3BD77028F2B761EE5CF0A1A48803E0","Time":"1594978582171","Token":"NjM3MjkzODUzNDM5OTQ5MzIwLTEzNjA2NTQzNzg0ODA="}
	应答:{"Stat":"0","Expire":"2020-07-18 18:16:11","Token":"NjM3MzA2MDUyNzA3MjU2NDI2LTEzNjA2NTQzNzg0ODA="}
